[2.634s] Invoking command in '/home/pederba/ros2_ws/src/lab03_pkg': PYTHONPATH=/home/pederba/ros2_ws/build/lab03_pkg/prefix_override:/home/pederba/ros2_ws/install/lab03_pkg/lib/python3.10/site-packages:${PYTHONPATH} /usr/bin/python3 setup.py egg_info --egg-base ../../build/lab03_pkg build --build-base /home/pederba/ros2_ws/build/lab03_pkg/build install --record /home/pederba/ros2_ws/build/lab03_pkg/install.log --single-version-externally-managed
[3.314s] running egg_info
[3.358s] writing ../../build/lab03_pkg/lab03_pkg.egg-info/PKG-INFO
[3.359s] writing dependency_links to ../../build/lab03_pkg/lab03_pkg.egg-info/dependency_links.txt
[3.360s] writing entry points to ../../build/lab03_pkg/lab03_pkg.egg-info/entry_points.txt
[3.360s] writing requirements to ../../build/lab03_pkg/lab03_pkg.egg-info/requires.txt
[3.360s] writing top-level names to ../../build/lab03_pkg/lab03_pkg.egg-info/top_level.txt
[3.448s] reading manifest file '../../build/lab03_pkg/lab03_pkg.egg-info/SOURCES.txt'
[3.451s] writing manifest file '../../build/lab03_pkg/lab03_pkg.egg-info/SOURCES.txt'
[3.452s] running build
[3.452s] running build_py
[3.453s] copying lab03_pkg/controller.py -> /home/pederba/ros2_ws/build/lab03_pkg/build/lib/lab03_pkg
[3.455s] running install
[3.455s] /home/pederba/.local/lib/python3.10/site-packages/setuptools/_distutils/cmd.py:66: SetuptoolsDeprecationWarning: setup.py install is deprecated.
[3.456s] !!
[3.456s] 
[3.456s]         ********************************************************************************
[3.456s]         Please avoid running ``setup.py`` directly.
[3.456s]         Instead, use pypa/build, pypa/installer or other
[3.456s]         standards-based tools.
[3.457s] 
[3.457s]         See https://blog.ganssle.io/articles/2021/10/setup-py-deprecated.html for details.
[3.457s]         ********************************************************************************
[3.457s] 
[3.457s] !!
[3.457s]   self.initialize_options()
[3.469s] running install_lib
[3.517s] copying /home/pederba/ros2_ws/build/lab03_pkg/build/lib/lab03_pkg/controller.py -> /home/pederba/ros2_ws/install/lab03_pkg/lib/python3.10/site-packages/lab03_pkg
[3.519s] byte-compiling /home/pederba/ros2_ws/install/lab03_pkg/lib/python3.10/site-packages/lab03_pkg/controller.py to controller.cpython-310.pyc
[3.523s] running install_data
[3.568s] running install_egg_info
[3.608s] removing '/home/pederba/ros2_ws/install/lab03_pkg/lib/python3.10/site-packages/lab03_pkg-0.0.0-py3.10.egg-info' (and everything under it)
[3.609s] Copying ../../build/lab03_pkg/lab03_pkg.egg-info to /home/pederba/ros2_ws/install/lab03_pkg/lib/python3.10/site-packages/lab03_pkg-0.0.0-py3.10.egg-info
[3.611s] running install_scripts
[4.018s] Installing controller script to /home/pederba/ros2_ws/install/lab03_pkg/lib/lab03_pkg
[4.019s] writing list of installed files to '/home/pederba/ros2_ws/build/lab03_pkg/install.log'
[4.128s] Invoked command in '/home/pederba/ros2_ws/src/lab03_pkg' returned '0': PYTHONPATH=/home/pederba/ros2_ws/build/lab03_pkg/prefix_override:/home/pederba/ros2_ws/install/lab03_pkg/lib/python3.10/site-packages:${PYTHONPATH} /usr/bin/python3 setup.py egg_info --egg-base ../../build/lab03_pkg build --build-base /home/pederba/ros2_ws/build/lab03_pkg/build install --record /home/pederba/ros2_ws/build/lab03_pkg/install.log --single-version-externally-managed
