[6.198s] Invoking command in '/home/pederba/ros2_ws/src/lab01_pkg': PYTHONPATH=/home/pederba/ros2_ws/build/lab01_pkg/prefix_override:/home/pederba/ros2_ws/install/lab01_pkg/lib/python3.10/site-packages:${PYTHONPATH} /usr/bin/python3 setup.py egg_info --egg-base ../../build/lab01_pkg build --build-base /home/pederba/ros2_ws/build/lab01_pkg/build install --record /home/pederba/ros2_ws/build/lab01_pkg/install.log --single-version-externally-managed
[7.090s] running egg_info
[7.100s] writing ../../build/lab01_pkg/lab01_pkg.egg-info/PKG-INFO
[7.100s] writing dependency_links to ../../build/lab01_pkg/lab01_pkg.egg-info/dependency_links.txt
[7.100s] writing entry points to ../../build/lab01_pkg/lab01_pkg.egg-info/entry_points.txt
[7.100s] writing requirements to ../../build/lab01_pkg/lab01_pkg.egg-info/requires.txt
[7.101s] writing top-level names to ../../build/lab01_pkg/lab01_pkg.egg-info/top_level.txt
[7.101s] reading manifest file '../../build/lab01_pkg/lab01_pkg.egg-info/SOURCES.txt'
[7.101s] writing manifest file '../../build/lab01_pkg/lab01_pkg.egg-info/SOURCES.txt'
[7.101s] running build
[7.101s] running build_py
[7.101s] running install
[7.101s] running install_lib
[7.102s] running install_data
[7.102s] /home/pederba/.local/lib/python3.10/site-packages/setuptools/_distutils/cmd.py:66: SetuptoolsDeprecationWarning: setup.py install is deprecated.
[7.102s] !!
[7.102s] 
[7.102s]         ********************************************************************************
[7.102s]         Please avoid running ``setup.py`` directly.
[7.102s]         Instead, use pypa/build, pypa/installer or other
[7.103s]         standards-based tools.
[7.103s] 
[7.103s]         See https://blog.ganssle.io/articles/2021/10/setup-py-deprecated.html for details.
[7.103s]         ********************************************************************************
[7.103s] 
[7.103s] !!
[7.104s]   self.initialize_options()
[7.104s] running install_egg_info
[7.156s] removing '/home/pederba/ros2_ws/install/lab01_pkg/lib/python3.10/site-packages/lab01_pkg-0.0.0-py3.10.egg-info' (and everything under it)
[7.161s] Copying ../../build/lab01_pkg/lab01_pkg.egg-info to /home/pederba/ros2_ws/install/lab01_pkg/lib/python3.10/site-packages/lab01_pkg-0.0.0-py3.10.egg-info
[7.161s] running install_scripts
[7.623s] Installing controller script to /home/pederba/ros2_ws/install/lab01_pkg/lib/lab01_pkg
[7.624s] Installing controller_reset script to /home/pederba/ros2_ws/install/lab01_pkg/lib/lab01_pkg
[7.625s] Installing localization script to /home/pederba/ros2_ws/install/lab01_pkg/lib/lab01_pkg
[7.625s] Installing localization_reset script to /home/pederba/ros2_ws/install/lab01_pkg/lib/lab01_pkg
[7.626s] Installing reset script to /home/pederba/ros2_ws/install/lab01_pkg/lib/lab01_pkg
[7.627s] writing list of installed files to '/home/pederba/ros2_ws/build/lab01_pkg/install.log'
[8.618s] Invoked command in '/home/pederba/ros2_ws/src/lab01_pkg' returned '0': PYTHONPATH=/home/pederba/ros2_ws/build/lab01_pkg/prefix_override:/home/pederba/ros2_ws/install/lab01_pkg/lib/python3.10/site-packages:${PYTHONPATH} /usr/bin/python3 setup.py egg_info --egg-base ../../build/lab01_pkg build --build-base /home/pederba/ros2_ws/build/lab01_pkg/build install --record /home/pederba/ros2_ws/build/lab01_pkg/install.log --single-version-externally-managed
