[1.326s] Invoking command in '/home/pederba/ros2_ws/build/turtlebot3_bringup': CMAKE_PREFIX_PATH=/home/pederba/ros2_ws/install/turtlebot3_description:/home/pederba/ros2_ws/install/turtlesim:/home/pederba/ros2_ws/install/turtlebot3:/home/pederba/ros2_ws/install/turtlebot3_simulations:/home/pederba/ros2_ws/install/turtlebot3_navigation2:/home/pederba/ros2_ws/install/turtlebot3_fake_node:/home/pederba/ros2_ws/install/turtlebot3_msgs:/home/pederba/ros2_ws/install/turtlebot3_hardware:/home/pederba/ros2_ws/install/turtlebot3_gazebo:/home/pederba/ros2_ws/install/turtlebot3_bringup:/home/pederba/ros2_ws/install/turtlebot3_cartographer:/home/pederba/ros2_ws/install/lab02_interfaces:/home/pederba/ros2_ws/install/dynamixel_sdk_examples:/home/pederba/ros2_ws/install/dynamixel_sdk_custom_interfaces:/home/pederba/ros2_ws/install/dynamixel_sdk:/home/pederba/ros2_ws/install/lab02_pkg_test:/home/pederba/ros2_ws/install/turtlebot3_teleop:/home/pederba/ros2_ws/install/turtlebot3_example:/home/pederba/ros2_ws/install/py_pubsub:/home/pederba/ros2_ws/install/lab02_pkg:/home/pederba/ros2_ws/install/lab01_pkg:/opt/ros/humble /usr/bin/cmake --build /home/pederba/ros2_ws/build/turtlebot3_bringup -- -j8 -l8
[2.308s] Invoked command in '/home/pederba/ros2_ws/build/turtlebot3_bringup' returned '0': CMAKE_PREFIX_PATH=/home/pederba/ros2_ws/install/turtlebot3_description:/home/pederba/ros2_ws/install/turtlesim:/home/pederba/ros2_ws/install/turtlebot3:/home/pederba/ros2_ws/install/turtlebot3_simulations:/home/pederba/ros2_ws/install/turtlebot3_navigation2:/home/pederba/ros2_ws/install/turtlebot3_fake_node:/home/pederba/ros2_ws/install/turtlebot3_msgs:/home/pederba/ros2_ws/install/turtlebot3_hardware:/home/pederba/ros2_ws/install/turtlebot3_gazebo:/home/pederba/ros2_ws/install/turtlebot3_bringup:/home/pederba/ros2_ws/install/turtlebot3_cartographer:/home/pederba/ros2_ws/install/lab02_interfaces:/home/pederba/ros2_ws/install/dynamixel_sdk_examples:/home/pederba/ros2_ws/install/dynamixel_sdk_custom_interfaces:/home/pederba/ros2_ws/install/dynamixel_sdk:/home/pederba/ros2_ws/install/lab02_pkg_test:/home/pederba/ros2_ws/install/turtlebot3_teleop:/home/pederba/ros2_ws/install/turtlebot3_example:/home/pederba/ros2_ws/install/py_pubsub:/home/pederba/ros2_ws/install/lab02_pkg:/home/pederba/ros2_ws/install/lab01_pkg:/opt/ros/humble /usr/bin/cmake --build /home/pederba/ros2_ws/build/turtlebot3_bringup -- -j8 -l8
[3.311s] Invoking command in '/home/pederba/ros2_ws/build/turtlebot3_bringup': CMAKE_PREFIX_PATH=/home/pederba/ros2_ws/install/turtlebot3_description:/home/pederba/ros2_ws/install/turtlesim:/home/pederba/ros2_ws/install/turtlebot3:/home/pederba/ros2_ws/install/turtlebot3_simulations:/home/pederba/ros2_ws/install/turtlebot3_navigation2:/home/pederba/ros2_ws/install/turtlebot3_fake_node:/home/pederba/ros2_ws/install/turtlebot3_msgs:/home/pederba/ros2_ws/install/turtlebot3_hardware:/home/pederba/ros2_ws/install/turtlebot3_gazebo:/home/pederba/ros2_ws/install/turtlebot3_bringup:/home/pederba/ros2_ws/install/turtlebot3_cartographer:/home/pederba/ros2_ws/install/lab02_interfaces:/home/pederba/ros2_ws/install/dynamixel_sdk_examples:/home/pederba/ros2_ws/install/dynamixel_sdk_custom_interfaces:/home/pederba/ros2_ws/install/dynamixel_sdk:/home/pederba/ros2_ws/install/lab02_pkg_test:/home/pederba/ros2_ws/install/turtlebot3_teleop:/home/pederba/ros2_ws/install/turtlebot3_example:/home/pederba/ros2_ws/install/py_pubsub:/home/pederba/ros2_ws/install/lab02_pkg:/home/pederba/ros2_ws/install/lab01_pkg:/opt/ros/humble /usr/bin/cmake --install /home/pederba/ros2_ws/build/turtlebot3_bringup
[3.364s] -- Install configuration: ""
[3.364s] -- Up-to-date: /home/pederba/ros2_ws/install/turtlebot3_bringup/share/turtlebot3_bringup/launch
[3.364s] -- Up-to-date: /home/pederba/ros2_ws/install/turtlebot3_bringup/share/turtlebot3_bringup/launch/gazebo.launch.py
[3.364s] -- Up-to-date: /home/pederba/ros2_ws/install/turtlebot3_bringup/share/turtlebot3_bringup/launch/lab03.launch.py
[3.364s] -- Up-to-date: /home/pederba/ros2_ws/install/turtlebot3_bringup/share/turtlebot3_bringup/launch/hardware.launch.py
[3.364s] -- Up-to-date: /home/pederba/ros2_ws/install/turtlebot3_bringup/share/turtlebot3_bringup/launch/fake.launch.py
[3.365s] -- Up-to-date: /home/pederba/ros2_ws/install/turtlebot3_bringup/share/turtlebot3_bringup/launch/base.launch.py
[3.365s] -- Up-to-date: /home/pederba/ros2_ws/install/turtlebot3_bringup/share/turtlebot3_bringup/config
[3.365s] -- Up-to-date: /home/pederba/ros2_ws/install/turtlebot3_bringup/share/turtlebot3_bringup/config/burger
[3.365s] -- Up-to-date: /home/pederba/ros2_ws/install/turtlebot3_bringup/share/turtlebot3_bringup/config/burger/twist_mux.yaml
[3.365s] -- Up-to-date: /home/pederba/ros2_ws/install/turtlebot3_bringup/share/turtlebot3_bringup/config/burger/gazebo_controller_manager.yaml
[3.365s] -- Up-to-date: /home/pederba/ros2_ws/install/turtlebot3_bringup/share/turtlebot3_bringup/config/burger/hardware_controller_manager.yaml
[3.366s] -- Up-to-date: /home/pederba/ros2_ws/install/turtlebot3_bringup/share/turtlebot3_bringup/config/waffle_pi
[3.366s] -- Up-to-date: /home/pederba/ros2_ws/install/turtlebot3_bringup/share/turtlebot3_bringup/config/waffle_pi/twist_mux.yaml
[3.366s] -- Up-to-date: /home/pederba/ros2_ws/install/turtlebot3_bringup/share/turtlebot3_bringup/config/waffle_pi/gazebo_controller_manager.yaml
[3.366s] -- Up-to-date: /home/pederba/ros2_ws/install/turtlebot3_bringup/share/turtlebot3_bringup/config/waffle_pi/hardware_controller_manager.yaml
[3.366s] -- Up-to-date: /home/pederba/ros2_ws/install/turtlebot3_bringup/share/turtlebot3_bringup/script
[3.373s] -- Up-to-date: /home/pederba/ros2_ws/install/turtlebot3_bringup/share/turtlebot3_bringup/script/99-turtlebot3-cdc.rules
[3.374s] -- Up-to-date: /home/pederba/ros2_ws/install/turtlebot3_bringup/share/turtlebot3_bringup/script/create_udev_rules
[3.374s] -- Up-to-date: /home/pederba/ros2_ws/install/turtlebot3_bringup/share/turtlebot3_bringup/worlds
[3.374s] -- Up-to-date: /home/pederba/ros2_ws/install/turtlebot3_bringup/share/turtlebot3_bringup/worlds/lab03.world
[3.375s] -- Up-to-date: /home/pederba/ros2_ws/install/turtlebot3_bringup/share/turtlebot3_bringup/worlds/empty_world.model
[3.375s] -- Up-to-date: /home/pederba/ros2_ws/install/turtlebot3_bringup/share/turtlebot3_bringup/worlds/turtlebot3_world
[3.375s] -- Up-to-date: /home/pederba/ros2_ws/install/turtlebot3_bringup/share/turtlebot3_bringup/worlds/turtlebot3_world/model-1_4.sdf
[3.375s] -- Up-to-date: /home/pederba/ros2_ws/install/turtlebot3_bringup/share/turtlebot3_bringup/worlds/turtlebot3_world/model.sdf
[3.375s] -- Up-to-date: /home/pederba/ros2_ws/install/turtlebot3_bringup/share/turtlebot3_bringup/worlds/turtlebot3_world/meshes
[3.375s] -- Up-to-date: /home/pederba/ros2_ws/install/turtlebot3_bringup/share/turtlebot3_bringup/worlds/turtlebot3_world/meshes/wall.dae
[3.376s] -- Up-to-date: /home/pederba/ros2_ws/install/turtlebot3_bringup/share/turtlebot3_bringup/worlds/turtlebot3_world/meshes/hexagon.dae
[3.376s] -- Up-to-date: /home/pederba/ros2_ws/install/turtlebot3_bringup/share/turtlebot3_bringup/worlds/turtlebot3_world/model.config
[3.376s] -- Up-to-date: /home/pederba/ros2_ws/install/turtlebot3_bringup/share/turtlebot3_bringup/worlds/turtlebot3_world.model
[3.376s] -- Up-to-date: /home/pederba/ros2_ws/install/turtlebot3_bringup/share/turtlebot3_bringup/rviz
[3.376s] -- Up-to-date: /home/pederba/ros2_ws/install/turtlebot3_bringup/share/turtlebot3_bringup/rviz/turtlebot3.rviz
[3.376s] -- Up-to-date: /home/pederba/ros2_ws/install/turtlebot3_bringup/share/turtlebot3_bringup/environment/turtlebot3_bringup.dsv
[3.376s] -- Up-to-date: /home/pederba/ros2_ws/install/turtlebot3_bringup/share/ament_index/resource_index/package_run_dependencies/turtlebot3_bringup
[3.376s] -- Up-to-date: /home/pederba/ros2_ws/install/turtlebot3_bringup/share/ament_index/resource_index/parent_prefix_path/turtlebot3_bringup
[3.377s] -- Up-to-date: /home/pederba/ros2_ws/install/turtlebot3_bringup/share/turtlebot3_bringup/environment/ament_prefix_path.sh
[3.377s] -- Up-to-date: /home/pederba/ros2_ws/install/turtlebot3_bringup/share/turtlebot3_bringup/environment/ament_prefix_path.dsv
[3.377s] -- Up-to-date: /home/pederba/ros2_ws/install/turtlebot3_bringup/share/turtlebot3_bringup/environment/path.sh
[3.377s] -- Up-to-date: /home/pederba/ros2_ws/install/turtlebot3_bringup/share/turtlebot3_bringup/environment/path.dsv
[3.377s] -- Up-to-date: /home/pederba/ros2_ws/install/turtlebot3_bringup/share/turtlebot3_bringup/local_setup.bash
[3.377s] -- Up-to-date: /home/pederba/ros2_ws/install/turtlebot3_bringup/share/turtlebot3_bringup/local_setup.sh
[3.378s] -- Up-to-date: /home/pederba/ros2_ws/install/turtlebot3_bringup/share/turtlebot3_bringup/local_setup.zsh
[3.378s] -- Up-to-date: /home/pederba/ros2_ws/install/turtlebot3_bringup/share/turtlebot3_bringup/local_setup.dsv
[3.378s] -- Installing: /home/pederba/ros2_ws/install/turtlebot3_bringup/share/turtlebot3_bringup/package.dsv
[3.378s] -- Up-to-date: /home/pederba/ros2_ws/install/turtlebot3_bringup/share/ament_index/resource_index/packages/turtlebot3_bringup
[3.378s] -- Up-to-date: /home/pederba/ros2_ws/install/turtlebot3_bringup/share/turtlebot3_bringup/cmake/turtlebot3_bringupConfig.cmake
[3.378s] -- Up-to-date: /home/pederba/ros2_ws/install/turtlebot3_bringup/share/turtlebot3_bringup/cmake/turtlebot3_bringupConfig-version.cmake
[3.378s] -- Up-to-date: /home/pederba/ros2_ws/install/turtlebot3_bringup/share/turtlebot3_bringup/package.xml
[4.310s] Invoked command in '/home/pederba/ros2_ws/build/turtlebot3_bringup' returned '0': CMAKE_PREFIX_PATH=/home/pederba/ros2_ws/install/turtlebot3_description:/home/pederba/ros2_ws/install/turtlesim:/home/pederba/ros2_ws/install/turtlebot3:/home/pederba/ros2_ws/install/turtlebot3_simulations:/home/pederba/ros2_ws/install/turtlebot3_navigation2:/home/pederba/ros2_ws/install/turtlebot3_fake_node:/home/pederba/ros2_ws/install/turtlebot3_msgs:/home/pederba/ros2_ws/install/turtlebot3_hardware:/home/pederba/ros2_ws/install/turtlebot3_gazebo:/home/pederba/ros2_ws/install/turtlebot3_bringup:/home/pederba/ros2_ws/install/turtlebot3_cartographer:/home/pederba/ros2_ws/install/lab02_interfaces:/home/pederba/ros2_ws/install/dynamixel_sdk_examples:/home/pederba/ros2_ws/install/dynamixel_sdk_custom_interfaces:/home/pederba/ros2_ws/install/dynamixel_sdk:/home/pederba/ros2_ws/install/lab02_pkg_test:/home/pederba/ros2_ws/install/turtlebot3_teleop:/home/pederba/ros2_ws/install/turtlebot3_example:/home/pederba/ros2_ws/install/py_pubsub:/home/pederba/ros2_ws/install/lab02_pkg:/home/pederba/ros2_ws/install/lab01_pkg:/opt/ros/humble /usr/bin/cmake --install /home/pederba/ros2_ws/build/turtlebot3_bringup
