[5.554s] Invoking command in '/home/pederba/ros2_ws/src/lab01_pkg': PYTHONPATH=/home/pederba/ros2_ws/build/lab01_pkg/prefix_override:/home/pederba/ros2_ws/install/lab01_pkg/lib/python3.10/site-packages:${PYTHONPATH} /usr/bin/python3 setup.py egg_info --egg-base ../../build/lab01_pkg build --build-base /home/pederba/ros2_ws/build/lab01_pkg/build install --record /home/pederba/ros2_ws/build/lab01_pkg/install.log --single-version-externally-managed
[6.220s] running egg_info
[6.268s] writing ../../build/lab01_pkg/lab01_pkg.egg-info/PKG-INFO
[6.270s] writing dependency_links to ../../build/lab01_pkg/lab01_pkg.egg-info/dependency_links.txt
[6.271s] writing entry points to ../../build/lab01_pkg/lab01_pkg.egg-info/entry_points.txt
[6.272s] writing requirements to ../../build/lab01_pkg/lab01_pkg.egg-info/requires.txt
[6.274s] writing top-level names to ../../build/lab01_pkg/lab01_pkg.egg-info/top_level.txt
[6.370s] reading manifest file '../../build/lab01_pkg/lab01_pkg.egg-info/SOURCES.txt'
[6.373s] writing manifest file '../../build/lab01_pkg/lab01_pkg.egg-info/SOURCES.txt'
[6.374s] running build
[6.375s] running build_py
[6.377s] running install
[6.377s] /home/pederba/.local/lib/python3.10/site-packages/setuptools/_distutils/cmd.py:66: SetuptoolsDeprecationWarning: setup.py install is deprecated.
[6.377s] !!
[6.377s] 
[6.378s]         ********************************************************************************
[6.378s]         Please avoid running ``setup.py`` directly.
[6.378s]         Instead, use pypa/build, pypa/installer or other
[6.378s]         standards-based tools.
[6.378s] 
[6.378s]         See https://blog.ganssle.io/articles/2021/10/setup-py-deprecated.html for details.
[6.379s]         ********************************************************************************
[6.379s] 
[6.379s] !!
[6.379s]   self.initialize_options()
[6.390s] running install_lib
[6.444s] running install_data
[6.488s] running install_egg_info
[6.552s] removing '/home/pederba/ros2_ws/install/lab01_pkg/lib/python3.10/site-packages/lab01_pkg-0.0.0-py3.10.egg-info' (and everything under it)
[6.559s] Copying ../../build/lab01_pkg/lab01_pkg.egg-info to /home/pederba/ros2_ws/install/lab01_pkg/lib/python3.10/site-packages/lab01_pkg-0.0.0-py3.10.egg-info
[6.560s] running install_scripts
[7.005s] Installing controller script to /home/pederba/ros2_ws/install/lab01_pkg/lib/lab01_pkg
[7.005s] Installing controller_reset script to /home/pederba/ros2_ws/install/lab01_pkg/lib/lab01_pkg
[7.005s] Installing localization script to /home/pederba/ros2_ws/install/lab01_pkg/lib/lab01_pkg
[7.005s] Installing localization_reset script to /home/pederba/ros2_ws/install/lab01_pkg/lib/lab01_pkg
[7.009s] Installing reset script to /home/pederba/ros2_ws/install/lab01_pkg/lib/lab01_pkg
[7.009s] writing list of installed files to '/home/pederba/ros2_ws/build/lab01_pkg/install.log'
[7.249s] Invoked command in '/home/pederba/ros2_ws/src/lab01_pkg' returned '0': PYTHONPATH=/home/pederba/ros2_ws/build/lab01_pkg/prefix_override:/home/pederba/ros2_ws/install/lab01_pkg/lib/python3.10/site-packages:${PYTHONPATH} /usr/bin/python3 setup.py egg_info --egg-base ../../build/lab01_pkg build --build-base /home/pederba/ros2_ws/build/lab01_pkg/build install --record /home/pederba/ros2_ws/build/lab01_pkg/install.log --single-version-externally-managed
