[5.346s] Invoking command in '/home/pederba/ros2_ws/src/py_pubsub': PYTHONPATH=/home/pederba/ros2_ws/build/py_pubsub/prefix_override:/home/pederba/ros2_ws/install/py_pubsub/lib/python3.10/site-packages:${PYTHONPATH} /usr/bin/python3 setup.py egg_info --egg-base ../../build/py_pubsub build --build-base /home/pederba/ros2_ws/build/py_pubsub/build install --record /home/pederba/ros2_ws/build/py_pubsub/install.log --single-version-externally-managed
[5.859s] running egg_info
[5.887s] writing ../../build/py_pubsub/py_pubsub.egg-info/PKG-INFO
[5.888s] writing dependency_links to ../../build/py_pubsub/py_pubsub.egg-info/dependency_links.txt
[5.889s] writing entry points to ../../build/py_pubsub/py_pubsub.egg-info/entry_points.txt
[5.889s] writing requirements to ../../build/py_pubsub/py_pubsub.egg-info/requires.txt
[5.890s] writing top-level names to ../../build/py_pubsub/py_pubsub.egg-info/top_level.txt
[5.960s] reading manifest file '../../build/py_pubsub/py_pubsub.egg-info/SOURCES.txt'
[5.962s] writing manifest file '../../build/py_pubsub/py_pubsub.egg-info/SOURCES.txt'
[5.963s] running build
[5.963s] running build_py
[5.963s] running install
[5.964s] /home/pederba/.local/lib/python3.10/site-packages/setuptools/_distutils/cmd.py:66: SetuptoolsDeprecationWarning: setup.py install is deprecated.
[5.964s] !!
[5.965s] 
[5.965s]         ********************************************************************************
[5.965s]         Please avoid running ``setup.py`` directly.
[5.966s]         Instead, use pypa/build, pypa/installer or other
[5.966s]         standards-based tools.
[5.966s] 
[5.966s]         See https://blog.ganssle.io/articles/2021/10/setup-py-deprecated.html for details.
[5.967s]         ********************************************************************************
[5.967s] 
[5.967s] !!
[5.967s]   self.initialize_options()
[5.979s] running install_lib
[6.021s] running install_data
[6.064s] running install_egg_info
[6.109s] removing '/home/pederba/ros2_ws/install/py_pubsub/lib/python3.10/site-packages/py_pubsub-0.0.0-py3.10.egg-info' (and everything under it)
[6.110s] Copying ../../build/py_pubsub/py_pubsub.egg-info to /home/pederba/ros2_ws/install/py_pubsub/lib/python3.10/site-packages/py_pubsub-0.0.0-py3.10.egg-info
[6.113s] running install_scripts
[6.573s] Installing listener script to /home/pederba/ros2_ws/install/py_pubsub/lib/py_pubsub
[6.575s] Installing talker script to /home/pederba/ros2_ws/install/py_pubsub/lib/py_pubsub
[6.578s] writing list of installed files to '/home/pederba/ros2_ws/build/py_pubsub/install.log'
[6.789s] Invoked command in '/home/pederba/ros2_ws/src/py_pubsub' returned '0': PYTHONPATH=/home/pederba/ros2_ws/build/py_pubsub/prefix_override:/home/pederba/ros2_ws/install/py_pubsub/lib/python3.10/site-packages:${PYTHONPATH} /usr/bin/python3 setup.py egg_info --egg-base ../../build/py_pubsub build --build-base /home/pederba/ros2_ws/build/py_pubsub/build install --record /home/pederba/ros2_ws/build/py_pubsub/install.log --single-version-externally-managed
