[1.327s] Invoking command in '/home/pederba/ros2_ws/src/lab03_pkg': PYTHONPATH=/home/pederba/ros2_ws/build/lab03_pkg/prefix_override:/home/pederba/ros2_ws/install/lab03_pkg/lib/python3.10/site-packages:${PYTHONPATH} /usr/bin/python3 setup.py egg_info --egg-base ../../build/lab03_pkg build --build-base /home/pederba/ros2_ws/build/lab03_pkg/build install --record /home/pederba/ros2_ws/build/lab03_pkg/install.log --single-version-externally-managed
[1.658s] running egg_info
[1.678s] writing ../../build/lab03_pkg/lab03_pkg.egg-info/PKG-INFO
[1.679s] writing dependency_links to ../../build/lab03_pkg/lab03_pkg.egg-info/dependency_links.txt
[1.679s] writing entry points to ../../build/lab03_pkg/lab03_pkg.egg-info/entry_points.txt
[1.680s] writing requirements to ../../build/lab03_pkg/lab03_pkg.egg-info/requires.txt
[1.680s] writing top-level names to ../../build/lab03_pkg/lab03_pkg.egg-info/top_level.txt
[1.722s] reading manifest file '../../build/lab03_pkg/lab03_pkg.egg-info/SOURCES.txt'
[1.723s] writing manifest file '../../build/lab03_pkg/lab03_pkg.egg-info/SOURCES.txt'
[1.723s] running build
[1.724s] running build_py
[1.725s] running install
[1.725s] /home/pederba/.local/lib/python3.10/site-packages/setuptools/_distutils/cmd.py:66: SetuptoolsDeprecationWarning: setup.py install is deprecated.
[1.725s] !!
[1.725s] 
[1.726s]         ********************************************************************************
[1.726s]         Please avoid running ``setup.py`` directly.
[1.726s]         Instead, use pypa/build, pypa/installer or other
[1.726s]         standards-based tools.
[1.726s] 
[1.727s]         See https://blog.ganssle.io/articles/2021/10/setup-py-deprecated.html for details.
[1.727s]         ********************************************************************************
[1.727s] 
[1.727s] !!
[1.728s]   self.initialize_options()
[1.733s] running install_lib
[1.754s] running install_data
[1.774s] running install_egg_info
[1.794s] removing '/home/pederba/ros2_ws/install/lab03_pkg/lib/python3.10/site-packages/lab03_pkg-0.0.0-py3.10.egg-info' (and everything under it)
[1.795s] Copying ../../build/lab03_pkg/lab03_pkg.egg-info to /home/pederba/ros2_ws/install/lab03_pkg/lib/python3.10/site-packages/lab03_pkg-0.0.0-py3.10.egg-info
[1.796s] running install_scripts
[2.003s] Installing controller script to /home/pederba/ros2_ws/install/lab03_pkg/lib/lab03_pkg
[2.004s] writing list of installed files to '/home/pederba/ros2_ws/build/lab03_pkg/install.log'
[2.053s] Invoked command in '/home/pederba/ros2_ws/src/lab03_pkg' returned '0': PYTHONPATH=/home/pederba/ros2_ws/build/lab03_pkg/prefix_override:/home/pederba/ros2_ws/install/lab03_pkg/lib/python3.10/site-packages:${PYTHONPATH} /usr/bin/python3 setup.py egg_info --egg-base ../../build/lab03_pkg build --build-base /home/pederba/ros2_ws/build/lab03_pkg/build install --record /home/pederba/ros2_ws/build/lab03_pkg/install.log --single-version-externally-managed
