[0.365s] Invoking command in '/home/pederba/ros2_ws/build/turtlebot3_cartographer': CMAKE_PREFIX_PATH=${CMAKE_PREFIX_PATH}:/home/pederba/ros2_ws/install/lab02_pkg_test:/home/pederba/ros2_ws/install/turtlebot3_teleop:/home/pederba/ros2_ws/install/turtlebot3_example:/home/pederba/ros2_ws/install/py_pubsub:/home/pederba/ros2_ws/install/lab03_pkg:/home/pederba/ros2_ws/install/lab01_pkg:/opt/ros/humble /usr/bin/cmake --build /home/pederba/ros2_ws/build/turtlebot3_cartographer -- -j8 -l8
[0.489s] Invoked command in '/home/pederba/ros2_ws/build/turtlebot3_cartographer' returned '0': CMAKE_PREFIX_PATH=${CMAKE_PREFIX_PATH}:/home/pederba/ros2_ws/install/lab02_pkg_test:/home/pederba/ros2_ws/install/turtlebot3_teleop:/home/pederba/ros2_ws/install/turtlebot3_example:/home/pederba/ros2_ws/install/py_pubsub:/home/pederba/ros2_ws/install/lab03_pkg:/home/pederba/ros2_ws/install/lab01_pkg:/opt/ros/humble /usr/bin/cmake --build /home/pederba/ros2_ws/build/turtlebot3_cartographer -- -j8 -l8
[0.778s] Invoking command in '/home/pederba/ros2_ws/build/turtlebot3_cartographer': CMAKE_PREFIX_PATH=${CMAKE_PREFIX_PATH}:/home/pederba/ros2_ws/install/lab02_pkg_test:/home/pederba/ros2_ws/install/turtlebot3_teleop:/home/pederba/ros2_ws/install/turtlebot3_example:/home/pederba/ros2_ws/install/py_pubsub:/home/pederba/ros2_ws/install/lab03_pkg:/home/pederba/ros2_ws/install/lab01_pkg:/opt/ros/humble /usr/bin/cmake --install /home/pederba/ros2_ws/build/turtlebot3_cartographer
[0.831s] -- Install configuration: ""
[0.831s] -- Up-to-date: /home/pederba/ros2_ws/install/turtlebot3_cartographer/share/turtlebot3_cartographer/config
[0.832s] -- Up-to-date: /home/pederba/ros2_ws/install/turtlebot3_cartographer/share/turtlebot3_cartographer/config/turtlebot3_2d.lua
[0.832s] -- Up-to-date: /home/pederba/ros2_ws/install/turtlebot3_cartographer/share/turtlebot3_cartographer/launch
[0.832s] -- Up-to-date: /home/pederba/ros2_ws/install/turtlebot3_cartographer/share/turtlebot3_cartographer/launch/cartographer.launch.py
[0.832s] -- Up-to-date: /home/pederba/ros2_ws/install/turtlebot3_cartographer/share/turtlebot3_cartographer/rviz
[0.832s] -- Up-to-date: /home/pederba/ros2_ws/install/turtlebot3_cartographer/share/turtlebot3_cartographer/rviz/cartographer.rviz
[0.832s] -- Up-to-date: /home/pederba/ros2_ws/install/turtlebot3_cartographer/share/ament_index/resource_index/package_run_dependencies/turtlebot3_cartographer
[0.833s] -- Up-to-date: /home/pederba/ros2_ws/install/turtlebot3_cartographer/share/ament_index/resource_index/parent_prefix_path/turtlebot3_cartographer
[0.833s] -- Up-to-date: /home/pederba/ros2_ws/install/turtlebot3_cartographer/share/turtlebot3_cartographer/environment/ament_prefix_path.sh
[0.833s] -- Up-to-date: /home/pederba/ros2_ws/install/turtlebot3_cartographer/share/turtlebot3_cartographer/environment/ament_prefix_path.dsv
[0.833s] -- Up-to-date: /home/pederba/ros2_ws/install/turtlebot3_cartographer/share/turtlebot3_cartographer/environment/path.sh
[0.833s] -- Up-to-date: /home/pederba/ros2_ws/install/turtlebot3_cartographer/share/turtlebot3_cartographer/environment/path.dsv
[0.833s] -- Up-to-date: /home/pederba/ros2_ws/install/turtlebot3_cartographer/share/turtlebot3_cartographer/local_setup.bash
[0.833s] -- Up-to-date: /home/pederba/ros2_ws/install/turtlebot3_cartographer/share/turtlebot3_cartographer/local_setup.sh
[0.834s] -- Up-to-date: /home/pederba/ros2_ws/install/turtlebot3_cartographer/share/turtlebot3_cartographer/local_setup.zsh
[0.834s] -- Up-to-date: /home/pederba/ros2_ws/install/turtlebot3_cartographer/share/turtlebot3_cartographer/local_setup.dsv
[0.834s] -- Installing: /home/pederba/ros2_ws/install/turtlebot3_cartographer/share/turtlebot3_cartographer/package.dsv
[0.834s] -- Up-to-date: /home/pederba/ros2_ws/install/turtlebot3_cartographer/share/ament_index/resource_index/packages/turtlebot3_cartographer
[0.834s] -- Up-to-date: /home/pederba/ros2_ws/install/turtlebot3_cartographer/share/turtlebot3_cartographer/cmake/turtlebot3_cartographerConfig.cmake
[0.834s] -- Up-to-date: /home/pederba/ros2_ws/install/turtlebot3_cartographer/share/turtlebot3_cartographer/cmake/turtlebot3_cartographerConfig-version.cmake
[0.836s] -- Up-to-date: /home/pederba/ros2_ws/install/turtlebot3_cartographer/share/turtlebot3_cartographer/package.xml
[1.079s] Invoked command in '/home/pederba/ros2_ws/build/turtlebot3_cartographer' returned '0': CMAKE_PREFIX_PATH=${CMAKE_PREFIX_PATH}:/home/pederba/ros2_ws/install/lab02_pkg_test:/home/pederba/ros2_ws/install/turtlebot3_teleop:/home/pederba/ros2_ws/install/turtlebot3_example:/home/pederba/ros2_ws/install/py_pubsub:/home/pederba/ros2_ws/install/lab03_pkg:/home/pederba/ros2_ws/install/lab01_pkg:/opt/ros/humble /usr/bin/cmake --install /home/pederba/ros2_ws/build/turtlebot3_cartographer
