[1.151s] Invoking command in '/home/pederba/ros2_ws/src/lab01_pkg': PYTHONPATH=/home/pederba/ros2_ws/build/lab01_pkg/prefix_override:/home/pederba/ros2_ws/install/lab01_pkg/lib/python3.10/site-packages:${PYTHONPATH} /usr/bin/python3 setup.py egg_info --egg-base ../../build/lab01_pkg build --build-base /home/pederba/ros2_ws/build/lab01_pkg/build install --record /home/pederba/ros2_ws/build/lab01_pkg/install.log --single-version-externally-managed
[1.416s] running egg_info
[1.436s] writing ../../build/lab01_pkg/lab01_pkg.egg-info/PKG-INFO
[1.436s] writing dependency_links to ../../build/lab01_pkg/lab01_pkg.egg-info/dependency_links.txt
[1.437s] writing entry points to ../../build/lab01_pkg/lab01_pkg.egg-info/entry_points.txt
[1.437s] writing requirements to ../../build/lab01_pkg/lab01_pkg.egg-info/requires.txt
[1.437s] writing top-level names to ../../build/lab01_pkg/lab01_pkg.egg-info/top_level.txt
[1.473s] reading manifest file '../../build/lab01_pkg/lab01_pkg.egg-info/SOURCES.txt'
[1.474s] writing manifest file '../../build/lab01_pkg/lab01_pkg.egg-info/SOURCES.txt'
[1.474s] running build
[1.474s] running build_py
[1.475s] copying lab01_pkg/controller_reset.py -> /home/pederba/ros2_ws/build/lab01_pkg/build/lib/lab01_pkg
[1.475s] running install
[1.475s] /home/pederba/.local/lib/python3.10/site-packages/setuptools/_distutils/cmd.py:66: SetuptoolsDeprecationWarning: setup.py install is deprecated.
[1.476s] !!
[1.476s] 
[1.476s]         ********************************************************************************
[1.476s]         Please avoid running ``setup.py`` directly.
[1.477s]         Instead, use pypa/build, pypa/installer or other
[1.477s]         standards-based tools.
[1.477s] 
[1.477s]         See https://blog.ganssle.io/articles/2021/10/setup-py-deprecated.html for details.
[1.477s]         ********************************************************************************
[1.477s] 
[1.478s] !!
[1.478s]   self.initialize_options()
[1.481s] running install_lib
[1.499s] copying /home/pederba/ros2_ws/build/lab01_pkg/build/lib/lab01_pkg/controller_reset.py -> /home/pederba/ros2_ws/install/lab01_pkg/lib/python3.10/site-packages/lab01_pkg
[1.500s] byte-compiling /home/pederba/ros2_ws/install/lab01_pkg/lib/python3.10/site-packages/lab01_pkg/controller_reset.py to controller_reset.cpython-310.pyc
[1.501s] running install_data
[1.518s] running install_egg_info
[1.541s] removing '/home/pederba/ros2_ws/install/lab01_pkg/lib/python3.10/site-packages/lab01_pkg-0.0.0-py3.10.egg-info' (and everything under it)
[1.541s] Copying ../../build/lab01_pkg/lab01_pkg.egg-info to /home/pederba/ros2_ws/install/lab01_pkg/lib/python3.10/site-packages/lab01_pkg-0.0.0-py3.10.egg-info
[1.542s] running install_scripts
[1.712s] Installing controller script to /home/pederba/ros2_ws/install/lab01_pkg/lib/lab01_pkg
[1.712s] Installing controller_reset script to /home/pederba/ros2_ws/install/lab01_pkg/lib/lab01_pkg
[1.713s] Installing localization script to /home/pederba/ros2_ws/install/lab01_pkg/lib/lab01_pkg
[1.713s] Installing localization_reset script to /home/pederba/ros2_ws/install/lab01_pkg/lib/lab01_pkg
[1.713s] Installing reset script to /home/pederba/ros2_ws/install/lab01_pkg/lib/lab01_pkg
[1.713s] writing list of installed files to '/home/pederba/ros2_ws/build/lab01_pkg/install.log'
[1.759s] Invoked command in '/home/pederba/ros2_ws/src/lab01_pkg' returned '0': PYTHONPATH=/home/pederba/ros2_ws/build/lab01_pkg/prefix_override:/home/pederba/ros2_ws/install/lab01_pkg/lib/python3.10/site-packages:${PYTHONPATH} /usr/bin/python3 setup.py egg_info --egg-base ../../build/lab01_pkg build --build-base /home/pederba/ros2_ws/build/lab01_pkg/build install --record /home/pederba/ros2_ws/build/lab01_pkg/install.log --single-version-externally-managed
