[1.501s] Invoking command in '/home/pederba/ros2_ws/src/lab03_pkg': PYTHONPATH=/home/pederba/ros2_ws/build/lab03_pkg/prefix_override:/home/pederba/ros2_ws/install/lab03_pkg/lib/python3.10/site-packages:${PYTHONPATH} /usr/bin/python3 setup.py egg_info --egg-base ../../build/lab03_pkg build --build-base /home/pederba/ros2_ws/build/lab03_pkg/build install --record /home/pederba/ros2_ws/build/lab03_pkg/install.log --single-version-externally-managed
[1.857s] running egg_info
[1.881s] writing ../../build/lab03_pkg/lab03_pkg.egg-info/PKG-INFO
[1.881s] writing dependency_links to ../../build/lab03_pkg/lab03_pkg.egg-info/dependency_links.txt
[1.882s] writing entry points to ../../build/lab03_pkg/lab03_pkg.egg-info/entry_points.txt
[1.882s] writing requirements to ../../build/lab03_pkg/lab03_pkg.egg-info/requires.txt
[1.882s] writing top-level names to ../../build/lab03_pkg/lab03_pkg.egg-info/top_level.txt
[1.932s] reading manifest file '../../build/lab03_pkg/lab03_pkg.egg-info/SOURCES.txt'
[1.933s] writing manifest file '../../build/lab03_pkg/lab03_pkg.egg-info/SOURCES.txt'
[1.933s] running build
[1.934s] running build_py
[1.934s] copying lab03_pkg/controller.py -> /home/pederba/ros2_ws/build/lab03_pkg/build/lib/lab03_pkg
[1.934s] running install
[1.935s] /home/pederba/.local/lib/python3.10/site-packages/setuptools/_distutils/cmd.py:66: SetuptoolsDeprecationWarning: setup.py install is deprecated.
[1.935s] !!
[1.935s] 
[1.935s]         ********************************************************************************
[1.935s]         Please avoid running ``setup.py`` directly.
[1.935s]         Instead, use pypa/build, pypa/installer or other
[1.936s]         standards-based tools.
[1.936s] 
[1.936s]         See https://blog.ganssle.io/articles/2021/10/setup-py-deprecated.html for details.
[1.936s]         ********************************************************************************
[1.936s] 
[1.936s] !!
[1.936s]   self.initialize_options()
[1.943s] running install_lib
[1.969s] copying /home/pederba/ros2_ws/build/lab03_pkg/build/lib/lab03_pkg/controller.py -> /home/pederba/ros2_ws/install/lab03_pkg/lib/python3.10/site-packages/lab03_pkg
[1.970s] byte-compiling /home/pederba/ros2_ws/install/lab03_pkg/lib/python3.10/site-packages/lab03_pkg/controller.py to controller.cpython-310.pyc
[1.972s] running install_data
[1.996s] running install_egg_info
[2.023s] removing '/home/pederba/ros2_ws/install/lab03_pkg/lib/python3.10/site-packages/lab03_pkg-0.0.0-py3.10.egg-info' (and everything under it)
[2.024s] Copying ../../build/lab03_pkg/lab03_pkg.egg-info to /home/pederba/ros2_ws/install/lab03_pkg/lib/python3.10/site-packages/lab03_pkg-0.0.0-py3.10.egg-info
[2.026s] running install_scripts
[2.303s] Installing controller script to /home/pederba/ros2_ws/install/lab03_pkg/lib/lab03_pkg
[2.304s] writing list of installed files to '/home/pederba/ros2_ws/build/lab03_pkg/install.log'
[2.380s] Invoked command in '/home/pederba/ros2_ws/src/lab03_pkg' returned '0': PYTHONPATH=/home/pederba/ros2_ws/build/lab03_pkg/prefix_override:/home/pederba/ros2_ws/install/lab03_pkg/lib/python3.10/site-packages:${PYTHONPATH} /usr/bin/python3 setup.py egg_info --egg-base ../../build/lab03_pkg build --build-base /home/pederba/ros2_ws/build/lab03_pkg/build install --record /home/pederba/ros2_ws/build/lab03_pkg/install.log --single-version-externally-managed
