[1.719s] Invoking command in '/home/pederba/ros2_ws/src/lab01_pkg': PYTHONPATH=/home/pederba/ros2_ws/build/lab01_pkg/prefix_override:/home/pederba/ros2_ws/install/lab01_pkg/lib/python3.10/site-packages:${PYTHONPATH} /usr/bin/python3 setup.py egg_info --egg-base ../../build/lab01_pkg build --build-base /home/pederba/ros2_ws/build/lab01_pkg/build install --record /home/pederba/ros2_ws/build/lab01_pkg/install.log --single-version-externally-managed
[2.128s] running egg_info
[2.158s] writing ../../build/lab01_pkg/lab01_pkg.egg-info/PKG-INFO
[2.158s] writing dependency_links to ../../build/lab01_pkg/lab01_pkg.egg-info/dependency_links.txt
[2.159s] writing entry points to ../../build/lab01_pkg/lab01_pkg.egg-info/entry_points.txt
[2.160s] writing requirements to ../../build/lab01_pkg/lab01_pkg.egg-info/requires.txt
[2.160s] writing top-level names to ../../build/lab01_pkg/lab01_pkg.egg-info/top_level.txt
[2.216s] reading manifest file '../../build/lab01_pkg/lab01_pkg.egg-info/SOURCES.txt'
[2.218s] writing manifest file '../../build/lab01_pkg/lab01_pkg.egg-info/SOURCES.txt'
[2.218s] running build
[2.218s] running build_py
[2.219s] copying lab01_pkg/controller.py -> /home/pederba/ros2_ws/build/lab01_pkg/build/lib/lab01_pkg
[2.219s] running install
[2.220s] /home/pederba/.local/lib/python3.10/site-packages/setuptools/_distutils/cmd.py:66: SetuptoolsDeprecationWarning: setup.py install is deprecated.
[2.220s] !!
[2.220s] 
[2.220s]         ********************************************************************************
[2.221s]         Please avoid running ``setup.py`` directly.
[2.221s]         Instead, use pypa/build, pypa/installer or other
[2.221s]         standards-based tools.
[2.221s] 
[2.221s]         See https://blog.ganssle.io/articles/2021/10/setup-py-deprecated.html for details.
[2.222s]         ********************************************************************************
[2.222s] 
[2.222s] !!
[2.223s]   self.initialize_options()
[2.229s] running install_lib
[2.263s] copying /home/pederba/ros2_ws/build/lab01_pkg/build/lib/lab01_pkg/controller.py -> /home/pederba/ros2_ws/install/lab01_pkg/lib/python3.10/site-packages/lab01_pkg
[2.264s] byte-compiling /home/pederba/ros2_ws/install/lab01_pkg/lib/python3.10/site-packages/lab01_pkg/controller.py to controller.cpython-310.pyc
[2.265s] running install_data
[2.293s] running install_egg_info
[2.324s] removing '/home/pederba/ros2_ws/install/lab01_pkg/lib/python3.10/site-packages/lab01_pkg-0.0.0-py3.10.egg-info' (and everything under it)
[2.325s] Copying ../../build/lab01_pkg/lab01_pkg.egg-info to /home/pederba/ros2_ws/install/lab01_pkg/lib/python3.10/site-packages/lab01_pkg-0.0.0-py3.10.egg-info
[2.327s] running install_scripts
[2.634s] Installing controller script to /home/pederba/ros2_ws/install/lab01_pkg/lib/lab01_pkg
[2.634s] Installing localization script to /home/pederba/ros2_ws/install/lab01_pkg/lib/lab01_pkg
[2.635s] writing list of installed files to '/home/pederba/ros2_ws/build/lab01_pkg/install.log'
[2.714s] Invoked command in '/home/pederba/ros2_ws/src/lab01_pkg' returned '0': PYTHONPATH=/home/pederba/ros2_ws/build/lab01_pkg/prefix_override:/home/pederba/ros2_ws/install/lab01_pkg/lib/python3.10/site-packages:${PYTHONPATH} /usr/bin/python3 setup.py egg_info --egg-base ../../build/lab01_pkg build --build-base /home/pederba/ros2_ws/build/lab01_pkg/build install --record /home/pederba/ros2_ws/build/lab01_pkg/install.log --single-version-externally-managed
