[5.864s] Invoking command in '/home/pederba/ros2_ws/src/turtlebot3/turtlebot3_teleop': PYTHONPATH=/home/pederba/ros2_ws/build/turtlebot3_teleop/prefix_override:/home/pederba/ros2_ws/install/turtlebot3_teleop/lib/python3.10/site-packages:${PYTHONPATH} /usr/bin/python3 setup.py egg_info --egg-base ../../../build/turtlebot3_teleop build --build-base /home/pederba/ros2_ws/build/turtlebot3_teleop/build install --record /home/pederba/ros2_ws/build/turtlebot3_teleop/install.log --single-version-externally-managed
[6.597s] running egg_info
[6.649s] writing ../../../build/turtlebot3_teleop/turtlebot3_teleop.egg-info/PKG-INFO
[6.650s] writing dependency_links to ../../../build/turtlebot3_teleop/turtlebot3_teleop.egg-info/dependency_links.txt
[6.651s] writing entry points to ../../../build/turtlebot3_teleop/turtlebot3_teleop.egg-info/entry_points.txt
[6.651s] writing requirements to ../../../build/turtlebot3_teleop/turtlebot3_teleop.egg-info/requires.txt
[6.652s] writing top-level names to ../../../build/turtlebot3_teleop/turtlebot3_teleop.egg-info/top_level.txt
[6.753s] reading manifest file '../../../build/turtlebot3_teleop/turtlebot3_teleop.egg-info/SOURCES.txt'
[6.756s] writing manifest file '../../../build/turtlebot3_teleop/turtlebot3_teleop.egg-info/SOURCES.txt'
[6.757s] running build
[6.757s] running build_py
[6.759s] running install
[6.760s] /home/pederba/.local/lib/python3.10/site-packages/setuptools/_distutils/cmd.py:66: SetuptoolsDeprecationWarning: setup.py install is deprecated.
[6.760s] !!
[6.760s] 
[6.761s]         ********************************************************************************
[6.761s]         Please avoid running ``setup.py`` directly.
[6.761s]         Instead, use pypa/build, pypa/installer or other
[6.761s]         standards-based tools.
[6.761s] 
[6.761s]         See https://blog.ganssle.io/articles/2021/10/setup-py-deprecated.html for details.
[6.761s]         ********************************************************************************
[6.761s] 
[6.762s] !!
[6.762s]   self.initialize_options()
[6.772s] running install_lib
[6.820s] running install_data
[6.876s] running install_egg_info
[6.928s] removing '/home/pederba/ros2_ws/install/turtlebot3_teleop/lib/python3.10/site-packages/turtlebot3_teleop-2.1.5-py3.10.egg-info' (and everything under it)
[6.938s] Copying ../../../build/turtlebot3_teleop/turtlebot3_teleop.egg-info to /home/pederba/ros2_ws/install/turtlebot3_teleop/lib/python3.10/site-packages/turtlebot3_teleop-2.1.5-py3.10.egg-info
[6.938s] running install_scripts
[7.431s] Installing teleop_keyboard script to /home/pederba/ros2_ws/install/turtlebot3_teleop/lib/turtlebot3_teleop
[7.434s] writing list of installed files to '/home/pederba/ros2_ws/build/turtlebot3_teleop/install.log'
[8.492s] Invoked command in '/home/pederba/ros2_ws/src/turtlebot3/turtlebot3_teleop' returned '0': PYTHONPATH=/home/pederba/ros2_ws/build/turtlebot3_teleop/prefix_override:/home/pederba/ros2_ws/install/turtlebot3_teleop/lib/python3.10/site-packages:${PYTHONPATH} /usr/bin/python3 setup.py egg_info --egg-base ../../../build/turtlebot3_teleop build --build-base /home/pederba/ros2_ws/build/turtlebot3_teleop/build install --record /home/pederba/ros2_ws/build/turtlebot3_teleop/install.log --single-version-externally-managed
