[2.396s] Invoking command in '/home/pederba/ros2_ws/src/lab02_pkg': CMAKE_PREFIX_PATH=/home/pederba/ros2_ws/install/lab02_interfaces:/home/pederba/ros2_ws/install/turtlesim:/home/pederba/ros2_ws/install/turtlebot3:/home/pederba/ros2_ws/install/turtlebot3_simulations:/home/pederba/ros2_ws/install/turtlebot3_navigation2:/home/pederba/ros2_ws/install/turtlebot3_fake_node:/home/pederba/ros2_ws/install/turtlebot3_msgs:/home/pederba/ros2_ws/install/turtlebot3_hardware:/home/pederba/ros2_ws/install/turtlebot3_gazebo:/home/pederba/ros2_ws/install/turtlebot3_bringup:/home/pederba/ros2_ws/install/turtlebot3_description:/home/pederba/ros2_ws/install/turtlebot3_cartographer:/home/pederba/ros2_ws/install/dynamixel_sdk_examples:/home/pederba/ros2_ws/install/dynamixel_sdk_custom_interfaces:/home/pederba/ros2_ws/install/dynamixel_sdk LD_LIBRARY_PATH=/home/pederba/ros2_ws/install/lab02_interfaces/lib:/home/pederba/ros2_ws/install/turtlesim/lib:/home/pederba/ros2_ws/install/turtlebot3_msgs/lib:/home/pederba/ros2_ws/install/turtlebot3_hardware/lib:/home/pederba/ros2_ws/install/dynamixel_sdk_custom_interfaces/lib:/home/pederba/ros2_ws/install/dynamixel_sdk/lib:/usr/lib/x86_64-linux-gnu/gazebo-11/plugins:/opt/ros/humble/opt/rviz_ogre_vendor/lib:/opt/ros/humble/lib/x86_64-linux-gnu:/opt/ros/humble/lib PYTHONPATH=/home/pederba/ros2_ws/build/lab02_pkg/prefix_override:/home/pederba/ros2_ws/install/lab02_pkg/lib/python3.10/site-packages:${PYTHONPATH} /usr/bin/python3 setup.py egg_info --egg-base ../../build/lab02_pkg build --build-base /home/pederba/ros2_ws/build/lab02_pkg/build install --record /home/pederba/ros2_ws/build/lab02_pkg/install.log --single-version-externally-managed
[2.986s] running egg_info
[3.024s] writing ../../build/lab02_pkg/lab02_pkg.egg-info/PKG-INFO
[3.026s] writing dependency_links to ../../build/lab02_pkg/lab02_pkg.egg-info/dependency_links.txt
[3.027s] writing requirements to ../../build/lab02_pkg/lab02_pkg.egg-info/requires.txt
[3.027s] writing top-level names to ../../build/lab02_pkg/lab02_pkg.egg-info/top_level.txt
[3.115s] reading manifest file '../../build/lab02_pkg/lab02_pkg.egg-info/SOURCES.txt'
[3.117s] writing manifest file '../../build/lab02_pkg/lab02_pkg.egg-info/SOURCES.txt'
[3.117s] running build
[3.118s] running build_py
[3.118s] running install
[3.119s] /home/pederba/.local/lib/python3.10/site-packages/setuptools/_distutils/cmd.py:66: SetuptoolsDeprecationWarning: setup.py install is deprecated.
[3.120s] !!
[3.120s] 
[3.120s]         ********************************************************************************
[3.120s]         Please avoid running ``setup.py`` directly.
[3.121s]         Instead, use pypa/build, pypa/installer or other
[3.121s]         standards-based tools.
[3.121s] 
[3.122s]         See https://blog.ganssle.io/articles/2021/10/setup-py-deprecated.html for details.
[3.122s]         ********************************************************************************
[3.122s] 
[3.122s] !!
[3.122s]   self.initialize_options()
[3.132s] running install_lib
[3.173s] running install_data
[3.213s] copying package.xml -> /home/pederba/ros2_ws/install/lab02_pkg/share/lab02_pkg
[3.215s] running install_egg_info
[3.257s] removing '/home/pederba/ros2_ws/install/lab02_pkg/lib/python3.10/site-packages/lab02_pkg-0.0.0-py3.10.egg-info' (and everything under it)
[3.258s] Copying ../../build/lab02_pkg/lab02_pkg.egg-info to /home/pederba/ros2_ws/install/lab02_pkg/lib/python3.10/site-packages/lab02_pkg-0.0.0-py3.10.egg-info
[3.261s] running install_scripts
[3.607s] writing list of installed files to '/home/pederba/ros2_ws/build/lab02_pkg/install.log'
[3.699s] Invoked command in '/home/pederba/ros2_ws/src/lab02_pkg' returned '0': CMAKE_PREFIX_PATH=/home/pederba/ros2_ws/install/lab02_interfaces:/home/pederba/ros2_ws/install/turtlesim:/home/pederba/ros2_ws/install/turtlebot3:/home/pederba/ros2_ws/install/turtlebot3_simulations:/home/pederba/ros2_ws/install/turtlebot3_navigation2:/home/pederba/ros2_ws/install/turtlebot3_fake_node:/home/pederba/ros2_ws/install/turtlebot3_msgs:/home/pederba/ros2_ws/install/turtlebot3_hardware:/home/pederba/ros2_ws/install/turtlebot3_gazebo:/home/pederba/ros2_ws/install/turtlebot3_bringup:/home/pederba/ros2_ws/install/turtlebot3_description:/home/pederba/ros2_ws/install/turtlebot3_cartographer:/home/pederba/ros2_ws/install/dynamixel_sdk_examples:/home/pederba/ros2_ws/install/dynamixel_sdk_custom_interfaces:/home/pederba/ros2_ws/install/dynamixel_sdk LD_LIBRARY_PATH=/home/pederba/ros2_ws/install/lab02_interfaces/lib:/home/pederba/ros2_ws/install/turtlesim/lib:/home/pederba/ros2_ws/install/turtlebot3_msgs/lib:/home/pederba/ros2_ws/install/turtlebot3_hardware/lib:/home/pederba/ros2_ws/install/dynamixel_sdk_custom_interfaces/lib:/home/pederba/ros2_ws/install/dynamixel_sdk/lib:/usr/lib/x86_64-linux-gnu/gazebo-11/plugins:/opt/ros/humble/opt/rviz_ogre_vendor/lib:/opt/ros/humble/lib/x86_64-linux-gnu:/opt/ros/humble/lib PYTHONPATH=/home/pederba/ros2_ws/build/lab02_pkg/prefix_override:/home/pederba/ros2_ws/install/lab02_pkg/lib/python3.10/site-packages:${PYTHONPATH} /usr/bin/python3 setup.py egg_info --egg-base ../../build/lab02_pkg build --build-base /home/pederba/ros2_ws/build/lab02_pkg/build install --record /home/pederba/ros2_ws/build/lab02_pkg/install.log --single-version-externally-managed
