running egg_info
writing ../../build/lab03_pkg/lab03_pkg.egg-info/PKG-INFO
writing dependency_links to ../../build/lab03_pkg/lab03_pkg.egg-info/dependency_links.txt
writing entry points to ../../build/lab03_pkg/lab03_pkg.egg-info/entry_points.txt
writing requirements to ../../build/lab03_pkg/lab03_pkg.egg-info/requires.txt
writing top-level names to ../../build/lab03_pkg/lab03_pkg.egg-info/top_level.txt
reading manifest file '../../build/lab03_pkg/lab03_pkg.egg-info/SOURCES.txt'
writing manifest file '../../build/lab03_pkg/lab03_pkg.egg-info/SOURCES.txt'
running build
running build_py
running install
/home/pederba/.local/lib/python3.10/site-packages/setuptools/_distutils/cmd.py:66: SetuptoolsDeprecationWarning: setup.py install is deprecated.
!!

        ********************************************************************************
        Please avoid running ``setup.py`` directly.
        Instead, use pypa/build, pypa/installer or other
        standards-based tools.

        See https://blog.ganssle.io/articles/2021/10/setup-py-deprecated.html for details.
        ********************************************************************************

!!
  self.initialize_options()
running install_lib
running install_data
copying config/controller_params.yaml -> /home/pederba/ros2_ws/install/lab03_pkg/share/lab03_pkg/config
running install_egg_info
removing '/home/pederba/ros2_ws/install/lab03_pkg/lib/python3.10/site-packages/lab03_pkg-0.0.0-py3.10.egg-info' (and everything under it)
Copying ../../build/lab03_pkg/lab03_pkg.egg-info to /home/pederba/ros2_ws/install/lab03_pkg/lib/python3.10/site-packages/lab03_pkg-0.0.0-py3.10.egg-info
running install_scripts
Installing controller script to /home/pederba/ros2_ws/install/lab03_pkg/lib/lab03_pkg
writing list of installed files to '/home/pederba/ros2_ws/build/lab03_pkg/install.log'
