[0.695s] Invoking command in '/home/pederba/ros2_ws/build/turtlebot3_hardware': CMAKE_PREFIX_PATH=/home/pederba/ros2_ws/install/dynamixel_sdk:/home/pederba/ros2_ws/install/turtlesim:/home/pederba/ros2_ws/install/turtlebot3:/home/pederba/ros2_ws/install/turtlebot3_simulations:/home/pederba/ros2_ws/install/turtlebot3_navigation2:/home/pederba/ros2_ws/install/turtlebot3_fake_node:/home/pederba/ros2_ws/install/turtlebot3_msgs:/home/pederba/ros2_ws/install/turtlebot3_hardware:/home/pederba/ros2_ws/install/turtlebot3_gazebo:/home/pederba/ros2_ws/install/turtlebot3_bringup:/home/pederba/ros2_ws/install/turtlebot3_description:/home/pederba/ros2_ws/install/turtlebot3_cartographer:/home/pederba/ros2_ws/install/lab02_interfaces:/home/pederba/ros2_ws/install/dynamixel_sdk_examples:/home/pederba/ros2_ws/install/dynamixel_sdk_custom_interfaces:/home/pederba/ros2_ws/install/lab02_pkg_test:/home/pederba/ros2_ws/install/turtlebot3_teleop:/home/pederba/ros2_ws/install/turtlebot3_example:/home/pederba/ros2_ws/install/py_pubsub:/home/pederba/ros2_ws/install/lab03_pkg:/home/pederba/ros2_ws/install/lab02_pkg:/home/pederba/ros2_ws/install/lab01_pkg:/opt/ros/humble LD_LIBRARY_PATH=/home/pederba/ros2_ws/install/dynamixel_sdk/lib:/home/pederba/ros2_ws/install/turtlesim/lib:/home/pederba/ros2_ws/install/turtlebot3_msgs/lib:/home/pederba/ros2_ws/install/turtlebot3_hardware/lib:/home/pederba/ros2_ws/install/lab02_interfaces/lib:/home/pederba/ros2_ws/install/dynamixel_sdk_custom_interfaces/lib:/usr/lib/x86_64-linux-gnu/gazebo-11/plugins:/opt/ros/humble/opt/rviz_ogre_vendor/lib:/opt/ros/humble/lib/x86_64-linux-gnu:/opt/ros/humble/lib /usr/bin/cmake /home/pederba/ros2_ws/src/turtlebot3/turtlebot3_hardware -DCMAKE_INSTALL_PREFIX=/home/pederba/ros2_ws/install/turtlebot3_hardware
[4.358s] -- The C compiler identification is GNU 11.4.0
[4.359s] -- The CXX compiler identification is GNU 11.4.0
[4.359s] -- Detecting C compiler ABI info
[4.359s] -- Detecting C compiler ABI info - done
[4.359s] -- Check for working C compiler: /usr/bin/cc - skipped
[4.360s] -- Detecting C compile features
[4.360s] -- Detecting C compile features - done
[4.360s] -- Detecting CXX compiler ABI info
[4.360s] -- Detecting CXX compiler ABI info - done
[4.360s] -- Check for working CXX compiler: /usr/bin/c++ - skipped
[4.360s] -- Detecting CXX compile features
[4.361s] -- Detecting CXX compile features - done
[4.361s] -- Found ament_cmake: 1.3.5 (/opt/ros/humble/share/ament_cmake/cmake)
[6.066s] -- Found Python3: /usr/bin/python3.10 (found version "3.10.12") found components: Interpreter 
[6.540s] -- Found dynamixel_sdk: 3.7.60 (/home/pederba/ros2_ws/install/dynamixel_sdk/share/dynamixel_sdk/cmake)
[6.555s] -- Found hardware_interface: 2.32.0 (/opt/ros/humble/share/hardware_interface/cmake)
[6.729s] -- Found rosidl_generator_c: 3.1.5 (/opt/ros/humble/share/rosidl_generator_c/cmake)
[6.771s] -- Found rosidl_adapter: 3.1.5 (/opt/ros/humble/share/rosidl_adapter/cmake)
[6.834s] -- Found rosidl_generator_cpp: 3.1.5 (/opt/ros/humble/share/rosidl_generator_cpp/cmake)
[6.957s] -- Using all available rosidl_typesupport_c: rosidl_typesupport_fastrtps_c;rosidl_typesupport_introspection_c
[7.059s] -- Using all available rosidl_typesupport_cpp: rosidl_typesupport_fastrtps_cpp;rosidl_typesupport_introspection_cpp
[11.332s] -- Found rmw_implementation_cmake: 6.1.1 (/opt/ros/humble/share/rmw_implementation_cmake/cmake)
[11.352s] -- Found rmw_fastrtps_cpp: 6.2.4 (/opt/ros/humble/share/rmw_fastrtps_cpp/cmake)
[12.456s] -- Found OpenSSL: /usr/lib/x86_64-linux-gnu/libcrypto.so (found version "3.0.2")  
[12.711s] -- Found FastRTPS: /opt/ros/humble/include  
[13.230s] -- Using RMW implementation 'rmw_fastrtps_cpp' as default
[13.344s] -- Looking for pthread.h
[14.063s] -- Looking for pthread.h - found
[14.064s] -- Performing Test CMAKE_HAVE_LIBC_PTHREAD
[14.637s] -- Performing Test CMAKE_HAVE_LIBC_PTHREAD - Success
[14.646s] -- Found Threads: TRUE  
[16.562s] -- Configuring done
[16.790s] -- Generating done
[16.814s] -- Build files have been written to: /home/pederba/ros2_ws/build/turtlebot3_hardware
[17.149s] Invoked command in '/home/pederba/ros2_ws/build/turtlebot3_hardware' returned '0': CMAKE_PREFIX_PATH=/home/pederba/ros2_ws/install/dynamixel_sdk:/home/pederba/ros2_ws/install/turtlesim:/home/pederba/ros2_ws/install/turtlebot3:/home/pederba/ros2_ws/install/turtlebot3_simulations:/home/pederba/ros2_ws/install/turtlebot3_navigation2:/home/pederba/ros2_ws/install/turtlebot3_fake_node:/home/pederba/ros2_ws/install/turtlebot3_msgs:/home/pederba/ros2_ws/install/turtlebot3_hardware:/home/pederba/ros2_ws/install/turtlebot3_gazebo:/home/pederba/ros2_ws/install/turtlebot3_bringup:/home/pederba/ros2_ws/install/turtlebot3_description:/home/pederba/ros2_ws/install/turtlebot3_cartographer:/home/pederba/ros2_ws/install/lab02_interfaces:/home/pederba/ros2_ws/install/dynamixel_sdk_examples:/home/pederba/ros2_ws/install/dynamixel_sdk_custom_interfaces:/home/pederba/ros2_ws/install/lab02_pkg_test:/home/pederba/ros2_ws/install/turtlebot3_teleop:/home/pederba/ros2_ws/install/turtlebot3_example:/home/pederba/ros2_ws/install/py_pubsub:/home/pederba/ros2_ws/install/lab03_pkg:/home/pederba/ros2_ws/install/lab02_pkg:/home/pederba/ros2_ws/install/lab01_pkg:/opt/ros/humble LD_LIBRARY_PATH=/home/pederba/ros2_ws/install/dynamixel_sdk/lib:/home/pederba/ros2_ws/install/turtlesim/lib:/home/pederba/ros2_ws/install/turtlebot3_msgs/lib:/home/pederba/ros2_ws/install/turtlebot3_hardware/lib:/home/pederba/ros2_ws/install/lab02_interfaces/lib:/home/pederba/ros2_ws/install/dynamixel_sdk_custom_interfaces/lib:/usr/lib/x86_64-linux-gnu/gazebo-11/plugins:/opt/ros/humble/opt/rviz_ogre_vendor/lib:/opt/ros/humble/lib/x86_64-linux-gnu:/opt/ros/humble/lib /usr/bin/cmake /home/pederba/ros2_ws/src/turtlebot3/turtlebot3_hardware -DCMAKE_INSTALL_PREFIX=/home/pederba/ros2_ws/install/turtlebot3_hardware
[17.151s] Invoking command in '/home/pederba/ros2_ws/build/turtlebot3_hardware': CMAKE_PREFIX_PATH=/home/pederba/ros2_ws/install/dynamixel_sdk:/home/pederba/ros2_ws/install/turtlesim:/home/pederba/ros2_ws/install/turtlebot3:/home/pederba/ros2_ws/install/turtlebot3_simulations:/home/pederba/ros2_ws/install/turtlebot3_navigation2:/home/pederba/ros2_ws/install/turtlebot3_fake_node:/home/pederba/ros2_ws/install/turtlebot3_msgs:/home/pederba/ros2_ws/install/turtlebot3_hardware:/home/pederba/ros2_ws/install/turtlebot3_gazebo:/home/pederba/ros2_ws/install/turtlebot3_bringup:/home/pederba/ros2_ws/install/turtlebot3_description:/home/pederba/ros2_ws/install/turtlebot3_cartographer:/home/pederba/ros2_ws/install/lab02_interfaces:/home/pederba/ros2_ws/install/dynamixel_sdk_examples:/home/pederba/ros2_ws/install/dynamixel_sdk_custom_interfaces:/home/pederba/ros2_ws/install/lab02_pkg_test:/home/pederba/ros2_ws/install/turtlebot3_teleop:/home/pederba/ros2_ws/install/turtlebot3_example:/home/pederba/ros2_ws/install/py_pubsub:/home/pederba/ros2_ws/install/lab03_pkg:/home/pederba/ros2_ws/install/lab02_pkg:/home/pederba/ros2_ws/install/lab01_pkg:/opt/ros/humble LD_LIBRARY_PATH=/home/pederba/ros2_ws/install/dynamixel_sdk/lib:/home/pederba/ros2_ws/install/turtlesim/lib:/home/pederba/ros2_ws/install/turtlebot3_msgs/lib:/home/pederba/ros2_ws/install/turtlebot3_hardware/lib:/home/pederba/ros2_ws/install/lab02_interfaces/lib:/home/pederba/ros2_ws/install/dynamixel_sdk_custom_interfaces/lib:/usr/lib/x86_64-linux-gnu/gazebo-11/plugins:/opt/ros/humble/opt/rviz_ogre_vendor/lib:/opt/ros/humble/lib/x86_64-linux-gnu:/opt/ros/humble/lib /usr/bin/cmake --build /home/pederba/ros2_ws/build/turtlebot3_hardware -- -j8 -l8
[17.680s] [ 25%] [32mBuilding CXX object CMakeFiles/turtlebot3_hardware.dir/src/dynamixel_sdk_wrapper.cpp.o[0m
[19.420s] [ 50%] [32mBuilding CXX object CMakeFiles/turtlebot3_hardware.dir/src/turtlebot3_system.cpp.o[0m
[33.652s] [ 75%] [32mBuilding CXX object CMakeFiles/turtlebot3_hardware.dir/src/opencr.cpp.o[0m
[35.707s] [100%] [32m[1mLinking CXX shared library libturtlebot3_hardware.so[0m
[37.065s] [100%] Built target turtlebot3_hardware
[37.109s] Invoked command in '/home/pederba/ros2_ws/build/turtlebot3_hardware' returned '0': CMAKE_PREFIX_PATH=/home/pederba/ros2_ws/install/dynamixel_sdk:/home/pederba/ros2_ws/install/turtlesim:/home/pederba/ros2_ws/install/turtlebot3:/home/pederba/ros2_ws/install/turtlebot3_simulations:/home/pederba/ros2_ws/install/turtlebot3_navigation2:/home/pederba/ros2_ws/install/turtlebot3_fake_node:/home/pederba/ros2_ws/install/turtlebot3_msgs:/home/pederba/ros2_ws/install/turtlebot3_hardware:/home/pederba/ros2_ws/install/turtlebot3_gazebo:/home/pederba/ros2_ws/install/turtlebot3_bringup:/home/pederba/ros2_ws/install/turtlebot3_description:/home/pederba/ros2_ws/install/turtlebot3_cartographer:/home/pederba/ros2_ws/install/lab02_interfaces:/home/pederba/ros2_ws/install/dynamixel_sdk_examples:/home/pederba/ros2_ws/install/dynamixel_sdk_custom_interfaces:/home/pederba/ros2_ws/install/lab02_pkg_test:/home/pederba/ros2_ws/install/turtlebot3_teleop:/home/pederba/ros2_ws/install/turtlebot3_example:/home/pederba/ros2_ws/install/py_pubsub:/home/pederba/ros2_ws/install/lab03_pkg:/home/pederba/ros2_ws/install/lab02_pkg:/home/pederba/ros2_ws/install/lab01_pkg:/opt/ros/humble LD_LIBRARY_PATH=/home/pederba/ros2_ws/install/dynamixel_sdk/lib:/home/pederba/ros2_ws/install/turtlesim/lib:/home/pederba/ros2_ws/install/turtlebot3_msgs/lib:/home/pederba/ros2_ws/install/turtlebot3_hardware/lib:/home/pederba/ros2_ws/install/lab02_interfaces/lib:/home/pederba/ros2_ws/install/dynamixel_sdk_custom_interfaces/lib:/usr/lib/x86_64-linux-gnu/gazebo-11/plugins:/opt/ros/humble/opt/rviz_ogre_vendor/lib:/opt/ros/humble/lib/x86_64-linux-gnu:/opt/ros/humble/lib /usr/bin/cmake --build /home/pederba/ros2_ws/build/turtlebot3_hardware -- -j8 -l8
[37.434s] Invoking command in '/home/pederba/ros2_ws/build/turtlebot3_hardware': CMAKE_PREFIX_PATH=/home/pederba/ros2_ws/install/dynamixel_sdk:/home/pederba/ros2_ws/install/turtlesim:/home/pederba/ros2_ws/install/turtlebot3:/home/pederba/ros2_ws/install/turtlebot3_simulations:/home/pederba/ros2_ws/install/turtlebot3_navigation2:/home/pederba/ros2_ws/install/turtlebot3_fake_node:/home/pederba/ros2_ws/install/turtlebot3_msgs:/home/pederba/ros2_ws/install/turtlebot3_hardware:/home/pederba/ros2_ws/install/turtlebot3_gazebo:/home/pederba/ros2_ws/install/turtlebot3_bringup:/home/pederba/ros2_ws/install/turtlebot3_description:/home/pederba/ros2_ws/install/turtlebot3_cartographer:/home/pederba/ros2_ws/install/lab02_interfaces:/home/pederba/ros2_ws/install/dynamixel_sdk_examples:/home/pederba/ros2_ws/install/dynamixel_sdk_custom_interfaces:/home/pederba/ros2_ws/install/lab02_pkg_test:/home/pederba/ros2_ws/install/turtlebot3_teleop:/home/pederba/ros2_ws/install/turtlebot3_example:/home/pederba/ros2_ws/install/py_pubsub:/home/pederba/ros2_ws/install/lab03_pkg:/home/pederba/ros2_ws/install/lab02_pkg:/home/pederba/ros2_ws/install/lab01_pkg:/opt/ros/humble LD_LIBRARY_PATH=/home/pederba/ros2_ws/install/dynamixel_sdk/lib:/home/pederba/ros2_ws/install/turtlesim/lib:/home/pederba/ros2_ws/install/turtlebot3_msgs/lib:/home/pederba/ros2_ws/install/turtlebot3_hardware/lib:/home/pederba/ros2_ws/install/lab02_interfaces/lib:/home/pederba/ros2_ws/install/dynamixel_sdk_custom_interfaces/lib:/usr/lib/x86_64-linux-gnu/gazebo-11/plugins:/opt/ros/humble/opt/rviz_ogre_vendor/lib:/opt/ros/humble/lib/x86_64-linux-gnu:/opt/ros/humble/lib /usr/bin/cmake --install /home/pederba/ros2_ws/build/turtlebot3_hardware
[37.477s] -- Install configuration: ""
[37.486s] -- Installing: /home/pederba/ros2_ws/install/turtlebot3_hardware/share/turtlebot3_hardware/turtlebot3_hardware.xml
[37.488s] -- Installing: /home/pederba/ros2_ws/install/turtlebot3_hardware/include
[37.488s] -- Installing: /home/pederba/ros2_ws/install/turtlebot3_hardware/include/turtlebot3_hardware
[37.488s] -- Installing: /home/pederba/ros2_ws/install/turtlebot3_hardware/include/turtlebot3_hardware/opencr_definitions.hpp
[37.492s] -- Installing: /home/pederba/ros2_ws/install/turtlebot3_hardware/include/turtlebot3_hardware/turtlebot3_system.hpp
[37.493s] -- Installing: /home/pederba/ros2_ws/install/turtlebot3_hardware/include/turtlebot3_hardware/opencr.hpp
[37.493s] -- Installing: /home/pederba/ros2_ws/install/turtlebot3_hardware/include/turtlebot3_hardware/visibility_control.h
[37.494s] -- Installing: /home/pederba/ros2_ws/install/turtlebot3_hardware/include/turtlebot3_hardware/opencr_control_table.hpp
[37.494s] -- Installing: /home/pederba/ros2_ws/install/turtlebot3_hardware/include/turtlebot3_hardware/dynamixel_sdk_wrapper.hpp
[37.495s] -- Installing: /home/pederba/ros2_ws/install/turtlebot3_hardware/lib/libturtlebot3_hardware.so
[37.495s] -- Set runtime path of "/home/pederba/ros2_ws/install/turtlebot3_hardware/lib/libturtlebot3_hardware.so" to ""
[37.505s] -- Installing: /home/pederba/ros2_ws/install/turtlebot3_hardware/share/turtlebot3_hardware/environment/library_path.sh
[37.506s] -- Installing: /home/pederba/ros2_ws/install/turtlebot3_hardware/share/turtlebot3_hardware/environment/library_path.dsv
[37.507s] -- Installing: /home/pederba/ros2_ws/install/turtlebot3_hardware/share/ament_index/resource_index/package_run_dependencies/turtlebot3_hardware
[37.508s] -- Installing: /home/pederba/ros2_ws/install/turtlebot3_hardware/share/ament_index/resource_index/parent_prefix_path/turtlebot3_hardware
[37.509s] -- Installing: /home/pederba/ros2_ws/install/turtlebot3_hardware/share/turtlebot3_hardware/environment/ament_prefix_path.sh
[37.509s] -- Installing: /home/pederba/ros2_ws/install/turtlebot3_hardware/share/turtlebot3_hardware/environment/ament_prefix_path.dsv
[37.510s] -- Installing: /home/pederba/ros2_ws/install/turtlebot3_hardware/share/turtlebot3_hardware/environment/path.sh
[37.511s] -- Installing: /home/pederba/ros2_ws/install/turtlebot3_hardware/share/turtlebot3_hardware/environment/path.dsv
[37.512s] -- Installing: /home/pederba/ros2_ws/install/turtlebot3_hardware/share/turtlebot3_hardware/local_setup.bash
[37.512s] -- Installing: /home/pederba/ros2_ws/install/turtlebot3_hardware/share/turtlebot3_hardware/local_setup.sh
[37.513s] -- Installing: /home/pederba/ros2_ws/install/turtlebot3_hardware/share/turtlebot3_hardware/local_setup.zsh
[37.514s] -- Installing: /home/pederba/ros2_ws/install/turtlebot3_hardware/share/turtlebot3_hardware/local_setup.dsv
[37.514s] -- Installing: /home/pederba/ros2_ws/install/turtlebot3_hardware/share/turtlebot3_hardware/package.dsv
[37.515s] -- Installing: /home/pederba/ros2_ws/install/turtlebot3_hardware/share/ament_index/resource_index/packages/turtlebot3_hardware
[37.516s] -- Installing: /home/pederba/ros2_ws/install/turtlebot3_hardware/share/ament_index/resource_index/hardware_interface__pluginlib__plugin/turtlebot3_hardware
[37.518s] -- Installing: /home/pederba/ros2_ws/install/turtlebot3_hardware/share/turtlebot3_hardware/cmake/ament_cmake_export_include_directories-extras.cmake
[37.523s] -- Installing: /home/pederba/ros2_ws/install/turtlebot3_hardware/share/turtlebot3_hardware/cmake/ament_cmake_export_libraries-extras.cmake
[37.523s] -- Installing: /home/pederba/ros2_ws/install/turtlebot3_hardware/share/turtlebot3_hardware/cmake/ament_cmake_export_dependencies-extras.cmake
[37.524s] -- Installing: /home/pederba/ros2_ws/install/turtlebot3_hardware/share/turtlebot3_hardware/cmake/turtlebot3_hardwareConfig.cmake
[37.530s] -- Installing: /home/pederba/ros2_ws/install/turtlebot3_hardware/share/turtlebot3_hardware/cmake/turtlebot3_hardwareConfig-version.cmake
[37.533s] -- Installing: /home/pederba/ros2_ws/install/turtlebot3_hardware/share/turtlebot3_hardware/package.xml
[37.533s] Invoked command in '/home/pederba/ros2_ws/build/turtlebot3_hardware' returned '0': CMAKE_PREFIX_PATH=/home/pederba/ros2_ws/install/dynamixel_sdk:/home/pederba/ros2_ws/install/turtlesim:/home/pederba/ros2_ws/install/turtlebot3:/home/pederba/ros2_ws/install/turtlebot3_simulations:/home/pederba/ros2_ws/install/turtlebot3_navigation2:/home/pederba/ros2_ws/install/turtlebot3_fake_node:/home/pederba/ros2_ws/install/turtlebot3_msgs:/home/pederba/ros2_ws/install/turtlebot3_hardware:/home/pederba/ros2_ws/install/turtlebot3_gazebo:/home/pederba/ros2_ws/install/turtlebot3_bringup:/home/pederba/ros2_ws/install/turtlebot3_description:/home/pederba/ros2_ws/install/turtlebot3_cartographer:/home/pederba/ros2_ws/install/lab02_interfaces:/home/pederba/ros2_ws/install/dynamixel_sdk_examples:/home/pederba/ros2_ws/install/dynamixel_sdk_custom_interfaces:/home/pederba/ros2_ws/install/lab02_pkg_test:/home/pederba/ros2_ws/install/turtlebot3_teleop:/home/pederba/ros2_ws/install/turtlebot3_example:/home/pederba/ros2_ws/install/py_pubsub:/home/pederba/ros2_ws/install/lab03_pkg:/home/pederba/ros2_ws/install/lab02_pkg:/home/pederba/ros2_ws/install/lab01_pkg:/opt/ros/humble LD_LIBRARY_PATH=/home/pederba/ros2_ws/install/dynamixel_sdk/lib:/home/pederba/ros2_ws/install/turtlesim/lib:/home/pederba/ros2_ws/install/turtlebot3_msgs/lib:/home/pederba/ros2_ws/install/turtlebot3_hardware/lib:/home/pederba/ros2_ws/install/lab02_interfaces/lib:/home/pederba/ros2_ws/install/dynamixel_sdk_custom_interfaces/lib:/usr/lib/x86_64-linux-gnu/gazebo-11/plugins:/opt/ros/humble/opt/rviz_ogre_vendor/lib:/opt/ros/humble/lib/x86_64-linux-gnu:/opt/ros/humble/lib /usr/bin/cmake --install /home/pederba/ros2_ws/build/turtlebot3_hardware
