running egg_info
creating ../../../build/turtlebot3_example/turtlebot3_example.egg-info
writing ../../../build/turtlebot3_example/turtlebot3_example.egg-info/PKG-INFO
writing dependency_links to ../../../build/turtlebot3_example/turtlebot3_example.egg-info/dependency_links.txt
writing entry points to ../../../build/turtlebot3_example/turtlebot3_example.egg-info/entry_points.txt
writing requirements to ../../../build/turtlebot3_example/turtlebot3_example.egg-info/requires.txt
writing top-level names to ../../../build/turtlebot3_example/turtlebot3_example.egg-info/top_level.txt
writing manifest file '../../../build/turtlebot3_example/turtlebot3_example.egg-info/SOURCES.txt'
reading manifest file '../../../build/turtlebot3_example/turtlebot3_example.egg-info/SOURCES.txt'
writing manifest file '../../../build/turtlebot3_example/turtlebot3_example.egg-info/SOURCES.txt'
running build
running build_py
creating /home/pederba/ros2_ws/build/turtlebot3_example/build
creating /home/pederba/ros2_ws/build/turtlebot3_example/build/lib
creating /home/pederba/ros2_ws/build/turtlebot3_example/build/lib/turtlebot3_example
copying turtlebot3_example/__init__.py -> /home/pederba/ros2_ws/build/turtlebot3_example/build/lib/turtlebot3_example
creating /home/pederba/ros2_ws/build/turtlebot3_example/build/lib/turtlebot3_example/turtlebot3_obstacle_detection
copying turtlebot3_example/turtlebot3_obstacle_detection/turtlebot3_obstacle_detection.py -> /home/pederba/ros2_ws/build/turtlebot3_example/build/lib/turtlebot3_example/turtlebot3_obstacle_detection
copying turtlebot3_example/turtlebot3_obstacle_detection/__init__.py -> /home/pederba/ros2_ws/build/turtlebot3_example/build/lib/turtlebot3_example/turtlebot3_obstacle_detection
creating /home/pederba/ros2_ws/build/turtlebot3_example/build/lib/turtlebot3_example/turtlebot3_position_control
copying turtlebot3_example/turtlebot3_position_control/turtlebot3_position_control_pointop_key.py -> /home/pederba/ros2_ws/build/turtlebot3_example/build/lib/turtlebot3_example/turtlebot3_position_control
copying turtlebot3_example/turtlebot3_position_control/__init__.py -> /home/pederba/ros2_ws/build/turtlebot3_example/build/lib/turtlebot3_example/turtlebot3_position_control
running install
/home/pederba/.local/lib/python3.10/site-packages/setuptools/_distutils/cmd.py:66: SetuptoolsDeprecationWarning: setup.py install is deprecated.
!!

        ********************************************************************************
        Please avoid running ``setup.py`` directly.
        Instead, use pypa/build, pypa/installer or other
        standards-based tools.

        See https://blog.ganssle.io/articles/2021/10/setup-py-deprecated.html for details.
        ********************************************************************************

!!
  self.initialize_options()
running install_lib
creating /home/pederba/ros2_ws/install/turtlebot3_example/lib/python3.10/site-packages/turtlebot3_example
creating /home/pederba/ros2_ws/install/turtlebot3_example/lib/python3.10/site-packages/turtlebot3_example/turtlebot3_obstacle_detection
copying /home/pederba/ros2_ws/build/turtlebot3_example/build/lib/turtlebot3_example/turtlebot3_obstacle_detection/turtlebot3_obstacle_detection.py -> /home/pederba/ros2_ws/install/turtlebot3_example/lib/python3.10/site-packages/turtlebot3_example/turtlebot3_obstacle_detection
copying /home/pederba/ros2_ws/build/turtlebot3_example/build/lib/turtlebot3_example/turtlebot3_obstacle_detection/__init__.py -> /home/pederba/ros2_ws/install/turtlebot3_example/lib/python3.10/site-packages/turtlebot3_example/turtlebot3_obstacle_detection
creating /home/pederba/ros2_ws/install/turtlebot3_example/lib/python3.10/site-packages/turtlebot3_example/turtlebot3_position_control
copying /home/pederba/ros2_ws/build/turtlebot3_example/build/lib/turtlebot3_example/turtlebot3_position_control/turtlebot3_position_control_pointop_key.py -> /home/pederba/ros2_ws/install/turtlebot3_example/lib/python3.10/site-packages/turtlebot3_example/turtlebot3_position_control
copying /home/pederba/ros2_ws/build/turtlebot3_example/build/lib/turtlebot3_example/turtlebot3_position_control/__init__.py -> /home/pederba/ros2_ws/install/turtlebot3_example/lib/python3.10/site-packages/turtlebot3_example/turtlebot3_position_control
copying /home/pederba/ros2_ws/build/turtlebot3_example/build/lib/turtlebot3_example/__init__.py -> /home/pederba/ros2_ws/install/turtlebot3_example/lib/python3.10/site-packages/turtlebot3_example
byte-compiling /home/pederba/ros2_ws/install/turtlebot3_example/lib/python3.10/site-packages/turtlebot3_example/turtlebot3_obstacle_detection/turtlebot3_obstacle_detection.py to turtlebot3_obstacle_detection.cpython-310.pyc
byte-compiling /home/pederba/ros2_ws/install/turtlebot3_example/lib/python3.10/site-packages/turtlebot3_example/turtlebot3_obstacle_detection/__init__.py to __init__.cpython-310.pyc
byte-compiling /home/pederba/ros2_ws/install/turtlebot3_example/lib/python3.10/site-packages/turtlebot3_example/turtlebot3_position_control/turtlebot3_position_control_pointop_key.py to turtlebot3_position_control_pointop_key.cpython-310.pyc
byte-compiling /home/pederba/ros2_ws/install/turtlebot3_example/lib/python3.10/site-packages/turtlebot3_example/turtlebot3_position_control/__init__.py to __init__.cpython-310.pyc
byte-compiling /home/pederba/ros2_ws/install/turtlebot3_example/lib/python3.10/site-packages/turtlebot3_example/__init__.py to __init__.cpython-310.pyc
running install_data
creating /home/pederba/ros2_ws/install/turtlebot3_example/share/ament_index
creating /home/pederba/ros2_ws/install/turtlebot3_example/share/ament_index/resource_index
creating /home/pederba/ros2_ws/install/turtlebot3_example/share/ament_index/resource_index/packages
copying resource/turtlebot3_example -> /home/pederba/ros2_ws/install/turtlebot3_example/share/ament_index/resource_index/packages
copying package.xml -> /home/pederba/ros2_ws/install/turtlebot3_example/share/turtlebot3_example
running install_egg_info
Copying ../../../build/turtlebot3_example/turtlebot3_example.egg-info to /home/pederba/ros2_ws/install/turtlebot3_example/lib/python3.10/site-packages/turtlebot3_example-2.1.5-py3.10.egg-info
running install_scripts
Installing turtlebot3_interactive_marker script to /home/pederba/ros2_ws/install/turtlebot3_example/lib/turtlebot3_example
Installing turtlebot3_obstacle_detection script to /home/pederba/ros2_ws/install/turtlebot3_example/lib/turtlebot3_example
Installing turtlebot3_patrol_client script to /home/pederba/ros2_ws/install/turtlebot3_example/lib/turtlebot3_example
Installing turtlebot3_patrol_server script to /home/pederba/ros2_ws/install/turtlebot3_example/lib/turtlebot3_example
Installing turtlebot3_position_control_pointop_key script to /home/pederba/ros2_ws/install/turtlebot3_example/lib/turtlebot3_example
writing list of installed files to '/home/pederba/ros2_ws/build/turtlebot3_example/install.log'
