[2.338s] Invoking command in '/home/pederba/ros2_ws/src/lab03_pkg': PYTHONPATH=/home/pederba/ros2_ws/build/lab03_pkg/prefix_override:/home/pederba/ros2_ws/install/lab03_pkg/lib/python3.10/site-packages:${PYTHONPATH} /usr/bin/python3 setup.py egg_info --egg-base ../../build/lab03_pkg build --build-base /home/pederba/ros2_ws/build/lab03_pkg/build install --record /home/pederba/ros2_ws/build/lab03_pkg/install.log --single-version-externally-managed
[2.902s] running egg_info
[2.944s] writing ../../build/lab03_pkg/lab03_pkg.egg-info/PKG-INFO
[2.944s] writing dependency_links to ../../build/lab03_pkg/lab03_pkg.egg-info/dependency_links.txt
[2.945s] writing entry points to ../../build/lab03_pkg/lab03_pkg.egg-info/entry_points.txt
[2.945s] writing requirements to ../../build/lab03_pkg/lab03_pkg.egg-info/requires.txt
[2.946s] writing top-level names to ../../build/lab03_pkg/lab03_pkg.egg-info/top_level.txt
[3.021s] reading manifest file '../../build/lab03_pkg/lab03_pkg.egg-info/SOURCES.txt'
[3.023s] writing manifest file '../../build/lab03_pkg/lab03_pkg.egg-info/SOURCES.txt'
[3.024s] running build
[3.024s] running build_py
[3.024s] copying lab03_pkg/controller.py -> /home/pederba/ros2_ws/build/lab03_pkg/build/lib/lab03_pkg
[3.025s] running install
[3.026s] /home/pederba/.local/lib/python3.10/site-packages/setuptools/_distutils/cmd.py:66: SetuptoolsDeprecationWarning: setup.py install is deprecated.
[3.026s] !!
[3.026s] 
[3.026s]         ********************************************************************************
[3.026s]         Please avoid running ``setup.py`` directly.
[3.027s]         Instead, use pypa/build, pypa/installer or other
[3.027s]         standards-based tools.
[3.027s] 
[3.027s]         See https://blog.ganssle.io/articles/2021/10/setup-py-deprecated.html for details.
[3.027s]         ********************************************************************************
[3.027s] 
[3.028s] !!
[3.028s]   self.initialize_options()
[3.041s] running install_lib
[3.076s] copying /home/pederba/ros2_ws/build/lab03_pkg/build/lib/lab03_pkg/controller.py -> /home/pederba/ros2_ws/install/lab03_pkg/lib/python3.10/site-packages/lab03_pkg
[3.078s] byte-compiling /home/pederba/ros2_ws/install/lab03_pkg/lib/python3.10/site-packages/lab03_pkg/controller.py to controller.cpython-310.pyc
[3.081s] running install_data
[3.118s] running install_egg_info
[3.162s] removing '/home/pederba/ros2_ws/install/lab03_pkg/lib/python3.10/site-packages/lab03_pkg-0.0.0-py3.10.egg-info' (and everything under it)
[3.163s] Copying ../../build/lab03_pkg/lab03_pkg.egg-info to /home/pederba/ros2_ws/install/lab03_pkg/lib/python3.10/site-packages/lab03_pkg-0.0.0-py3.10.egg-info
[3.165s] running install_scripts
[3.517s] Installing controller script to /home/pederba/ros2_ws/install/lab03_pkg/lib/lab03_pkg
[3.518s] writing list of installed files to '/home/pederba/ros2_ws/build/lab03_pkg/install.log'
[3.606s] Invoked command in '/home/pederba/ros2_ws/src/lab03_pkg' returned '0': PYTHONPATH=/home/pederba/ros2_ws/build/lab03_pkg/prefix_override:/home/pederba/ros2_ws/install/lab03_pkg/lib/python3.10/site-packages:${PYTHONPATH} /usr/bin/python3 setup.py egg_info --egg-base ../../build/lab03_pkg build --build-base /home/pederba/ros2_ws/build/lab03_pkg/build install --record /home/pederba/ros2_ws/build/lab03_pkg/install.log --single-version-externally-managed
