/home/pederba/ros2_ws/install/turtlebot3_example/lib/python3.10/site-packages/turtlebot3_example/__init__.py
/home/pederba/ros2_ws/install/turtlebot3_example/lib/python3.10/site-packages/turtlebot3_example/turtlebot3_obstacle_detection/turtlebot3_obstacle_detection.py
/home/pederba/ros2_ws/install/turtlebot3_example/lib/python3.10/site-packages/turtlebot3_example/turtlebot3_obstacle_detection/__init__.py
/home/pederba/ros2_ws/install/turtlebot3_example/lib/python3.10/site-packages/turtlebot3_example/turtlebot3_position_control/turtlebot3_position_control_pointop_key.py
/home/pederba/ros2_ws/install/turtlebot3_example/lib/python3.10/site-packages/turtlebot3_example/turtlebot3_position_control/__init__.py
/home/pederba/ros2_ws/install/turtlebot3_example/lib/python3.10/site-packages/turtlebot3_example/__pycache__/__init__.cpython-310.pyc
/home/pederba/ros2_ws/install/turtlebot3_example/lib/python3.10/site-packages/turtlebot3_example/turtlebot3_obstacle_detection/__pycache__/turtlebot3_obstacle_detection.cpython-310.pyc
/home/pederba/ros2_ws/install/turtlebot3_example/lib/python3.10/site-packages/turtlebot3_example/turtlebot3_obstacle_detection/__pycache__/__init__.cpython-310.pyc
/home/pederba/ros2_ws/install/turtlebot3_example/lib/python3.10/site-packages/turtlebot3_example/turtlebot3_position_control/__pycache__/turtlebot3_position_control_pointop_key.cpython-310.pyc
/home/pederba/ros2_ws/install/turtlebot3_example/lib/python3.10/site-packages/turtlebot3_example/turtlebot3_position_control/__pycache__/__init__.cpython-310.pyc
/home/pederba/ros2_ws/install/turtlebot3_example/share/ament_index/resource_index/packages/turtlebot3_example
/home/pederba/ros2_ws/install/turtlebot3_example/share/turtlebot3_example/package.xml
/home/pederba/ros2_ws/install/turtlebot3_example/lib/python3.10/site-packages/turtlebot3_example-2.1.5-py3.10.egg-info/entry_points.txt
/home/pederba/ros2_ws/install/turtlebot3_example/lib/python3.10/site-packages/turtlebot3_example-2.1.5-py3.10.egg-info/requires.txt
/home/pederba/ros2_ws/install/turtlebot3_example/lib/python3.10/site-packages/turtlebot3_example-2.1.5-py3.10.egg-info/zip-safe
/home/pederba/ros2_ws/install/turtlebot3_example/lib/python3.10/site-packages/turtlebot3_example-2.1.5-py3.10.egg-info/dependency_links.txt
/home/pederba/ros2_ws/install/turtlebot3_example/lib/python3.10/site-packages/turtlebot3_example-2.1.5-py3.10.egg-info/SOURCES.txt
/home/pederba/ros2_ws/install/turtlebot3_example/lib/python3.10/site-packages/turtlebot3_example-2.1.5-py3.10.egg-info/PKG-INFO
/home/pederba/ros2_ws/install/turtlebot3_example/lib/python3.10/site-packages/turtlebot3_example-2.1.5-py3.10.egg-info/top_level.txt
/home/pederba/ros2_ws/install/turtlebot3_example/lib/turtlebot3_example/turtlebot3_interactive_marker
/home/pederba/ros2_ws/install/turtlebot3_example/lib/turtlebot3_example/turtlebot3_obstacle_detection
/home/pederba/ros2_ws/install/turtlebot3_example/lib/turtlebot3_example/turtlebot3_patrol_client
/home/pederba/ros2_ws/install/turtlebot3_example/lib/turtlebot3_example/turtlebot3_patrol_server
/home/pederba/ros2_ws/install/turtlebot3_example/lib/turtlebot3_example/turtlebot3_position_control_pointop_key
