[1.161s] Invoking command in '/home/pederba/ros2_ws/src/lab01_pkg': PYTHONPATH=/home/pederba/ros2_ws/build/lab01_pkg/prefix_override:/home/pederba/ros2_ws/install/lab01_pkg/lib/python3.10/site-packages:${PYTHONPATH} /usr/bin/python3 setup.py egg_info --egg-base ../../build/lab01_pkg build --build-base /home/pederba/ros2_ws/build/lab01_pkg/build install --record /home/pederba/ros2_ws/build/lab01_pkg/install.log --single-version-externally-managed
[1.487s] running egg_info
[1.505s] writing ../../build/lab01_pkg/lab01_pkg.egg-info/PKG-INFO
[1.506s] writing dependency_links to ../../build/lab01_pkg/lab01_pkg.egg-info/dependency_links.txt
[1.506s] writing entry points to ../../build/lab01_pkg/lab01_pkg.egg-info/entry_points.txt
[1.506s] writing requirements to ../../build/lab01_pkg/lab01_pkg.egg-info/requires.txt
[1.506s] writing top-level names to ../../build/lab01_pkg/lab01_pkg.egg-info/top_level.txt
[1.552s] reading manifest file '../../build/lab01_pkg/lab01_pkg.egg-info/SOURCES.txt'
[1.553s] writing manifest file '../../build/lab01_pkg/lab01_pkg.egg-info/SOURCES.txt'
[1.554s] running build
[1.554s] running build_py
[1.554s] running install
[1.555s] /home/pederba/.local/lib/python3.10/site-packages/setuptools/_distutils/cmd.py:66: SetuptoolsDeprecationWarning: setup.py install is deprecated.
[1.555s] !!
[1.555s] 
[1.556s]         ********************************************************************************
[1.556s]         Please avoid running ``setup.py`` directly.
[1.556s]         Instead, use pypa/build, pypa/installer or other
[1.556s]         standards-based tools.
[1.556s] 
[1.557s]         See https://blog.ganssle.io/articles/2021/10/setup-py-deprecated.html for details.
[1.557s]         ********************************************************************************
[1.557s] 
[1.557s] !!
[1.557s]   self.initialize_options()
[1.562s] running install_lib
[1.584s] running install_data
[1.604s] running install_egg_info
[1.628s] removing '/home/pederba/ros2_ws/install/lab01_pkg/lib/python3.10/site-packages/lab01_pkg-0.0.0-py3.10.egg-info' (and everything under it)
[1.629s] Copying ../../build/lab01_pkg/lab01_pkg.egg-info to /home/pederba/ros2_ws/install/lab01_pkg/lib/python3.10/site-packages/lab01_pkg-0.0.0-py3.10.egg-info
[1.631s] running install_scripts
[1.826s] Installing controller script to /home/pederba/ros2_ws/install/lab01_pkg/lib/lab01_pkg
[1.826s] Installing controller_reset script to /home/pederba/ros2_ws/install/lab01_pkg/lib/lab01_pkg
[1.827s] Installing localization script to /home/pederba/ros2_ws/install/lab01_pkg/lib/lab01_pkg
[1.827s] Installing localization_reset script to /home/pederba/ros2_ws/install/lab01_pkg/lib/lab01_pkg
[1.827s] Installing reset script to /home/pederba/ros2_ws/install/lab01_pkg/lib/lab01_pkg
[1.828s] writing list of installed files to '/home/pederba/ros2_ws/build/lab01_pkg/install.log'
[1.878s] Invoked command in '/home/pederba/ros2_ws/src/lab01_pkg' returned '0': PYTHONPATH=/home/pederba/ros2_ws/build/lab01_pkg/prefix_override:/home/pederba/ros2_ws/install/lab01_pkg/lib/python3.10/site-packages:${PYTHONPATH} /usr/bin/python3 setup.py egg_info --egg-base ../../build/lab01_pkg build --build-base /home/pederba/ros2_ws/build/lab01_pkg/build install --record /home/pederba/ros2_ws/build/lab01_pkg/install.log --single-version-externally-managed
