[1.348s] Invoking command in '/home/pederba/ros2_ws/build/turtlebot3_msgs': CMAKE_PREFIX_PATH=${CMAKE_PREFIX_PATH}:/home/pederba/ros2_ws/install/turtlebot3_teleop:/home/pederba/ros2_ws/install/turtlebot3_example:/home/pederba/ros2_ws/install/py_pubsub:/home/pederba/ros2_ws/install/lab02_pkg:/home/pederba/ros2_ws/install/lab01_pkg:/opt/ros/humble /usr/bin/cmake --build /home/pederba/ros2_ws/build/turtlebot3_msgs -- -j8 -l8
[1.619s] [  1%] Built target turtlebot3_msgs__cpp
[1.692s] [ 12%] Built target turtlebot3_msgs__rosidl_generator_c
[1.736s] [ 12%] Built target ament_cmake_python_copy_turtlebot3_msgs
[1.961s] [ 23%] Built target turtlebot3_msgs__rosidl_typesupport_cpp
[1.988s] [ 35%] Built target turtlebot3_msgs__rosidl_typesupport_fastrtps_cpp
[2.116s] [ 46%] Built target turtlebot3_msgs__rosidl_typesupport_fastrtps_c
[2.117s] [ 57%] Built target turtlebot3_msgs__rosidl_typesupport_introspection_c
[2.117s] [ 69%] Built target turtlebot3_msgs__rosidl_typesupport_c
[2.141s] [ 80%] Built target turtlebot3_msgs__rosidl_typesupport_introspection_cpp
[2.233s] [ 80%] Built target turtlebot3_msgs
[2.369s] [ 81%] Built target turtlebot3_msgs__py
[2.452s] [ 91%] Built target turtlebot3_msgs__rosidl_generator_py
[2.602s] [ 94%] Built target turtlebot3_msgs__rosidl_typesupport_fastrtps_c__pyext
[2.646s] [ 97%] Built target turtlebot3_msgs__rosidl_typesupport_introspection_c__pyext
[2.653s] [100%] Built target turtlebot3_msgs__rosidl_typesupport_c__pyext
[2.765s] running egg_info
[2.813s] writing turtlebot3_msgs.egg-info/PKG-INFO
[2.815s] writing dependency_links to turtlebot3_msgs.egg-info/dependency_links.txt
[2.816s] writing top-level names to turtlebot3_msgs.egg-info/top_level.txt
[2.972s] reading manifest file 'turtlebot3_msgs.egg-info/SOURCES.txt'
[2.976s] writing manifest file 'turtlebot3_msgs.egg-info/SOURCES.txt'
[3.098s] [100%] Built target ament_cmake_python_build_turtlebot3_msgs_egg
[4.054s] Invoked command in '/home/pederba/ros2_ws/build/turtlebot3_msgs' returned '0': CMAKE_PREFIX_PATH=${CMAKE_PREFIX_PATH}:/home/pederba/ros2_ws/install/turtlebot3_teleop:/home/pederba/ros2_ws/install/turtlebot3_example:/home/pederba/ros2_ws/install/py_pubsub:/home/pederba/ros2_ws/install/lab02_pkg:/home/pederba/ros2_ws/install/lab01_pkg:/opt/ros/humble /usr/bin/cmake --build /home/pederba/ros2_ws/build/turtlebot3_msgs -- -j8 -l8
[6.703s] Invoking command in '/home/pederba/ros2_ws/build/turtlebot3_msgs': CMAKE_PREFIX_PATH=${CMAKE_PREFIX_PATH}:/home/pederba/ros2_ws/install/turtlebot3_teleop:/home/pederba/ros2_ws/install/turtlebot3_example:/home/pederba/ros2_ws/install/py_pubsub:/home/pederba/ros2_ws/install/lab02_pkg:/home/pederba/ros2_ws/install/lab01_pkg:/opt/ros/humble /usr/bin/cmake --install /home/pederba/ros2_ws/build/turtlebot3_msgs
[6.733s] -- Install configuration: ""
[6.733s] -- Up-to-date: /home/pederba/ros2_ws/install/turtlebot3_msgs/share/ament_index/resource_index/rosidl_interfaces/turtlebot3_msgs
[6.733s] -- Up-to-date: /home/pederba/ros2_ws/install/turtlebot3_msgs/include/turtlebot3_msgs/turtlebot3_msgs
[6.733s] -- Up-to-date: /home/pederba/ros2_ws/install/turtlebot3_msgs/include/turtlebot3_msgs/turtlebot3_msgs/srv
[6.734s] -- Up-to-date: /home/pederba/ros2_ws/install/turtlebot3_msgs/include/turtlebot3_msgs/turtlebot3_msgs/srv/dqn.h
[6.734s] -- Up-to-date: /home/pederba/ros2_ws/install/turtlebot3_msgs/include/turtlebot3_msgs/turtlebot3_msgs/srv/sound.h
[6.734s] -- Up-to-date: /home/pederba/ros2_ws/install/turtlebot3_msgs/include/turtlebot3_msgs/turtlebot3_msgs/srv/detail
[6.734s] -- Up-to-date: /home/pederba/ros2_ws/install/turtlebot3_msgs/include/turtlebot3_msgs/turtlebot3_msgs/srv/detail/sound__struct.h
[6.735s] -- Up-to-date: /home/pederba/ros2_ws/install/turtlebot3_msgs/include/turtlebot3_msgs/turtlebot3_msgs/srv/detail/dqn__struct.h
[6.735s] -- Up-to-date: /home/pederba/ros2_ws/install/turtlebot3_msgs/include/turtlebot3_msgs/turtlebot3_msgs/srv/detail/dqn__functions.h
[6.735s] -- Up-to-date: /home/pederba/ros2_ws/install/turtlebot3_msgs/include/turtlebot3_msgs/turtlebot3_msgs/srv/detail/sound__functions.h
[6.736s] -- Up-to-date: /home/pederba/ros2_ws/install/turtlebot3_msgs/include/turtlebot3_msgs/turtlebot3_msgs/srv/detail/dqn__type_support.h
[6.736s] -- Up-to-date: /home/pederba/ros2_ws/install/turtlebot3_msgs/include/turtlebot3_msgs/turtlebot3_msgs/srv/detail/sound__type_support.h
[6.737s] -- Up-to-date: /home/pederba/ros2_ws/install/turtlebot3_msgs/include/turtlebot3_msgs/turtlebot3_msgs/srv/detail/sound__functions.c
[6.737s] -- Up-to-date: /home/pederba/ros2_ws/install/turtlebot3_msgs/include/turtlebot3_msgs/turtlebot3_msgs/srv/detail/dqn__functions.c
[6.738s] -- Up-to-date: /home/pederba/ros2_ws/install/turtlebot3_msgs/include/turtlebot3_msgs/turtlebot3_msgs/msg
[6.738s] -- Up-to-date: /home/pederba/ros2_ws/install/turtlebot3_msgs/include/turtlebot3_msgs/turtlebot3_msgs/msg/version_info.h
[6.738s] -- Up-to-date: /home/pederba/ros2_ws/install/turtlebot3_msgs/include/turtlebot3_msgs/turtlebot3_msgs/msg/sound.h
[6.738s] -- Up-to-date: /home/pederba/ros2_ws/install/turtlebot3_msgs/include/turtlebot3_msgs/turtlebot3_msgs/msg/sensor_state.h
[6.739s] -- Up-to-date: /home/pederba/ros2_ws/install/turtlebot3_msgs/include/turtlebot3_msgs/turtlebot3_msgs/msg/rosidl_generator_c__visibility_control.h
[6.739s] -- Up-to-date: /home/pederba/ros2_ws/install/turtlebot3_msgs/include/turtlebot3_msgs/turtlebot3_msgs/msg/detail
[6.739s] -- Up-to-date: /home/pederba/ros2_ws/install/turtlebot3_msgs/include/turtlebot3_msgs/turtlebot3_msgs/msg/detail/sensor_state__functions.h
[6.739s] -- Up-to-date: /home/pederba/ros2_ws/install/turtlebot3_msgs/include/turtlebot3_msgs/turtlebot3_msgs/msg/detail/version_info__type_support.h
[6.739s] -- Up-to-date: /home/pederba/ros2_ws/install/turtlebot3_msgs/include/turtlebot3_msgs/turtlebot3_msgs/msg/detail/sound__struct.h
[6.739s] -- Up-to-date: /home/pederba/ros2_ws/install/turtlebot3_msgs/include/turtlebot3_msgs/turtlebot3_msgs/msg/detail/version_info__struct.h
[6.740s] -- Up-to-date: /home/pederba/ros2_ws/install/turtlebot3_msgs/include/turtlebot3_msgs/turtlebot3_msgs/msg/detail/sensor_state__functions.c
[6.740s] -- Up-to-date: /home/pederba/ros2_ws/install/turtlebot3_msgs/include/turtlebot3_msgs/turtlebot3_msgs/msg/detail/version_info__functions.h
[6.740s] -- Up-to-date: /home/pederba/ros2_ws/install/turtlebot3_msgs/include/turtlebot3_msgs/turtlebot3_msgs/msg/detail/version_info__functions.c
[6.740s] -- Up-to-date: /home/pederba/ros2_ws/install/turtlebot3_msgs/include/turtlebot3_msgs/turtlebot3_msgs/msg/detail/sound__functions.h
[6.740s] -- Up-to-date: /home/pederba/ros2_ws/install/turtlebot3_msgs/include/turtlebot3_msgs/turtlebot3_msgs/msg/detail/sound__type_support.h
[6.740s] -- Up-to-date: /home/pederba/ros2_ws/install/turtlebot3_msgs/include/turtlebot3_msgs/turtlebot3_msgs/msg/detail/sound__functions.c
[6.741s] -- Up-to-date: /home/pederba/ros2_ws/install/turtlebot3_msgs/include/turtlebot3_msgs/turtlebot3_msgs/msg/detail/sensor_state__struct.h
[6.741s] -- Up-to-date: /home/pederba/ros2_ws/install/turtlebot3_msgs/include/turtlebot3_msgs/turtlebot3_msgs/msg/detail/sensor_state__type_support.h
[6.741s] -- Up-to-date: /home/pederba/ros2_ws/install/turtlebot3_msgs/include/turtlebot3_msgs/turtlebot3_msgs/action
[6.741s] -- Up-to-date: /home/pederba/ros2_ws/install/turtlebot3_msgs/include/turtlebot3_msgs/turtlebot3_msgs/action/patrol.h
[6.741s] -- Up-to-date: /home/pederba/ros2_ws/install/turtlebot3_msgs/include/turtlebot3_msgs/turtlebot3_msgs/action/detail
[6.741s] -- Up-to-date: /home/pederba/ros2_ws/install/turtlebot3_msgs/include/turtlebot3_msgs/turtlebot3_msgs/action/detail/patrol__struct.h
[6.742s] -- Up-to-date: /home/pederba/ros2_ws/install/turtlebot3_msgs/include/turtlebot3_msgs/turtlebot3_msgs/action/detail/patrol__functions.c
[6.742s] -- Up-to-date: /home/pederba/ros2_ws/install/turtlebot3_msgs/include/turtlebot3_msgs/turtlebot3_msgs/action/detail/patrol__functions.h
[6.742s] -- Up-to-date: /home/pederba/ros2_ws/install/turtlebot3_msgs/include/turtlebot3_msgs/turtlebot3_msgs/action/detail/patrol__type_support.h
[6.742s] -- Up-to-date: /home/pederba/ros2_ws/install/turtlebot3_msgs/share/turtlebot3_msgs/environment/library_path.sh
[6.742s] -- Up-to-date: /home/pederba/ros2_ws/install/turtlebot3_msgs/share/turtlebot3_msgs/environment/library_path.dsv
[6.743s] -- Up-to-date: /home/pederba/ros2_ws/install/turtlebot3_msgs/lib/libturtlebot3_msgs__rosidl_generator_c.so
[6.743s] -- Up-to-date: /home/pederba/ros2_ws/install/turtlebot3_msgs/include/turtlebot3_msgs/turtlebot3_msgs
[6.743s] -- Up-to-date: /home/pederba/ros2_ws/install/turtlebot3_msgs/include/turtlebot3_msgs/turtlebot3_msgs/srv
[6.743s] -- Up-to-date: /home/pederba/ros2_ws/install/turtlebot3_msgs/include/turtlebot3_msgs/turtlebot3_msgs/srv/detail
[6.743s] -- Up-to-date: /home/pederba/ros2_ws/install/turtlebot3_msgs/include/turtlebot3_msgs/turtlebot3_msgs/srv/detail/sound__rosidl_typesupport_fastrtps_c.h
[6.743s] -- Up-to-date: /home/pederba/ros2_ws/install/turtlebot3_msgs/include/turtlebot3_msgs/turtlebot3_msgs/srv/detail/dqn__rosidl_typesupport_fastrtps_c.h
[6.744s] -- Up-to-date: /home/pederba/ros2_ws/install/turtlebot3_msgs/include/turtlebot3_msgs/turtlebot3_msgs/msg
[6.744s] -- Up-to-date: /home/pederba/ros2_ws/install/turtlebot3_msgs/include/turtlebot3_msgs/turtlebot3_msgs/msg/rosidl_typesupport_fastrtps_c__visibility_control.h
[6.744s] -- Up-to-date: /home/pederba/ros2_ws/install/turtlebot3_msgs/include/turtlebot3_msgs/turtlebot3_msgs/msg/detail
[6.744s] -- Up-to-date: /home/pederba/ros2_ws/install/turtlebot3_msgs/include/turtlebot3_msgs/turtlebot3_msgs/msg/detail/version_info__rosidl_typesupport_fastrtps_c.h
[6.744s] -- Up-to-date: /home/pederba/ros2_ws/install/turtlebot3_msgs/include/turtlebot3_msgs/turtlebot3_msgs/msg/detail/sensor_state__rosidl_typesupport_fastrtps_c.h
[6.744s] -- Up-to-date: /home/pederba/ros2_ws/install/turtlebot3_msgs/include/turtlebot3_msgs/turtlebot3_msgs/msg/detail/sound__rosidl_typesupport_fastrtps_c.h
[6.744s] -- Up-to-date: /home/pederba/ros2_ws/install/turtlebot3_msgs/include/turtlebot3_msgs/turtlebot3_msgs/action
[6.745s] -- Up-to-date: /home/pederba/ros2_ws/install/turtlebot3_msgs/include/turtlebot3_msgs/turtlebot3_msgs/action/detail
[6.745s] -- Up-to-date: /home/pederba/ros2_ws/install/turtlebot3_msgs/include/turtlebot3_msgs/turtlebot3_msgs/action/detail/patrol__rosidl_typesupport_fastrtps_c.h
[6.745s] -- Up-to-date: /home/pederba/ros2_ws/install/turtlebot3_msgs/lib/libturtlebot3_msgs__rosidl_typesupport_fastrtps_c.so
[6.745s] -- Up-to-date: /home/pederba/ros2_ws/install/turtlebot3_msgs/include/turtlebot3_msgs/turtlebot3_msgs
[6.745s] -- Up-to-date: /home/pederba/ros2_ws/install/turtlebot3_msgs/include/turtlebot3_msgs/turtlebot3_msgs/srv
[6.746s] -- Up-to-date: /home/pederba/ros2_ws/install/turtlebot3_msgs/include/turtlebot3_msgs/turtlebot3_msgs/srv/dqn.hpp
[6.746s] -- Up-to-date: /home/pederba/ros2_ws/install/turtlebot3_msgs/include/turtlebot3_msgs/turtlebot3_msgs/srv/sound.hpp
[6.746s] -- Up-to-date: /home/pederba/ros2_ws/install/turtlebot3_msgs/include/turtlebot3_msgs/turtlebot3_msgs/srv/detail
[6.746s] -- Up-to-date: /home/pederba/ros2_ws/install/turtlebot3_msgs/include/turtlebot3_msgs/turtlebot3_msgs/srv/detail/sound__builder.hpp
[6.746s] -- Up-to-date: /home/pederba/ros2_ws/install/turtlebot3_msgs/include/turtlebot3_msgs/turtlebot3_msgs/srv/detail/dqn__struct.hpp
[6.746s] -- Up-to-date: /home/pederba/ros2_ws/install/turtlebot3_msgs/include/turtlebot3_msgs/turtlebot3_msgs/srv/detail/sound__traits.hpp
[6.747s] -- Up-to-date: /home/pederba/ros2_ws/install/turtlebot3_msgs/include/turtlebot3_msgs/turtlebot3_msgs/srv/detail/dqn__traits.hpp
[6.747s] -- Up-to-date: /home/pederba/ros2_ws/install/turtlebot3_msgs/include/turtlebot3_msgs/turtlebot3_msgs/srv/detail/sound__struct.hpp
[6.747s] -- Up-to-date: /home/pederba/ros2_ws/install/turtlebot3_msgs/include/turtlebot3_msgs/turtlebot3_msgs/srv/detail/dqn__builder.hpp
[6.756s] -- Up-to-date: /home/pederba/ros2_ws/install/turtlebot3_msgs/include/turtlebot3_msgs/turtlebot3_msgs/msg
[6.770s] -- Up-to-date: /home/pederba/ros2_ws/install/turtlebot3_msgs/include/turtlebot3_msgs/turtlebot3_msgs/msg/sensor_state.hpp
[6.770s] -- Up-to-date: /home/pederba/ros2_ws/install/turtlebot3_msgs/include/turtlebot3_msgs/turtlebot3_msgs/msg/version_info.hpp
[6.770s] -- Up-to-date: /home/pederba/ros2_ws/install/turtlebot3_msgs/include/turtlebot3_msgs/turtlebot3_msgs/msg/sound.hpp
[6.771s] -- Up-to-date: /home/pederba/ros2_ws/install/turtlebot3_msgs/include/turtlebot3_msgs/turtlebot3_msgs/msg/detail
[6.771s] -- Up-to-date: /home/pederba/ros2_ws/install/turtlebot3_msgs/include/turtlebot3_msgs/turtlebot3_msgs/msg/detail/sound__builder.hpp
[6.771s] -- Up-to-date: /home/pederba/ros2_ws/install/turtlebot3_msgs/include/turtlebot3_msgs/turtlebot3_msgs/msg/detail/sensor_state__traits.hpp
[6.771s] -- Up-to-date: /home/pederba/ros2_ws/install/turtlebot3_msgs/include/turtlebot3_msgs/turtlebot3_msgs/msg/detail/version_info__builder.hpp
[6.771s] -- Up-to-date: /home/pederba/ros2_ws/install/turtlebot3_msgs/include/turtlebot3_msgs/turtlebot3_msgs/msg/detail/version_info__struct.hpp
[6.771s] -- Up-to-date: /home/pederba/ros2_ws/install/turtlebot3_msgs/include/turtlebot3_msgs/turtlebot3_msgs/msg/detail/sensor_state__struct.hpp
[6.772s] -- Up-to-date: /home/pederba/ros2_ws/install/turtlebot3_msgs/include/turtlebot3_msgs/turtlebot3_msgs/msg/detail/sound__traits.hpp
[6.772s] -- Up-to-date: /home/pederba/ros2_ws/install/turtlebot3_msgs/include/turtlebot3_msgs/turtlebot3_msgs/msg/detail/sound__struct.hpp
[6.772s] -- Up-to-date: /home/pederba/ros2_ws/install/turtlebot3_msgs/include/turtlebot3_msgs/turtlebot3_msgs/msg/detail/sensor_state__builder.hpp
[6.772s] -- Up-to-date: /home/pederba/ros2_ws/install/turtlebot3_msgs/include/turtlebot3_msgs/turtlebot3_msgs/msg/detail/version_info__traits.hpp
[6.772s] -- Up-to-date: /home/pederba/ros2_ws/install/turtlebot3_msgs/include/turtlebot3_msgs/turtlebot3_msgs/action
[6.773s] -- Up-to-date: /home/pederba/ros2_ws/install/turtlebot3_msgs/include/turtlebot3_msgs/turtlebot3_msgs/action/patrol.hpp
[6.773s] -- Up-to-date: /home/pederba/ros2_ws/install/turtlebot3_msgs/include/turtlebot3_msgs/turtlebot3_msgs/action/detail
[6.773s] -- Up-to-date: /home/pederba/ros2_ws/install/turtlebot3_msgs/include/turtlebot3_msgs/turtlebot3_msgs/action/detail/patrol__struct.hpp
[6.773s] -- Up-to-date: /home/pederba/ros2_ws/install/turtlebot3_msgs/include/turtlebot3_msgs/turtlebot3_msgs/action/detail/patrol__builder.hpp
[6.773s] -- Up-to-date: /home/pederba/ros2_ws/install/turtlebot3_msgs/include/turtlebot3_msgs/turtlebot3_msgs/action/detail/patrol__traits.hpp
[6.774s] -- Up-to-date: /home/pederba/ros2_ws/install/turtlebot3_msgs/include/turtlebot3_msgs/turtlebot3_msgs
[6.774s] -- Up-to-date: /home/pederba/ros2_ws/install/turtlebot3_msgs/include/turtlebot3_msgs/turtlebot3_msgs/srv
[6.774s] -- Up-to-date: /home/pederba/ros2_ws/install/turtlebot3_msgs/include/turtlebot3_msgs/turtlebot3_msgs/srv/detail
[6.774s] -- Up-to-date: /home/pederba/ros2_ws/install/turtlebot3_msgs/include/turtlebot3_msgs/turtlebot3_msgs/srv/detail/dds_fastrtps
[6.774s] -- Up-to-date: /home/pederba/ros2_ws/install/turtlebot3_msgs/include/turtlebot3_msgs/turtlebot3_msgs/srv/detail/dqn__rosidl_typesupport_fastrtps_cpp.hpp
[6.775s] -- Up-to-date: /home/pederba/ros2_ws/install/turtlebot3_msgs/include/turtlebot3_msgs/turtlebot3_msgs/srv/detail/sound__rosidl_typesupport_fastrtps_cpp.hpp
[6.775s] -- Up-to-date: /home/pederba/ros2_ws/install/turtlebot3_msgs/include/turtlebot3_msgs/turtlebot3_msgs/msg
[6.775s] -- Up-to-date: /home/pederba/ros2_ws/install/turtlebot3_msgs/include/turtlebot3_msgs/turtlebot3_msgs/msg/rosidl_typesupport_fastrtps_cpp__visibility_control.h
[6.775s] -- Up-to-date: /home/pederba/ros2_ws/install/turtlebot3_msgs/include/turtlebot3_msgs/turtlebot3_msgs/msg/detail
[6.775s] -- Up-to-date: /home/pederba/ros2_ws/install/turtlebot3_msgs/include/turtlebot3_msgs/turtlebot3_msgs/msg/detail/dds_fastrtps
[6.776s] -- Up-to-date: /home/pederba/ros2_ws/install/turtlebot3_msgs/include/turtlebot3_msgs/turtlebot3_msgs/msg/detail/version_info__rosidl_typesupport_fastrtps_cpp.hpp
[6.776s] -- Up-to-date: /home/pederba/ros2_ws/install/turtlebot3_msgs/include/turtlebot3_msgs/turtlebot3_msgs/msg/detail/sensor_state__rosidl_typesupport_fastrtps_cpp.hpp
[6.776s] -- Up-to-date: /home/pederba/ros2_ws/install/turtlebot3_msgs/include/turtlebot3_msgs/turtlebot3_msgs/msg/detail/sound__rosidl_typesupport_fastrtps_cpp.hpp
[6.776s] -- Up-to-date: /home/pederba/ros2_ws/install/turtlebot3_msgs/include/turtlebot3_msgs/turtlebot3_msgs/action
[6.776s] -- Up-to-date: /home/pederba/ros2_ws/install/turtlebot3_msgs/include/turtlebot3_msgs/turtlebot3_msgs/action/detail
[6.777s] -- Up-to-date: /home/pederba/ros2_ws/install/turtlebot3_msgs/include/turtlebot3_msgs/turtlebot3_msgs/action/detail/dds_fastrtps
[6.777s] -- Up-to-date: /home/pederba/ros2_ws/install/turtlebot3_msgs/include/turtlebot3_msgs/turtlebot3_msgs/action/detail/patrol__rosidl_typesupport_fastrtps_cpp.hpp
[6.777s] -- Up-to-date: /home/pederba/ros2_ws/install/turtlebot3_msgs/lib/libturtlebot3_msgs__rosidl_typesupport_fastrtps_cpp.so
[6.777s] -- Up-to-date: /home/pederba/ros2_ws/install/turtlebot3_msgs/include/turtlebot3_msgs/turtlebot3_msgs
[6.777s] -- Up-to-date: /home/pederba/ros2_ws/install/turtlebot3_msgs/include/turtlebot3_msgs/turtlebot3_msgs/srv
[6.777s] -- Up-to-date: /home/pederba/ros2_ws/install/turtlebot3_msgs/include/turtlebot3_msgs/turtlebot3_msgs/srv/detail
[6.778s] -- Up-to-date: /home/pederba/ros2_ws/install/turtlebot3_msgs/include/turtlebot3_msgs/turtlebot3_msgs/srv/detail/dqn__type_support.c
[6.778s] -- Up-to-date: /home/pederba/ros2_ws/install/turtlebot3_msgs/include/turtlebot3_msgs/turtlebot3_msgs/srv/detail/sound__type_support.c
[6.778s] -- Up-to-date: /home/pederba/ros2_ws/install/turtlebot3_msgs/include/turtlebot3_msgs/turtlebot3_msgs/srv/detail/dqn__rosidl_typesupport_introspection_c.h
[6.778s] -- Up-to-date: /home/pederba/ros2_ws/install/turtlebot3_msgs/include/turtlebot3_msgs/turtlebot3_msgs/srv/detail/sound__rosidl_typesupport_introspection_c.h
[6.778s] -- Up-to-date: /home/pederba/ros2_ws/install/turtlebot3_msgs/include/turtlebot3_msgs/turtlebot3_msgs/msg
[6.779s] -- Up-to-date: /home/pederba/ros2_ws/install/turtlebot3_msgs/include/turtlebot3_msgs/turtlebot3_msgs/msg/rosidl_typesupport_introspection_c__visibility_control.h
[6.779s] -- Up-to-date: /home/pederba/ros2_ws/install/turtlebot3_msgs/include/turtlebot3_msgs/turtlebot3_msgs/msg/detail
[6.779s] -- Up-to-date: /home/pederba/ros2_ws/install/turtlebot3_msgs/include/turtlebot3_msgs/turtlebot3_msgs/msg/detail/sensor_state__rosidl_typesupport_introspection_c.h
[6.779s] -- Up-to-date: /home/pederba/ros2_ws/install/turtlebot3_msgs/include/turtlebot3_msgs/turtlebot3_msgs/msg/detail/sound__type_support.c
[6.779s] -- Up-to-date: /home/pederba/ros2_ws/install/turtlebot3_msgs/include/turtlebot3_msgs/turtlebot3_msgs/msg/detail/version_info__type_support.c
[6.779s] -- Up-to-date: /home/pederba/ros2_ws/install/turtlebot3_msgs/include/turtlebot3_msgs/turtlebot3_msgs/msg/detail/sensor_state__type_support.c
[6.780s] -- Up-to-date: /home/pederba/ros2_ws/install/turtlebot3_msgs/include/turtlebot3_msgs/turtlebot3_msgs/msg/detail/sound__rosidl_typesupport_introspection_c.h
[6.780s] -- Up-to-date: /home/pederba/ros2_ws/install/turtlebot3_msgs/include/turtlebot3_msgs/turtlebot3_msgs/msg/detail/version_info__rosidl_typesupport_introspection_c.h
[6.780s] -- Up-to-date: /home/pederba/ros2_ws/install/turtlebot3_msgs/include/turtlebot3_msgs/turtlebot3_msgs/action
[6.780s] -- Up-to-date: /home/pederba/ros2_ws/install/turtlebot3_msgs/include/turtlebot3_msgs/turtlebot3_msgs/action/detail
[6.780s] -- Up-to-date: /home/pederba/ros2_ws/install/turtlebot3_msgs/include/turtlebot3_msgs/turtlebot3_msgs/action/detail/patrol__type_support.c
[6.781s] -- Up-to-date: /home/pederba/ros2_ws/install/turtlebot3_msgs/include/turtlebot3_msgs/turtlebot3_msgs/action/detail/patrol__rosidl_typesupport_introspection_c.h
[6.781s] -- Up-to-date: /home/pederba/ros2_ws/install/turtlebot3_msgs/lib/libturtlebot3_msgs__rosidl_typesupport_introspection_c.so
[6.781s] -- Up-to-date: /home/pederba/ros2_ws/install/turtlebot3_msgs/lib/libturtlebot3_msgs__rosidl_typesupport_c.so
[6.781s] -- Up-to-date: /home/pederba/ros2_ws/install/turtlebot3_msgs/include/turtlebot3_msgs/turtlebot3_msgs
[6.781s] -- Up-to-date: /home/pederba/ros2_ws/install/turtlebot3_msgs/include/turtlebot3_msgs/turtlebot3_msgs/srv
[6.781s] -- Up-to-date: /home/pederba/ros2_ws/install/turtlebot3_msgs/include/turtlebot3_msgs/turtlebot3_msgs/srv/detail
[6.782s] -- Up-to-date: /home/pederba/ros2_ws/install/turtlebot3_msgs/include/turtlebot3_msgs/turtlebot3_msgs/srv/detail/dqn__rosidl_typesupport_introspection_cpp.hpp
[6.782s] -- Up-to-date: /home/pederba/ros2_ws/install/turtlebot3_msgs/include/turtlebot3_msgs/turtlebot3_msgs/srv/detail/sound__rosidl_typesupport_introspection_cpp.hpp
[6.782s] -- Up-to-date: /home/pederba/ros2_ws/install/turtlebot3_msgs/include/turtlebot3_msgs/turtlebot3_msgs/srv/detail/dqn__type_support.cpp
[6.782s] -- Up-to-date: /home/pederba/ros2_ws/install/turtlebot3_msgs/include/turtlebot3_msgs/turtlebot3_msgs/srv/detail/sound__type_support.cpp
[6.782s] -- Up-to-date: /home/pederba/ros2_ws/install/turtlebot3_msgs/include/turtlebot3_msgs/turtlebot3_msgs/msg
[6.783s] -- Up-to-date: /home/pederba/ros2_ws/install/turtlebot3_msgs/include/turtlebot3_msgs/turtlebot3_msgs/msg/detail
[6.783s] -- Up-to-date: /home/pederba/ros2_ws/install/turtlebot3_msgs/include/turtlebot3_msgs/turtlebot3_msgs/msg/detail/sound__rosidl_typesupport_introspection_cpp.hpp
[6.783s] -- Up-to-date: /home/pederba/ros2_ws/install/turtlebot3_msgs/include/turtlebot3_msgs/turtlebot3_msgs/msg/detail/sensor_state__rosidl_typesupport_introspection_cpp.hpp
[6.783s] -- Up-to-date: /home/pederba/ros2_ws/install/turtlebot3_msgs/include/turtlebot3_msgs/turtlebot3_msgs/msg/detail/sound__type_support.cpp
[6.783s] -- Up-to-date: /home/pederba/ros2_ws/install/turtlebot3_msgs/include/turtlebot3_msgs/turtlebot3_msgs/msg/detail/version_info__type_support.cpp
[6.783s] -- Up-to-date: /home/pederba/ros2_ws/install/turtlebot3_msgs/include/turtlebot3_msgs/turtlebot3_msgs/msg/detail/version_info__rosidl_typesupport_introspection_cpp.hpp
[6.784s] -- Up-to-date: /home/pederba/ros2_ws/install/turtlebot3_msgs/include/turtlebot3_msgs/turtlebot3_msgs/msg/detail/sensor_state__type_support.cpp
[6.784s] -- Up-to-date: /home/pederba/ros2_ws/install/turtlebot3_msgs/include/turtlebot3_msgs/turtlebot3_msgs/action
[6.784s] -- Up-to-date: /home/pederba/ros2_ws/install/turtlebot3_msgs/include/turtlebot3_msgs/turtlebot3_msgs/action/detail
[6.784s] -- Up-to-date: /home/pederba/ros2_ws/install/turtlebot3_msgs/include/turtlebot3_msgs/turtlebot3_msgs/action/detail/patrol__type_support.cpp
[6.784s] -- Up-to-date: /home/pederba/ros2_ws/install/turtlebot3_msgs/include/turtlebot3_msgs/turtlebot3_msgs/action/detail/patrol__rosidl_typesupport_introspection_cpp.hpp
[6.784s] -- Up-to-date: /home/pederba/ros2_ws/install/turtlebot3_msgs/lib/libturtlebot3_msgs__rosidl_typesupport_introspection_cpp.so
[6.785s] -- Up-to-date: /home/pederba/ros2_ws/install/turtlebot3_msgs/lib/libturtlebot3_msgs__rosidl_typesupport_cpp.so
[6.785s] -- Up-to-date: /home/pederba/ros2_ws/install/turtlebot3_msgs/share/turtlebot3_msgs/environment/pythonpath.sh
[6.785s] -- Up-to-date: /home/pederba/ros2_ws/install/turtlebot3_msgs/share/turtlebot3_msgs/environment/pythonpath.dsv
[6.785s] -- Up-to-date: /home/pederba/ros2_ws/install/turtlebot3_msgs/local/lib/python3.10/dist-packages/turtlebot3_msgs-2.2.3-py3.10.egg-info
[6.785s] -- Installing: /home/pederba/ros2_ws/install/turtlebot3_msgs/local/lib/python3.10/dist-packages/turtlebot3_msgs-2.2.3-py3.10.egg-info/dependency_links.txt
[6.805s] -- Installing: /home/pederba/ros2_ws/install/turtlebot3_msgs/local/lib/python3.10/dist-packages/turtlebot3_msgs-2.2.3-py3.10.egg-info/SOURCES.txt
[6.805s] -- Installing: /home/pederba/ros2_ws/install/turtlebot3_msgs/local/lib/python3.10/dist-packages/turtlebot3_msgs-2.2.3-py3.10.egg-info/PKG-INFO
[6.805s] -- Installing: /home/pederba/ros2_ws/install/turtlebot3_msgs/local/lib/python3.10/dist-packages/turtlebot3_msgs-2.2.3-py3.10.egg-info/top_level.txt
[6.806s] -- Up-to-date: /home/pederba/ros2_ws/install/turtlebot3_msgs/local/lib/python3.10/dist-packages/turtlebot3_msgs
[6.807s] -- Up-to-date: /home/pederba/ros2_ws/install/turtlebot3_msgs/local/lib/python3.10/dist-packages/turtlebot3_msgs/_turtlebot3_msgs_s.ep.rosidl_typesupport_c.c
[6.807s] -- Up-to-date: /home/pederba/ros2_ws/install/turtlebot3_msgs/local/lib/python3.10/dist-packages/turtlebot3_msgs/_turtlebot3_msgs_s.ep.rosidl_typesupport_introspection_c.c
[6.807s] -- Up-to-date: /home/pederba/ros2_ws/install/turtlebot3_msgs/local/lib/python3.10/dist-packages/turtlebot3_msgs/_turtlebot3_msgs_s.ep.rosidl_typesupport_fastrtps_c.c
[6.808s] -- Up-to-date: /home/pederba/ros2_ws/install/turtlebot3_msgs/local/lib/python3.10/dist-packages/turtlebot3_msgs/turtlebot3_msgs_s__rosidl_typesupport_c.cpython-310-x86_64-linux-gnu.so
[6.808s] -- Up-to-date: /home/pederba/ros2_ws/install/turtlebot3_msgs/local/lib/python3.10/dist-packages/turtlebot3_msgs/turtlebot3_msgs_s__rosidl_typesupport_introspection_c.cpython-310-x86_64-linux-gnu.so
[6.808s] -- Up-to-date: /home/pederba/ros2_ws/install/turtlebot3_msgs/local/lib/python3.10/dist-packages/turtlebot3_msgs/libturtlebot3_msgs__rosidl_generator_py.so
[6.808s] -- Up-to-date: /home/pederba/ros2_ws/install/turtlebot3_msgs/local/lib/python3.10/dist-packages/turtlebot3_msgs/srv
[6.808s] -- Up-to-date: /home/pederba/ros2_ws/install/turtlebot3_msgs/local/lib/python3.10/dist-packages/turtlebot3_msgs/srv/_sound_s.c
[6.808s] -- Up-to-date: /home/pederba/ros2_ws/install/turtlebot3_msgs/local/lib/python3.10/dist-packages/turtlebot3_msgs/srv/_dqn_s.c
[6.808s] -- Up-to-date: /home/pederba/ros2_ws/install/turtlebot3_msgs/local/lib/python3.10/dist-packages/turtlebot3_msgs/srv/_dqn.py
[6.808s] -- Up-to-date: /home/pederba/ros2_ws/install/turtlebot3_msgs/local/lib/python3.10/dist-packages/turtlebot3_msgs/srv/_sound.py
[6.809s] -- Up-to-date: /home/pederba/ros2_ws/install/turtlebot3_msgs/local/lib/python3.10/dist-packages/turtlebot3_msgs/srv/__init__.py
[6.809s] -- Up-to-date: /home/pederba/ros2_ws/install/turtlebot3_msgs/local/lib/python3.10/dist-packages/turtlebot3_msgs/turtlebot3_msgs_s__rosidl_typesupport_fastrtps_c.cpython-310-x86_64-linux-gnu.so
[6.809s] -- Up-to-date: /home/pederba/ros2_ws/install/turtlebot3_msgs/local/lib/python3.10/dist-packages/turtlebot3_msgs/msg
[6.809s] -- Up-to-date: /home/pederba/ros2_ws/install/turtlebot3_msgs/local/lib/python3.10/dist-packages/turtlebot3_msgs/msg/_sound_s.c
[6.809s] -- Up-to-date: /home/pederba/ros2_ws/install/turtlebot3_msgs/local/lib/python3.10/dist-packages/turtlebot3_msgs/msg/_version_info.py
[6.822s] -- Up-to-date: /home/pederba/ros2_ws/install/turtlebot3_msgs/local/lib/python3.10/dist-packages/turtlebot3_msgs/msg/_sound.py
[6.823s] -- Up-to-date: /home/pederba/ros2_ws/install/turtlebot3_msgs/local/lib/python3.10/dist-packages/turtlebot3_msgs/msg/_sensor_state_s.c
[6.823s] -- Up-to-date: /home/pederba/ros2_ws/install/turtlebot3_msgs/local/lib/python3.10/dist-packages/turtlebot3_msgs/msg/_version_info_s.c
[6.823s] -- Up-to-date: /home/pederba/ros2_ws/install/turtlebot3_msgs/local/lib/python3.10/dist-packages/turtlebot3_msgs/msg/__init__.py
[6.823s] -- Up-to-date: /home/pederba/ros2_ws/install/turtlebot3_msgs/local/lib/python3.10/dist-packages/turtlebot3_msgs/msg/_sensor_state.py
[6.823s] -- Up-to-date: /home/pederba/ros2_ws/install/turtlebot3_msgs/local/lib/python3.10/dist-packages/turtlebot3_msgs/__init__.py
[6.824s] -- Up-to-date: /home/pederba/ros2_ws/install/turtlebot3_msgs/local/lib/python3.10/dist-packages/turtlebot3_msgs/action
[6.824s] -- Up-to-date: /home/pederba/ros2_ws/install/turtlebot3_msgs/local/lib/python3.10/dist-packages/turtlebot3_msgs/action/_patrol.py
[6.824s] -- Up-to-date: /home/pederba/ros2_ws/install/turtlebot3_msgs/local/lib/python3.10/dist-packages/turtlebot3_msgs/action/_patrol_s.c
[6.824s] -- Up-to-date: /home/pederba/ros2_ws/install/turtlebot3_msgs/local/lib/python3.10/dist-packages/turtlebot3_msgs/action/__init__.py
[6.876s] Listing '/home/pederba/ros2_ws/install/turtlebot3_msgs/local/lib/python3.10/dist-packages/turtlebot3_msgs'...
[6.877s] Listing '/home/pederba/ros2_ws/install/turtlebot3_msgs/local/lib/python3.10/dist-packages/turtlebot3_msgs/action'...
[6.877s] Listing '/home/pederba/ros2_ws/install/turtlebot3_msgs/local/lib/python3.10/dist-packages/turtlebot3_msgs/msg'...
[6.877s] Listing '/home/pederba/ros2_ws/install/turtlebot3_msgs/local/lib/python3.10/dist-packages/turtlebot3_msgs/srv'...
[6.911s] -- Up-to-date: /home/pederba/ros2_ws/install/turtlebot3_msgs/local/lib/python3.10/dist-packages/turtlebot3_msgs/turtlebot3_msgs_s__rosidl_typesupport_fastrtps_c.cpython-310-x86_64-linux-gnu.so
[6.911s] -- Up-to-date: /home/pederba/ros2_ws/install/turtlebot3_msgs/local/lib/python3.10/dist-packages/turtlebot3_msgs/turtlebot3_msgs_s__rosidl_typesupport_introspection_c.cpython-310-x86_64-linux-gnu.so
[6.914s] -- Up-to-date: /home/pederba/ros2_ws/install/turtlebot3_msgs/local/lib/python3.10/dist-packages/turtlebot3_msgs/turtlebot3_msgs_s__rosidl_typesupport_c.cpython-310-x86_64-linux-gnu.so
[6.918s] -- Up-to-date: /home/pederba/ros2_ws/install/turtlebot3_msgs/lib/libturtlebot3_msgs__rosidl_generator_py.so
[6.918s] -- Up-to-date: /home/pederba/ros2_ws/install/turtlebot3_msgs/share/turtlebot3_msgs/msg/SensorState.idl
[6.918s] -- Up-to-date: /home/pederba/ros2_ws/install/turtlebot3_msgs/share/turtlebot3_msgs/msg/Sound.idl
[6.918s] -- Up-to-date: /home/pederba/ros2_ws/install/turtlebot3_msgs/share/turtlebot3_msgs/msg/VersionInfo.idl
[6.918s] -- Up-to-date: /home/pederba/ros2_ws/install/turtlebot3_msgs/share/turtlebot3_msgs/srv/Sound.idl
[6.919s] -- Up-to-date: /home/pederba/ros2_ws/install/turtlebot3_msgs/share/turtlebot3_msgs/srv/Dqn.idl
[6.919s] -- Up-to-date: /home/pederba/ros2_ws/install/turtlebot3_msgs/share/turtlebot3_msgs/action/Patrol.idl
[6.919s] -- Up-to-date: /home/pederba/ros2_ws/install/turtlebot3_msgs/share/turtlebot3_msgs/msg/SensorState.msg
[6.919s] -- Up-to-date: /home/pederba/ros2_ws/install/turtlebot3_msgs/share/turtlebot3_msgs/msg/Sound.msg
[6.919s] -- Up-to-date: /home/pederba/ros2_ws/install/turtlebot3_msgs/share/turtlebot3_msgs/msg/VersionInfo.msg
[6.920s] -- Up-to-date: /home/pederba/ros2_ws/install/turtlebot3_msgs/share/turtlebot3_msgs/srv/Sound.srv
[6.920s] -- Up-to-date: /home/pederba/ros2_ws/install/turtlebot3_msgs/share/turtlebot3_msgs/srv/Sound_Request.msg
[6.920s] -- Up-to-date: /home/pederba/ros2_ws/install/turtlebot3_msgs/share/turtlebot3_msgs/srv/Sound_Response.msg
[6.920s] -- Up-to-date: /home/pederba/ros2_ws/install/turtlebot3_msgs/share/turtlebot3_msgs/srv/Dqn.srv
[6.920s] -- Up-to-date: /home/pederba/ros2_ws/install/turtlebot3_msgs/share/turtlebot3_msgs/srv/Dqn_Request.msg
[6.920s] -- Up-to-date: /home/pederba/ros2_ws/install/turtlebot3_msgs/share/turtlebot3_msgs/srv/Dqn_Response.msg
[6.921s] -- Up-to-date: /home/pederba/ros2_ws/install/turtlebot3_msgs/share/turtlebot3_msgs/action/Patrol.action
[6.921s] -- Up-to-date: /home/pederba/ros2_ws/install/turtlebot3_msgs/share/ament_index/resource_index/package_run_dependencies/turtlebot3_msgs
[6.921s] -- Up-to-date: /home/pederba/ros2_ws/install/turtlebot3_msgs/share/ament_index/resource_index/parent_prefix_path/turtlebot3_msgs
[6.922s] -- Up-to-date: /home/pederba/ros2_ws/install/turtlebot3_msgs/share/turtlebot3_msgs/environment/ament_prefix_path.sh
[6.922s] -- Up-to-date: /home/pederba/ros2_ws/install/turtlebot3_msgs/share/turtlebot3_msgs/environment/ament_prefix_path.dsv
[6.922s] -- Up-to-date: /home/pederba/ros2_ws/install/turtlebot3_msgs/share/turtlebot3_msgs/environment/path.sh
[6.922s] -- Up-to-date: /home/pederba/ros2_ws/install/turtlebot3_msgs/share/turtlebot3_msgs/environment/path.dsv
[6.922s] -- Up-to-date: /home/pederba/ros2_ws/install/turtlebot3_msgs/share/turtlebot3_msgs/local_setup.bash
[6.923s] -- Up-to-date: /home/pederba/ros2_ws/install/turtlebot3_msgs/share/turtlebot3_msgs/local_setup.sh
[6.923s] -- Up-to-date: /home/pederba/ros2_ws/install/turtlebot3_msgs/share/turtlebot3_msgs/local_setup.zsh
[6.923s] -- Up-to-date: /home/pederba/ros2_ws/install/turtlebot3_msgs/share/turtlebot3_msgs/local_setup.dsv
[6.923s] -- Installing: /home/pederba/ros2_ws/install/turtlebot3_msgs/share/turtlebot3_msgs/package.dsv
[6.924s] -- Up-to-date: /home/pederba/ros2_ws/install/turtlebot3_msgs/share/ament_index/resource_index/packages/turtlebot3_msgs
[6.925s] -- Up-to-date: /home/pederba/ros2_ws/install/turtlebot3_msgs/share/turtlebot3_msgs/cmake/export_turtlebot3_msgs__rosidl_generator_cExport.cmake
[6.926s] -- Up-to-date: /home/pederba/ros2_ws/install/turtlebot3_msgs/share/turtlebot3_msgs/cmake/export_turtlebot3_msgs__rosidl_generator_cExport-noconfig.cmake
[6.928s] -- Up-to-date: /home/pederba/ros2_ws/install/turtlebot3_msgs/share/turtlebot3_msgs/cmake/export_turtlebot3_msgs__rosidl_typesupport_fastrtps_cExport.cmake
[6.928s] -- Up-to-date: /home/pederba/ros2_ws/install/turtlebot3_msgs/share/turtlebot3_msgs/cmake/export_turtlebot3_msgs__rosidl_typesupport_fastrtps_cExport-noconfig.cmake
[6.931s] -- Up-to-date: /home/pederba/ros2_ws/install/turtlebot3_msgs/share/turtlebot3_msgs/cmake/export_turtlebot3_msgs__rosidl_generator_cppExport.cmake
[6.931s] -- Up-to-date: /home/pederba/ros2_ws/install/turtlebot3_msgs/share/turtlebot3_msgs/cmake/export_turtlebot3_msgs__rosidl_typesupport_fastrtps_cppExport.cmake
[6.931s] -- Up-to-date: /home/pederba/ros2_ws/install/turtlebot3_msgs/share/turtlebot3_msgs/cmake/export_turtlebot3_msgs__rosidl_typesupport_fastrtps_cppExport-noconfig.cmake
[6.932s] -- Up-to-date: /home/pederba/ros2_ws/install/turtlebot3_msgs/share/turtlebot3_msgs/cmake/turtlebot3_msgs__rosidl_typesupport_introspection_cExport.cmake
[6.933s] -- Up-to-date: /home/pederba/ros2_ws/install/turtlebot3_msgs/share/turtlebot3_msgs/cmake/turtlebot3_msgs__rosidl_typesupport_introspection_cExport-noconfig.cmake
[6.934s] -- Up-to-date: /home/pederba/ros2_ws/install/turtlebot3_msgs/share/turtlebot3_msgs/cmake/turtlebot3_msgs__rosidl_typesupport_cExport.cmake
[6.935s] -- Up-to-date: /home/pederba/ros2_ws/install/turtlebot3_msgs/share/turtlebot3_msgs/cmake/turtlebot3_msgs__rosidl_typesupport_cExport-noconfig.cmake
[6.938s] -- Up-to-date: /home/pederba/ros2_ws/install/turtlebot3_msgs/share/turtlebot3_msgs/cmake/turtlebot3_msgs__rosidl_typesupport_introspection_cppExport.cmake
[6.938s] -- Up-to-date: /home/pederba/ros2_ws/install/turtlebot3_msgs/share/turtlebot3_msgs/cmake/turtlebot3_msgs__rosidl_typesupport_introspection_cppExport-noconfig.cmake
[6.938s] -- Up-to-date: /home/pederba/ros2_ws/install/turtlebot3_msgs/share/turtlebot3_msgs/cmake/turtlebot3_msgs__rosidl_typesupport_cppExport.cmake
[6.938s] -- Up-to-date: /home/pederba/ros2_ws/install/turtlebot3_msgs/share/turtlebot3_msgs/cmake/turtlebot3_msgs__rosidl_typesupport_cppExport-noconfig.cmake
[6.938s] -- Up-to-date: /home/pederba/ros2_ws/install/turtlebot3_msgs/share/turtlebot3_msgs/cmake/export_turtlebot3_msgs__rosidl_generator_pyExport.cmake
[6.939s] -- Up-to-date: /home/pederba/ros2_ws/install/turtlebot3_msgs/share/turtlebot3_msgs/cmake/export_turtlebot3_msgs__rosidl_generator_pyExport-noconfig.cmake
[6.939s] -- Up-to-date: /home/pederba/ros2_ws/install/turtlebot3_msgs/share/turtlebot3_msgs/cmake/rosidl_cmake-extras.cmake
[6.939s] -- Up-to-date: /home/pederba/ros2_ws/install/turtlebot3_msgs/share/turtlebot3_msgs/cmake/ament_cmake_export_dependencies-extras.cmake
[6.939s] -- Up-to-date: /home/pederba/ros2_ws/install/turtlebot3_msgs/share/turtlebot3_msgs/cmake/ament_cmake_export_include_directories-extras.cmake
[6.939s] -- Up-to-date: /home/pederba/ros2_ws/install/turtlebot3_msgs/share/turtlebot3_msgs/cmake/ament_cmake_export_libraries-extras.cmake
[6.940s] -- Up-to-date: /home/pederba/ros2_ws/install/turtlebot3_msgs/share/turtlebot3_msgs/cmake/ament_cmake_export_targets-extras.cmake
[6.940s] -- Up-to-date: /home/pederba/ros2_ws/install/turtlebot3_msgs/share/turtlebot3_msgs/cmake/rosidl_cmake_export_typesupport_targets-extras.cmake
[6.940s] -- Up-to-date: /home/pederba/ros2_ws/install/turtlebot3_msgs/share/turtlebot3_msgs/cmake/rosidl_cmake_export_typesupport_libraries-extras.cmake
[6.940s] -- Up-to-date: /home/pederba/ros2_ws/install/turtlebot3_msgs/share/turtlebot3_msgs/cmake/turtlebot3_msgsConfig.cmake
[6.940s] -- Up-to-date: /home/pederba/ros2_ws/install/turtlebot3_msgs/share/turtlebot3_msgs/cmake/turtlebot3_msgsConfig-version.cmake
[6.940s] -- Up-to-date: /home/pederba/ros2_ws/install/turtlebot3_msgs/share/turtlebot3_msgs/package.xml
[7.852s] Invoked command in '/home/pederba/ros2_ws/build/turtlebot3_msgs' returned '0': CMAKE_PREFIX_PATH=${CMAKE_PREFIX_PATH}:/home/pederba/ros2_ws/install/turtlebot3_teleop:/home/pederba/ros2_ws/install/turtlebot3_example:/home/pederba/ros2_ws/install/py_pubsub:/home/pederba/ros2_ws/install/lab02_pkg:/home/pederba/ros2_ws/install/lab01_pkg:/opt/ros/humble /usr/bin/cmake --install /home/pederba/ros2_ws/build/turtlebot3_msgs
