[0.161s] Invoking command in '/home/pederba/ros2_ws/build/turtlebot3_navigation2': CMAKE_PREFIX_PATH=${CMAKE_PREFIX_PATH}:/home/pederba/ros2_ws/install/lab02_pkg_test:/home/pederba/ros2_ws/install/turtlebot3_teleop:/home/pederba/ros2_ws/install/turtlebot3_example:/home/pederba/ros2_ws/install/py_pubsub:/home/pederba/ros2_ws/install/lab03_pkg:/home/pederba/ros2_ws/install/lab02_pkg:/home/pederba/ros2_ws/install/lab01_pkg:/opt/ros/humble /usr/bin/cmake /home/pederba/ros2_ws/src/turtlebot3/turtlebot3_navigation2 -DCMAKE_INSTALL_PREFIX=/home/pederba/ros2_ws/install/turtlebot3_navigation2
[2.639s] -- The C compiler identification is GNU 11.4.0
[2.639s] -- The CXX compiler identification is GNU 11.4.0
[2.640s] -- Detecting C compiler ABI info
[2.640s] -- Detecting C compiler ABI info - done
[2.640s] -- Check for working C compiler: /usr/bin/cc - skipped
[2.640s] -- Detecting C compile features
[2.640s] -- Detecting C compile features - done
[2.640s] -- Detecting CXX compiler ABI info
[2.640s] -- Detecting CXX compiler ABI info - done
[2.641s] -- Check for working CXX compiler: /usr/bin/c++ - skipped
[2.641s] -- Detecting CXX compile features
[2.641s] -- Detecting CXX compile features - done
[2.641s] -- Found ament_cmake: 1.3.5 (/opt/ros/humble/share/ament_cmake/cmake)
[2.641s] -- Found Python3: /usr/bin/python3.10 (found version "3.10.12") found components: Interpreter 
[2.641s] -- Configuring done
[2.658s] -- Generating done
[2.659s] -- Build files have been written to: /home/pederba/ros2_ws/build/turtlebot3_navigation2
[2.672s] Invoked command in '/home/pederba/ros2_ws/build/turtlebot3_navigation2' returned '0': CMAKE_PREFIX_PATH=${CMAKE_PREFIX_PATH}:/home/pederba/ros2_ws/install/lab02_pkg_test:/home/pederba/ros2_ws/install/turtlebot3_teleop:/home/pederba/ros2_ws/install/turtlebot3_example:/home/pederba/ros2_ws/install/py_pubsub:/home/pederba/ros2_ws/install/lab03_pkg:/home/pederba/ros2_ws/install/lab02_pkg:/home/pederba/ros2_ws/install/lab01_pkg:/opt/ros/humble /usr/bin/cmake /home/pederba/ros2_ws/src/turtlebot3/turtlebot3_navigation2 -DCMAKE_INSTALL_PREFIX=/home/pederba/ros2_ws/install/turtlebot3_navigation2
[2.673s] Invoking command in '/home/pederba/ros2_ws/build/turtlebot3_navigation2': CMAKE_PREFIX_PATH=${CMAKE_PREFIX_PATH}:/home/pederba/ros2_ws/install/lab02_pkg_test:/home/pederba/ros2_ws/install/turtlebot3_teleop:/home/pederba/ros2_ws/install/turtlebot3_example:/home/pederba/ros2_ws/install/py_pubsub:/home/pederba/ros2_ws/install/lab03_pkg:/home/pederba/ros2_ws/install/lab02_pkg:/home/pederba/ros2_ws/install/lab01_pkg:/opt/ros/humble /usr/bin/cmake --build /home/pederba/ros2_ws/build/turtlebot3_navigation2 -- -j8 -l8
[2.784s] Invoked command in '/home/pederba/ros2_ws/build/turtlebot3_navigation2' returned '0': CMAKE_PREFIX_PATH=${CMAKE_PREFIX_PATH}:/home/pederba/ros2_ws/install/lab02_pkg_test:/home/pederba/ros2_ws/install/turtlebot3_teleop:/home/pederba/ros2_ws/install/turtlebot3_example:/home/pederba/ros2_ws/install/py_pubsub:/home/pederba/ros2_ws/install/lab03_pkg:/home/pederba/ros2_ws/install/lab02_pkg:/home/pederba/ros2_ws/install/lab01_pkg:/opt/ros/humble /usr/bin/cmake --build /home/pederba/ros2_ws/build/turtlebot3_navigation2 -- -j8 -l8
[2.942s] Invoking command in '/home/pederba/ros2_ws/build/turtlebot3_navigation2': CMAKE_PREFIX_PATH=${CMAKE_PREFIX_PATH}:/home/pederba/ros2_ws/install/lab02_pkg_test:/home/pederba/ros2_ws/install/turtlebot3_teleop:/home/pederba/ros2_ws/install/turtlebot3_example:/home/pederba/ros2_ws/install/py_pubsub:/home/pederba/ros2_ws/install/lab03_pkg:/home/pederba/ros2_ws/install/lab02_pkg:/home/pederba/ros2_ws/install/lab01_pkg:/opt/ros/humble /usr/bin/cmake --install /home/pederba/ros2_ws/build/turtlebot3_navigation2
[3.083s] -- Install configuration: ""
[3.083s] -- Installing: /home/pederba/ros2_ws/install/turtlebot3_navigation2/share/turtlebot3_navigation2/launch
[3.083s] -- Installing: /home/pederba/ros2_ws/install/turtlebot3_navigation2/share/turtlebot3_navigation2/launch/navigation2_use_sim_time.launch.py
[3.083s] -- Installing: /home/pederba/ros2_ws/install/turtlebot3_navigation2/share/turtlebot3_navigation2/launch/navigation2.launch.py
[3.084s] -- Installing: /home/pederba/ros2_ws/install/turtlebot3_navigation2/share/turtlebot3_navigation2/map
[3.084s] -- Installing: /home/pederba/ros2_ws/install/turtlebot3_navigation2/share/turtlebot3_navigation2/map/turtlebot3_world.yaml
[3.084s] -- Installing: /home/pederba/ros2_ws/install/turtlebot3_navigation2/share/turtlebot3_navigation2/map/turtlebot3_world.pgm
[3.090s] -- Installing: /home/pederba/ros2_ws/install/turtlebot3_navigation2/share/turtlebot3_navigation2/param
[3.090s] -- Installing: /home/pederba/ros2_ws/install/turtlebot3_navigation2/share/turtlebot3_navigation2/param/burger_use_sim_time.yaml
[3.091s] -- Installing: /home/pederba/ros2_ws/install/turtlebot3_navigation2/share/turtlebot3_navigation2/param/waffle_pi_use_sim_time.yaml
[3.091s] -- Installing: /home/pederba/ros2_ws/install/turtlebot3_navigation2/share/turtlebot3_navigation2/param/waffle_pi.yaml
[3.091s] -- Installing: /home/pederba/ros2_ws/install/turtlebot3_navigation2/share/turtlebot3_navigation2/param/burger.yaml
[3.091s] -- Installing: /home/pederba/ros2_ws/install/turtlebot3_navigation2/share/turtlebot3_navigation2/rviz
[3.091s] -- Installing: /home/pederba/ros2_ws/install/turtlebot3_navigation2/share/turtlebot3_navigation2/rviz/navigation2.rviz
[3.092s] -- Installing: /home/pederba/ros2_ws/install/turtlebot3_navigation2/share/ament_index/resource_index/package_run_dependencies/turtlebot3_navigation2
[3.092s] -- Installing: /home/pederba/ros2_ws/install/turtlebot3_navigation2/share/ament_index/resource_index/parent_prefix_path/turtlebot3_navigation2
[3.092s] -- Installing: /home/pederba/ros2_ws/install/turtlebot3_navigation2/share/turtlebot3_navigation2/environment/ament_prefix_path.sh
[3.092s] -- Installing: /home/pederba/ros2_ws/install/turtlebot3_navigation2/share/turtlebot3_navigation2/environment/ament_prefix_path.dsv
[3.100s] -- Installing: /home/pederba/ros2_ws/install/turtlebot3_navigation2/share/turtlebot3_navigation2/environment/path.sh
[3.100s] -- Installing: /home/pederba/ros2_ws/install/turtlebot3_navigation2/share/turtlebot3_navigation2/environment/path.dsv
[3.100s] -- Installing: /home/pederba/ros2_ws/install/turtlebot3_navigation2/share/turtlebot3_navigation2/local_setup.bash
[3.101s] -- Installing: /home/pederba/ros2_ws/install/turtlebot3_navigation2/share/turtlebot3_navigation2/local_setup.sh
[3.101s] -- Installing: /home/pederba/ros2_ws/install/turtlebot3_navigation2/share/turtlebot3_navigation2/local_setup.zsh
[3.101s] -- Installing: /home/pederba/ros2_ws/install/turtlebot3_navigation2/share/turtlebot3_navigation2/local_setup.dsv
[3.101s] -- Installing: /home/pederba/ros2_ws/install/turtlebot3_navigation2/share/turtlebot3_navigation2/package.dsv
[3.101s] -- Installing: /home/pederba/ros2_ws/install/turtlebot3_navigation2/share/ament_index/resource_index/packages/turtlebot3_navigation2
[3.101s] -- Installing: /home/pederba/ros2_ws/install/turtlebot3_navigation2/share/turtlebot3_navigation2/cmake/turtlebot3_navigation2Config.cmake
[3.102s] -- Installing: /home/pederba/ros2_ws/install/turtlebot3_navigation2/share/turtlebot3_navigation2/cmake/turtlebot3_navigation2Config-version.cmake
[3.102s] -- Installing: /home/pederba/ros2_ws/install/turtlebot3_navigation2/share/turtlebot3_navigation2/package.xml
[3.484s] Invoked command in '/home/pederba/ros2_ws/build/turtlebot3_navigation2' returned '0': CMAKE_PREFIX_PATH=${CMAKE_PREFIX_PATH}:/home/pederba/ros2_ws/install/lab02_pkg_test:/home/pederba/ros2_ws/install/turtlebot3_teleop:/home/pederba/ros2_ws/install/turtlebot3_example:/home/pederba/ros2_ws/install/py_pubsub:/home/pederba/ros2_ws/install/lab03_pkg:/home/pederba/ros2_ws/install/lab02_pkg:/home/pederba/ros2_ws/install/lab01_pkg:/opt/ros/humble /usr/bin/cmake --install /home/pederba/ros2_ws/build/turtlebot3_navigation2
