[0.530s] Invoking command in '/home/pederba/ros2_ws/build/turtlebot3_description': CMAKE_PREFIX_PATH=${CMAKE_PREFIX_PATH}:/home/pederba/ros2_ws/install/lab02_pkg_test:/home/pederba/ros2_ws/install/turtlebot3_teleop:/home/pederba/ros2_ws/install/turtlebot3_example:/home/pederba/ros2_ws/install/py_pubsub:/home/pederba/ros2_ws/install/lab02_pkg:/home/pederba/ros2_ws/install/lab01_pkg:/opt/ros/humble /usr/bin/cmake --build /home/pederba/ros2_ws/build/turtlebot3_description -- -j8 -l8
[0.627s] Invoked command in '/home/pederba/ros2_ws/build/turtlebot3_description' returned '0': CMAKE_PREFIX_PATH=${CMAKE_PREFIX_PATH}:/home/pederba/ros2_ws/install/lab02_pkg_test:/home/pederba/ros2_ws/install/turtlebot3_teleop:/home/pederba/ros2_ws/install/turtlebot3_example:/home/pederba/ros2_ws/install/py_pubsub:/home/pederba/ros2_ws/install/lab02_pkg:/home/pederba/ros2_ws/install/lab01_pkg:/opt/ros/humble /usr/bin/cmake --build /home/pederba/ros2_ws/build/turtlebot3_description -- -j8 -l8
[0.926s] Invoking command in '/home/pederba/ros2_ws/build/turtlebot3_description': CMAKE_PREFIX_PATH=${CMAKE_PREFIX_PATH}:/home/pederba/ros2_ws/install/lab02_pkg_test:/home/pederba/ros2_ws/install/turtlebot3_teleop:/home/pederba/ros2_ws/install/turtlebot3_example:/home/pederba/ros2_ws/install/py_pubsub:/home/pederba/ros2_ws/install/lab02_pkg:/home/pederba/ros2_ws/install/lab01_pkg:/opt/ros/humble /usr/bin/cmake --install /home/pederba/ros2_ws/build/turtlebot3_description
[0.962s] -- Install configuration: ""
[0.972s] -- Up-to-date: /home/pederba/ros2_ws/install/turtlebot3_description/share/turtlebot3_description/launch
[0.972s] -- Up-to-date: /home/pederba/ros2_ws/install/turtlebot3_description/share/turtlebot3_description/launch/model.launch.py
[0.972s] -- Up-to-date: /home/pederba/ros2_ws/install/turtlebot3_description/share/turtlebot3_description/rviz
[0.972s] -- Up-to-date: /home/pederba/ros2_ws/install/turtlebot3_description/share/turtlebot3_description/rviz/model.rviz
[0.973s] -- Up-to-date: /home/pederba/ros2_ws/install/turtlebot3_description/share/turtlebot3_description/urdf
[0.973s] -- Up-to-date: /home/pederba/ros2_ws/install/turtlebot3_description/share/turtlebot3_description/urdf/turtlebot3_burger.urdf.xacro
[0.973s] -- Up-to-date: /home/pederba/ros2_ws/install/turtlebot3_description/share/turtlebot3_description/urdf/waffle_pi.urdf.xacro
[0.973s] -- Up-to-date: /home/pederba/ros2_ws/install/turtlebot3_description/share/turtlebot3_description/urdf/burger_camera.urdf.xacro
[0.973s] -- Up-to-date: /home/pederba/ros2_ws/install/turtlebot3_description/share/turtlebot3_description/urdf/turtlebot3_waffle_pi.urdf.xacro
[0.973s] -- Up-to-date: /home/pederba/ros2_ws/install/turtlebot3_description/share/turtlebot3_description/urdf/burger.urdf.xacro
[0.973s] -- Up-to-date: /home/pederba/ros2_ws/install/turtlebot3_description/share/turtlebot3_description/gazebo
[0.974s] -- Up-to-date: /home/pederba/ros2_ws/install/turtlebot3_description/share/turtlebot3_description/gazebo/burger.gazebo.xacro
[0.974s] -- Up-to-date: /home/pederba/ros2_ws/install/turtlebot3_description/share/turtlebot3_description/gazebo/materials.xacro
[0.974s] -- Up-to-date: /home/pederba/ros2_ws/install/turtlebot3_description/share/turtlebot3_description/gazebo/waffle_pi.gazebo.xacro
[0.974s] -- Up-to-date: /home/pederba/ros2_ws/install/turtlebot3_description/share/turtlebot3_description/meshes
[0.974s] -- Up-to-date: /home/pederba/ros2_ws/install/turtlebot3_description/share/turtlebot3_description/meshes/burger
[0.974s] -- Up-to-date: /home/pederba/ros2_ws/install/turtlebot3_description/share/turtlebot3_description/meshes/burger/base.stl
[0.974s] -- Up-to-date: /home/pederba/ros2_ws/install/turtlebot3_description/share/turtlebot3_description/meshes/burger/ladar.stl
[0.975s] -- Up-to-date: /home/pederba/ros2_ws/install/turtlebot3_description/share/turtlebot3_description/meshes/burger/left_tire.stl
[0.975s] -- Up-to-date: /home/pederba/ros2_ws/install/turtlebot3_description/share/turtlebot3_description/meshes/burger/right_tire.stl
[0.975s] -- Up-to-date: /home/pederba/ros2_ws/install/turtlebot3_description/share/turtlebot3_description/meshes/waffle_pi
[0.975s] -- Up-to-date: /home/pederba/ros2_ws/install/turtlebot3_description/share/turtlebot3_description/meshes/waffle_pi/base.stl
[0.975s] -- Up-to-date: /home/pederba/ros2_ws/install/turtlebot3_description/share/turtlebot3_description/meshes/waffle_pi/ladar.stl
[0.975s] -- Up-to-date: /home/pederba/ros2_ws/install/turtlebot3_description/share/turtlebot3_description/meshes/waffle_pi/left_tire.stl
[0.976s] -- Up-to-date: /home/pederba/ros2_ws/install/turtlebot3_description/share/turtlebot3_description/meshes/waffle_pi/right_tire.stl
[0.976s] -- Up-to-date: /home/pederba/ros2_ws/install/turtlebot3_description/share/turtlebot3_description/ros2_control
[0.977s] -- Up-to-date: /home/pederba/ros2_ws/install/turtlebot3_description/share/turtlebot3_description/ros2_control/turtlebot3_system.ros2_control.xacro
[0.977s] -- Up-to-date: /home/pederba/ros2_ws/install/turtlebot3_description/share/turtlebot3_description/environment/turtlebot3_description.dsv
[0.977s] -- Up-to-date: /home/pederba/ros2_ws/install/turtlebot3_description/share/ament_index/resource_index/package_run_dependencies/turtlebot3_description
[0.978s] -- Up-to-date: /home/pederba/ros2_ws/install/turtlebot3_description/share/ament_index/resource_index/parent_prefix_path/turtlebot3_description
[0.978s] -- Up-to-date: /home/pederba/ros2_ws/install/turtlebot3_description/share/turtlebot3_description/environment/ament_prefix_path.sh
[0.978s] -- Up-to-date: /home/pederba/ros2_ws/install/turtlebot3_description/share/turtlebot3_description/environment/ament_prefix_path.dsv
[0.978s] -- Up-to-date: /home/pederba/ros2_ws/install/turtlebot3_description/share/turtlebot3_description/environment/path.sh
[0.978s] -- Up-to-date: /home/pederba/ros2_ws/install/turtlebot3_description/share/turtlebot3_description/environment/path.dsv
[0.978s] -- Up-to-date: /home/pederba/ros2_ws/install/turtlebot3_description/share/turtlebot3_description/local_setup.bash
[0.980s] -- Up-to-date: /home/pederba/ros2_ws/install/turtlebot3_description/share/turtlebot3_description/local_setup.sh
[0.980s] -- Up-to-date: /home/pederba/ros2_ws/install/turtlebot3_description/share/turtlebot3_description/local_setup.zsh
[0.980s] -- Up-to-date: /home/pederba/ros2_ws/install/turtlebot3_description/share/turtlebot3_description/local_setup.dsv
[0.981s] -- Installing: /home/pederba/ros2_ws/install/turtlebot3_description/share/turtlebot3_description/package.dsv
[0.981s] -- Up-to-date: /home/pederba/ros2_ws/install/turtlebot3_description/share/ament_index/resource_index/packages/turtlebot3_description
[0.981s] -- Up-to-date: /home/pederba/ros2_ws/install/turtlebot3_description/share/turtlebot3_description/cmake/turtlebot3_descriptionConfig.cmake
[0.981s] -- Up-to-date: /home/pederba/ros2_ws/install/turtlebot3_description/share/turtlebot3_description/cmake/turtlebot3_descriptionConfig-version.cmake
[0.981s] -- Up-to-date: /home/pederba/ros2_ws/install/turtlebot3_description/share/turtlebot3_description/package.xml
[1.236s] Invoked command in '/home/pederba/ros2_ws/build/turtlebot3_description' returned '0': CMAKE_PREFIX_PATH=${CMAKE_PREFIX_PATH}:/home/pederba/ros2_ws/install/lab02_pkg_test:/home/pederba/ros2_ws/install/turtlebot3_teleop:/home/pederba/ros2_ws/install/turtlebot3_example:/home/pederba/ros2_ws/install/py_pubsub:/home/pederba/ros2_ws/install/lab02_pkg:/home/pederba/ros2_ws/install/lab01_pkg:/opt/ros/humble /usr/bin/cmake --install /home/pederba/ros2_ws/build/turtlebot3_description
