[1.768s] Invoking command in '/home/pederba/ros2_ws/src/lab01_pkg': PYTHONPATH=/home/pederba/ros2_ws/build/lab01_pkg/prefix_override:/home/pederba/ros2_ws/install/lab01_pkg/lib/python3.10/site-packages:${PYTHONPATH} /usr/bin/python3 setup.py egg_info --egg-base ../../build/lab01_pkg build --build-base /home/pederba/ros2_ws/build/lab01_pkg/build install --record /home/pederba/ros2_ws/build/lab01_pkg/install.log --single-version-externally-managed
[2.201s] running egg_info
[2.236s] writing ../../build/lab01_pkg/lab01_pkg.egg-info/PKG-INFO
[2.237s] writing dependency_links to ../../build/lab01_pkg/lab01_pkg.egg-info/dependency_links.txt
[2.238s] writing entry points to ../../build/lab01_pkg/lab01_pkg.egg-info/entry_points.txt
[2.239s] writing requirements to ../../build/lab01_pkg/lab01_pkg.egg-info/requires.txt
[2.239s] writing top-level names to ../../build/lab01_pkg/lab01_pkg.egg-info/top_level.txt
[2.306s] reading manifest file '../../build/lab01_pkg/lab01_pkg.egg-info/SOURCES.txt'
[2.308s] writing manifest file '../../build/lab01_pkg/lab01_pkg.egg-info/SOURCES.txt'
[2.308s] running build
[2.309s] running build_py
[2.309s] copying lab01_pkg/localization.py -> /home/pederba/ros2_ws/build/lab01_pkg/build/lib/lab01_pkg
[2.310s] copying lab01_pkg/controller.py -> /home/pederba/ros2_ws/build/lab01_pkg/build/lib/lab01_pkg
[2.310s] running install
[2.311s] /home/pederba/.local/lib/python3.10/site-packages/setuptools/_distutils/cmd.py:66: SetuptoolsDeprecationWarning: setup.py install is deprecated.
[2.311s] !!
[2.311s] 
[2.311s]         ********************************************************************************
[2.312s]         Please avoid running ``setup.py`` directly.
[2.312s]         Instead, use pypa/build, pypa/installer or other
[2.312s]         standards-based tools.
[2.312s] 
[2.312s]         See https://blog.ganssle.io/articles/2021/10/setup-py-deprecated.html for details.
[2.313s]         ********************************************************************************
[2.313s] 
[2.313s] !!
[2.313s]   self.initialize_options()
[2.321s] running install_lib
[2.356s] copying /home/pederba/ros2_ws/build/lab01_pkg/build/lib/lab01_pkg/localization.py -> /home/pederba/ros2_ws/install/lab01_pkg/lib/python3.10/site-packages/lab01_pkg
[2.356s] copying /home/pederba/ros2_ws/build/lab01_pkg/build/lib/lab01_pkg/controller.py -> /home/pederba/ros2_ws/install/lab01_pkg/lib/python3.10/site-packages/lab01_pkg
[2.358s] byte-compiling /home/pederba/ros2_ws/install/lab01_pkg/lib/python3.10/site-packages/lab01_pkg/localization.py to localization.cpython-310.pyc
[2.359s] byte-compiling /home/pederba/ros2_ws/install/lab01_pkg/lib/python3.10/site-packages/lab01_pkg/controller.py to controller.cpython-310.pyc
[2.360s] running install_data
[2.393s] running install_egg_info
[2.428s] removing '/home/pederba/ros2_ws/install/lab01_pkg/lib/python3.10/site-packages/lab01_pkg-0.0.0-py3.10.egg-info' (and everything under it)
[2.429s] Copying ../../build/lab01_pkg/lab01_pkg.egg-info to /home/pederba/ros2_ws/install/lab01_pkg/lib/python3.10/site-packages/lab01_pkg-0.0.0-py3.10.egg-info
[2.431s] running install_scripts
[2.717s] Installing controller script to /home/pederba/ros2_ws/install/lab01_pkg/lib/lab01_pkg
[2.718s] Installing localization script to /home/pederba/ros2_ws/install/lab01_pkg/lib/lab01_pkg
[2.719s] writing list of installed files to '/home/pederba/ros2_ws/build/lab01_pkg/install.log'
[2.780s] Invoked command in '/home/pederba/ros2_ws/src/lab01_pkg' returned '0': PYTHONPATH=/home/pederba/ros2_ws/build/lab01_pkg/prefix_override:/home/pederba/ros2_ws/install/lab01_pkg/lib/python3.10/site-packages:${PYTHONPATH} /usr/bin/python3 setup.py egg_info --egg-base ../../build/lab01_pkg build --build-base /home/pederba/ros2_ws/build/lab01_pkg/build install --record /home/pederba/ros2_ws/build/lab01_pkg/install.log --single-version-externally-managed
