[1.561s] Invoking command in '/home/pederba/ros2_ws/build/turtlebot3_bringup': CMAKE_PREFIX_PATH=/home/pederba/ros2_ws/install/turtlebot3_description:/home/pederba/ros2_ws/install/turtlesim:/home/pederba/ros2_ws/install/turtlebot3:/home/pederba/ros2_ws/install/turtlebot3_simulations:/home/pederba/ros2_ws/install/turtlebot3_navigation2:/home/pederba/ros2_ws/install/turtlebot3_fake_node:/home/pederba/ros2_ws/install/turtlebot3_msgs:/home/pederba/ros2_ws/install/turtlebot3_hardware:/home/pederba/ros2_ws/install/turtlebot3_gazebo:/home/pederba/ros2_ws/install/turtlebot3_bringup:/home/pederba/ros2_ws/install/turtlebot3_cartographer:/home/pederba/ros2_ws/install/lab02_interfaces:/home/pederba/ros2_ws/install/dynamixel_sdk_examples:/home/pederba/ros2_ws/install/dynamixel_sdk_custom_interfaces:/home/pederba/ros2_ws/install/dynamixel_sdk:/home/pederba/ros2_ws/install/lab02_pkg_test:/home/pederba/ros2_ws/install/turtlebot3_teleop:/home/pederba/ros2_ws/install/turtlebot3_example:/home/pederba/ros2_ws/install/py_pubsub:/home/pederba/ros2_ws/install/lab02_pkg:/home/pederba/ros2_ws/install/lab01_pkg:/opt/ros/humble /usr/bin/cmake --build /home/pederba/ros2_ws/build/turtlebot3_bringup -- -j8 -l8
[3.336s] Invoked command in '/home/pederba/ros2_ws/build/turtlebot3_bringup' returned '0': CMAKE_PREFIX_PATH=/home/pederba/ros2_ws/install/turtlebot3_description:/home/pederba/ros2_ws/install/turtlesim:/home/pederba/ros2_ws/install/turtlebot3:/home/pederba/ros2_ws/install/turtlebot3_simulations:/home/pederba/ros2_ws/install/turtlebot3_navigation2:/home/pederba/ros2_ws/install/turtlebot3_fake_node:/home/pederba/ros2_ws/install/turtlebot3_msgs:/home/pederba/ros2_ws/install/turtlebot3_hardware:/home/pederba/ros2_ws/install/turtlebot3_gazebo:/home/pederba/ros2_ws/install/turtlebot3_bringup:/home/pederba/ros2_ws/install/turtlebot3_cartographer:/home/pederba/ros2_ws/install/lab02_interfaces:/home/pederba/ros2_ws/install/dynamixel_sdk_examples:/home/pederba/ros2_ws/install/dynamixel_sdk_custom_interfaces:/home/pederba/ros2_ws/install/dynamixel_sdk:/home/pederba/ros2_ws/install/lab02_pkg_test:/home/pederba/ros2_ws/install/turtlebot3_teleop:/home/pederba/ros2_ws/install/turtlebot3_example:/home/pederba/ros2_ws/install/py_pubsub:/home/pederba/ros2_ws/install/lab02_pkg:/home/pederba/ros2_ws/install/lab01_pkg:/opt/ros/humble /usr/bin/cmake --build /home/pederba/ros2_ws/build/turtlebot3_bringup -- -j8 -l8
[4.952s] Invoking command in '/home/pederba/ros2_ws/build/turtlebot3_bringup': CMAKE_PREFIX_PATH=/home/pederba/ros2_ws/install/turtlebot3_description:/home/pederba/ros2_ws/install/turtlesim:/home/pederba/ros2_ws/install/turtlebot3:/home/pederba/ros2_ws/install/turtlebot3_simulations:/home/pederba/ros2_ws/install/turtlebot3_navigation2:/home/pederba/ros2_ws/install/turtlebot3_fake_node:/home/pederba/ros2_ws/install/turtlebot3_msgs:/home/pederba/ros2_ws/install/turtlebot3_hardware:/home/pederba/ros2_ws/install/turtlebot3_gazebo:/home/pederba/ros2_ws/install/turtlebot3_bringup:/home/pederba/ros2_ws/install/turtlebot3_cartographer:/home/pederba/ros2_ws/install/lab02_interfaces:/home/pederba/ros2_ws/install/dynamixel_sdk_examples:/home/pederba/ros2_ws/install/dynamixel_sdk_custom_interfaces:/home/pederba/ros2_ws/install/dynamixel_sdk:/home/pederba/ros2_ws/install/lab02_pkg_test:/home/pederba/ros2_ws/install/turtlebot3_teleop:/home/pederba/ros2_ws/install/turtlebot3_example:/home/pederba/ros2_ws/install/py_pubsub:/home/pederba/ros2_ws/install/lab02_pkg:/home/pederba/ros2_ws/install/lab01_pkg:/opt/ros/humble /usr/bin/cmake --install /home/pederba/ros2_ws/build/turtlebot3_bringup
[4.997s] -- Install configuration: ""
[4.997s] -- Up-to-date: /home/pederba/ros2_ws/install/turtlebot3_bringup/share/turtlebot3_bringup/launch
[4.997s] -- Up-to-date: /home/pederba/ros2_ws/install/turtlebot3_bringup/share/turtlebot3_bringup/launch/gazebo.launch.py
[4.997s] -- Up-to-date: /home/pederba/ros2_ws/install/turtlebot3_bringup/share/turtlebot3_bringup/launch/lab03.launch.py
[4.997s] -- Up-to-date: /home/pederba/ros2_ws/install/turtlebot3_bringup/share/turtlebot3_bringup/launch/hardware.launch.py
[4.998s] -- Up-to-date: /home/pederba/ros2_ws/install/turtlebot3_bringup/share/turtlebot3_bringup/launch/fake.launch.py
[4.998s] -- Up-to-date: /home/pederba/ros2_ws/install/turtlebot3_bringup/share/turtlebot3_bringup/launch/base.launch.py
[4.998s] -- Up-to-date: /home/pederba/ros2_ws/install/turtlebot3_bringup/share/turtlebot3_bringup/config
[4.998s] -- Up-to-date: /home/pederba/ros2_ws/install/turtlebot3_bringup/share/turtlebot3_bringup/config/burger
[4.998s] -- Up-to-date: /home/pederba/ros2_ws/install/turtlebot3_bringup/share/turtlebot3_bringup/config/burger/twist_mux.yaml
[4.998s] -- Up-to-date: /home/pederba/ros2_ws/install/turtlebot3_bringup/share/turtlebot3_bringup/config/burger/gazebo_controller_manager.yaml
[4.999s] -- Up-to-date: /home/pederba/ros2_ws/install/turtlebot3_bringup/share/turtlebot3_bringup/config/burger/hardware_controller_manager.yaml
[4.999s] -- Up-to-date: /home/pederba/ros2_ws/install/turtlebot3_bringup/share/turtlebot3_bringup/config/waffle_pi
[4.999s] -- Up-to-date: /home/pederba/ros2_ws/install/turtlebot3_bringup/share/turtlebot3_bringup/config/waffle_pi/twist_mux.yaml
[4.999s] -- Up-to-date: /home/pederba/ros2_ws/install/turtlebot3_bringup/share/turtlebot3_bringup/config/waffle_pi/gazebo_controller_manager.yaml
[4.999s] -- Up-to-date: /home/pederba/ros2_ws/install/turtlebot3_bringup/share/turtlebot3_bringup/config/waffle_pi/hardware_controller_manager.yaml
[5.000s] -- Up-to-date: /home/pederba/ros2_ws/install/turtlebot3_bringup/share/turtlebot3_bringup/script
[5.000s] -- Up-to-date: /home/pederba/ros2_ws/install/turtlebot3_bringup/share/turtlebot3_bringup/script/99-turtlebot3-cdc.rules
[5.000s] -- Up-to-date: /home/pederba/ros2_ws/install/turtlebot3_bringup/share/turtlebot3_bringup/script/create_udev_rules
[5.000s] -- Up-to-date: /home/pederba/ros2_ws/install/turtlebot3_bringup/share/turtlebot3_bringup/worlds
[5.001s] -- Up-to-date: /home/pederba/ros2_ws/install/turtlebot3_bringup/share/turtlebot3_bringup/worlds/lab03.world
[5.001s] -- Up-to-date: /home/pederba/ros2_ws/install/turtlebot3_bringup/share/turtlebot3_bringup/worlds/empty_world.model
[5.001s] -- Up-to-date: /home/pederba/ros2_ws/install/turtlebot3_bringup/share/turtlebot3_bringup/worlds/turtlebot3_world
[5.001s] -- Up-to-date: /home/pederba/ros2_ws/install/turtlebot3_bringup/share/turtlebot3_bringup/worlds/turtlebot3_world/model-1_4.sdf
[5.001s] -- Up-to-date: /home/pederba/ros2_ws/install/turtlebot3_bringup/share/turtlebot3_bringup/worlds/turtlebot3_world/model.sdf
[5.002s] -- Up-to-date: /home/pederba/ros2_ws/install/turtlebot3_bringup/share/turtlebot3_bringup/worlds/turtlebot3_world/meshes
[5.002s] -- Up-to-date: /home/pederba/ros2_ws/install/turtlebot3_bringup/share/turtlebot3_bringup/worlds/turtlebot3_world/meshes/wall.dae
[5.002s] -- Up-to-date: /home/pederba/ros2_ws/install/turtlebot3_bringup/share/turtlebot3_bringup/worlds/turtlebot3_world/meshes/hexagon.dae
[5.002s] -- Up-to-date: /home/pederba/ros2_ws/install/turtlebot3_bringup/share/turtlebot3_bringup/worlds/turtlebot3_world/model.config
[5.002s] -- Up-to-date: /home/pederba/ros2_ws/install/turtlebot3_bringup/share/turtlebot3_bringup/worlds/turtlebot3_world.model
[5.002s] -- Up-to-date: /home/pederba/ros2_ws/install/turtlebot3_bringup/share/turtlebot3_bringup/rviz
[5.003s] -- Up-to-date: /home/pederba/ros2_ws/install/turtlebot3_bringup/share/turtlebot3_bringup/rviz/turtlebot3.rviz
[5.003s] -- Up-to-date: /home/pederba/ros2_ws/install/turtlebot3_bringup/share/turtlebot3_bringup/environment/turtlebot3_bringup.dsv
[5.003s] -- Up-to-date: /home/pederba/ros2_ws/install/turtlebot3_bringup/share/ament_index/resource_index/package_run_dependencies/turtlebot3_bringup
[5.003s] -- Up-to-date: /home/pederba/ros2_ws/install/turtlebot3_bringup/share/ament_index/resource_index/parent_prefix_path/turtlebot3_bringup
[5.003s] -- Up-to-date: /home/pederba/ros2_ws/install/turtlebot3_bringup/share/turtlebot3_bringup/environment/ament_prefix_path.sh
[5.003s] -- Up-to-date: /home/pederba/ros2_ws/install/turtlebot3_bringup/share/turtlebot3_bringup/environment/ament_prefix_path.dsv
[5.004s] -- Up-to-date: /home/pederba/ros2_ws/install/turtlebot3_bringup/share/turtlebot3_bringup/environment/path.sh
[5.016s] -- Up-to-date: /home/pederba/ros2_ws/install/turtlebot3_bringup/share/turtlebot3_bringup/environment/path.dsv
[5.016s] -- Up-to-date: /home/pederba/ros2_ws/install/turtlebot3_bringup/share/turtlebot3_bringup/local_setup.bash
[5.016s] -- Up-to-date: /home/pederba/ros2_ws/install/turtlebot3_bringup/share/turtlebot3_bringup/local_setup.sh
[5.016s] -- Up-to-date: /home/pederba/ros2_ws/install/turtlebot3_bringup/share/turtlebot3_bringup/local_setup.zsh
[5.017s] -- Up-to-date: /home/pederba/ros2_ws/install/turtlebot3_bringup/share/turtlebot3_bringup/local_setup.dsv
[5.017s] -- Installing: /home/pederba/ros2_ws/install/turtlebot3_bringup/share/turtlebot3_bringup/package.dsv
[5.017s] -- Up-to-date: /home/pederba/ros2_ws/install/turtlebot3_bringup/share/ament_index/resource_index/packages/turtlebot3_bringup
[5.017s] -- Up-to-date: /home/pederba/ros2_ws/install/turtlebot3_bringup/share/turtlebot3_bringup/cmake/turtlebot3_bringupConfig.cmake
[5.017s] -- Up-to-date: /home/pederba/ros2_ws/install/turtlebot3_bringup/share/turtlebot3_bringup/cmake/turtlebot3_bringupConfig-version.cmake
[5.017s] -- Up-to-date: /home/pederba/ros2_ws/install/turtlebot3_bringup/share/turtlebot3_bringup/package.xml
[5.595s] Invoked command in '/home/pederba/ros2_ws/build/turtlebot3_bringup' returned '0': CMAKE_PREFIX_PATH=/home/pederba/ros2_ws/install/turtlebot3_description:/home/pederba/ros2_ws/install/turtlesim:/home/pederba/ros2_ws/install/turtlebot3:/home/pederba/ros2_ws/install/turtlebot3_simulations:/home/pederba/ros2_ws/install/turtlebot3_navigation2:/home/pederba/ros2_ws/install/turtlebot3_fake_node:/home/pederba/ros2_ws/install/turtlebot3_msgs:/home/pederba/ros2_ws/install/turtlebot3_hardware:/home/pederba/ros2_ws/install/turtlebot3_gazebo:/home/pederba/ros2_ws/install/turtlebot3_bringup:/home/pederba/ros2_ws/install/turtlebot3_cartographer:/home/pederba/ros2_ws/install/lab02_interfaces:/home/pederba/ros2_ws/install/dynamixel_sdk_examples:/home/pederba/ros2_ws/install/dynamixel_sdk_custom_interfaces:/home/pederba/ros2_ws/install/dynamixel_sdk:/home/pederba/ros2_ws/install/lab02_pkg_test:/home/pederba/ros2_ws/install/turtlebot3_teleop:/home/pederba/ros2_ws/install/turtlebot3_example:/home/pederba/ros2_ws/install/py_pubsub:/home/pederba/ros2_ws/install/lab02_pkg:/home/pederba/ros2_ws/install/lab01_pkg:/opt/ros/humble /usr/bin/cmake --install /home/pederba/ros2_ws/build/turtlebot3_bringup
