running egg_info
creating ../../build/lab01_pkg/lab01_pkg.egg-info
writing ../../build/lab01_pkg/lab01_pkg.egg-info/PKG-INFO
writing dependency_links to ../../build/lab01_pkg/lab01_pkg.egg-info/dependency_links.txt
writing entry points to ../../build/lab01_pkg/lab01_pkg.egg-info/entry_points.txt
writing requirements to ../../build/lab01_pkg/lab01_pkg.egg-info/requires.txt
writing top-level names to ../../build/lab01_pkg/lab01_pkg.egg-info/top_level.txt
writing manifest file '../../build/lab01_pkg/lab01_pkg.egg-info/SOURCES.txt'
reading manifest file '../../build/lab01_pkg/lab01_pkg.egg-info/SOURCES.txt'
writing manifest file '../../build/lab01_pkg/lab01_pkg.egg-info/SOURCES.txt'
running build
running build_py
creating /home/pederba/ros2_ws/build/lab01_pkg/build
creating /home/pederba/ros2_ws/build/lab01_pkg/build/lib
creating /home/pederba/ros2_ws/build/lab01_pkg/build/lib/lab01_pkg
copying lab01_pkg/reset.py -> /home/pederba/ros2_ws/build/lab01_pkg/build/lib/lab01_pkg
copying lab01_pkg/controller_reset.py -> /home/pederba/ros2_ws/build/lab01_pkg/build/lib/lab01_pkg
copying lab01_pkg/localization.py -> /home/pederba/ros2_ws/build/lab01_pkg/build/lib/lab01_pkg
copying lab01_pkg/__init__.py -> /home/pederba/ros2_ws/build/lab01_pkg/build/lib/lab01_pkg
copying lab01_pkg/controller.py -> /home/pederba/ros2_ws/build/lab01_pkg/build/lib/lab01_pkg
copying lab01_pkg/localization_reset.py -> /home/pederba/ros2_ws/build/lab01_pkg/build/lib/lab01_pkg
running install
/home/pederba/.local/lib/python3.10/site-packages/setuptools/_distutils/cmd.py:66: SetuptoolsDeprecationWarning: setup.py install is deprecated.
!!

        ********************************************************************************
        Please avoid running ``setup.py`` directly.
        Instead, use pypa/build, pypa/installer or other
        standards-based tools.

        See https://blog.ganssle.io/articles/2021/10/setup-py-deprecated.html for details.
        ********************************************************************************

!!
  self.initialize_options()
running install_lib
creating /home/pederba/ros2_ws/install/lab01_pkg/lib/python3.10/site-packages/lab01_pkg
copying /home/pederba/ros2_ws/build/lab01_pkg/build/lib/lab01_pkg/reset.py -> /home/pederba/ros2_ws/install/lab01_pkg/lib/python3.10/site-packages/lab01_pkg
copying /home/pederba/ros2_ws/build/lab01_pkg/build/lib/lab01_pkg/controller_reset.py -> /home/pederba/ros2_ws/install/lab01_pkg/lib/python3.10/site-packages/lab01_pkg
copying /home/pederba/ros2_ws/build/lab01_pkg/build/lib/lab01_pkg/localization.py -> /home/pederba/ros2_ws/install/lab01_pkg/lib/python3.10/site-packages/lab01_pkg
copying /home/pederba/ros2_ws/build/lab01_pkg/build/lib/lab01_pkg/__init__.py -> /home/pederba/ros2_ws/install/lab01_pkg/lib/python3.10/site-packages/lab01_pkg
copying /home/pederba/ros2_ws/build/lab01_pkg/build/lib/lab01_pkg/controller.py -> /home/pederba/ros2_ws/install/lab01_pkg/lib/python3.10/site-packages/lab01_pkg
copying /home/pederba/ros2_ws/build/lab01_pkg/build/lib/lab01_pkg/localization_reset.py -> /home/pederba/ros2_ws/install/lab01_pkg/lib/python3.10/site-packages/lab01_pkg
byte-compiling /home/pederba/ros2_ws/install/lab01_pkg/lib/python3.10/site-packages/lab01_pkg/reset.py to reset.cpython-310.pyc
byte-compiling /home/pederba/ros2_ws/install/lab01_pkg/lib/python3.10/site-packages/lab01_pkg/controller_reset.py to controller_reset.cpython-310.pyc
byte-compiling /home/pederba/ros2_ws/install/lab01_pkg/lib/python3.10/site-packages/lab01_pkg/localization.py to localization.cpython-310.pyc
byte-compiling /home/pederba/ros2_ws/install/lab01_pkg/lib/python3.10/site-packages/lab01_pkg/__init__.py to __init__.cpython-310.pyc
byte-compiling /home/pederba/ros2_ws/install/lab01_pkg/lib/python3.10/site-packages/lab01_pkg/controller.py to controller.cpython-310.pyc
byte-compiling /home/pederba/ros2_ws/install/lab01_pkg/lib/python3.10/site-packages/lab01_pkg/localization_reset.py to localization_reset.cpython-310.pyc
running install_data
creating /home/pederba/ros2_ws/install/lab01_pkg/share/ament_index
creating /home/pederba/ros2_ws/install/lab01_pkg/share/ament_index/resource_index
creating /home/pederba/ros2_ws/install/lab01_pkg/share/ament_index/resource_index/packages
copying resource/lab01_pkg -> /home/pederba/ros2_ws/install/lab01_pkg/share/ament_index/resource_index/packages
copying package.xml -> /home/pederba/ros2_ws/install/lab01_pkg/share/lab01_pkg
running install_egg_info
Copying ../../build/lab01_pkg/lab01_pkg.egg-info to /home/pederba/ros2_ws/install/lab01_pkg/lib/python3.10/site-packages/lab01_pkg-0.0.0-py3.10.egg-info
running install_scripts
Installing controller script to /home/pederba/ros2_ws/install/lab01_pkg/lib/lab01_pkg
Installing controller_reset script to /home/pederba/ros2_ws/install/lab01_pkg/lib/lab01_pkg
Installing localization script to /home/pederba/ros2_ws/install/lab01_pkg/lib/lab01_pkg
Installing localization_reset script to /home/pederba/ros2_ws/install/lab01_pkg/lib/lab01_pkg
Installing reset script to /home/pederba/ros2_ws/install/lab01_pkg/lib/lab01_pkg
writing list of installed files to '/home/pederba/ros2_ws/build/lab01_pkg/install.log'
