[9.518s] Invoking command in '/home/pederba/ros2_ws/src/lab03_pkg': PYTHONPATH=/home/pederba/ros2_ws/build/lab03_pkg/prefix_override:/home/pederba/ros2_ws/install/lab03_pkg/lib/python3.10/site-packages:${PYTHONPATH} /usr/bin/python3 setup.py egg_info --egg-base ../../build/lab03_pkg build --build-base /home/pederba/ros2_ws/build/lab03_pkg/build install --record /home/pederba/ros2_ws/build/lab03_pkg/install.log --single-version-externally-managed
[10.968s] running egg_info
[11.032s] writing ../../build/lab03_pkg/lab03_pkg.egg-info/PKG-INFO
[11.033s] writing dependency_links to ../../build/lab03_pkg/lab03_pkg.egg-info/dependency_links.txt
[11.034s] writing entry points to ../../build/lab03_pkg/lab03_pkg.egg-info/entry_points.txt
[11.034s] writing requirements to ../../build/lab03_pkg/lab03_pkg.egg-info/requires.txt
[11.035s] writing top-level names to ../../build/lab03_pkg/lab03_pkg.egg-info/top_level.txt
[11.171s] reading manifest file '../../build/lab03_pkg/lab03_pkg.egg-info/SOURCES.txt'
[11.179s] writing manifest file '../../build/lab03_pkg/lab03_pkg.egg-info/SOURCES.txt'
[11.181s] running build
[11.181s] running build_py
[11.181s] copying lab03_pkg/controller.py -> /home/pederba/ros2_ws/build/lab03_pkg/build/lib/lab03_pkg
[11.182s] running install
[11.182s] /home/pederba/.local/lib/python3.10/site-packages/setuptools/command/install.py:34: SetuptoolsDeprecationWarning: setup.py install is deprecated. Use build and pip and other standards-based tools.
[11.182s]   warnings.warn(
[11.204s] running install_lib
[11.262s] copying /home/pederba/ros2_ws/build/lab03_pkg/build/lib/lab03_pkg/controller.py -> /home/pederba/ros2_ws/install/lab03_pkg/lib/python3.10/site-packages/lab03_pkg
[11.264s] byte-compiling /home/pederba/ros2_ws/install/lab03_pkg/lib/python3.10/site-packages/lab03_pkg/controller.py to controller.cpython-310.pyc
[11.267s] running install_data
[11.335s] running install_egg_info
[11.405s] removing '/home/pederba/ros2_ws/install/lab03_pkg/lib/python3.10/site-packages/lab03_pkg-0.0.0-py3.10.egg-info' (and everything under it)
[11.406s] Copying ../../build/lab03_pkg/lab03_pkg.egg-info to /home/pederba/ros2_ws/install/lab03_pkg/lib/python3.10/site-packages/lab03_pkg-0.0.0-py3.10.egg-info
[11.416s] running install_scripts
[11.680s] Installing controller script to /home/pederba/ros2_ws/install/lab03_pkg/lib/lab03_pkg
[11.682s] writing list of installed files to '/home/pederba/ros2_ws/build/lab03_pkg/install.log'
[12.280s] Invoked command in '/home/pederba/ros2_ws/src/lab03_pkg' returned '0': PYTHONPATH=/home/pederba/ros2_ws/build/lab03_pkg/prefix_override:/home/pederba/ros2_ws/install/lab03_pkg/lib/python3.10/site-packages:${PYTHONPATH} /usr/bin/python3 setup.py egg_info --egg-base ../../build/lab03_pkg build --build-base /home/pederba/ros2_ws/build/lab03_pkg/build install --record /home/pederba/ros2_ws/build/lab03_pkg/install.log --single-version-externally-managed
