running develop
Removing /home/pederba/ros2_ws/install/lab05_pkg/lib/python3.10/site-packages/lab05-pkg.egg-link (link to .)
running egg_info
writing ../../../build/lab05_pkg/lab05_pkg.egg-info/PKG-INFO
writing dependency_links to ../../../build/lab05_pkg/lab05_pkg.egg-info/dependency_links.txt
writing entry points to ../../../build/lab05_pkg/lab05_pkg.egg-info/entry_points.txt
writing requirements to ../../../build/lab05_pkg/lab05_pkg.egg-info/requires.txt
writing top-level names to ../../../build/lab05_pkg/lab05_pkg.egg-info/top_level.txt
reading manifest file '../../../build/lab05_pkg/lab05_pkg.egg-info/SOURCES.txt'
writing manifest file '../../../build/lab05_pkg/lab05_pkg.egg-info/SOURCES.txt'
running build
running build_py
creating /home/pederba/ros2_ws/build/lab05_pkg/build
creating /home/pederba/ros2_ws/build/lab05_pkg/build/lib
creating /home/pederba/ros2_ws/build/lab05_pkg/build/lib/lab05_pkg
copying lab05_pkg/recorder.py -> /home/pederba/ros2_ws/build/lab05_pkg/build/lib/lab05_pkg
copying lab05_pkg/__init__.py -> /home/pederba/ros2_ws/build/lab05_pkg/build/lib/lab05_pkg
running install
running install_lib
creating /home/pederba/ros2_ws/install/lab05_pkg/lib/python3.10/site-packages/lab05_pkg
copying /home/pederba/ros2_ws/build/lab05_pkg/build/lib/lab05_pkg/recorder.py -> /home/pederba/ros2_ws/install/lab05_pkg/lib/python3.10/site-packages/lab05_pkg
copying /home/pederba/ros2_ws/build/lab05_pkg/build/lib/lab05_pkg/__init__.py -> /home/pederba/ros2_ws/install/lab05_pkg/lib/python3.10/site-packages/lab05_pkg
byte-compiling /home/pederba/ros2_ws/install/lab05_pkg/lib/python3.10/site-packages/lab05_pkg/recorder.py to recorder.cpython-310.pyc
byte-compiling /home/pederba/ros2_ws/install/lab05_pkg/lib/python3.10/site-packages/lab05_pkg/__init__.py to __init__.cpython-310.pyc
running install_data
running install_egg_info
Copying ../../../build/lab05_pkg/lab05_pkg.egg-info to /home/pederba/ros2_ws/install/lab05_pkg/lib/python3.10/site-packages/lab05_pkg-0.0.0-py3.10.egg-info
running install_scripts
Installing recorder script to /home/pederba/ros2_ws/install/lab05_pkg/lib/lab05_pkg
writing list of installed files to '/home/pederba/ros2_ws/build/lab05_pkg/install.log'
