[2.668s] Invoking command in '/home/pederba/ros2_ws/build/lab05_pkg': PYTHONPATH=/home/pederba/ros2_ws/build/lab05_pkg/prefix_override:/home/pederba/ros2_ws/install/lab05_pkg/lib/python3.10/site-packages:${PYTHONPATH} /usr/bin/python3 setup.py develop --uninstall --editable --build-directory /home/pederba/ros2_ws/build/lab05_pkg/build
[3.525s] running develop
[3.526s] /home/pederba/.local/lib/python3.10/site-packages/setuptools/command/easy_install.py:144: EasyInstallDeprecationWarning: easy_install command is deprecated. Use build and pip and other standards-based tools.
[3.526s]   warnings.warn(
[3.611s] /home/pederba/.local/lib/python3.10/site-packages/setuptools/command/install.py:34: SetuptoolsDeprecationWarning: setup.py install is deprecated. Use build and pip and other standards-based tools.
[3.611s]   warnings.warn(
[4.156s] Removing /home/pederba/ros2_ws/install/lab05_pkg/lib/python3.10/site-packages/lab05-pkg.egg-link (link to .)
[4.282s] Invoked command in '/home/pederba/ros2_ws/build/lab05_pkg' returned '0': PYTHONPATH=/home/pederba/ros2_ws/build/lab05_pkg/prefix_override:/home/pederba/ros2_ws/install/lab05_pkg/lib/python3.10/site-packages:${PYTHONPATH} /usr/bin/python3 setup.py develop --uninstall --editable --build-directory /home/pederba/ros2_ws/build/lab05_pkg/build
[4.287s] Invoking command in '/home/pederba/ros2_ws/src/lab05/lab05_pkg': PYTHONPATH=/home/pederba/ros2_ws/build/lab05_pkg/prefix_override:/home/pederba/ros2_ws/install/lab05_pkg/lib/python3.10/site-packages:${PYTHONPATH} /usr/bin/python3 setup.py egg_info --egg-base ../../../build/lab05_pkg build --build-base /home/pederba/ros2_ws/build/lab05_pkg/build install --record /home/pederba/ros2_ws/build/lab05_pkg/install.log --single-version-externally-managed
[5.157s] running egg_info
[5.194s] writing ../../../build/lab05_pkg/lab05_pkg.egg-info/PKG-INFO
[5.194s] writing dependency_links to ../../../build/lab05_pkg/lab05_pkg.egg-info/dependency_links.txt
[5.195s] writing entry points to ../../../build/lab05_pkg/lab05_pkg.egg-info/entry_points.txt
[5.195s] writing requirements to ../../../build/lab05_pkg/lab05_pkg.egg-info/requires.txt
[5.195s] writing top-level names to ../../../build/lab05_pkg/lab05_pkg.egg-info/top_level.txt
[5.276s] reading manifest file '../../../build/lab05_pkg/lab05_pkg.egg-info/SOURCES.txt'
[5.277s] writing manifest file '../../../build/lab05_pkg/lab05_pkg.egg-info/SOURCES.txt'
[5.278s] running build
[5.278s] running build_py
[5.278s] creating /home/pederba/ros2_ws/build/lab05_pkg/build
[5.279s] creating /home/pederba/ros2_ws/build/lab05_pkg/build/lib
[5.279s] creating /home/pederba/ros2_ws/build/lab05_pkg/build/lib/lab05_pkg
[5.279s] copying lab05_pkg/recorder.py -> /home/pederba/ros2_ws/build/lab05_pkg/build/lib/lab05_pkg
[5.279s] copying lab05_pkg/__init__.py -> /home/pederba/ros2_ws/build/lab05_pkg/build/lib/lab05_pkg
[5.280s] running install
[5.280s] /home/pederba/.local/lib/python3.10/site-packages/setuptools/command/install.py:34: SetuptoolsDeprecationWarning: setup.py install is deprecated. Use build and pip and other standards-based tools.
[5.280s]   warnings.warn(
[5.288s] running install_lib
[5.329s] creating /home/pederba/ros2_ws/install/lab05_pkg/lib/python3.10/site-packages/lab05_pkg
[5.329s] copying /home/pederba/ros2_ws/build/lab05_pkg/build/lib/lab05_pkg/recorder.py -> /home/pederba/ros2_ws/install/lab05_pkg/lib/python3.10/site-packages/lab05_pkg
[5.330s] copying /home/pederba/ros2_ws/build/lab05_pkg/build/lib/lab05_pkg/__init__.py -> /home/pederba/ros2_ws/install/lab05_pkg/lib/python3.10/site-packages/lab05_pkg
[5.330s] byte-compiling /home/pederba/ros2_ws/install/lab05_pkg/lib/python3.10/site-packages/lab05_pkg/recorder.py to recorder.cpython-310.pyc
[5.332s] byte-compiling /home/pederba/ros2_ws/install/lab05_pkg/lib/python3.10/site-packages/lab05_pkg/__init__.py to __init__.cpython-310.pyc
[5.332s] running install_data
[5.374s] running install_egg_info
[5.413s] Copying ../../../build/lab05_pkg/lab05_pkg.egg-info to /home/pederba/ros2_ws/install/lab05_pkg/lib/python3.10/site-packages/lab05_pkg-0.0.0-py3.10.egg-info
[5.415s] running install_scripts
[5.568s] Installing recorder script to /home/pederba/ros2_ws/install/lab05_pkg/lib/lab05_pkg
[5.569s] writing list of installed files to '/home/pederba/ros2_ws/build/lab05_pkg/install.log'
[5.679s] Invoked command in '/home/pederba/ros2_ws/src/lab05/lab05_pkg' returned '0': PYTHONPATH=/home/pederba/ros2_ws/build/lab05_pkg/prefix_override:/home/pederba/ros2_ws/install/lab05_pkg/lib/python3.10/site-packages:${PYTHONPATH} /usr/bin/python3 setup.py egg_info --egg-base ../../../build/lab05_pkg build --build-base /home/pederba/ros2_ws/build/lab05_pkg/build install --record /home/pederba/ros2_ws/build/lab05_pkg/install.log --single-version-externally-managed
