[2.050s] DEBUG:colcon:Command line arguments: ['/usr/bin/colcon', 'build', '--packages-select', 'lab02_pkg']
[2.050s] DEBUG:colcon:Parsed command line arguments: Namespace(log_base=None, log_level=None, verb_name='build', build_base='build', install_base='install', merge_install=False, symlink_install=False, test_result_base=None, continue_on_error=False, executor='parallel', parallel_workers=8, event_handlers=None, ignore_user_meta=False, metas=['./colcon.meta'], base_paths=['.'], packages_ignore=None, packages_ignore_regex=None, paths=None, packages_up_to=None, packages_up_to_regex=None, packages_above=None, packages_above_and_dependencies=None, packages_above_depth=None, packages_select_by_dep=None, packages_skip_by_dep=None, packages_skip_up_to=None, packages_select_build_failed=False, packages_skip_build_finished=False, packages_select_test_failures=False, packages_skip_test_passed=False, packages_select=['lab02_pkg'], packages_skip=None, packages_select_regex=None, packages_skip_regex=None, packages_start=None, packages_end=None, allow_overriding=[], cmake_args=None, cmake_target=None, cmake_target_skip_unavailable=False, cmake_clean_cache=False, cmake_clean_first=False, cmake_force_configure=False, ament_cmake_args=None, catkin_cmake_args=None, catkin_skip_building_tests=False, verb_parser=<colcon_defaults.argument_parser.defaults.DefaultArgumentsDecorator object at 0x7efc9e480700>, verb_extension=<colcon_core.verb.build.BuildVerb object at 0x7efc9e480280>, main=<bound method BuildVerb.main of <colcon_core.verb.build.BuildVerb object at 0x7efc9e480280>>)
[2.176s] Level 1:colcon.colcon_core.package_discovery:discover_packages(colcon_meta) check parameters
[2.176s] Level 1:colcon.colcon_core.package_discovery:discover_packages(recursive) check parameters
[2.177s] Level 1:colcon.colcon_core.package_discovery:discover_packages(ignore) check parameters
[2.177s] Level 1:colcon.colcon_core.package_discovery:discover_packages(path) check parameters
[2.177s] Level 1:colcon.colcon_core.package_discovery:discover_packages(colcon_meta) discover
[2.177s] Level 1:colcon.colcon_core.package_discovery:discover_packages(recursive) discover
[2.177s] INFO:colcon.colcon_core.package_discovery:Crawling recursively for packages in '/home/pederba/ros2_ws'
[2.177s] Level 1:colcon.colcon_core.package_identification:_identify(.) by extensions ['ignore', 'ignore_ament_install']
[2.177s] Level 1:colcon.colcon_core.package_identification:_identify(.) by extension 'ignore'
[2.177s] Level 1:colcon.colcon_core.package_identification:_identify(.) by extension 'ignore_ament_install'
[2.177s] Level 1:colcon.colcon_core.package_identification:_identify(.) by extensions ['colcon_pkg']
[2.177s] Level 1:colcon.colcon_core.package_identification:_identify(.) by extension 'colcon_pkg'
[2.178s] Level 1:colcon.colcon_core.package_identification:_identify(.) by extensions ['colcon_meta']
[2.178s] Level 1:colcon.colcon_core.package_identification:_identify(.) by extension 'colcon_meta'
[2.178s] Level 1:colcon.colcon_core.package_identification:_identify(.) by extensions ['ros']
[2.178s] Level 1:colcon.colcon_core.package_identification:_identify(.) by extension 'ros'
[2.205s] Level 1:colcon.colcon_core.package_identification:_identify(.) by extensions ['cmake', 'python']
[2.205s] Level 1:colcon.colcon_core.package_identification:_identify(.) by extension 'cmake'
[2.206s] Level 1:colcon.colcon_core.package_identification:_identify(.) by extension 'python'
[2.206s] Level 1:colcon.colcon_core.package_identification:_identify(.) by extensions ['python_setup_py']
[2.206s] Level 1:colcon.colcon_core.package_identification:_identify(.) by extension 'python_setup_py'
[2.206s] Level 1:colcon.colcon_core.package_identification:_identify(build) by extensions ['ignore', 'ignore_ament_install']
[2.206s] Level 1:colcon.colcon_core.package_identification:_identify(build) by extension 'ignore'
[2.206s] Level 1:colcon.colcon_core.package_identification:_identify(build) ignored
[2.206s] Level 1:colcon.colcon_core.package_identification:_identify(install) by extensions ['ignore', 'ignore_ament_install']
[2.207s] Level 1:colcon.colcon_core.package_identification:_identify(install) by extension 'ignore'
[2.207s] Level 1:colcon.colcon_core.package_identification:_identify(install) ignored
[2.207s] Level 1:colcon.colcon_core.package_identification:_identify(log) by extensions ['ignore', 'ignore_ament_install']
[2.207s] Level 1:colcon.colcon_core.package_identification:_identify(log) by extension 'ignore'
[2.207s] Level 1:colcon.colcon_core.package_identification:_identify(log) ignored
[2.207s] Level 1:colcon.colcon_core.package_identification:_identify(src) by extensions ['ignore', 'ignore_ament_install']
[2.207s] Level 1:colcon.colcon_core.package_identification:_identify(src) by extension 'ignore'
[2.208s] Level 1:colcon.colcon_core.package_identification:_identify(src) by extension 'ignore_ament_install'
[2.208s] Level 1:colcon.colcon_core.package_identification:_identify(src) by extensions ['colcon_pkg']
[2.208s] Level 1:colcon.colcon_core.package_identification:_identify(src) by extension 'colcon_pkg'
[2.208s] Level 1:colcon.colcon_core.package_identification:_identify(src) by extensions ['colcon_meta']
[2.208s] Level 1:colcon.colcon_core.package_identification:_identify(src) by extension 'colcon_meta'
[2.208s] Level 1:colcon.colcon_core.package_identification:_identify(src) by extensions ['ros']
[2.208s] Level 1:colcon.colcon_core.package_identification:_identify(src) by extension 'ros'
[2.208s] Level 1:colcon.colcon_core.package_identification:_identify(src) by extensions ['cmake', 'python']
[2.208s] Level 1:colcon.colcon_core.package_identification:_identify(src) by extension 'cmake'
[2.208s] Level 1:colcon.colcon_core.package_identification:_identify(src) by extension 'python'
[2.208s] Level 1:colcon.colcon_core.package_identification:_identify(src) by extensions ['python_setup_py']
[2.209s] Level 1:colcon.colcon_core.package_identification:_identify(src) by extension 'python_setup_py'
[2.209s] Level 1:colcon.colcon_core.package_identification:_identify(src/lab01_pkg) by extensions ['ignore', 'ignore_ament_install']
[2.209s] Level 1:colcon.colcon_core.package_identification:_identify(src/lab01_pkg) by extension 'ignore'
[2.209s] Level 1:colcon.colcon_core.package_identification:_identify(src/lab01_pkg) by extension 'ignore_ament_install'
[2.209s] Level 1:colcon.colcon_core.package_identification:_identify(src/lab01_pkg) by extensions ['colcon_pkg']
[2.209s] Level 1:colcon.colcon_core.package_identification:_identify(src/lab01_pkg) by extension 'colcon_pkg'
[2.209s] Level 1:colcon.colcon_core.package_identification:_identify(src/lab01_pkg) by extensions ['colcon_meta']
[2.209s] Level 1:colcon.colcon_core.package_identification:_identify(src/lab01_pkg) by extension 'colcon_meta'
[2.209s] Level 1:colcon.colcon_core.package_identification:_identify(src/lab01_pkg) by extensions ['ros']
[2.210s] Level 1:colcon.colcon_core.package_identification:_identify(src/lab01_pkg) by extension 'ros'
[2.214s] DEBUG:colcon.colcon_core.package_identification:Package 'src/lab01_pkg' with type 'ros.ament_python' and name 'lab01_pkg'
[2.214s] Level 1:colcon.colcon_core.package_identification:_identify(src/lab02_interfaces) by extensions ['ignore', 'ignore_ament_install']
[2.215s] Level 1:colcon.colcon_core.package_identification:_identify(src/lab02_interfaces) by extension 'ignore'
[2.215s] Level 1:colcon.colcon_core.package_identification:_identify(src/lab02_interfaces) by extension 'ignore_ament_install'
[2.215s] Level 1:colcon.colcon_core.package_identification:_identify(src/lab02_interfaces) by extensions ['colcon_pkg']
[2.215s] Level 1:colcon.colcon_core.package_identification:_identify(src/lab02_interfaces) by extension 'colcon_pkg'
[2.215s] Level 1:colcon.colcon_core.package_identification:_identify(src/lab02_interfaces) by extensions ['colcon_meta']
[2.215s] Level 1:colcon.colcon_core.package_identification:_identify(src/lab02_interfaces) by extension 'colcon_meta'
[2.215s] Level 1:colcon.colcon_core.package_identification:_identify(src/lab02_interfaces) by extensions ['ros']
[2.215s] Level 1:colcon.colcon_core.package_identification:_identify(src/lab02_interfaces) by extension 'ros'
[2.216s] DEBUG:colcon.colcon_core.package_identification:Package 'src/lab02_interfaces' with type 'ros.ament_cmake' and name 'lab02_interfaces'
[2.217s] Level 1:colcon.colcon_core.package_identification:_identify(src/lab02_pkg) by extensions ['ignore', 'ignore_ament_install']
[2.217s] Level 1:colcon.colcon_core.package_identification:_identify(src/lab02_pkg) by extension 'ignore'
[2.217s] Level 1:colcon.colcon_core.package_identification:_identify(src/lab02_pkg) by extension 'ignore_ament_install'
[2.217s] Level 1:colcon.colcon_core.package_identification:_identify(src/lab02_pkg) by extensions ['colcon_pkg']
[2.217s] Level 1:colcon.colcon_core.package_identification:_identify(src/lab02_pkg) by extension 'colcon_pkg'
[2.217s] Level 1:colcon.colcon_core.package_identification:_identify(src/lab02_pkg) by extensions ['colcon_meta']
[2.217s] Level 1:colcon.colcon_core.package_identification:_identify(src/lab02_pkg) by extension 'colcon_meta'
[2.217s] Level 1:colcon.colcon_core.package_identification:_identify(src/lab02_pkg) by extensions ['ros']
[2.217s] Level 1:colcon.colcon_core.package_identification:_identify(src/lab02_pkg) by extension 'ros'
[2.219s] DEBUG:colcon.colcon_core.package_identification:Package 'src/lab02_pkg' with type 'ros.ament_python' and name 'lab02_pkg'
[2.219s] Level 1:colcon.colcon_core.package_identification:_identify(src/py_pubsub) by extensions ['ignore', 'ignore_ament_install']
[2.219s] Level 1:colcon.colcon_core.package_identification:_identify(src/py_pubsub) by extension 'ignore'
[2.219s] Level 1:colcon.colcon_core.package_identification:_identify(src/py_pubsub) by extension 'ignore_ament_install'
[2.219s] Level 1:colcon.colcon_core.package_identification:_identify(src/py_pubsub) by extensions ['colcon_pkg']
[2.219s] Level 1:colcon.colcon_core.package_identification:_identify(src/py_pubsub) by extension 'colcon_pkg'
[2.219s] Level 1:colcon.colcon_core.package_identification:_identify(src/py_pubsub) by extensions ['colcon_meta']
[2.219s] Level 1:colcon.colcon_core.package_identification:_identify(src/py_pubsub) by extension 'colcon_meta'
[2.220s] Level 1:colcon.colcon_core.package_identification:_identify(src/py_pubsub) by extensions ['ros']
[2.220s] Level 1:colcon.colcon_core.package_identification:_identify(src/py_pubsub) by extension 'ros'
[2.221s] DEBUG:colcon.colcon_core.package_identification:Package 'src/py_pubsub' with type 'ros.ament_python' and name 'py_pubsub'
[2.221s] Level 1:colcon.colcon_core.package_identification:_identify(src/ros_tutorials) by extensions ['ignore', 'ignore_ament_install']
[2.221s] Level 1:colcon.colcon_core.package_identification:_identify(src/ros_tutorials) by extension 'ignore'
[2.221s] Level 1:colcon.colcon_core.package_identification:_identify(src/ros_tutorials) by extension 'ignore_ament_install'
[2.221s] Level 1:colcon.colcon_core.package_identification:_identify(src/ros_tutorials) by extensions ['colcon_pkg']
[2.222s] Level 1:colcon.colcon_core.package_identification:_identify(src/ros_tutorials) by extension 'colcon_pkg'
[2.222s] Level 1:colcon.colcon_core.package_identification:_identify(src/ros_tutorials) by extensions ['colcon_meta']
[2.222s] Level 1:colcon.colcon_core.package_identification:_identify(src/ros_tutorials) by extension 'colcon_meta'
[2.222s] Level 1:colcon.colcon_core.package_identification:_identify(src/ros_tutorials) by extensions ['ros']
[2.222s] Level 1:colcon.colcon_core.package_identification:_identify(src/ros_tutorials) by extension 'ros'
[2.222s] Level 1:colcon.colcon_core.package_identification:_identify(src/ros_tutorials) by extensions ['cmake', 'python']
[2.222s] Level 1:colcon.colcon_core.package_identification:_identify(src/ros_tutorials) by extension 'cmake'
[2.222s] Level 1:colcon.colcon_core.package_identification:_identify(src/ros_tutorials) by extension 'python'
[2.222s] Level 1:colcon.colcon_core.package_identification:_identify(src/ros_tutorials) by extensions ['python_setup_py']
[2.222s] Level 1:colcon.colcon_core.package_identification:_identify(src/ros_tutorials) by extension 'python_setup_py'
[2.222s] Level 1:colcon.colcon_core.package_identification:_identify(src/ros_tutorials/ros_tutorials) by extensions ['ignore', 'ignore_ament_install']
[2.223s] Level 1:colcon.colcon_core.package_identification:_identify(src/ros_tutorials/ros_tutorials) by extension 'ignore'
[2.223s] Level 1:colcon.colcon_core.package_identification:_identify(src/ros_tutorials/ros_tutorials) ignored
[2.223s] Level 1:colcon.colcon_core.package_identification:_identify(src/ros_tutorials/roscpp_tutorials) by extensions ['ignore', 'ignore_ament_install']
[2.223s] Level 1:colcon.colcon_core.package_identification:_identify(src/ros_tutorials/roscpp_tutorials) by extension 'ignore'
[2.223s] Level 1:colcon.colcon_core.package_identification:_identify(src/ros_tutorials/roscpp_tutorials) ignored
[2.223s] Level 1:colcon.colcon_core.package_identification:_identify(src/ros_tutorials/rospy_tutorials) by extensions ['ignore', 'ignore_ament_install']
[2.223s] Level 1:colcon.colcon_core.package_identification:_identify(src/ros_tutorials/rospy_tutorials) by extension 'ignore'
[2.223s] Level 1:colcon.colcon_core.package_identification:_identify(src/ros_tutorials/rospy_tutorials) ignored
[2.224s] Level 1:colcon.colcon_core.package_identification:_identify(src/ros_tutorials/turtlesim) by extensions ['ignore', 'ignore_ament_install']
[2.224s] Level 1:colcon.colcon_core.package_identification:_identify(src/ros_tutorials/turtlesim) by extension 'ignore'
[2.224s] Level 1:colcon.colcon_core.package_identification:_identify(src/ros_tutorials/turtlesim) by extension 'ignore_ament_install'
[2.224s] Level 1:colcon.colcon_core.package_identification:_identify(src/ros_tutorials/turtlesim) by extensions ['colcon_pkg']
[2.224s] Level 1:colcon.colcon_core.package_identification:_identify(src/ros_tutorials/turtlesim) by extension 'colcon_pkg'
[2.224s] Level 1:colcon.colcon_core.package_identification:_identify(src/ros_tutorials/turtlesim) by extensions ['colcon_meta']
[2.224s] Level 1:colcon.colcon_core.package_identification:_identify(src/ros_tutorials/turtlesim) by extension 'colcon_meta'
[2.224s] Level 1:colcon.colcon_core.package_identification:_identify(src/ros_tutorials/turtlesim) by extensions ['ros']
[2.224s] Level 1:colcon.colcon_core.package_identification:_identify(src/ros_tutorials/turtlesim) by extension 'ros'
[2.227s] DEBUG:colcon.colcon_core.package_identification:Package 'src/ros_tutorials/turtlesim' with type 'ros.ament_cmake' and name 'turtlesim'
[2.227s] Level 1:colcon.colcon_core.package_identification:_identify(src/turtlebot3) by extensions ['ignore', 'ignore_ament_install']
[2.227s] Level 1:colcon.colcon_core.package_identification:_identify(src/turtlebot3) by extension 'ignore'
[2.228s] Level 1:colcon.colcon_core.package_identification:_identify(src/turtlebot3) by extension 'ignore_ament_install'
[2.228s] Level 1:colcon.colcon_core.package_identification:_identify(src/turtlebot3) by extensions ['colcon_pkg']
[2.228s] Level 1:colcon.colcon_core.package_identification:_identify(src/turtlebot3) by extension 'colcon_pkg'
[2.228s] Level 1:colcon.colcon_core.package_identification:_identify(src/turtlebot3) by extensions ['colcon_meta']
[2.228s] Level 1:colcon.colcon_core.package_identification:_identify(src/turtlebot3) by extension 'colcon_meta'
[2.228s] Level 1:colcon.colcon_core.package_identification:_identify(src/turtlebot3) by extensions ['ros']
[2.228s] Level 1:colcon.colcon_core.package_identification:_identify(src/turtlebot3) by extension 'ros'
[2.228s] Level 1:colcon.colcon_core.package_identification:_identify(src/turtlebot3) by extensions ['cmake', 'python']
[2.228s] Level 1:colcon.colcon_core.package_identification:_identify(src/turtlebot3) by extension 'cmake'
[2.228s] Level 1:colcon.colcon_core.package_identification:_identify(src/turtlebot3) by extension 'python'
[2.228s] Level 1:colcon.colcon_core.package_identification:_identify(src/turtlebot3) by extensions ['python_setup_py']
[2.228s] Level 1:colcon.colcon_core.package_identification:_identify(src/turtlebot3) by extension 'python_setup_py'
[2.229s] Level 1:colcon.colcon_core.package_identification:_identify(src/turtlebot3/turtlebot3) by extensions ['ignore', 'ignore_ament_install']
[2.229s] Level 1:colcon.colcon_core.package_identification:_identify(src/turtlebot3/turtlebot3) by extension 'ignore'
[2.229s] Level 1:colcon.colcon_core.package_identification:_identify(src/turtlebot3/turtlebot3) by extension 'ignore_ament_install'
[2.229s] Level 1:colcon.colcon_core.package_identification:_identify(src/turtlebot3/turtlebot3) by extensions ['colcon_pkg']
[2.229s] Level 1:colcon.colcon_core.package_identification:_identify(src/turtlebot3/turtlebot3) by extension 'colcon_pkg'
[2.229s] Level 1:colcon.colcon_core.package_identification:_identify(src/turtlebot3/turtlebot3) by extensions ['colcon_meta']
[2.229s] Level 1:colcon.colcon_core.package_identification:_identify(src/turtlebot3/turtlebot3) by extension 'colcon_meta'
[2.229s] Level 1:colcon.colcon_core.package_identification:_identify(src/turtlebot3/turtlebot3) by extensions ['ros']
[2.229s] Level 1:colcon.colcon_core.package_identification:_identify(src/turtlebot3/turtlebot3) by extension 'ros'
[2.230s] DEBUG:colcon.colcon_core.package_identification:Package 'src/turtlebot3/turtlebot3' with type 'ros.ament_cmake' and name 'turtlebot3'
[2.231s] Level 1:colcon.colcon_core.package_identification:_identify(src/turtlebot3/turtlebot3_bringup) by extensions ['ignore', 'ignore_ament_install']
[2.231s] Level 1:colcon.colcon_core.package_identification:_identify(src/turtlebot3/turtlebot3_bringup) by extension 'ignore'
[2.231s] Level 1:colcon.colcon_core.package_identification:_identify(src/turtlebot3/turtlebot3_bringup) by extension 'ignore_ament_install'
[2.231s] Level 1:colcon.colcon_core.package_identification:_identify(src/turtlebot3/turtlebot3_bringup) by extensions ['colcon_pkg']
[2.231s] Level 1:colcon.colcon_core.package_identification:_identify(src/turtlebot3/turtlebot3_bringup) by extension 'colcon_pkg'
[2.231s] Level 1:colcon.colcon_core.package_identification:_identify(src/turtlebot3/turtlebot3_bringup) by extensions ['colcon_meta']
[2.231s] Level 1:colcon.colcon_core.package_identification:_identify(src/turtlebot3/turtlebot3_bringup) by extension 'colcon_meta'
[2.231s] Level 1:colcon.colcon_core.package_identification:_identify(src/turtlebot3/turtlebot3_bringup) by extensions ['ros']
[2.231s] Level 1:colcon.colcon_core.package_identification:_identify(src/turtlebot3/turtlebot3_bringup) by extension 'ros'
[2.232s] DEBUG:colcon.colcon_core.package_identification:Package 'src/turtlebot3/turtlebot3_bringup' with type 'ros.ament_cmake' and name 'turtlebot3_bringup'
[2.233s] Level 1:colcon.colcon_core.package_identification:_identify(src/turtlebot3/turtlebot3_cartographer) by extensions ['ignore', 'ignore_ament_install']
[2.233s] Level 1:colcon.colcon_core.package_identification:_identify(src/turtlebot3/turtlebot3_cartographer) by extension 'ignore'
[2.233s] Level 1:colcon.colcon_core.package_identification:_identify(src/turtlebot3/turtlebot3_cartographer) by extension 'ignore_ament_install'
[2.233s] Level 1:colcon.colcon_core.package_identification:_identify(src/turtlebot3/turtlebot3_cartographer) by extensions ['colcon_pkg']
[2.233s] Level 1:colcon.colcon_core.package_identification:_identify(src/turtlebot3/turtlebot3_cartographer) by extension 'colcon_pkg'
[2.233s] Level 1:colcon.colcon_core.package_identification:_identify(src/turtlebot3/turtlebot3_cartographer) by extensions ['colcon_meta']
[2.233s] Level 1:colcon.colcon_core.package_identification:_identify(src/turtlebot3/turtlebot3_cartographer) by extension 'colcon_meta'
[2.233s] Level 1:colcon.colcon_core.package_identification:_identify(src/turtlebot3/turtlebot3_cartographer) by extensions ['ros']
[2.233s] Level 1:colcon.colcon_core.package_identification:_identify(src/turtlebot3/turtlebot3_cartographer) by extension 'ros'
[2.234s] DEBUG:colcon.colcon_core.package_identification:Package 'src/turtlebot3/turtlebot3_cartographer' with type 'ros.ament_cmake' and name 'turtlebot3_cartographer'
[2.235s] Level 1:colcon.colcon_core.package_identification:_identify(src/turtlebot3/turtlebot3_description) by extensions ['ignore', 'ignore_ament_install']
[2.235s] Level 1:colcon.colcon_core.package_identification:_identify(src/turtlebot3/turtlebot3_description) by extension 'ignore'
[2.235s] Level 1:colcon.colcon_core.package_identification:_identify(src/turtlebot3/turtlebot3_description) by extension 'ignore_ament_install'
[2.235s] Level 1:colcon.colcon_core.package_identification:_identify(src/turtlebot3/turtlebot3_description) by extensions ['colcon_pkg']
[2.235s] Level 1:colcon.colcon_core.package_identification:_identify(src/turtlebot3/turtlebot3_description) by extension 'colcon_pkg'
[2.235s] Level 1:colcon.colcon_core.package_identification:_identify(src/turtlebot3/turtlebot3_description) by extensions ['colcon_meta']
[2.235s] Level 1:colcon.colcon_core.package_identification:_identify(src/turtlebot3/turtlebot3_description) by extension 'colcon_meta'
[2.236s] Level 1:colcon.colcon_core.package_identification:_identify(src/turtlebot3/turtlebot3_description) by extensions ['ros']
[2.236s] Level 1:colcon.colcon_core.package_identification:_identify(src/turtlebot3/turtlebot3_description) by extension 'ros'
[2.237s] DEBUG:colcon.colcon_core.package_identification:Package 'src/turtlebot3/turtlebot3_description' with type 'ros.ament_cmake' and name 'turtlebot3_description'
[2.237s] Level 1:colcon.colcon_core.package_identification:_identify(src/turtlebot3/turtlebot3_example) by extensions ['ignore', 'ignore_ament_install']
[2.237s] Level 1:colcon.colcon_core.package_identification:_identify(src/turtlebot3/turtlebot3_example) by extension 'ignore'
[2.237s] Level 1:colcon.colcon_core.package_identification:_identify(src/turtlebot3/turtlebot3_example) by extension 'ignore_ament_install'
[2.238s] Level 1:colcon.colcon_core.package_identification:_identify(src/turtlebot3/turtlebot3_example) by extensions ['colcon_pkg']
[2.238s] Level 1:colcon.colcon_core.package_identification:_identify(src/turtlebot3/turtlebot3_example) by extension 'colcon_pkg'
[2.238s] Level 1:colcon.colcon_core.package_identification:_identify(src/turtlebot3/turtlebot3_example) by extensions ['colcon_meta']
[2.238s] Level 1:colcon.colcon_core.package_identification:_identify(src/turtlebot3/turtlebot3_example) by extension 'colcon_meta'
[2.238s] Level 1:colcon.colcon_core.package_identification:_identify(src/turtlebot3/turtlebot3_example) by extensions ['ros']
[2.238s] Level 1:colcon.colcon_core.package_identification:_identify(src/turtlebot3/turtlebot3_example) by extension 'ros'
[2.240s] DEBUG:colcon.colcon_core.package_identification:Package 'src/turtlebot3/turtlebot3_example' with type 'ros.ament_python' and name 'turtlebot3_example'
[2.240s] Level 1:colcon.colcon_core.package_identification:_identify(src/turtlebot3/turtlebot3_hardware) by extensions ['ignore', 'ignore_ament_install']
[2.240s] Level 1:colcon.colcon_core.package_identification:_identify(src/turtlebot3/turtlebot3_hardware) by extension 'ignore'
[2.240s] Level 1:colcon.colcon_core.package_identification:_identify(src/turtlebot3/turtlebot3_hardware) by extension 'ignore_ament_install'
[2.240s] Level 1:colcon.colcon_core.package_identification:_identify(src/turtlebot3/turtlebot3_hardware) by extensions ['colcon_pkg']
[2.240s] Level 1:colcon.colcon_core.package_identification:_identify(src/turtlebot3/turtlebot3_hardware) by extension 'colcon_pkg'
[2.241s] Level 1:colcon.colcon_core.package_identification:_identify(src/turtlebot3/turtlebot3_hardware) by extensions ['colcon_meta']
[2.241s] Level 1:colcon.colcon_core.package_identification:_identify(src/turtlebot3/turtlebot3_hardware) by extension 'colcon_meta'
[2.241s] Level 1:colcon.colcon_core.package_identification:_identify(src/turtlebot3/turtlebot3_hardware) by extensions ['ros']
[2.241s] Level 1:colcon.colcon_core.package_identification:_identify(src/turtlebot3/turtlebot3_hardware) by extension 'ros'
[2.242s] DEBUG:colcon.colcon_core.package_identification:Package 'src/turtlebot3/turtlebot3_hardware' with type 'ros.ament_cmake' and name 'turtlebot3_hardware'
[2.243s] Level 1:colcon.colcon_core.package_identification:_identify(src/turtlebot3/turtlebot3_msgs) by extensions ['ignore', 'ignore_ament_install']
[2.243s] Level 1:colcon.colcon_core.package_identification:_identify(src/turtlebot3/turtlebot3_msgs) by extension 'ignore'
[2.243s] Level 1:colcon.colcon_core.package_identification:_identify(src/turtlebot3/turtlebot3_msgs) by extension 'ignore_ament_install'
[2.243s] Level 1:colcon.colcon_core.package_identification:_identify(src/turtlebot3/turtlebot3_msgs) by extensions ['colcon_pkg']
[2.243s] Level 1:colcon.colcon_core.package_identification:_identify(src/turtlebot3/turtlebot3_msgs) by extension 'colcon_pkg'
[2.243s] Level 1:colcon.colcon_core.package_identification:_identify(src/turtlebot3/turtlebot3_msgs) by extensions ['colcon_meta']
[2.243s] Level 1:colcon.colcon_core.package_identification:_identify(src/turtlebot3/turtlebot3_msgs) by extension 'colcon_meta'
[2.243s] Level 1:colcon.colcon_core.package_identification:_identify(src/turtlebot3/turtlebot3_msgs) by extensions ['ros']
[2.243s] Level 1:colcon.colcon_core.package_identification:_identify(src/turtlebot3/turtlebot3_msgs) by extension 'ros'
[2.245s] DEBUG:colcon.colcon_core.package_identification:Package 'src/turtlebot3/turtlebot3_msgs' with type 'ros.ament_cmake' and name 'turtlebot3_msgs'
[2.245s] Level 1:colcon.colcon_core.package_identification:_identify(src/turtlebot3/turtlebot3_navigation2) by extensions ['ignore', 'ignore_ament_install']
[2.245s] Level 1:colcon.colcon_core.package_identification:_identify(src/turtlebot3/turtlebot3_navigation2) by extension 'ignore'
[2.245s] Level 1:colcon.colcon_core.package_identification:_identify(src/turtlebot3/turtlebot3_navigation2) by extension 'ignore_ament_install'
[2.246s] Level 1:colcon.colcon_core.package_identification:_identify(src/turtlebot3/turtlebot3_navigation2) by extensions ['colcon_pkg']
[2.246s] Level 1:colcon.colcon_core.package_identification:_identify(src/turtlebot3/turtlebot3_navigation2) by extension 'colcon_pkg'
[2.246s] Level 1:colcon.colcon_core.package_identification:_identify(src/turtlebot3/turtlebot3_navigation2) by extensions ['colcon_meta']
[2.246s] Level 1:colcon.colcon_core.package_identification:_identify(src/turtlebot3/turtlebot3_navigation2) by extension 'colcon_meta'
[2.246s] Level 1:colcon.colcon_core.package_identification:_identify(src/turtlebot3/turtlebot3_navigation2) by extensions ['ros']
[2.246s] Level 1:colcon.colcon_core.package_identification:_identify(src/turtlebot3/turtlebot3_navigation2) by extension 'ros'
[2.247s] DEBUG:colcon.colcon_core.package_identification:Package 'src/turtlebot3/turtlebot3_navigation2' with type 'ros.ament_cmake' and name 'turtlebot3_navigation2'
[2.247s] Level 1:colcon.colcon_core.package_identification:_identify(src/turtlebot3/turtlebot3_simulations) by extensions ['ignore', 'ignore_ament_install']
[2.247s] Level 1:colcon.colcon_core.package_identification:_identify(src/turtlebot3/turtlebot3_simulations) by extension 'ignore'
[2.247s] Level 1:colcon.colcon_core.package_identification:_identify(src/turtlebot3/turtlebot3_simulations) by extension 'ignore_ament_install'
[2.247s] Level 1:colcon.colcon_core.package_identification:_identify(src/turtlebot3/turtlebot3_simulations) by extensions ['colcon_pkg']
[2.248s] Level 1:colcon.colcon_core.package_identification:_identify(src/turtlebot3/turtlebot3_simulations) by extension 'colcon_pkg'
[2.248s] Level 1:colcon.colcon_core.package_identification:_identify(src/turtlebot3/turtlebot3_simulations) by extensions ['colcon_meta']
[2.248s] Level 1:colcon.colcon_core.package_identification:_identify(src/turtlebot3/turtlebot3_simulations) by extension 'colcon_meta'
[2.248s] Level 1:colcon.colcon_core.package_identification:_identify(src/turtlebot3/turtlebot3_simulations) by extensions ['ros']
[2.248s] Level 1:colcon.colcon_core.package_identification:_identify(src/turtlebot3/turtlebot3_simulations) by extension 'ros'
[2.248s] Level 1:colcon.colcon_core.package_identification:_identify(src/turtlebot3/turtlebot3_simulations) by extensions ['cmake', 'python']
[2.248s] Level 1:colcon.colcon_core.package_identification:_identify(src/turtlebot3/turtlebot3_simulations) by extension 'cmake'
[2.248s] Level 1:colcon.colcon_core.package_identification:_identify(src/turtlebot3/turtlebot3_simulations) by extension 'python'
[2.248s] Level 1:colcon.colcon_core.package_identification:_identify(src/turtlebot3/turtlebot3_simulations) by extensions ['python_setup_py']
[2.248s] Level 1:colcon.colcon_core.package_identification:_identify(src/turtlebot3/turtlebot3_simulations) by extension 'python_setup_py'
[2.249s] Level 1:colcon.colcon_core.package_identification:_identify(src/turtlebot3/turtlebot3_simulations/turtlebot3_fake_node) by extensions ['ignore', 'ignore_ament_install']
[2.249s] Level 1:colcon.colcon_core.package_identification:_identify(src/turtlebot3/turtlebot3_simulations/turtlebot3_fake_node) by extension 'ignore'
[2.249s] Level 1:colcon.colcon_core.package_identification:_identify(src/turtlebot3/turtlebot3_simulations/turtlebot3_fake_node) by extension 'ignore_ament_install'
[2.249s] Level 1:colcon.colcon_core.package_identification:_identify(src/turtlebot3/turtlebot3_simulations/turtlebot3_fake_node) by extensions ['colcon_pkg']
[2.249s] Level 1:colcon.colcon_core.package_identification:_identify(src/turtlebot3/turtlebot3_simulations/turtlebot3_fake_node) by extension 'colcon_pkg'
[2.249s] Level 1:colcon.colcon_core.package_identification:_identify(src/turtlebot3/turtlebot3_simulations/turtlebot3_fake_node) by extensions ['colcon_meta']
[2.249s] Level 1:colcon.colcon_core.package_identification:_identify(src/turtlebot3/turtlebot3_simulations/turtlebot3_fake_node) by extension 'colcon_meta'
[2.249s] Level 1:colcon.colcon_core.package_identification:_identify(src/turtlebot3/turtlebot3_simulations/turtlebot3_fake_node) by extensions ['ros']
[2.249s] Level 1:colcon.colcon_core.package_identification:_identify(src/turtlebot3/turtlebot3_simulations/turtlebot3_fake_node) by extension 'ros'
[2.252s] DEBUG:colcon.colcon_core.package_identification:Package 'src/turtlebot3/turtlebot3_simulations/turtlebot3_fake_node' with type 'ros.ament_cmake' and name 'turtlebot3_fake_node'
[2.252s] Level 1:colcon.colcon_core.package_identification:_identify(src/turtlebot3/turtlebot3_simulations/turtlebot3_gazebo) by extensions ['ignore', 'ignore_ament_install']
[2.252s] Level 1:colcon.colcon_core.package_identification:_identify(src/turtlebot3/turtlebot3_simulations/turtlebot3_gazebo) by extension 'ignore'
[2.252s] Level 1:colcon.colcon_core.package_identification:_identify(src/turtlebot3/turtlebot3_simulations/turtlebot3_gazebo) by extension 'ignore_ament_install'
[2.253s] Level 1:colcon.colcon_core.package_identification:_identify(src/turtlebot3/turtlebot3_simulations/turtlebot3_gazebo) by extensions ['colcon_pkg']
[2.253s] Level 1:colcon.colcon_core.package_identification:_identify(src/turtlebot3/turtlebot3_simulations/turtlebot3_gazebo) by extension 'colcon_pkg'
[2.253s] Level 1:colcon.colcon_core.package_identification:_identify(src/turtlebot3/turtlebot3_simulations/turtlebot3_gazebo) by extensions ['colcon_meta']
[2.253s] Level 1:colcon.colcon_core.package_identification:_identify(src/turtlebot3/turtlebot3_simulations/turtlebot3_gazebo) by extension 'colcon_meta'
[2.253s] Level 1:colcon.colcon_core.package_identification:_identify(src/turtlebot3/turtlebot3_simulations/turtlebot3_gazebo) by extensions ['ros']
[2.253s] Level 1:colcon.colcon_core.package_identification:_identify(src/turtlebot3/turtlebot3_simulations/turtlebot3_gazebo) by extension 'ros'
[2.255s] DEBUG:colcon.colcon_core.package_identification:Package 'src/turtlebot3/turtlebot3_simulations/turtlebot3_gazebo' with type 'ros.ament_cmake' and name 'turtlebot3_gazebo'
[2.255s] Level 1:colcon.colcon_core.package_identification:_identify(src/turtlebot3/turtlebot3_simulations/turtlebot3_simulations) by extensions ['ignore', 'ignore_ament_install']
[2.255s] Level 1:colcon.colcon_core.package_identification:_identify(src/turtlebot3/turtlebot3_simulations/turtlebot3_simulations) by extension 'ignore'
[2.256s] Level 1:colcon.colcon_core.package_identification:_identify(src/turtlebot3/turtlebot3_simulations/turtlebot3_simulations) by extension 'ignore_ament_install'
[2.256s] Level 1:colcon.colcon_core.package_identification:_identify(src/turtlebot3/turtlebot3_simulations/turtlebot3_simulations) by extensions ['colcon_pkg']
[2.256s] Level 1:colcon.colcon_core.package_identification:_identify(src/turtlebot3/turtlebot3_simulations/turtlebot3_simulations) by extension 'colcon_pkg'
[2.256s] Level 1:colcon.colcon_core.package_identification:_identify(src/turtlebot3/turtlebot3_simulations/turtlebot3_simulations) by extensions ['colcon_meta']
[2.256s] Level 1:colcon.colcon_core.package_identification:_identify(src/turtlebot3/turtlebot3_simulations/turtlebot3_simulations) by extension 'colcon_meta'
[2.256s] Level 1:colcon.colcon_core.package_identification:_identify(src/turtlebot3/turtlebot3_simulations/turtlebot3_simulations) by extensions ['ros']
[2.256s] Level 1:colcon.colcon_core.package_identification:_identify(src/turtlebot3/turtlebot3_simulations/turtlebot3_simulations) by extension 'ros'
[2.258s] DEBUG:colcon.colcon_core.package_identification:Package 'src/turtlebot3/turtlebot3_simulations/turtlebot3_simulations' with type 'ros.ament_cmake' and name 'turtlebot3_simulations'
[2.258s] Level 1:colcon.colcon_core.package_identification:_identify(src/turtlebot3/turtlebot3_teleop) by extensions ['ignore', 'ignore_ament_install']
[2.258s] Level 1:colcon.colcon_core.package_identification:_identify(src/turtlebot3/turtlebot3_teleop) by extension 'ignore'
[2.258s] Level 1:colcon.colcon_core.package_identification:_identify(src/turtlebot3/turtlebot3_teleop) by extension 'ignore_ament_install'
[2.258s] Level 1:colcon.colcon_core.package_identification:_identify(src/turtlebot3/turtlebot3_teleop) by extensions ['colcon_pkg']
[2.259s] Level 1:colcon.colcon_core.package_identification:_identify(src/turtlebot3/turtlebot3_teleop) by extension 'colcon_pkg'
[2.259s] Level 1:colcon.colcon_core.package_identification:_identify(src/turtlebot3/turtlebot3_teleop) by extensions ['colcon_meta']
[2.259s] Level 1:colcon.colcon_core.package_identification:_identify(src/turtlebot3/turtlebot3_teleop) by extension 'colcon_meta'
[2.259s] Level 1:colcon.colcon_core.package_identification:_identify(src/turtlebot3/turtlebot3_teleop) by extensions ['ros']
[2.259s] Level 1:colcon.colcon_core.package_identification:_identify(src/turtlebot3/turtlebot3_teleop) by extension 'ros'
[2.260s] DEBUG:colcon.colcon_core.package_identification:Package 'src/turtlebot3/turtlebot3_teleop' with type 'ros.ament_python' and name 'turtlebot3_teleop'
[2.260s] Level 1:colcon.colcon_core.package_identification:_identify(src/turtlebot3/utils) by extensions ['ignore', 'ignore_ament_install']
[2.260s] Level 1:colcon.colcon_core.package_identification:_identify(src/turtlebot3/utils) by extension 'ignore'
[2.260s] Level 1:colcon.colcon_core.package_identification:_identify(src/turtlebot3/utils) by extension 'ignore_ament_install'
[2.260s] Level 1:colcon.colcon_core.package_identification:_identify(src/turtlebot3/utils) by extensions ['colcon_pkg']
[2.260s] Level 1:colcon.colcon_core.package_identification:_identify(src/turtlebot3/utils) by extension 'colcon_pkg'
[2.261s] Level 1:colcon.colcon_core.package_identification:_identify(src/turtlebot3/utils) by extensions ['colcon_meta']
[2.261s] Level 1:colcon.colcon_core.package_identification:_identify(src/turtlebot3/utils) by extension 'colcon_meta'
[2.261s] Level 1:colcon.colcon_core.package_identification:_identify(src/turtlebot3/utils) by extensions ['ros']
[2.261s] Level 1:colcon.colcon_core.package_identification:_identify(src/turtlebot3/utils) by extension 'ros'
[2.261s] Level 1:colcon.colcon_core.package_identification:_identify(src/turtlebot3/utils) by extensions ['cmake', 'python']
[2.261s] Level 1:colcon.colcon_core.package_identification:_identify(src/turtlebot3/utils) by extension 'cmake'
[2.261s] Level 1:colcon.colcon_core.package_identification:_identify(src/turtlebot3/utils) by extension 'python'
[2.261s] Level 1:colcon.colcon_core.package_identification:_identify(src/turtlebot3/utils) by extensions ['python_setup_py']
[2.261s] Level 1:colcon.colcon_core.package_identification:_identify(src/turtlebot3/utils) by extension 'python_setup_py'
[2.261s] Level 1:colcon.colcon_core.package_identification:_identify(src/turtlebot3/utils/DynamixelSDK) by extensions ['ignore', 'ignore_ament_install']
[2.262s] Level 1:colcon.colcon_core.package_identification:_identify(src/turtlebot3/utils/DynamixelSDK) by extension 'ignore'
[2.262s] Level 1:colcon.colcon_core.package_identification:_identify(src/turtlebot3/utils/DynamixelSDK) by extension 'ignore_ament_install'
[2.262s] Level 1:colcon.colcon_core.package_identification:_identify(src/turtlebot3/utils/DynamixelSDK) by extensions ['colcon_pkg']
[2.262s] Level 1:colcon.colcon_core.package_identification:_identify(src/turtlebot3/utils/DynamixelSDK) by extension 'colcon_pkg'
[2.262s] Level 1:colcon.colcon_core.package_identification:_identify(src/turtlebot3/utils/DynamixelSDK) by extensions ['colcon_meta']
[2.262s] Level 1:colcon.colcon_core.package_identification:_identify(src/turtlebot3/utils/DynamixelSDK) by extension 'colcon_meta'
[2.262s] Level 1:colcon.colcon_core.package_identification:_identify(src/turtlebot3/utils/DynamixelSDK) by extensions ['ros']
[2.262s] Level 1:colcon.colcon_core.package_identification:_identify(src/turtlebot3/utils/DynamixelSDK) by extension 'ros'
[2.262s] Level 1:colcon.colcon_core.package_identification:_identify(src/turtlebot3/utils/DynamixelSDK) by extensions ['cmake', 'python']
[2.262s] Level 1:colcon.colcon_core.package_identification:_identify(src/turtlebot3/utils/DynamixelSDK) by extension 'cmake'
[2.262s] Level 1:colcon.colcon_core.package_identification:_identify(src/turtlebot3/utils/DynamixelSDK) by extension 'python'
[2.263s] Level 1:colcon.colcon_core.package_identification:_identify(src/turtlebot3/utils/DynamixelSDK) by extensions ['python_setup_py']
[2.263s] Level 1:colcon.colcon_core.package_identification:_identify(src/turtlebot3/utils/DynamixelSDK) by extension 'python_setup_py'
[2.263s] Level 1:colcon.colcon_core.package_identification:_identify(src/turtlebot3/utils/DynamixelSDK/dynamixel_sdk) by extensions ['ignore', 'ignore_ament_install']
[2.263s] Level 1:colcon.colcon_core.package_identification:_identify(src/turtlebot3/utils/DynamixelSDK/dynamixel_sdk) by extension 'ignore'
[2.263s] Level 1:colcon.colcon_core.package_identification:_identify(src/turtlebot3/utils/DynamixelSDK/dynamixel_sdk) by extension 'ignore_ament_install'
[2.263s] Level 1:colcon.colcon_core.package_identification:_identify(src/turtlebot3/utils/DynamixelSDK/dynamixel_sdk) by extensions ['colcon_pkg']
[2.263s] Level 1:colcon.colcon_core.package_identification:_identify(src/turtlebot3/utils/DynamixelSDK/dynamixel_sdk) by extension 'colcon_pkg'
[2.263s] Level 1:colcon.colcon_core.package_identification:_identify(src/turtlebot3/utils/DynamixelSDK/dynamixel_sdk) by extensions ['colcon_meta']
[2.263s] Level 1:colcon.colcon_core.package_identification:_identify(src/turtlebot3/utils/DynamixelSDK/dynamixel_sdk) by extension 'colcon_meta'
[2.264s] Level 1:colcon.colcon_core.package_identification:_identify(src/turtlebot3/utils/DynamixelSDK/dynamixel_sdk) by extensions ['ros']
[2.264s] Level 1:colcon.colcon_core.package_identification:_identify(src/turtlebot3/utils/DynamixelSDK/dynamixel_sdk) by extension 'ros'
[2.265s] DEBUG:colcon.colcon_core.package_identification:Package 'src/turtlebot3/utils/DynamixelSDK/dynamixel_sdk' with type 'ros.ament_cmake' and name 'dynamixel_sdk'
[2.265s] Level 1:colcon.colcon_core.package_identification:_identify(src/turtlebot3/utils/DynamixelSDK/dynamixel_sdk_custom_interfaces) by extensions ['ignore', 'ignore_ament_install']
[2.265s] Level 1:colcon.colcon_core.package_identification:_identify(src/turtlebot3/utils/DynamixelSDK/dynamixel_sdk_custom_interfaces) by extension 'ignore'
[2.266s] Level 1:colcon.colcon_core.package_identification:_identify(src/turtlebot3/utils/DynamixelSDK/dynamixel_sdk_custom_interfaces) by extension 'ignore_ament_install'
[2.266s] Level 1:colcon.colcon_core.package_identification:_identify(src/turtlebot3/utils/DynamixelSDK/dynamixel_sdk_custom_interfaces) by extensions ['colcon_pkg']
[2.266s] Level 1:colcon.colcon_core.package_identification:_identify(src/turtlebot3/utils/DynamixelSDK/dynamixel_sdk_custom_interfaces) by extension 'colcon_pkg'
[2.266s] Level 1:colcon.colcon_core.package_identification:_identify(src/turtlebot3/utils/DynamixelSDK/dynamixel_sdk_custom_interfaces) by extensions ['colcon_meta']
[2.266s] Level 1:colcon.colcon_core.package_identification:_identify(src/turtlebot3/utils/DynamixelSDK/dynamixel_sdk_custom_interfaces) by extension 'colcon_meta'
[2.266s] Level 1:colcon.colcon_core.package_identification:_identify(src/turtlebot3/utils/DynamixelSDK/dynamixel_sdk_custom_interfaces) by extensions ['ros']
[2.266s] Level 1:colcon.colcon_core.package_identification:_identify(src/turtlebot3/utils/DynamixelSDK/dynamixel_sdk_custom_interfaces) by extension 'ros'
[2.267s] DEBUG:colcon.colcon_core.package_identification:Package 'src/turtlebot3/utils/DynamixelSDK/dynamixel_sdk_custom_interfaces' with type 'ros.ament_cmake' and name 'dynamixel_sdk_custom_interfaces'
[2.268s] Level 1:colcon.colcon_core.package_identification:_identify(src/turtlebot3/utils/DynamixelSDK/dynamixel_sdk_examples) by extensions ['ignore', 'ignore_ament_install']
[2.268s] Level 1:colcon.colcon_core.package_identification:_identify(src/turtlebot3/utils/DynamixelSDK/dynamixel_sdk_examples) by extension 'ignore'
[2.268s] Level 1:colcon.colcon_core.package_identification:_identify(src/turtlebot3/utils/DynamixelSDK/dynamixel_sdk_examples) by extension 'ignore_ament_install'
[2.268s] Level 1:colcon.colcon_core.package_identification:_identify(src/turtlebot3/utils/DynamixelSDK/dynamixel_sdk_examples) by extensions ['colcon_pkg']
[2.268s] Level 1:colcon.colcon_core.package_identification:_identify(src/turtlebot3/utils/DynamixelSDK/dynamixel_sdk_examples) by extension 'colcon_pkg'
[2.268s] Level 1:colcon.colcon_core.package_identification:_identify(src/turtlebot3/utils/DynamixelSDK/dynamixel_sdk_examples) by extensions ['colcon_meta']
[2.268s] Level 1:colcon.colcon_core.package_identification:_identify(src/turtlebot3/utils/DynamixelSDK/dynamixel_sdk_examples) by extension 'colcon_meta'
[2.268s] Level 1:colcon.colcon_core.package_identification:_identify(src/turtlebot3/utils/DynamixelSDK/dynamixel_sdk_examples) by extensions ['ros']
[2.269s] Level 1:colcon.colcon_core.package_identification:_identify(src/turtlebot3/utils/DynamixelSDK/dynamixel_sdk_examples) by extension 'ros'
[2.270s] DEBUG:colcon.colcon_core.package_identification:Package 'src/turtlebot3/utils/DynamixelSDK/dynamixel_sdk_examples' with type 'ros.ament_cmake' and name 'dynamixel_sdk_examples'
[2.270s] Level 1:colcon.colcon_core.package_discovery:discover_packages(recursive) using defaults
[2.270s] Level 1:colcon.colcon_core.package_discovery:discover_packages(ignore) discover
[2.270s] Level 1:colcon.colcon_core.package_discovery:discover_packages(ignore) using defaults
[2.270s] Level 1:colcon.colcon_core.package_discovery:discover_packages(path) discover
[2.270s] Level 1:colcon.colcon_core.package_discovery:discover_packages(path) using defaults
[2.424s] INFO:colcon.colcon_core.package_selection:Skipping not selected package 'dynamixel_sdk' in 'src/turtlebot3/utils/DynamixelSDK/dynamixel_sdk'
[2.425s] INFO:colcon.colcon_core.package_selection:Skipping not selected package 'dynamixel_sdk_custom_interfaces' in 'src/turtlebot3/utils/DynamixelSDK/dynamixel_sdk_custom_interfaces'
[2.425s] INFO:colcon.colcon_core.package_selection:Skipping not selected package 'lab01_pkg' in 'src/lab01_pkg'
[2.425s] INFO:colcon.colcon_core.package_selection:Skipping not selected package 'lab02_interfaces' in 'src/lab02_interfaces'
[2.425s] INFO:colcon.colcon_core.package_selection:Skipping not selected package 'py_pubsub' in 'src/py_pubsub'
[2.425s] INFO:colcon.colcon_core.package_selection:Skipping not selected package 'turtlebot3_cartographer' in 'src/turtlebot3/turtlebot3_cartographer'
[2.425s] INFO:colcon.colcon_core.package_selection:Skipping not selected package 'turtlebot3_description' in 'src/turtlebot3/turtlebot3_description'
[2.425s] INFO:colcon.colcon_core.package_selection:Skipping not selected package 'turtlebot3_gazebo' in 'src/turtlebot3/turtlebot3_simulations/turtlebot3_gazebo'
[2.425s] INFO:colcon.colcon_core.package_selection:Skipping not selected package 'turtlebot3_msgs' in 'src/turtlebot3/turtlebot3_msgs'
[2.425s] INFO:colcon.colcon_core.package_selection:Skipping not selected package 'turtlebot3_navigation2' in 'src/turtlebot3/turtlebot3_navigation2'
[2.425s] INFO:colcon.colcon_core.package_selection:Skipping not selected package 'turtlebot3_teleop' in 'src/turtlebot3/turtlebot3_teleop'
[2.425s] INFO:colcon.colcon_core.package_selection:Skipping not selected package 'turtlesim' in 'src/ros_tutorials/turtlesim'
[2.425s] INFO:colcon.colcon_core.package_selection:Skipping not selected package 'dynamixel_sdk_examples' in 'src/turtlebot3/utils/DynamixelSDK/dynamixel_sdk_examples'
[2.425s] INFO:colcon.colcon_core.package_selection:Skipping not selected package 'turtlebot3_bringup' in 'src/turtlebot3/turtlebot3_bringup'
[2.425s] INFO:colcon.colcon_core.package_selection:Skipping not selected package 'turtlebot3_example' in 'src/turtlebot3/turtlebot3_example'
[2.425s] INFO:colcon.colcon_core.package_selection:Skipping not selected package 'turtlebot3_fake_node' in 'src/turtlebot3/turtlebot3_simulations/turtlebot3_fake_node'
[2.425s] INFO:colcon.colcon_core.package_selection:Skipping not selected package 'turtlebot3_hardware' in 'src/turtlebot3/turtlebot3_hardware'
[2.425s] INFO:colcon.colcon_core.package_selection:Skipping not selected package 'turtlebot3' in 'src/turtlebot3/turtlebot3'
[2.425s] INFO:colcon.colcon_core.package_selection:Skipping not selected package 'turtlebot3_simulations' in 'src/turtlebot3/turtlebot3_simulations/turtlebot3_simulations'
[2.500s] Level 1:colcon.colcon_core.package_discovery:discover_packages(prefix_path) check parameters
[2.500s] Level 1:colcon.colcon_core.package_discovery:discover_packages(prefix_path) discover
[2.573s] DEBUG:colcon.colcon_installed_package_information.package_discovery:Found 20 installed packages in /home/pederba/ros2_ws/install
[2.610s] DEBUG:colcon.colcon_installed_package_information.package_discovery:Found 373 installed packages in /opt/ros/humble
[2.613s] Level 1:colcon.colcon_core.package_discovery:discover_packages(prefix_path) using defaults
[2.826s] Level 5:colcon.colcon_core.verb:set package 'lab02_pkg' build argument 'cmake_args' from command line to 'None'
[2.827s] Level 5:colcon.colcon_core.verb:set package 'lab02_pkg' build argument 'cmake_target' from command line to 'None'
[2.827s] Level 5:colcon.colcon_core.verb:set package 'lab02_pkg' build argument 'cmake_target_skip_unavailable' from command line to 'False'
[2.827s] Level 5:colcon.colcon_core.verb:set package 'lab02_pkg' build argument 'cmake_clean_cache' from command line to 'False'
[2.827s] Level 5:colcon.colcon_core.verb:set package 'lab02_pkg' build argument 'cmake_clean_first' from command line to 'False'
[2.827s] Level 5:colcon.colcon_core.verb:set package 'lab02_pkg' build argument 'cmake_force_configure' from command line to 'False'
[2.827s] Level 5:colcon.colcon_core.verb:set package 'lab02_pkg' build argument 'ament_cmake_args' from command line to 'None'
[2.827s] Level 5:colcon.colcon_core.verb:set package 'lab02_pkg' build argument 'catkin_cmake_args' from command line to 'None'
[2.827s] Level 5:colcon.colcon_core.verb:set package 'lab02_pkg' build argument 'catkin_skip_building_tests' from command line to 'False'
[2.827s] DEBUG:colcon.colcon_core.verb:Building package 'lab02_pkg' with the following arguments: {'ament_cmake_args': None, 'build_base': '/home/pederba/ros2_ws/build/lab02_pkg', 'catkin_cmake_args': None, 'catkin_skip_building_tests': False, 'cmake_args': None, 'cmake_clean_cache': False, 'cmake_clean_first': False, 'cmake_force_configure': False, 'cmake_target': None, 'cmake_target_skip_unavailable': False, 'install_base': '/home/pederba/ros2_ws/install/lab02_pkg', 'merge_install': False, 'path': '/home/pederba/ros2_ws/src/lab02_pkg', 'symlink_install': False, 'test_result_base': None}
[2.860s] INFO:colcon.colcon_core.executor:Executing jobs using 'parallel' executor
[2.894s] DEBUG:colcon.colcon_parallel_executor.executor.parallel:run_until_complete
[2.894s] INFO:colcon.colcon_ros.task.ament_python.build:Building ROS package in '/home/pederba/ros2_ws/src/lab02_pkg' with build type 'ament_python'
[2.894s] Level 1:colcon.colcon_core.shell:create_environment_hook('lab02_pkg', 'ament_prefix_path')
[2.941s] INFO:colcon.colcon_core.plugin_system:Skipping extension 'colcon_core.shell.bat': Not used on non-Windows systems
[2.941s] INFO:colcon.colcon_core.shell:Creating environment hook '/home/pederba/ros2_ws/install/lab02_pkg/share/lab02_pkg/hook/ament_prefix_path.ps1'
[2.942s] INFO:colcon.colcon_core.shell:Creating environment descriptor '/home/pederba/ros2_ws/install/lab02_pkg/share/lab02_pkg/hook/ament_prefix_path.dsv'
[2.943s] INFO:colcon.colcon_core.shell:Creating environment hook '/home/pederba/ros2_ws/install/lab02_pkg/share/lab02_pkg/hook/ament_prefix_path.sh'
[2.980s] INFO:colcon.colcon_core.shell:Skip shell extension 'powershell' for command environment: Not usable outside of PowerShell
[2.981s] DEBUG:colcon.colcon_core.shell:Skip shell extension 'dsv' for command environment
[3.571s] INFO:colcon.colcon_core.task.python.build:Building Python package in '/home/pederba/ros2_ws/src/lab02_pkg'
[3.607s] INFO:colcon.colcon_core.shell:Skip shell extension 'powershell' for command environment: Not usable outside of PowerShell
[3.608s] DEBUG:colcon.colcon_core.shell:Skip shell extension 'dsv' for command environment
[4.947s] DEBUG:colcon.colcon_core.event_handler.log_command:Invoking command in '/home/pederba/ros2_ws/src/lab02_pkg': CMAKE_PREFIX_PATH=/home/pederba/ros2_ws/install/lab02_interfaces:/home/pederba/ros2_ws/install/turtlesim:/home/pederba/ros2_ws/install/turtlebot3:/home/pederba/ros2_ws/install/turtlebot3_simulations:/home/pederba/ros2_ws/install/turtlebot3_navigation2:/home/pederba/ros2_ws/install/turtlebot3_fake_node:/home/pederba/ros2_ws/install/turtlebot3_msgs:/home/pederba/ros2_ws/install/turtlebot3_hardware:/home/pederba/ros2_ws/install/turtlebot3_gazebo:/home/pederba/ros2_ws/install/turtlebot3_bringup:/home/pederba/ros2_ws/install/turtlebot3_description:/home/pederba/ros2_ws/install/turtlebot3_cartographer:/home/pederba/ros2_ws/install/dynamixel_sdk_examples:/home/pederba/ros2_ws/install/dynamixel_sdk_custom_interfaces:/home/pederba/ros2_ws/install/dynamixel_sdk LD_LIBRARY_PATH=/home/pederba/ros2_ws/install/lab02_interfaces/lib:/home/pederba/ros2_ws/install/turtlesim/lib:/home/pederba/ros2_ws/install/turtlebot3_msgs/lib:/home/pederba/ros2_ws/install/turtlebot3_hardware/lib:/home/pederba/ros2_ws/install/dynamixel_sdk_custom_interfaces/lib:/home/pederba/ros2_ws/install/dynamixel_sdk/lib:/usr/lib/x86_64-linux-gnu/gazebo-11/plugins:/opt/ros/humble/opt/rviz_ogre_vendor/lib:/opt/ros/humble/lib/x86_64-linux-gnu:/opt/ros/humble/lib PYTHONPATH=/home/pederba/ros2_ws/build/lab02_pkg/prefix_override:/home/pederba/ros2_ws/install/lab02_pkg/lib/python3.10/site-packages:${PYTHONPATH} /usr/bin/python3 setup.py egg_info --egg-base ../../build/lab02_pkg build --build-base /home/pederba/ros2_ws/build/lab02_pkg/build install --record /home/pederba/ros2_ws/build/lab02_pkg/install.log --single-version-externally-managed
[5.979s] DEBUG:colcon.colcon_core.event_handler.log_command:Invoked command in '/home/pederba/ros2_ws/src/lab02_pkg' returned '0': CMAKE_PREFIX_PATH=/home/pederba/ros2_ws/install/lab02_interfaces:/home/pederba/ros2_ws/install/turtlesim:/home/pederba/ros2_ws/install/turtlebot3:/home/pederba/ros2_ws/install/turtlebot3_simulations:/home/pederba/ros2_ws/install/turtlebot3_navigation2:/home/pederba/ros2_ws/install/turtlebot3_fake_node:/home/pederba/ros2_ws/install/turtlebot3_msgs:/home/pederba/ros2_ws/install/turtlebot3_hardware:/home/pederba/ros2_ws/install/turtlebot3_gazebo:/home/pederba/ros2_ws/install/turtlebot3_bringup:/home/pederba/ros2_ws/install/turtlebot3_description:/home/pederba/ros2_ws/install/turtlebot3_cartographer:/home/pederba/ros2_ws/install/dynamixel_sdk_examples:/home/pederba/ros2_ws/install/dynamixel_sdk_custom_interfaces:/home/pederba/ros2_ws/install/dynamixel_sdk LD_LIBRARY_PATH=/home/pederba/ros2_ws/install/lab02_interfaces/lib:/home/pederba/ros2_ws/install/turtlesim/lib:/home/pederba/ros2_ws/install/turtlebot3_msgs/lib:/home/pederba/ros2_ws/install/turtlebot3_hardware/lib:/home/pederba/ros2_ws/install/dynamixel_sdk_custom_interfaces/lib:/home/pederba/ros2_ws/install/dynamixel_sdk/lib:/usr/lib/x86_64-linux-gnu/gazebo-11/plugins:/opt/ros/humble/opt/rviz_ogre_vendor/lib:/opt/ros/humble/lib/x86_64-linux-gnu:/opt/ros/humble/lib PYTHONPATH=/home/pederba/ros2_ws/build/lab02_pkg/prefix_override:/home/pederba/ros2_ws/install/lab02_pkg/lib/python3.10/site-packages:${PYTHONPATH} /usr/bin/python3 setup.py egg_info --egg-base ../../build/lab02_pkg build --build-base /home/pederba/ros2_ws/build/lab02_pkg/build install --record /home/pederba/ros2_ws/build/lab02_pkg/install.log --single-version-externally-managed
[6.022s] Level 1:colcon.colcon_core.environment:checking '/home/pederba/ros2_ws/install/lab02_pkg' for CMake module files
[6.024s] Level 1:colcon.colcon_core.environment:checking '/home/pederba/ros2_ws/install/lab02_pkg' for CMake config files
[6.025s] Level 1:colcon.colcon_core.environment:checking '/home/pederba/ros2_ws/install/lab02_pkg/lib'
[6.026s] Level 1:colcon.colcon_core.environment:checking '/home/pederba/ros2_ws/install/lab02_pkg/bin'
[6.026s] Level 1:colcon.colcon_core.environment:checking '/home/pederba/ros2_ws/install/lab02_pkg/lib/pkgconfig/lab02_pkg.pc'
[6.027s] Level 1:colcon.colcon_core.environment:checking '/home/pederba/ros2_ws/install/lab02_pkg/lib/python3.10/site-packages'
[6.027s] Level 1:colcon.colcon_core.shell:create_environment_hook('lab02_pkg', 'pythonpath')
[6.061s] INFO:colcon.colcon_core.shell:Creating environment hook '/home/pederba/ros2_ws/install/lab02_pkg/share/lab02_pkg/hook/pythonpath.ps1'
[6.062s] INFO:colcon.colcon_core.shell:Creating environment descriptor '/home/pederba/ros2_ws/install/lab02_pkg/share/lab02_pkg/hook/pythonpath.dsv'
[6.063s] INFO:colcon.colcon_core.shell:Creating environment hook '/home/pederba/ros2_ws/install/lab02_pkg/share/lab02_pkg/hook/pythonpath.sh'
[6.064s] Level 1:colcon.colcon_core.environment:checking '/home/pederba/ros2_ws/install/lab02_pkg/bin'
[6.064s] Level 1:colcon.colcon_core.environment:create_environment_scripts_only(lab02_pkg)
[6.097s] INFO:colcon.colcon_core.shell:Creating package script '/home/pederba/ros2_ws/install/lab02_pkg/share/lab02_pkg/package.ps1'
[6.099s] INFO:colcon.colcon_core.shell:Creating package descriptor '/home/pederba/ros2_ws/install/lab02_pkg/share/lab02_pkg/package.dsv'
[6.100s] INFO:colcon.colcon_core.shell:Creating package script '/home/pederba/ros2_ws/install/lab02_pkg/share/lab02_pkg/package.sh'
[6.101s] INFO:colcon.colcon_core.shell:Creating package script '/home/pederba/ros2_ws/install/lab02_pkg/share/lab02_pkg/package.bash'
[6.102s] INFO:colcon.colcon_core.shell:Creating package script '/home/pederba/ros2_ws/install/lab02_pkg/share/lab02_pkg/package.zsh'
[6.103s] Level 1:colcon.colcon_core.environment:create_file_with_runtime_dependencies(/home/pederba/ros2_ws/install/lab02_pkg/share/colcon-core/packages/lab02_pkg)
[6.104s] DEBUG:colcon.colcon_parallel_executor.executor.parallel:closing loop
[6.104s] DEBUG:colcon.colcon_parallel_executor.executor.parallel:loop closed
[6.105s] DEBUG:colcon.colcon_parallel_executor.executor.parallel:run_until_complete finished with '0'
[6.105s] DEBUG:colcon.colcon_core.event_reactor:joining thread
[6.160s] INFO:colcon.colcon_core.plugin_system:Skipping extension 'colcon_notification.desktop_notification.terminal_notifier': Not used on non-Darwin systems
[6.160s] INFO:colcon.colcon_core.plugin_system:Skipping extension 'colcon_notification.desktop_notification.win32': Not used on non-Windows systems
[6.160s] INFO:colcon.colcon_notification.desktop_notification:Sending desktop notification using 'notify2'
[6.195s] DEBUG:colcon.colcon_core.event_reactor:joined thread
[6.243s] INFO:colcon.colcon_core.shell:Creating prefix script '/home/pederba/ros2_ws/install/local_setup.ps1'
[6.245s] INFO:colcon.colcon_core.shell:Creating prefix util module '/home/pederba/ros2_ws/install/_local_setup_util_ps1.py'
[6.247s] INFO:colcon.colcon_core.shell:Creating prefix chain script '/home/pederba/ros2_ws/install/setup.ps1'
[6.283s] INFO:colcon.colcon_core.shell:Creating prefix script '/home/pederba/ros2_ws/install/local_setup.sh'
[6.284s] INFO:colcon.colcon_core.shell:Creating prefix util module '/home/pederba/ros2_ws/install/_local_setup_util_sh.py'
[6.284s] INFO:colcon.colcon_core.shell:Creating prefix chain script '/home/pederba/ros2_ws/install/setup.sh'
[6.316s] INFO:colcon.colcon_core.shell:Creating prefix script '/home/pederba/ros2_ws/install/local_setup.bash'
[6.317s] INFO:colcon.colcon_core.shell:Creating prefix chain script '/home/pederba/ros2_ws/install/setup.bash'
[6.349s] INFO:colcon.colcon_core.shell:Creating prefix script '/home/pederba/ros2_ws/install/local_setup.zsh'
[6.350s] INFO:colcon.colcon_core.shell:Creating prefix chain script '/home/pederba/ros2_ws/install/setup.zsh'
