[6.100s] Invoking command in '/home/pederba/ros2_ws/src/lab01_pkg': PYTHONPATH=/home/pederba/ros2_ws/build/lab01_pkg/prefix_override:/home/pederba/ros2_ws/install/lab01_pkg/lib/python3.10/site-packages:${PYTHONPATH} /usr/bin/python3 setup.py egg_info --egg-base ../../build/lab01_pkg build --build-base /home/pederba/ros2_ws/build/lab01_pkg/build install --record /home/pederba/ros2_ws/build/lab01_pkg/install.log --single-version-externally-managed
[6.890s] running egg_info
[6.951s] writing ../../build/lab01_pkg/lab01_pkg.egg-info/PKG-INFO
[6.952s] writing dependency_links to ../../build/lab01_pkg/lab01_pkg.egg-info/dependency_links.txt
[6.953s] writing entry points to ../../build/lab01_pkg/lab01_pkg.egg-info/entry_points.txt
[6.953s] writing requirements to ../../build/lab01_pkg/lab01_pkg.egg-info/requires.txt
[6.954s] writing top-level names to ../../build/lab01_pkg/lab01_pkg.egg-info/top_level.txt
[7.108s] reading manifest file '../../build/lab01_pkg/lab01_pkg.egg-info/SOURCES.txt'
[7.111s] writing manifest file '../../build/lab01_pkg/lab01_pkg.egg-info/SOURCES.txt'
[7.113s] running build
[7.113s] running build_py
[7.114s] running install
[7.114s] /home/pederba/.local/lib/python3.10/site-packages/setuptools/_distutils/cmd.py:66: SetuptoolsDeprecationWarning: setup.py install is deprecated.
[7.115s] !!
[7.115s] 
[7.115s]         ********************************************************************************
[7.115s]         Please avoid running ``setup.py`` directly.
[7.115s]         Instead, use pypa/build, pypa/installer or other
[7.116s]         standards-based tools.
[7.116s] 
[7.116s]         See https://blog.ganssle.io/articles/2021/10/setup-py-deprecated.html for details.
[7.116s]         ********************************************************************************
[7.116s] 
[7.116s] !!
[7.117s]   self.initialize_options()
[7.135s] running install_lib
[7.207s] running install_data
[7.277s] running install_egg_info
[7.368s] removing '/home/pederba/ros2_ws/install/lab01_pkg/lib/python3.10/site-packages/lab01_pkg-0.0.0-py3.10.egg-info' (and everything under it)
[7.378s] Copying ../../build/lab01_pkg/lab01_pkg.egg-info to /home/pederba/ros2_ws/install/lab01_pkg/lib/python3.10/site-packages/lab01_pkg-0.0.0-py3.10.egg-info
[7.418s] running install_scripts
[7.968s] Installing controller script to /home/pederba/ros2_ws/install/lab01_pkg/lib/lab01_pkg
[7.970s] Installing controller_reset script to /home/pederba/ros2_ws/install/lab01_pkg/lib/lab01_pkg
[7.971s] Installing localization script to /home/pederba/ros2_ws/install/lab01_pkg/lib/lab01_pkg
[7.973s] Installing localization_reset script to /home/pederba/ros2_ws/install/lab01_pkg/lib/lab01_pkg
[7.975s] Installing reset script to /home/pederba/ros2_ws/install/lab01_pkg/lib/lab01_pkg
[7.977s] writing list of installed files to '/home/pederba/ros2_ws/build/lab01_pkg/install.log'
[8.720s] Invoked command in '/home/pederba/ros2_ws/src/lab01_pkg' returned '0': PYTHONPATH=/home/pederba/ros2_ws/build/lab01_pkg/prefix_override:/home/pederba/ros2_ws/install/lab01_pkg/lib/python3.10/site-packages:${PYTHONPATH} /usr/bin/python3 setup.py egg_info --egg-base ../../build/lab01_pkg build --build-base /home/pederba/ros2_ws/build/lab01_pkg/build install --record /home/pederba/ros2_ws/build/lab01_pkg/install.log --single-version-externally-managed
