[4.041s] Invoking command in '/home/pederba/ros2_ws/src/turtlebot3/turtlebot3_teleop': PYTHONPATH=/home/pederba/ros2_ws/build/turtlebot3_teleop/prefix_override:/home/pederba/ros2_ws/install/turtlebot3_teleop/lib/python3.10/site-packages:${PYTHONPATH} /usr/bin/python3 setup.py egg_info --egg-base ../../../build/turtlebot3_teleop build --build-base /home/pederba/ros2_ws/build/turtlebot3_teleop/build install --record /home/pederba/ros2_ws/build/turtlebot3_teleop/install.log --single-version-externally-managed
[4.772s] running egg_info
[4.774s] writing ../../../build/turtlebot3_teleop/turtlebot3_teleop.egg-info/PKG-INFO
[4.775s] writing dependency_links to ../../../build/turtlebot3_teleop/turtlebot3_teleop.egg-info/dependency_links.txt
[4.776s] writing entry points to ../../../build/turtlebot3_teleop/turtlebot3_teleop.egg-info/entry_points.txt
[4.777s] writing requirements to ../../../build/turtlebot3_teleop/turtlebot3_teleop.egg-info/requires.txt
[4.777s] writing top-level names to ../../../build/turtlebot3_teleop/turtlebot3_teleop.egg-info/top_level.txt
[4.777s] reading manifest file '../../../build/turtlebot3_teleop/turtlebot3_teleop.egg-info/SOURCES.txt'
[4.777s] writing manifest file '../../../build/turtlebot3_teleop/turtlebot3_teleop.egg-info/SOURCES.txt'
[4.777s] running build
[4.778s] running build_py
[4.778s] running install
[4.778s] running install_lib
[4.778s] /home/pederba/.local/lib/python3.10/site-packages/setuptools/_distutils/cmd.py:66: SetuptoolsDeprecationWarning: setup.py install is deprecated.
[4.778s] !!
[4.778s] 
[4.778s]         ********************************************************************************
[4.779s]         Please avoid running ``setup.py`` directly.
[4.779s]         Instead, use pypa/build, pypa/installer or other
[4.779s]         standards-based tools.
[4.779s] 
[4.779s]         See https://blog.ganssle.io/articles/2021/10/setup-py-deprecated.html for details.
[4.779s]         ********************************************************************************
[4.779s] 
[4.779s] !!
[4.780s]   self.initialize_options()
[4.786s] running install_data
[4.829s] running install_egg_info
[4.875s] removing '/home/pederba/ros2_ws/install/turtlebot3_teleop/lib/python3.10/site-packages/turtlebot3_teleop-2.1.5-py3.10.egg-info' (and everything under it)
[4.876s] Copying ../../../build/turtlebot3_teleop/turtlebot3_teleop.egg-info to /home/pederba/ros2_ws/install/turtlebot3_teleop/lib/python3.10/site-packages/turtlebot3_teleop-2.1.5-py3.10.egg-info
[4.878s] running install_scripts
[5.323s] Installing teleop_keyboard script to /home/pederba/ros2_ws/install/turtlebot3_teleop/lib/turtlebot3_teleop
[5.325s] writing list of installed files to '/home/pederba/ros2_ws/build/turtlebot3_teleop/install.log'
[6.281s] Invoked command in '/home/pederba/ros2_ws/src/turtlebot3/turtlebot3_teleop' returned '0': PYTHONPATH=/home/pederba/ros2_ws/build/turtlebot3_teleop/prefix_override:/home/pederba/ros2_ws/install/turtlebot3_teleop/lib/python3.10/site-packages:${PYTHONPATH} /usr/bin/python3 setup.py egg_info --egg-base ../../../build/turtlebot3_teleop build --build-base /home/pederba/ros2_ws/build/turtlebot3_teleop/build install --record /home/pederba/ros2_ws/build/turtlebot3_teleop/install.log --single-version-externally-managed
