[1.112s] Invoking command in '/home/pederba/ros2_ws/src/lab01_pkg': PYTHONPATH=/home/pederba/ros2_ws/build/lab01_pkg/prefix_override:/home/pederba/ros2_ws/install/lab01_pkg/lib/python3.10/site-packages:${PYTHONPATH} /usr/bin/python3 setup.py egg_info --egg-base ../../build/lab01_pkg build --build-base /home/pederba/ros2_ws/build/lab01_pkg/build install --record /home/pederba/ros2_ws/build/lab01_pkg/install.log --single-version-externally-managed
[1.368s] running egg_info
[1.386s] writing ../../build/lab01_pkg/lab01_pkg.egg-info/PKG-INFO
[1.386s] writing dependency_links to ../../build/lab01_pkg/lab01_pkg.egg-info/dependency_links.txt
[1.387s] writing entry points to ../../build/lab01_pkg/lab01_pkg.egg-info/entry_points.txt
[1.387s] writing requirements to ../../build/lab01_pkg/lab01_pkg.egg-info/requires.txt
[1.387s] writing top-level names to ../../build/lab01_pkg/lab01_pkg.egg-info/top_level.txt
[1.424s] reading manifest file '../../build/lab01_pkg/lab01_pkg.egg-info/SOURCES.txt'
[1.426s] writing manifest file '../../build/lab01_pkg/lab01_pkg.egg-info/SOURCES.txt'
[1.426s] running build
[1.426s] running build_py
[1.426s] copying lab01_pkg/reset.py -> /home/pederba/ros2_ws/build/lab01_pkg/build/lib/lab01_pkg
[1.427s] running install
[1.427s] /home/pederba/.local/lib/python3.10/site-packages/setuptools/_distutils/cmd.py:66: SetuptoolsDeprecationWarning: setup.py install is deprecated.
[1.427s] !!
[1.428s] 
[1.428s]         ********************************************************************************
[1.428s]         Please avoid running ``setup.py`` directly.
[1.428s]         Instead, use pypa/build, pypa/installer or other
[1.429s]         standards-based tools.
[1.429s] 
[1.429s]         See https://blog.ganssle.io/articles/2021/10/setup-py-deprecated.html for details.
[1.429s]         ********************************************************************************
[1.429s] 
[1.430s] !!
[1.430s]   self.initialize_options()
[1.434s] running install_lib
[1.454s] copying /home/pederba/ros2_ws/build/lab01_pkg/build/lib/lab01_pkg/reset.py -> /home/pederba/ros2_ws/install/lab01_pkg/lib/python3.10/site-packages/lab01_pkg
[1.455s] byte-compiling /home/pederba/ros2_ws/install/lab01_pkg/lib/python3.10/site-packages/lab01_pkg/reset.py to reset.cpython-310.pyc
[1.456s] running install_data
[1.475s] running install_egg_info
[1.495s] removing '/home/pederba/ros2_ws/install/lab01_pkg/lib/python3.10/site-packages/lab01_pkg-0.0.0-py3.10.egg-info' (and everything under it)
[1.495s] Copying ../../build/lab01_pkg/lab01_pkg.egg-info to /home/pederba/ros2_ws/install/lab01_pkg/lib/python3.10/site-packages/lab01_pkg-0.0.0-py3.10.egg-info
[1.496s] running install_scripts
[1.680s] Installing controller script to /home/pederba/ros2_ws/install/lab01_pkg/lib/lab01_pkg
[1.680s] Installing controller_reset script to /home/pederba/ros2_ws/install/lab01_pkg/lib/lab01_pkg
[1.680s] Installing localization script to /home/pederba/ros2_ws/install/lab01_pkg/lib/lab01_pkg
[1.681s] Installing localization_reset script to /home/pederba/ros2_ws/install/lab01_pkg/lib/lab01_pkg
[1.681s] Installing reset script to /home/pederba/ros2_ws/install/lab01_pkg/lib/lab01_pkg
[1.681s] writing list of installed files to '/home/pederba/ros2_ws/build/lab01_pkg/install.log'
[1.727s] Invoked command in '/home/pederba/ros2_ws/src/lab01_pkg' returned '0': PYTHONPATH=/home/pederba/ros2_ws/build/lab01_pkg/prefix_override:/home/pederba/ros2_ws/install/lab01_pkg/lib/python3.10/site-packages:${PYTHONPATH} /usr/bin/python3 setup.py egg_info --egg-base ../../build/lab01_pkg build --build-base /home/pederba/ros2_ws/build/lab01_pkg/build install --record /home/pederba/ros2_ws/build/lab01_pkg/install.log --single-version-externally-managed
