[0.654s] Invoking command in '/home/pederba/ros2_ws/build/turtlebot3_hardware': CMAKE_PREFIX_PATH=/home/pederba/ros2_ws/install/dynamixel_sdk:/home/pederba/ros2_ws/install/turtlesim:/home/pederba/ros2_ws/install/turtlebot3:/home/pederba/ros2_ws/install/turtlebot3_simulations:/home/pederba/ros2_ws/install/turtlebot3_navigation2:/home/pederba/ros2_ws/install/turtlebot3_fake_node:/home/pederba/ros2_ws/install/turtlebot3_msgs:/home/pederba/ros2_ws/install/turtlebot3_hardware:/home/pederba/ros2_ws/install/turtlebot3_gazebo:/home/pederba/ros2_ws/install/turtlebot3_bringup:/home/pederba/ros2_ws/install/turtlebot3_description:/home/pederba/ros2_ws/install/turtlebot3_cartographer:/home/pederba/ros2_ws/install/lab02_interfaces:/home/pederba/ros2_ws/install/dynamixel_sdk_examples:/home/pederba/ros2_ws/install/dynamixel_sdk_custom_interfaces:/home/pederba/ros2_ws/install/turtlebot3_teleop:/home/pederba/ros2_ws/install/turtlebot3_example:/home/pederba/ros2_ws/install/py_pubsub:/home/pederba/ros2_ws/install/lab02_pkg:/home/pederba/ros2_ws/install/lab01_pkg:/opt/ros/humble LD_LIBRARY_PATH=/home/pederba/ros2_ws/install/dynamixel_sdk/lib:/home/pederba/ros2_ws/install/turtlesim/lib:/home/pederba/ros2_ws/install/turtlebot3_msgs/lib:/home/pederba/ros2_ws/install/turtlebot3_hardware/lib:/home/pederba/ros2_ws/install/lab02_interfaces/lib:/home/pederba/ros2_ws/install/dynamixel_sdk_custom_interfaces/lib:/usr/lib/x86_64-linux-gnu/gazebo-11/plugins:/opt/ros/humble/opt/rviz_ogre_vendor/lib:/opt/ros/humble/lib/x86_64-linux-gnu:/opt/ros/humble/lib /usr/bin/cmake --build /home/pederba/ros2_ws/build/turtlebot3_hardware -- -j8 -l8
[1.202s] [100%] Built target turtlebot3_hardware
[1.671s] Invoked command in '/home/pederba/ros2_ws/build/turtlebot3_hardware' returned '0': CMAKE_PREFIX_PATH=/home/pederba/ros2_ws/install/dynamixel_sdk:/home/pederba/ros2_ws/install/turtlesim:/home/pederba/ros2_ws/install/turtlebot3:/home/pederba/ros2_ws/install/turtlebot3_simulations:/home/pederba/ros2_ws/install/turtlebot3_navigation2:/home/pederba/ros2_ws/install/turtlebot3_fake_node:/home/pederba/ros2_ws/install/turtlebot3_msgs:/home/pederba/ros2_ws/install/turtlebot3_hardware:/home/pederba/ros2_ws/install/turtlebot3_gazebo:/home/pederba/ros2_ws/install/turtlebot3_bringup:/home/pederba/ros2_ws/install/turtlebot3_description:/home/pederba/ros2_ws/install/turtlebot3_cartographer:/home/pederba/ros2_ws/install/lab02_interfaces:/home/pederba/ros2_ws/install/dynamixel_sdk_examples:/home/pederba/ros2_ws/install/dynamixel_sdk_custom_interfaces:/home/pederba/ros2_ws/install/turtlebot3_teleop:/home/pederba/ros2_ws/install/turtlebot3_example:/home/pederba/ros2_ws/install/py_pubsub:/home/pederba/ros2_ws/install/lab02_pkg:/home/pederba/ros2_ws/install/lab01_pkg:/opt/ros/humble LD_LIBRARY_PATH=/home/pederba/ros2_ws/install/dynamixel_sdk/lib:/home/pederba/ros2_ws/install/turtlesim/lib:/home/pederba/ros2_ws/install/turtlebot3_msgs/lib:/home/pederba/ros2_ws/install/turtlebot3_hardware/lib:/home/pederba/ros2_ws/install/lab02_interfaces/lib:/home/pederba/ros2_ws/install/dynamixel_sdk_custom_interfaces/lib:/usr/lib/x86_64-linux-gnu/gazebo-11/plugins:/opt/ros/humble/opt/rviz_ogre_vendor/lib:/opt/ros/humble/lib/x86_64-linux-gnu:/opt/ros/humble/lib /usr/bin/cmake --build /home/pederba/ros2_ws/build/turtlebot3_hardware -- -j8 -l8
[3.031s] Invoking command in '/home/pederba/ros2_ws/build/turtlebot3_hardware': CMAKE_PREFIX_PATH=/home/pederba/ros2_ws/install/dynamixel_sdk:/home/pederba/ros2_ws/install/turtlesim:/home/pederba/ros2_ws/install/turtlebot3:/home/pederba/ros2_ws/install/turtlebot3_simulations:/home/pederba/ros2_ws/install/turtlebot3_navigation2:/home/pederba/ros2_ws/install/turtlebot3_fake_node:/home/pederba/ros2_ws/install/turtlebot3_msgs:/home/pederba/ros2_ws/install/turtlebot3_hardware:/home/pederba/ros2_ws/install/turtlebot3_gazebo:/home/pederba/ros2_ws/install/turtlebot3_bringup:/home/pederba/ros2_ws/install/turtlebot3_description:/home/pederba/ros2_ws/install/turtlebot3_cartographer:/home/pederba/ros2_ws/install/lab02_interfaces:/home/pederba/ros2_ws/install/dynamixel_sdk_examples:/home/pederba/ros2_ws/install/dynamixel_sdk_custom_interfaces:/home/pederba/ros2_ws/install/turtlebot3_teleop:/home/pederba/ros2_ws/install/turtlebot3_example:/home/pederba/ros2_ws/install/py_pubsub:/home/pederba/ros2_ws/install/lab02_pkg:/home/pederba/ros2_ws/install/lab01_pkg:/opt/ros/humble LD_LIBRARY_PATH=/home/pederba/ros2_ws/install/dynamixel_sdk/lib:/home/pederba/ros2_ws/install/turtlesim/lib:/home/pederba/ros2_ws/install/turtlebot3_msgs/lib:/home/pederba/ros2_ws/install/turtlebot3_hardware/lib:/home/pederba/ros2_ws/install/lab02_interfaces/lib:/home/pederba/ros2_ws/install/dynamixel_sdk_custom_interfaces/lib:/usr/lib/x86_64-linux-gnu/gazebo-11/plugins:/opt/ros/humble/opt/rviz_ogre_vendor/lib:/opt/ros/humble/lib/x86_64-linux-gnu:/opt/ros/humble/lib /usr/bin/cmake --install /home/pederba/ros2_ws/build/turtlebot3_hardware
[3.857s] -- Install configuration: ""
[3.859s] -- Up-to-date: /home/pederba/ros2_ws/install/turtlebot3_hardware/share/turtlebot3_hardware/turtlebot3_hardware.xml
[3.859s] -- Up-to-date: /home/pederba/ros2_ws/install/turtlebot3_hardware/include
[3.860s] -- Up-to-date: /home/pederba/ros2_ws/install/turtlebot3_hardware/include/turtlebot3_hardware
[3.860s] -- Up-to-date: /home/pederba/ros2_ws/install/turtlebot3_hardware/include/turtlebot3_hardware/opencr_definitions.hpp
[3.860s] -- Up-to-date: /home/pederba/ros2_ws/install/turtlebot3_hardware/include/turtlebot3_hardware/turtlebot3_system.hpp
[3.860s] -- Up-to-date: /home/pederba/ros2_ws/install/turtlebot3_hardware/include/turtlebot3_hardware/opencr.hpp
[3.860s] -- Up-to-date: /home/pederba/ros2_ws/install/turtlebot3_hardware/include/turtlebot3_hardware/visibility_control.h
[3.861s] -- Up-to-date: /home/pederba/ros2_ws/install/turtlebot3_hardware/include/turtlebot3_hardware/opencr_control_table.hpp
[3.861s] -- Up-to-date: /home/pederba/ros2_ws/install/turtlebot3_hardware/include/turtlebot3_hardware/dynamixel_sdk_wrapper.hpp
[3.861s] -- Up-to-date: /home/pederba/ros2_ws/install/turtlebot3_hardware/lib/libturtlebot3_hardware.so
[3.861s] -- Up-to-date: /home/pederba/ros2_ws/install/turtlebot3_hardware/share/turtlebot3_hardware/environment/library_path.sh
[3.861s] -- Up-to-date: /home/pederba/ros2_ws/install/turtlebot3_hardware/share/turtlebot3_hardware/environment/library_path.dsv
[3.864s] -- Up-to-date: /home/pederba/ros2_ws/install/turtlebot3_hardware/share/ament_index/resource_index/package_run_dependencies/turtlebot3_hardware
[3.865s] -- Up-to-date: /home/pederba/ros2_ws/install/turtlebot3_hardware/share/ament_index/resource_index/parent_prefix_path/turtlebot3_hardware
[3.866s] -- Up-to-date: /home/pederba/ros2_ws/install/turtlebot3_hardware/share/turtlebot3_hardware/environment/ament_prefix_path.sh
[3.867s] -- Up-to-date: /home/pederba/ros2_ws/install/turtlebot3_hardware/share/turtlebot3_hardware/environment/ament_prefix_path.dsv
[3.868s] -- Up-to-date: /home/pederba/ros2_ws/install/turtlebot3_hardware/share/turtlebot3_hardware/environment/path.sh
[3.868s] -- Up-to-date: /home/pederba/ros2_ws/install/turtlebot3_hardware/share/turtlebot3_hardware/environment/path.dsv
[3.869s] -- Up-to-date: /home/pederba/ros2_ws/install/turtlebot3_hardware/share/turtlebot3_hardware/local_setup.bash
[3.870s] -- Up-to-date: /home/pederba/ros2_ws/install/turtlebot3_hardware/share/turtlebot3_hardware/local_setup.sh
[3.870s] -- Up-to-date: /home/pederba/ros2_ws/install/turtlebot3_hardware/share/turtlebot3_hardware/local_setup.zsh
[3.871s] -- Up-to-date: /home/pederba/ros2_ws/install/turtlebot3_hardware/share/turtlebot3_hardware/local_setup.dsv
[3.872s] -- Installing: /home/pederba/ros2_ws/install/turtlebot3_hardware/share/turtlebot3_hardware/package.dsv
[3.872s] -- Up-to-date: /home/pederba/ros2_ws/install/turtlebot3_hardware/share/ament_index/resource_index/packages/turtlebot3_hardware
[3.873s] -- Up-to-date: /home/pederba/ros2_ws/install/turtlebot3_hardware/share/ament_index/resource_index/hardware_interface__pluginlib__plugin/turtlebot3_hardware
[3.873s] -- Up-to-date: /home/pederba/ros2_ws/install/turtlebot3_hardware/share/turtlebot3_hardware/cmake/ament_cmake_export_include_directories-extras.cmake
[3.874s] -- Up-to-date: /home/pederba/ros2_ws/install/turtlebot3_hardware/share/turtlebot3_hardware/cmake/ament_cmake_export_libraries-extras.cmake
[3.875s] -- Up-to-date: /home/pederba/ros2_ws/install/turtlebot3_hardware/share/turtlebot3_hardware/cmake/ament_cmake_export_dependencies-extras.cmake
[3.876s] -- Up-to-date: /home/pederba/ros2_ws/install/turtlebot3_hardware/share/turtlebot3_hardware/cmake/turtlebot3_hardwareConfig.cmake
[3.877s] -- Up-to-date: /home/pederba/ros2_ws/install/turtlebot3_hardware/share/turtlebot3_hardware/cmake/turtlebot3_hardwareConfig-version.cmake
[3.878s] -- Up-to-date: /home/pederba/ros2_ws/install/turtlebot3_hardware/share/turtlebot3_hardware/package.xml
[4.093s] Invoked command in '/home/pederba/ros2_ws/build/turtlebot3_hardware' returned '0': CMAKE_PREFIX_PATH=/home/pederba/ros2_ws/install/dynamixel_sdk:/home/pederba/ros2_ws/install/turtlesim:/home/pederba/ros2_ws/install/turtlebot3:/home/pederba/ros2_ws/install/turtlebot3_simulations:/home/pederba/ros2_ws/install/turtlebot3_navigation2:/home/pederba/ros2_ws/install/turtlebot3_fake_node:/home/pederba/ros2_ws/install/turtlebot3_msgs:/home/pederba/ros2_ws/install/turtlebot3_hardware:/home/pederba/ros2_ws/install/turtlebot3_gazebo:/home/pederba/ros2_ws/install/turtlebot3_bringup:/home/pederba/ros2_ws/install/turtlebot3_description:/home/pederba/ros2_ws/install/turtlebot3_cartographer:/home/pederba/ros2_ws/install/lab02_interfaces:/home/pederba/ros2_ws/install/dynamixel_sdk_examples:/home/pederba/ros2_ws/install/dynamixel_sdk_custom_interfaces:/home/pederba/ros2_ws/install/turtlebot3_teleop:/home/pederba/ros2_ws/install/turtlebot3_example:/home/pederba/ros2_ws/install/py_pubsub:/home/pederba/ros2_ws/install/lab02_pkg:/home/pederba/ros2_ws/install/lab01_pkg:/opt/ros/humble LD_LIBRARY_PATH=/home/pederba/ros2_ws/install/dynamixel_sdk/lib:/home/pederba/ros2_ws/install/turtlesim/lib:/home/pederba/ros2_ws/install/turtlebot3_msgs/lib:/home/pederba/ros2_ws/install/turtlebot3_hardware/lib:/home/pederba/ros2_ws/install/lab02_interfaces/lib:/home/pederba/ros2_ws/install/dynamixel_sdk_custom_interfaces/lib:/usr/lib/x86_64-linux-gnu/gazebo-11/plugins:/opt/ros/humble/opt/rviz_ogre_vendor/lib:/opt/ros/humble/lib/x86_64-linux-gnu:/opt/ros/humble/lib /usr/bin/cmake --install /home/pederba/ros2_ws/build/turtlebot3_hardware
