[1.479s] Invoking command in '/home/pederba/ros2_ws/src/lab03_pkg': PYTHONPATH=/home/pederba/ros2_ws/build/lab03_pkg/prefix_override:/home/pederba/ros2_ws/install/lab03_pkg/lib/python3.10/site-packages:${PYTHONPATH} /usr/bin/python3 setup.py egg_info --egg-base ../../build/lab03_pkg build --build-base /home/pederba/ros2_ws/build/lab03_pkg/build install --record /home/pederba/ros2_ws/build/lab03_pkg/install.log --single-version-externally-managed
[1.837s] running egg_info
[1.862s] writing ../../build/lab03_pkg/lab03_pkg.egg-info/PKG-INFO
[1.863s] writing dependency_links to ../../build/lab03_pkg/lab03_pkg.egg-info/dependency_links.txt
[1.863s] writing entry points to ../../build/lab03_pkg/lab03_pkg.egg-info/entry_points.txt
[1.864s] writing requirements to ../../build/lab03_pkg/lab03_pkg.egg-info/requires.txt
[1.864s] writing top-level names to ../../build/lab03_pkg/lab03_pkg.egg-info/top_level.txt
[1.916s] reading manifest file '../../build/lab03_pkg/lab03_pkg.egg-info/SOURCES.txt'
[1.917s] writing manifest file '../../build/lab03_pkg/lab03_pkg.egg-info/SOURCES.txt'
[1.918s] running build
[1.918s] running build_py
[1.918s] copying lab03_pkg/controller.py -> /home/pederba/ros2_ws/build/lab03_pkg/build/lib/lab03_pkg
[1.918s] running install
[1.919s] /home/pederba/.local/lib/python3.10/site-packages/setuptools/_distutils/cmd.py:66: SetuptoolsDeprecationWarning: setup.py install is deprecated.
[1.919s] !!
[1.919s] 
[1.920s]         ********************************************************************************
[1.920s]         Please avoid running ``setup.py`` directly.
[1.920s]         Instead, use pypa/build, pypa/installer or other
[1.920s]         standards-based tools.
[1.921s] 
[1.921s]         See https://blog.ganssle.io/articles/2021/10/setup-py-deprecated.html for details.
[1.921s]         ********************************************************************************
[1.921s] 
[1.921s] !!
[1.922s]   self.initialize_options()
[1.929s] running install_lib
[1.954s] copying /home/pederba/ros2_ws/build/lab03_pkg/build/lib/lab03_pkg/controller.py -> /home/pederba/ros2_ws/install/lab03_pkg/lib/python3.10/site-packages/lab03_pkg
[1.955s] byte-compiling /home/pederba/ros2_ws/install/lab03_pkg/lib/python3.10/site-packages/lab03_pkg/controller.py to controller.cpython-310.pyc
[1.957s] running install_data
[1.980s] copying launch/controller.launch.py -> /home/pederba/ros2_ws/install/lab03_pkg/share/lab03_pkg/launch
[1.981s] copying config/controller_params.yaml -> /home/pederba/ros2_ws/install/lab03_pkg/share/lab03_pkg/config
[1.981s] running install_egg_info
[2.006s] removing '/home/pederba/ros2_ws/install/lab03_pkg/lib/python3.10/site-packages/lab03_pkg-0.0.0-py3.10.egg-info' (and everything under it)
[2.007s] Copying ../../build/lab03_pkg/lab03_pkg.egg-info to /home/pederba/ros2_ws/install/lab03_pkg/lib/python3.10/site-packages/lab03_pkg-0.0.0-py3.10.egg-info
[2.008s] running install_scripts
[2.242s] Installing controller script to /home/pederba/ros2_ws/install/lab03_pkg/lib/lab03_pkg
[2.243s] writing list of installed files to '/home/pederba/ros2_ws/build/lab03_pkg/install.log'
[2.299s] Invoked command in '/home/pederba/ros2_ws/src/lab03_pkg' returned '0': PYTHONPATH=/home/pederba/ros2_ws/build/lab03_pkg/prefix_override:/home/pederba/ros2_ws/install/lab03_pkg/lib/python3.10/site-packages:${PYTHONPATH} /usr/bin/python3 setup.py egg_info --egg-base ../../build/lab03_pkg build --build-base /home/pederba/ros2_ws/build/lab03_pkg/build install --record /home/pederba/ros2_ws/build/lab03_pkg/install.log --single-version-externally-managed
