[5.444s] Invoking command in '/home/pederba/ros2_ws/src/py_pubsub': PYTHONPATH=/home/pederba/ros2_ws/build/py_pubsub/prefix_override:/home/pederba/ros2_ws/install/py_pubsub/lib/python3.10/site-packages:${PYTHONPATH} /usr/bin/python3 setup.py egg_info --egg-base ../../build/py_pubsub build --build-base /home/pederba/ros2_ws/build/py_pubsub/build install --record /home/pederba/ros2_ws/build/py_pubsub/install.log --single-version-externally-managed
[6.147s] running egg_info
[6.201s] writing ../../build/py_pubsub/py_pubsub.egg-info/PKG-INFO
[6.203s] writing dependency_links to ../../build/py_pubsub/py_pubsub.egg-info/dependency_links.txt
[6.204s] writing entry points to ../../build/py_pubsub/py_pubsub.egg-info/entry_points.txt
[6.204s] writing requirements to ../../build/py_pubsub/py_pubsub.egg-info/requires.txt
[6.205s] writing top-level names to ../../build/py_pubsub/py_pubsub.egg-info/top_level.txt
[6.302s] reading manifest file '../../build/py_pubsub/py_pubsub.egg-info/SOURCES.txt'
[6.303s] writing manifest file '../../build/py_pubsub/py_pubsub.egg-info/SOURCES.txt'
[6.304s] running build
[6.305s] running build_py
[6.305s] running install
[6.307s] /home/pederba/.local/lib/python3.10/site-packages/setuptools/_distutils/cmd.py:66: SetuptoolsDeprecationWarning: setup.py install is deprecated.
[6.307s] !!
[6.307s] 
[6.308s]         ********************************************************************************
[6.308s]         Please avoid running ``setup.py`` directly.
[6.308s]         Instead, use pypa/build, pypa/installer or other
[6.308s]         standards-based tools.
[6.308s] 
[6.308s]         See https://blog.ganssle.io/articles/2021/10/setup-py-deprecated.html for details.
[6.308s]         ********************************************************************************
[6.309s] 
[6.309s] !!
[6.309s]   self.initialize_options()
[6.324s] running install_lib
[6.369s] running install_data
[6.432s] running install_egg_info
[6.504s] removing '/home/pederba/ros2_ws/install/py_pubsub/lib/python3.10/site-packages/py_pubsub-0.0.0-py3.10.egg-info' (and everything under it)
[6.505s] Copying ../../build/py_pubsub/py_pubsub.egg-info to /home/pederba/ros2_ws/install/py_pubsub/lib/python3.10/site-packages/py_pubsub-0.0.0-py3.10.egg-info
[6.508s] running install_scripts
[7.034s] Installing listener script to /home/pederba/ros2_ws/install/py_pubsub/lib/py_pubsub
[7.035s] Installing talker script to /home/pederba/ros2_ws/install/py_pubsub/lib/py_pubsub
[7.038s] writing list of installed files to '/home/pederba/ros2_ws/build/py_pubsub/install.log'
[7.668s] Invoked command in '/home/pederba/ros2_ws/src/py_pubsub' returned '0': PYTHONPATH=/home/pederba/ros2_ws/build/py_pubsub/prefix_override:/home/pederba/ros2_ws/install/py_pubsub/lib/python3.10/site-packages:${PYTHONPATH} /usr/bin/python3 setup.py egg_info --egg-base ../../build/py_pubsub build --build-base /home/pederba/ros2_ws/build/py_pubsub/build install --record /home/pederba/ros2_ws/build/py_pubsub/install.log --single-version-externally-managed
