[4.496s] Invoking command in '/home/pederba/ros2_ws/src/lab01_pkg': PYTHONPATH=/home/pederba/ros2_ws/build/lab01_pkg/prefix_override:/home/pederba/ros2_ws/install/lab01_pkg/lib/python3.10/site-packages:${PYTHONPATH} /usr/bin/python3 setup.py egg_info --egg-base ../../build/lab01_pkg build --build-base /home/pederba/ros2_ws/build/lab01_pkg/build install --record /home/pederba/ros2_ws/build/lab01_pkg/install.log --single-version-externally-managed
[4.993s] running egg_info
[5.028s] writing ../../build/lab01_pkg/lab01_pkg.egg-info/PKG-INFO
[5.033s] writing dependency_links to ../../build/lab01_pkg/lab01_pkg.egg-info/dependency_links.txt
[5.033s] writing entry points to ../../build/lab01_pkg/lab01_pkg.egg-info/entry_points.txt
[5.033s] writing requirements to ../../build/lab01_pkg/lab01_pkg.egg-info/requires.txt
[5.033s] writing top-level names to ../../build/lab01_pkg/lab01_pkg.egg-info/top_level.txt
[5.122s] reading manifest file '../../build/lab01_pkg/lab01_pkg.egg-info/SOURCES.txt'
[5.122s] writing manifest file '../../build/lab01_pkg/lab01_pkg.egg-info/SOURCES.txt'
[5.122s] running build
[5.122s] running build_py
[5.122s] running install
[5.123s] /home/pederba/.local/lib/python3.10/site-packages/setuptools/_distutils/cmd.py:66: SetuptoolsDeprecationWarning: setup.py install is deprecated.
[5.123s] !!
[5.123s] 
[5.123s]         ********************************************************************************
[5.124s]         Please avoid running ``setup.py`` directly.
[5.124s]         Instead, use pypa/build, pypa/installer or other
[5.124s]         standards-based tools.
[5.124s] 
[5.124s]         See https://blog.ganssle.io/articles/2021/10/setup-py-deprecated.html for details.
[5.125s]         ********************************************************************************
[5.125s] 
[5.125s] !!
[5.125s]   self.initialize_options()
[5.136s] running install_lib
[5.172s] running install_data
[5.214s] running install_egg_info
[5.260s] removing '/home/pederba/ros2_ws/install/lab01_pkg/lib/python3.10/site-packages/lab01_pkg-0.0.0-py3.10.egg-info' (and everything under it)
[5.261s] Copying ../../build/lab01_pkg/lab01_pkg.egg-info to /home/pederba/ros2_ws/install/lab01_pkg/lib/python3.10/site-packages/lab01_pkg-0.0.0-py3.10.egg-info
[5.264s] running install_scripts
[5.749s] Installing controller script to /home/pederba/ros2_ws/install/lab01_pkg/lib/lab01_pkg
[5.750s] Installing controller_reset script to /home/pederba/ros2_ws/install/lab01_pkg/lib/lab01_pkg
[5.750s] Installing localization script to /home/pederba/ros2_ws/install/lab01_pkg/lib/lab01_pkg
[5.751s] Installing localization_reset script to /home/pederba/ros2_ws/install/lab01_pkg/lib/lab01_pkg
[5.751s] Installing reset script to /home/pederba/ros2_ws/install/lab01_pkg/lib/lab01_pkg
[5.752s] writing list of installed files to '/home/pederba/ros2_ws/build/lab01_pkg/install.log'
[6.614s] Invoked command in '/home/pederba/ros2_ws/src/lab01_pkg' returned '0': PYTHONPATH=/home/pederba/ros2_ws/build/lab01_pkg/prefix_override:/home/pederba/ros2_ws/install/lab01_pkg/lib/python3.10/site-packages:${PYTHONPATH} /usr/bin/python3 setup.py egg_info --egg-base ../../build/lab01_pkg build --build-base /home/pederba/ros2_ws/build/lab01_pkg/build install --record /home/pederba/ros2_ws/build/lab01_pkg/install.log --single-version-externally-managed
