[0.459s] Invoking command in '/home/pederba/ros2_ws/build/lab02_interfaces': CMAKE_PREFIX_PATH=${CMAKE_PREFIX_PATH}:/home/pederba/ros2_ws/install/turtlebot3_teleop:/home/pederba/ros2_ws/install/turtlebot3_example:/home/pederba/ros2_ws/install/py_pubsub:/home/pederba/ros2_ws/install/lab02_pkg:/home/pederba/ros2_ws/install/lab01_pkg:/opt/ros/humble /usr/bin/cmake --build /home/pederba/ros2_ws/build/lab02_interfaces -- -j8 -l8
[0.632s] [  3%] Built target lab02_interfaces__cpp
[0.715s] [ 12%] Built target lab02_interfaces__rosidl_generator_c
[0.761s] [ 22%] Built target lab02_interfaces__rosidl_typesupport_cpp
[0.794s] [ 32%] Built target lab02_interfaces__rosidl_typesupport_fastrtps_cpp
[0.852s] [ 32%] Built target ament_cmake_python_copy_lab02_interfaces
[0.887s] [ 41%] Built target lab02_interfaces__rosidl_typesupport_introspection_cpp
[0.888s] [ 51%] Built target lab02_interfaces__rosidl_typesupport_fastrtps_c
[0.915s] [ 61%] Built target lab02_interfaces__rosidl_typesupport_c
[0.940s] [ 70%] Built target lab02_interfaces__rosidl_typesupport_introspection_c
[1.022s] [ 70%] Built target lab02_interfaces
[1.093s] [ 74%] Built target lab02_interfaces__py
[1.185s] [ 80%] Built target lab02_interfaces__rosidl_generator_py
[1.296s] [ 87%] Built target lab02_interfaces__rosidl_typesupport_fastrtps_c__pyext
[1.344s] [ 93%] Built target lab02_interfaces__rosidl_typesupport_introspection_c__pyext
[1.355s] [100%] Built target lab02_interfaces__rosidl_typesupport_c__pyext
[1.529s] running egg_info
[1.576s] writing lab02_interfaces.egg-info/PKG-INFO
[1.576s] writing dependency_links to lab02_interfaces.egg-info/dependency_links.txt
[1.576s] writing top-level names to lab02_interfaces.egg-info/top_level.txt
[1.707s] reading manifest file 'lab02_interfaces.egg-info/SOURCES.txt'
[1.710s] writing manifest file 'lab02_interfaces.egg-info/SOURCES.txt'
[1.791s] [100%] Built target ament_cmake_python_build_lab02_interfaces_egg
[2.351s] Invoked command in '/home/pederba/ros2_ws/build/lab02_interfaces' returned '0': CMAKE_PREFIX_PATH=${CMAKE_PREFIX_PATH}:/home/pederba/ros2_ws/install/turtlebot3_teleop:/home/pederba/ros2_ws/install/turtlebot3_example:/home/pederba/ros2_ws/install/py_pubsub:/home/pederba/ros2_ws/install/lab02_pkg:/home/pederba/ros2_ws/install/lab01_pkg:/opt/ros/humble /usr/bin/cmake --build /home/pederba/ros2_ws/build/lab02_interfaces -- -j8 -l8
[3.621s] Invoking command in '/home/pederba/ros2_ws/build/lab02_interfaces': CMAKE_PREFIX_PATH=${CMAKE_PREFIX_PATH}:/home/pederba/ros2_ws/install/turtlebot3_teleop:/home/pederba/ros2_ws/install/turtlebot3_example:/home/pederba/ros2_ws/install/py_pubsub:/home/pederba/ros2_ws/install/lab02_pkg:/home/pederba/ros2_ws/install/lab01_pkg:/opt/ros/humble /usr/bin/cmake --install /home/pederba/ros2_ws/build/lab02_interfaces
[3.884s] -- Install configuration: ""
[3.885s] -- Up-to-date: /home/pederba/ros2_ws/install/lab02_interfaces/share/ament_index/resource_index/rosidl_interfaces/lab02_interfaces
[3.885s] -- Up-to-date: /home/pederba/ros2_ws/install/lab02_interfaces/include/lab02_interfaces/lab02_interfaces
[3.885s] -- Up-to-date: /home/pederba/ros2_ws/install/lab02_interfaces/include/lab02_interfaces/lab02_interfaces/srv
[3.885s] -- Up-to-date: /home/pederba/ros2_ws/install/lab02_interfaces/include/lab02_interfaces/lab02_interfaces/srv/cmd_move.h
[3.885s] -- Up-to-date: /home/pederba/ros2_ws/install/lab02_interfaces/include/lab02_interfaces/lab02_interfaces/srv/get_trajectory.h
[3.885s] -- Up-to-date: /home/pederba/ros2_ws/install/lab02_interfaces/include/lab02_interfaces/lab02_interfaces/srv/compute_trajectory.h
[3.885s] -- Up-to-date: /home/pederba/ros2_ws/install/lab02_interfaces/include/lab02_interfaces/lab02_interfaces/srv/detail
[3.886s] -- Up-to-date: /home/pederba/ros2_ws/install/lab02_interfaces/include/lab02_interfaces/lab02_interfaces/srv/detail/cmd_move__functions.c
[3.886s] -- Up-to-date: /home/pederba/ros2_ws/install/lab02_interfaces/include/lab02_interfaces/lab02_interfaces/srv/detail/compute_trajectory__type_support.h
[3.886s] -- Up-to-date: /home/pederba/ros2_ws/install/lab02_interfaces/include/lab02_interfaces/lab02_interfaces/srv/detail/get_trajectory__struct.h
[3.886s] -- Up-to-date: /home/pederba/ros2_ws/install/lab02_interfaces/include/lab02_interfaces/lab02_interfaces/srv/detail/compute_trajectory__struct.h
[3.886s] -- Up-to-date: /home/pederba/ros2_ws/install/lab02_interfaces/include/lab02_interfaces/lab02_interfaces/srv/detail/cmd_move__functions.h
[3.886s] -- Up-to-date: /home/pederba/ros2_ws/install/lab02_interfaces/include/lab02_interfaces/lab02_interfaces/srv/detail/compute_trajectory__functions.h
[3.887s] -- Up-to-date: /home/pederba/ros2_ws/install/lab02_interfaces/include/lab02_interfaces/lab02_interfaces/srv/detail/get_trajectory__functions.h
[3.887s] -- Up-to-date: /home/pederba/ros2_ws/install/lab02_interfaces/include/lab02_interfaces/lab02_interfaces/srv/detail/compute_trajectory__functions.c
[3.887s] -- Up-to-date: /home/pederba/ros2_ws/install/lab02_interfaces/include/lab02_interfaces/lab02_interfaces/srv/detail/cmd_move__struct.h
[3.887s] -- Up-to-date: /home/pederba/ros2_ws/install/lab02_interfaces/include/lab02_interfaces/lab02_interfaces/srv/detail/get_trajectory__type_support.h
[3.887s] -- Up-to-date: /home/pederba/ros2_ws/install/lab02_interfaces/include/lab02_interfaces/lab02_interfaces/srv/detail/cmd_move__type_support.h
[3.888s] -- Up-to-date: /home/pederba/ros2_ws/install/lab02_interfaces/include/lab02_interfaces/lab02_interfaces/srv/detail/get_trajectory__functions.c
[3.888s] -- Up-to-date: /home/pederba/ros2_ws/install/lab02_interfaces/include/lab02_interfaces/lab02_interfaces/msg
[3.888s] -- Up-to-date: /home/pederba/ros2_ws/install/lab02_interfaces/include/lab02_interfaces/lab02_interfaces/msg/rosidl_generator_c__visibility_control.h
[3.888s] -- Up-to-date: /home/pederba/ros2_ws/install/lab02_interfaces/share/lab02_interfaces/environment/library_path.sh
[3.889s] -- Up-to-date: /home/pederba/ros2_ws/install/lab02_interfaces/share/lab02_interfaces/environment/library_path.dsv
[3.889s] -- Up-to-date: /home/pederba/ros2_ws/install/lab02_interfaces/lib/liblab02_interfaces__rosidl_generator_c.so
[3.889s] -- Up-to-date: /home/pederba/ros2_ws/install/lab02_interfaces/include/lab02_interfaces/lab02_interfaces
[3.889s] -- Up-to-date: /home/pederba/ros2_ws/install/lab02_interfaces/include/lab02_interfaces/lab02_interfaces/srv
[3.894s] -- Up-to-date: /home/pederba/ros2_ws/install/lab02_interfaces/include/lab02_interfaces/lab02_interfaces/srv/detail
[3.895s] -- Up-to-date: /home/pederba/ros2_ws/install/lab02_interfaces/include/lab02_interfaces/lab02_interfaces/srv/detail/get_trajectory__rosidl_typesupport_fastrtps_c.h
[3.895s] -- Up-to-date: /home/pederba/ros2_ws/install/lab02_interfaces/include/lab02_interfaces/lab02_interfaces/srv/detail/cmd_move__rosidl_typesupport_fastrtps_c.h
[3.896s] -- Up-to-date: /home/pederba/ros2_ws/install/lab02_interfaces/include/lab02_interfaces/lab02_interfaces/srv/detail/compute_trajectory__rosidl_typesupport_fastrtps_c.h
[3.897s] -- Up-to-date: /home/pederba/ros2_ws/install/lab02_interfaces/include/lab02_interfaces/lab02_interfaces/msg
[3.897s] -- Up-to-date: /home/pederba/ros2_ws/install/lab02_interfaces/include/lab02_interfaces/lab02_interfaces/msg/rosidl_typesupport_fastrtps_c__visibility_control.h
[3.898s] -- Up-to-date: /home/pederba/ros2_ws/install/lab02_interfaces/lib/liblab02_interfaces__rosidl_typesupport_fastrtps_c.so
[3.898s] -- Up-to-date: /home/pederba/ros2_ws/install/lab02_interfaces/include/lab02_interfaces/lab02_interfaces
[3.898s] -- Up-to-date: /home/pederba/ros2_ws/install/lab02_interfaces/include/lab02_interfaces/lab02_interfaces/srv
[3.898s] -- Up-to-date: /home/pederba/ros2_ws/install/lab02_interfaces/include/lab02_interfaces/lab02_interfaces/srv/get_trajectory.hpp
[3.899s] -- Up-to-date: /home/pederba/ros2_ws/install/lab02_interfaces/include/lab02_interfaces/lab02_interfaces/srv/cmd_move.hpp
[3.899s] -- Up-to-date: /home/pederba/ros2_ws/install/lab02_interfaces/include/lab02_interfaces/lab02_interfaces/srv/compute_trajectory.hpp
[3.899s] -- Up-to-date: /home/pederba/ros2_ws/install/lab02_interfaces/include/lab02_interfaces/lab02_interfaces/srv/detail
[3.899s] -- Up-to-date: /home/pederba/ros2_ws/install/lab02_interfaces/include/lab02_interfaces/lab02_interfaces/srv/detail/cmd_move__builder.hpp
[3.900s] -- Up-to-date: /home/pederba/ros2_ws/install/lab02_interfaces/include/lab02_interfaces/lab02_interfaces/srv/detail/compute_trajectory__traits.hpp
[3.900s] -- Up-to-date: /home/pederba/ros2_ws/install/lab02_interfaces/include/lab02_interfaces/lab02_interfaces/srv/detail/compute_trajectory__struct.hpp
[3.901s] -- Up-to-date: /home/pederba/ros2_ws/install/lab02_interfaces/include/lab02_interfaces/lab02_interfaces/srv/detail/get_trajectory__struct.hpp
[3.901s] -- Up-to-date: /home/pederba/ros2_ws/install/lab02_interfaces/include/lab02_interfaces/lab02_interfaces/srv/detail/get_trajectory__builder.hpp
[3.902s] -- Up-to-date: /home/pederba/ros2_ws/install/lab02_interfaces/include/lab02_interfaces/lab02_interfaces/srv/detail/get_trajectory__traits.hpp
[3.902s] -- Up-to-date: /home/pederba/ros2_ws/install/lab02_interfaces/include/lab02_interfaces/lab02_interfaces/srv/detail/cmd_move__struct.hpp
[3.902s] -- Up-to-date: /home/pederba/ros2_ws/install/lab02_interfaces/include/lab02_interfaces/lab02_interfaces/srv/detail/cmd_move__traits.hpp
[3.902s] -- Up-to-date: /home/pederba/ros2_ws/install/lab02_interfaces/include/lab02_interfaces/lab02_interfaces/srv/detail/compute_trajectory__builder.hpp
[3.903s] -- Up-to-date: /home/pederba/ros2_ws/install/lab02_interfaces/include/lab02_interfaces/lab02_interfaces
[3.904s] -- Up-to-date: /home/pederba/ros2_ws/install/lab02_interfaces/include/lab02_interfaces/lab02_interfaces/srv
[3.904s] -- Up-to-date: /home/pederba/ros2_ws/install/lab02_interfaces/include/lab02_interfaces/lab02_interfaces/srv/detail
[3.904s] -- Up-to-date: /home/pederba/ros2_ws/install/lab02_interfaces/include/lab02_interfaces/lab02_interfaces/srv/detail/dds_fastrtps
[3.905s] -- Up-to-date: /home/pederba/ros2_ws/install/lab02_interfaces/include/lab02_interfaces/lab02_interfaces/srv/detail/cmd_move__rosidl_typesupport_fastrtps_cpp.hpp
[3.905s] -- Up-to-date: /home/pederba/ros2_ws/install/lab02_interfaces/include/lab02_interfaces/lab02_interfaces/srv/detail/get_trajectory__rosidl_typesupport_fastrtps_cpp.hpp
[3.905s] -- Up-to-date: /home/pederba/ros2_ws/install/lab02_interfaces/include/lab02_interfaces/lab02_interfaces/srv/detail/compute_trajectory__rosidl_typesupport_fastrtps_cpp.hpp
[3.905s] -- Up-to-date: /home/pederba/ros2_ws/install/lab02_interfaces/include/lab02_interfaces/lab02_interfaces/msg
[3.905s] -- Up-to-date: /home/pederba/ros2_ws/install/lab02_interfaces/include/lab02_interfaces/lab02_interfaces/msg/rosidl_typesupport_fastrtps_cpp__visibility_control.h
[3.906s] -- Up-to-date: /home/pederba/ros2_ws/install/lab02_interfaces/lib/liblab02_interfaces__rosidl_typesupport_fastrtps_cpp.so
[3.906s] -- Up-to-date: /home/pederba/ros2_ws/install/lab02_interfaces/include/lab02_interfaces/lab02_interfaces
[3.907s] -- Up-to-date: /home/pederba/ros2_ws/install/lab02_interfaces/include/lab02_interfaces/lab02_interfaces/srv
[3.907s] -- Up-to-date: /home/pederba/ros2_ws/install/lab02_interfaces/include/lab02_interfaces/lab02_interfaces/srv/detail
[3.907s] -- Up-to-date: /home/pederba/ros2_ws/install/lab02_interfaces/include/lab02_interfaces/lab02_interfaces/srv/detail/compute_trajectory__type_support.c
[3.907s] -- Up-to-date: /home/pederba/ros2_ws/install/lab02_interfaces/include/lab02_interfaces/lab02_interfaces/srv/detail/cmd_move__type_support.c
[3.908s] -- Up-to-date: /home/pederba/ros2_ws/install/lab02_interfaces/include/lab02_interfaces/lab02_interfaces/srv/detail/cmd_move__rosidl_typesupport_introspection_c.h
[3.908s] -- Up-to-date: /home/pederba/ros2_ws/install/lab02_interfaces/include/lab02_interfaces/lab02_interfaces/srv/detail/get_trajectory__rosidl_typesupport_introspection_c.h
[3.908s] -- Up-to-date: /home/pederba/ros2_ws/install/lab02_interfaces/include/lab02_interfaces/lab02_interfaces/srv/detail/get_trajectory__type_support.c
[3.908s] -- Up-to-date: /home/pederba/ros2_ws/install/lab02_interfaces/include/lab02_interfaces/lab02_interfaces/srv/detail/compute_trajectory__rosidl_typesupport_introspection_c.h
[3.909s] -- Up-to-date: /home/pederba/ros2_ws/install/lab02_interfaces/include/lab02_interfaces/lab02_interfaces/msg
[3.909s] -- Up-to-date: /home/pederba/ros2_ws/install/lab02_interfaces/include/lab02_interfaces/lab02_interfaces/msg/rosidl_typesupport_introspection_c__visibility_control.h
[3.909s] -- Up-to-date: /home/pederba/ros2_ws/install/lab02_interfaces/lib/liblab02_interfaces__rosidl_typesupport_introspection_c.so
[3.909s] -- Up-to-date: /home/pederba/ros2_ws/install/lab02_interfaces/lib/liblab02_interfaces__rosidl_typesupport_c.so
[3.910s] -- Up-to-date: /home/pederba/ros2_ws/install/lab02_interfaces/include/lab02_interfaces/lab02_interfaces
[3.910s] -- Up-to-date: /home/pederba/ros2_ws/install/lab02_interfaces/include/lab02_interfaces/lab02_interfaces/srv
[3.910s] -- Up-to-date: /home/pederba/ros2_ws/install/lab02_interfaces/include/lab02_interfaces/lab02_interfaces/srv/detail
[3.910s] -- Up-to-date: /home/pederba/ros2_ws/install/lab02_interfaces/include/lab02_interfaces/lab02_interfaces/srv/detail/get_trajectory__rosidl_typesupport_introspection_cpp.hpp
[3.911s] -- Up-to-date: /home/pederba/ros2_ws/install/lab02_interfaces/include/lab02_interfaces/lab02_interfaces/srv/detail/get_trajectory__type_support.cpp
[3.911s] -- Up-to-date: /home/pederba/ros2_ws/install/lab02_interfaces/include/lab02_interfaces/lab02_interfaces/srv/detail/cmd_move__type_support.cpp
[3.911s] -- Up-to-date: /home/pederba/ros2_ws/install/lab02_interfaces/include/lab02_interfaces/lab02_interfaces/srv/detail/cmd_move__rosidl_typesupport_introspection_cpp.hpp
[3.911s] -- Up-to-date: /home/pederba/ros2_ws/install/lab02_interfaces/include/lab02_interfaces/lab02_interfaces/srv/detail/compute_trajectory__rosidl_typesupport_introspection_cpp.hpp
[3.912s] -- Up-to-date: /home/pederba/ros2_ws/install/lab02_interfaces/include/lab02_interfaces/lab02_interfaces/srv/detail/compute_trajectory__type_support.cpp
[3.912s] -- Up-to-date: /home/pederba/ros2_ws/install/lab02_interfaces/lib/liblab02_interfaces__rosidl_typesupport_introspection_cpp.so
[3.912s] -- Up-to-date: /home/pederba/ros2_ws/install/lab02_interfaces/lib/liblab02_interfaces__rosidl_typesupport_cpp.so
[3.913s] -- Up-to-date: /home/pederba/ros2_ws/install/lab02_interfaces/share/lab02_interfaces/environment/pythonpath.sh
[3.913s] -- Up-to-date: /home/pederba/ros2_ws/install/lab02_interfaces/share/lab02_interfaces/environment/pythonpath.dsv
[3.913s] -- Up-to-date: /home/pederba/ros2_ws/install/lab02_interfaces/local/lib/python3.10/dist-packages/lab02_interfaces-0.0.0-py3.10.egg-info
[3.913s] -- Installing: /home/pederba/ros2_ws/install/lab02_interfaces/local/lib/python3.10/dist-packages/lab02_interfaces-0.0.0-py3.10.egg-info/dependency_links.txt
[3.914s] -- Installing: /home/pederba/ros2_ws/install/lab02_interfaces/local/lib/python3.10/dist-packages/lab02_interfaces-0.0.0-py3.10.egg-info/SOURCES.txt
[3.914s] -- Installing: /home/pederba/ros2_ws/install/lab02_interfaces/local/lib/python3.10/dist-packages/lab02_interfaces-0.0.0-py3.10.egg-info/PKG-INFO
[3.915s] -- Installing: /home/pederba/ros2_ws/install/lab02_interfaces/local/lib/python3.10/dist-packages/lab02_interfaces-0.0.0-py3.10.egg-info/top_level.txt
[3.917s] -- Up-to-date: /home/pederba/ros2_ws/install/lab02_interfaces/local/lib/python3.10/dist-packages/lab02_interfaces
[3.917s] -- Up-to-date: /home/pederba/ros2_ws/install/lab02_interfaces/local/lib/python3.10/dist-packages/lab02_interfaces/lab02_interfaces_s__rosidl_typesupport_introspection_c.cpython-310-x86_64-linux-gnu.so
[3.918s] -- Up-to-date: /home/pederba/ros2_ws/install/lab02_interfaces/local/lib/python3.10/dist-packages/lab02_interfaces/_lab02_interfaces_s.ep.rosidl_typesupport_fastrtps_c.c
[3.918s] -- Up-to-date: /home/pederba/ros2_ws/install/lab02_interfaces/local/lib/python3.10/dist-packages/lab02_interfaces/liblab02_interfaces__rosidl_generator_py.so
[3.919s] -- Up-to-date: /home/pederba/ros2_ws/install/lab02_interfaces/local/lib/python3.10/dist-packages/lab02_interfaces/lab02_interfaces_s__rosidl_typesupport_c.cpython-310-x86_64-linux-gnu.so
[3.919s] -- Up-to-date: /home/pederba/ros2_ws/install/lab02_interfaces/local/lib/python3.10/dist-packages/lab02_interfaces/lab02_interfaces_s__rosidl_typesupport_fastrtps_c.cpython-310-x86_64-linux-gnu.so
[3.919s] -- Up-to-date: /home/pederba/ros2_ws/install/lab02_interfaces/local/lib/python3.10/dist-packages/lab02_interfaces/srv
[3.919s] -- Up-to-date: /home/pederba/ros2_ws/install/lab02_interfaces/local/lib/python3.10/dist-packages/lab02_interfaces/srv/_compute_trajectory_s.c
[3.920s] -- Up-to-date: /home/pederba/ros2_ws/install/lab02_interfaces/local/lib/python3.10/dist-packages/lab02_interfaces/srv/_get_trajectory.py
[3.920s] -- Up-to-date: /home/pederba/ros2_ws/install/lab02_interfaces/local/lib/python3.10/dist-packages/lab02_interfaces/srv/_cmd_move_s.c
[3.920s] -- Up-to-date: /home/pederba/ros2_ws/install/lab02_interfaces/local/lib/python3.10/dist-packages/lab02_interfaces/srv/_get_trajectory_s.c
[3.921s] -- Up-to-date: /home/pederba/ros2_ws/install/lab02_interfaces/local/lib/python3.10/dist-packages/lab02_interfaces/srv/_cmd_move.py
[3.921s] -- Up-to-date: /home/pederba/ros2_ws/install/lab02_interfaces/local/lib/python3.10/dist-packages/lab02_interfaces/srv/_compute_trajectory.py
[3.921s] -- Up-to-date: /home/pederba/ros2_ws/install/lab02_interfaces/local/lib/python3.10/dist-packages/lab02_interfaces/srv/__init__.py
[3.921s] -- Up-to-date: /home/pederba/ros2_ws/install/lab02_interfaces/local/lib/python3.10/dist-packages/lab02_interfaces/_lab02_interfaces_s.ep.rosidl_typesupport_introspection_c.c
[3.922s] -- Up-to-date: /home/pederba/ros2_ws/install/lab02_interfaces/local/lib/python3.10/dist-packages/lab02_interfaces/__init__.py
[3.922s] -- Up-to-date: /home/pederba/ros2_ws/install/lab02_interfaces/local/lib/python3.10/dist-packages/lab02_interfaces/_lab02_interfaces_s.ep.rosidl_typesupport_c.c
[3.923s] Listing '/home/pederba/ros2_ws/install/lab02_interfaces/local/lib/python3.10/dist-packages/lab02_interfaces'...
[3.923s] Listing '/home/pederba/ros2_ws/install/lab02_interfaces/local/lib/python3.10/dist-packages/lab02_interfaces/srv'...
[3.924s] -- Up-to-date: /home/pederba/ros2_ws/install/lab02_interfaces/local/lib/python3.10/dist-packages/lab02_interfaces/lab02_interfaces_s__rosidl_typesupport_fastrtps_c.cpython-310-x86_64-linux-gnu.so
[3.924s] -- Up-to-date: /home/pederba/ros2_ws/install/lab02_interfaces/local/lib/python3.10/dist-packages/lab02_interfaces/lab02_interfaces_s__rosidl_typesupport_introspection_c.cpython-310-x86_64-linux-gnu.so
[3.925s] -- Up-to-date: /home/pederba/ros2_ws/install/lab02_interfaces/local/lib/python3.10/dist-packages/lab02_interfaces/lab02_interfaces_s__rosidl_typesupport_c.cpython-310-x86_64-linux-gnu.so
[3.925s] -- Up-to-date: /home/pederba/ros2_ws/install/lab02_interfaces/lib/liblab02_interfaces__rosidl_generator_py.so
[3.926s] -- Up-to-date: /home/pederba/ros2_ws/install/lab02_interfaces/share/lab02_interfaces/srv/GetTrajectory.idl
[3.926s] -- Up-to-date: /home/pederba/ros2_ws/install/lab02_interfaces/share/lab02_interfaces/srv/GetTrajectory.srv
[3.926s] -- Up-to-date: /home/pederba/ros2_ws/install/lab02_interfaces/share/lab02_interfaces/srv/GetTrajectory_Request.msg
[3.927s] -- Up-to-date: /home/pederba/ros2_ws/install/lab02_interfaces/share/lab02_interfaces/srv/GetTrajectory_Response.msg
[3.927s] -- Up-to-date: /home/pederba/ros2_ws/install/lab02_interfaces/share/ament_index/resource_index/package_run_dependencies/lab02_interfaces
[3.928s] -- Up-to-date: /home/pederba/ros2_ws/install/lab02_interfaces/share/ament_index/resource_index/parent_prefix_path/lab02_interfaces
[3.928s] -- Up-to-date: /home/pederba/ros2_ws/install/lab02_interfaces/share/lab02_interfaces/environment/ament_prefix_path.sh
[3.966s] -- Up-to-date: /home/pederba/ros2_ws/install/lab02_interfaces/share/lab02_interfaces/environment/ament_prefix_path.dsv
[3.967s] -- Up-to-date: /home/pederba/ros2_ws/install/lab02_interfaces/share/lab02_interfaces/environment/path.sh
[3.967s] -- Up-to-date: /home/pederba/ros2_ws/install/lab02_interfaces/share/lab02_interfaces/environment/path.dsv
[3.967s] -- Up-to-date: /home/pederba/ros2_ws/install/lab02_interfaces/share/lab02_interfaces/local_setup.bash
[3.967s] -- Up-to-date: /home/pederba/ros2_ws/install/lab02_interfaces/share/lab02_interfaces/local_setup.sh
[3.967s] -- Up-to-date: /home/pederba/ros2_ws/install/lab02_interfaces/share/lab02_interfaces/local_setup.zsh
[3.967s] -- Up-to-date: /home/pederba/ros2_ws/install/lab02_interfaces/share/lab02_interfaces/local_setup.dsv
[3.968s] -- Installing: /home/pederba/ros2_ws/install/lab02_interfaces/share/lab02_interfaces/package.dsv
[3.968s] -- Up-to-date: /home/pederba/ros2_ws/install/lab02_interfaces/share/ament_index/resource_index/packages/lab02_interfaces
[3.968s] -- Up-to-date: /home/pederba/ros2_ws/install/lab02_interfaces/share/lab02_interfaces/cmake/export_lab02_interfaces__rosidl_generator_cExport.cmake
[3.968s] -- Up-to-date: /home/pederba/ros2_ws/install/lab02_interfaces/share/lab02_interfaces/cmake/export_lab02_interfaces__rosidl_generator_cExport-noconfig.cmake
[3.968s] -- Up-to-date: /home/pederba/ros2_ws/install/lab02_interfaces/share/lab02_interfaces/cmake/export_lab02_interfaces__rosidl_typesupport_fastrtps_cExport.cmake
[3.969s] -- Up-to-date: /home/pederba/ros2_ws/install/lab02_interfaces/share/lab02_interfaces/cmake/export_lab02_interfaces__rosidl_typesupport_fastrtps_cExport-noconfig.cmake
[3.969s] -- Up-to-date: /home/pederba/ros2_ws/install/lab02_interfaces/share/lab02_interfaces/cmake/export_lab02_interfaces__rosidl_generator_cppExport.cmake
[3.969s] -- Up-to-date: /home/pederba/ros2_ws/install/lab02_interfaces/share/lab02_interfaces/cmake/export_lab02_interfaces__rosidl_typesupport_fastrtps_cppExport.cmake
[3.969s] -- Up-to-date: /home/pederba/ros2_ws/install/lab02_interfaces/share/lab02_interfaces/cmake/export_lab02_interfaces__rosidl_typesupport_fastrtps_cppExport-noconfig.cmake
[3.969s] -- Up-to-date: /home/pederba/ros2_ws/install/lab02_interfaces/share/lab02_interfaces/cmake/lab02_interfaces__rosidl_typesupport_introspection_cExport.cmake
[3.969s] -- Up-to-date: /home/pederba/ros2_ws/install/lab02_interfaces/share/lab02_interfaces/cmake/lab02_interfaces__rosidl_typesupport_introspection_cExport-noconfig.cmake
[3.970s] -- Up-to-date: /home/pederba/ros2_ws/install/lab02_interfaces/share/lab02_interfaces/cmake/lab02_interfaces__rosidl_typesupport_cExport.cmake
[3.970s] -- Up-to-date: /home/pederba/ros2_ws/install/lab02_interfaces/share/lab02_interfaces/cmake/lab02_interfaces__rosidl_typesupport_cExport-noconfig.cmake
[3.970s] -- Up-to-date: /home/pederba/ros2_ws/install/lab02_interfaces/share/lab02_interfaces/cmake/lab02_interfaces__rosidl_typesupport_introspection_cppExport.cmake
[3.970s] -- Up-to-date: /home/pederba/ros2_ws/install/lab02_interfaces/share/lab02_interfaces/cmake/lab02_interfaces__rosidl_typesupport_introspection_cppExport-noconfig.cmake
[3.970s] -- Up-to-date: /home/pederba/ros2_ws/install/lab02_interfaces/share/lab02_interfaces/cmake/lab02_interfaces__rosidl_typesupport_cppExport.cmake
[3.970s] -- Up-to-date: /home/pederba/ros2_ws/install/lab02_interfaces/share/lab02_interfaces/cmake/lab02_interfaces__rosidl_typesupport_cppExport-noconfig.cmake
[3.971s] -- Up-to-date: /home/pederba/ros2_ws/install/lab02_interfaces/share/lab02_interfaces/cmake/export_lab02_interfaces__rosidl_generator_pyExport.cmake
[3.971s] -- Up-to-date: /home/pederba/ros2_ws/install/lab02_interfaces/share/lab02_interfaces/cmake/export_lab02_interfaces__rosidl_generator_pyExport-noconfig.cmake
[3.971s] -- Up-to-date: /home/pederba/ros2_ws/install/lab02_interfaces/share/lab02_interfaces/cmake/rosidl_cmake-extras.cmake
[3.971s] -- Up-to-date: /home/pederba/ros2_ws/install/lab02_interfaces/share/lab02_interfaces/cmake/ament_cmake_export_include_directories-extras.cmake
[3.971s] -- Up-to-date: /home/pederba/ros2_ws/install/lab02_interfaces/share/lab02_interfaces/cmake/ament_cmake_export_libraries-extras.cmake
[3.971s] -- Up-to-date: /home/pederba/ros2_ws/install/lab02_interfaces/share/lab02_interfaces/cmake/ament_cmake_export_targets-extras.cmake
[3.972s] -- Up-to-date: /home/pederba/ros2_ws/install/lab02_interfaces/share/lab02_interfaces/cmake/rosidl_cmake_export_typesupport_targets-extras.cmake
[3.972s] -- Up-to-date: /home/pederba/ros2_ws/install/lab02_interfaces/share/lab02_interfaces/cmake/ament_cmake_export_dependencies-extras.cmake
[3.972s] -- Up-to-date: /home/pederba/ros2_ws/install/lab02_interfaces/share/lab02_interfaces/cmake/rosidl_cmake_export_typesupport_libraries-extras.cmake
[3.972s] -- Up-to-date: /home/pederba/ros2_ws/install/lab02_interfaces/share/lab02_interfaces/cmake/lab02_interfacesConfig.cmake
[3.972s] -- Up-to-date: /home/pederba/ros2_ws/install/lab02_interfaces/share/lab02_interfaces/cmake/lab02_interfacesConfig-version.cmake
[3.973s] -- Up-to-date: /home/pederba/ros2_ws/install/lab02_interfaces/share/lab02_interfaces/package.xml
[5.161s] Invoked command in '/home/pederba/ros2_ws/build/lab02_interfaces' returned '0': CMAKE_PREFIX_PATH=${CMAKE_PREFIX_PATH}:/home/pederba/ros2_ws/install/turtlebot3_teleop:/home/pederba/ros2_ws/install/turtlebot3_example:/home/pederba/ros2_ws/install/py_pubsub:/home/pederba/ros2_ws/install/lab02_pkg:/home/pederba/ros2_ws/install/lab01_pkg:/opt/ros/humble /usr/bin/cmake --install /home/pederba/ros2_ws/build/lab02_interfaces
