[5.295s] Invoking command in '/home/pederba/ros2_ws/src/py_pubsub': PYTHONPATH=/home/pederba/ros2_ws/build/py_pubsub/prefix_override:/home/pederba/ros2_ws/install/py_pubsub/lib/python3.10/site-packages:${PYTHONPATH} /usr/bin/python3 setup.py egg_info --egg-base ../../build/py_pubsub build --build-base /home/pederba/ros2_ws/build/py_pubsub/build install --record /home/pederba/ros2_ws/build/py_pubsub/install.log --single-version-externally-managed
[5.958s] running egg_info
[6.002s] writing ../../build/py_pubsub/py_pubsub.egg-info/PKG-INFO
[6.003s] writing dependency_links to ../../build/py_pubsub/py_pubsub.egg-info/dependency_links.txt
[6.003s] writing entry points to ../../build/py_pubsub/py_pubsub.egg-info/entry_points.txt
[6.004s] writing requirements to ../../build/py_pubsub/py_pubsub.egg-info/requires.txt
[6.005s] writing top-level names to ../../build/py_pubsub/py_pubsub.egg-info/top_level.txt
[6.097s] reading manifest file '../../build/py_pubsub/py_pubsub.egg-info/SOURCES.txt'
[6.100s] writing manifest file '../../build/py_pubsub/py_pubsub.egg-info/SOURCES.txt'
[6.100s] running build
[6.100s] running build_py
[6.101s] running install
[6.101s] /home/pederba/.local/lib/python3.10/site-packages/setuptools/_distutils/cmd.py:66: SetuptoolsDeprecationWarning: setup.py install is deprecated.
[6.102s] !!
[6.102s] 
[6.102s]         ********************************************************************************
[6.102s]         Please avoid running ``setup.py`` directly.
[6.102s]         Instead, use pypa/build, pypa/installer or other
[6.102s]         standards-based tools.
[6.104s] 
[6.104s]         See https://blog.ganssle.io/articles/2021/10/setup-py-deprecated.html for details.
[6.104s]         ********************************************************************************
[6.104s] 
[6.104s] !!
[6.104s]   self.initialize_options()
[6.117s] running install_lib
[6.166s] running install_data
[6.209s] running install_egg_info
[6.261s] removing '/home/pederba/ros2_ws/install/py_pubsub/lib/python3.10/site-packages/py_pubsub-0.0.0-py3.10.egg-info' (and everything under it)
[6.263s] Copying ../../build/py_pubsub/py_pubsub.egg-info to /home/pederba/ros2_ws/install/py_pubsub/lib/python3.10/site-packages/py_pubsub-0.0.0-py3.10.egg-info
[6.268s] running install_scripts
[6.629s] Installing listener script to /home/pederba/ros2_ws/install/py_pubsub/lib/py_pubsub
[6.630s] Installing talker script to /home/pederba/ros2_ws/install/py_pubsub/lib/py_pubsub
[6.632s] writing list of installed files to '/home/pederba/ros2_ws/build/py_pubsub/install.log'
[7.092s] Invoked command in '/home/pederba/ros2_ws/src/py_pubsub' returned '0': PYTHONPATH=/home/pederba/ros2_ws/build/py_pubsub/prefix_override:/home/pederba/ros2_ws/install/py_pubsub/lib/python3.10/site-packages:${PYTHONPATH} /usr/bin/python3 setup.py egg_info --egg-base ../../build/py_pubsub build --build-base /home/pederba/ros2_ws/build/py_pubsub/build install --record /home/pederba/ros2_ws/build/py_pubsub/install.log --single-version-externally-managed
