[0.900s] Invoking command in '/home/pederba/ros2_ws/build/turtlesim': CMAKE_PREFIX_PATH=${CMAKE_PREFIX_PATH}:/home/pederba/ros2_ws/install/turtlebot3_teleop:/home/pederba/ros2_ws/install/turtlebot3_example:/home/pederba/ros2_ws/install/py_pubsub:/home/pederba/ros2_ws/install/lab02_pkg:/home/pederba/ros2_ws/install/lab01_pkg:/opt/ros/humble /usr/bin/cmake --build /home/pederba/ros2_ws/build/turtlesim -- -j8 -l8
[1.122s] [  1%] Built target turtlesim__cpp
[1.192s] [  1%] Built target ament_cmake_python_copy_turtlesim
[1.262s] [ 11%] Built target turtlesim__rosidl_generator_c
[1.341s] [ 21%] Built target turtlesim__rosidl_typesupport_introspection_cpp
[1.379s] [ 41%] Built target turtlesim__rosidl_typesupport_cpp
[1.379s] [ 41%] Built target turtlesim__rosidl_typesupport_fastrtps_cpp
[1.475s] [ 51%] Built target turtlesim__rosidl_typesupport_fastrtps_c
[1.498s] [ 61%] Built target turtlesim__rosidl_typesupport_introspection_c
[1.521s] [ 71%] Built target turtlesim__rosidl_typesupport_c
[1.606s] [ 73%] Built target draw_square
[1.607s] [ 75%] Built target turtle_teleop_key
[1.630s] [ 81%] Built target turtlesim_node
[1.656s] [ 83%] Built target mimic
[1.696s] [ 83%] Built target turtlesim
[1.764s] [ 84%] Built target turtlesim__py
[1.851s] [ 93%] Built target turtlesim__rosidl_generator_py
[2.005s] [ 95%] Built target turtlesim__rosidl_typesupport_c__pyext
[2.018s] [ 97%] Built target turtlesim__rosidl_typesupport_introspection_c__pyext
[2.056s] [100%] Built target turtlesim__rosidl_typesupport_fastrtps_c__pyext
[2.061s] running egg_info
[2.124s] writing turtlesim.egg-info/PKG-INFO
[2.126s] writing dependency_links to turtlesim.egg-info/dependency_links.txt
[2.126s] writing top-level names to turtlesim.egg-info/top_level.txt
[2.301s] reading manifest file 'turtlesim.egg-info/SOURCES.txt'
[2.302s] writing manifest file 'turtlesim.egg-info/SOURCES.txt'
[2.413s] [100%] Built target ament_cmake_python_build_turtlesim_egg
[2.674s] Invoked command in '/home/pederba/ros2_ws/build/turtlesim' returned '0': CMAKE_PREFIX_PATH=${CMAKE_PREFIX_PATH}:/home/pederba/ros2_ws/install/turtlebot3_teleop:/home/pederba/ros2_ws/install/turtlebot3_example:/home/pederba/ros2_ws/install/py_pubsub:/home/pederba/ros2_ws/install/lab02_pkg:/home/pederba/ros2_ws/install/lab01_pkg:/opt/ros/humble /usr/bin/cmake --build /home/pederba/ros2_ws/build/turtlesim -- -j8 -l8
[4.158s] Invoking command in '/home/pederba/ros2_ws/build/turtlesim': CMAKE_PREFIX_PATH=${CMAKE_PREFIX_PATH}:/home/pederba/ros2_ws/install/turtlebot3_teleop:/home/pederba/ros2_ws/install/turtlebot3_example:/home/pederba/ros2_ws/install/py_pubsub:/home/pederba/ros2_ws/install/lab02_pkg:/home/pederba/ros2_ws/install/lab01_pkg:/opt/ros/humble /usr/bin/cmake --install /home/pederba/ros2_ws/build/turtlesim
[4.377s] -- Install configuration: ""
[4.377s] -- Up-to-date: /home/pederba/ros2_ws/install/turtlesim/share/ament_index/resource_index/rosidl_interfaces/turtlesim
[4.378s] -- Up-to-date: /home/pederba/ros2_ws/install/turtlesim/include/turtlesim/turtlesim
[4.378s] -- Up-to-date: /home/pederba/ros2_ws/install/turtlesim/include/turtlesim/turtlesim/srv
[4.378s] -- Up-to-date: /home/pederba/ros2_ws/install/turtlesim/include/turtlesim/turtlesim/srv/teleport_relative.h
[4.379s] -- Up-to-date: /home/pederba/ros2_ws/install/turtlesim/include/turtlesim/turtlesim/srv/teleport_absolute.h
[4.380s] -- Up-to-date: /home/pederba/ros2_ws/install/turtlesim/include/turtlesim/turtlesim/srv/spawn.h
[4.382s] -- Up-to-date: /home/pederba/ros2_ws/install/turtlesim/include/turtlesim/turtlesim/srv/set_pen.h
[4.383s] -- Up-to-date: /home/pederba/ros2_ws/install/turtlesim/include/turtlesim/turtlesim/srv/kill.h
[4.383s] -- Up-to-date: /home/pederba/ros2_ws/install/turtlesim/include/turtlesim/turtlesim/srv/detail
[4.383s] -- Up-to-date: /home/pederba/ros2_ws/install/turtlesim/include/turtlesim/turtlesim/srv/detail/teleport_absolute__functions.h
[4.383s] -- Up-to-date: /home/pederba/ros2_ws/install/turtlesim/include/turtlesim/turtlesim/srv/detail/set_pen__functions.c
[4.384s] -- Up-to-date: /home/pederba/ros2_ws/install/turtlesim/include/turtlesim/turtlesim/srv/detail/teleport_absolute__functions.c
[4.384s] -- Up-to-date: /home/pederba/ros2_ws/install/turtlesim/include/turtlesim/turtlesim/srv/detail/teleport_relative__functions.c
[4.384s] -- Up-to-date: /home/pederba/ros2_ws/install/turtlesim/include/turtlesim/turtlesim/srv/detail/teleport_relative__functions.h
[4.384s] -- Up-to-date: /home/pederba/ros2_ws/install/turtlesim/include/turtlesim/turtlesim/srv/detail/spawn__struct.h
[4.384s] -- Up-to-date: /home/pederba/ros2_ws/install/turtlesim/include/turtlesim/turtlesim/srv/detail/teleport_relative__type_support.h
[4.384s] -- Up-to-date: /home/pederba/ros2_ws/install/turtlesim/include/turtlesim/turtlesim/srv/detail/spawn__functions.h
[4.384s] -- Up-to-date: /home/pederba/ros2_ws/install/turtlesim/include/turtlesim/turtlesim/srv/detail/teleport_relative__struct.h
[4.384s] -- Up-to-date: /home/pederba/ros2_ws/install/turtlesim/include/turtlesim/turtlesim/srv/detail/set_pen__type_support.h
[4.385s] -- Up-to-date: /home/pederba/ros2_ws/install/turtlesim/include/turtlesim/turtlesim/srv/detail/teleport_absolute__struct.h
[4.385s] -- Up-to-date: /home/pederba/ros2_ws/install/turtlesim/include/turtlesim/turtlesim/srv/detail/kill__struct.h
[4.385s] -- Up-to-date: /home/pederba/ros2_ws/install/turtlesim/include/turtlesim/turtlesim/srv/detail/spawn__functions.c
[4.385s] -- Up-to-date: /home/pederba/ros2_ws/install/turtlesim/include/turtlesim/turtlesim/srv/detail/teleport_absolute__type_support.h
[4.385s] -- Up-to-date: /home/pederba/ros2_ws/install/turtlesim/include/turtlesim/turtlesim/srv/detail/set_pen__functions.h
[4.385s] -- Up-to-date: /home/pederba/ros2_ws/install/turtlesim/include/turtlesim/turtlesim/srv/detail/kill__functions.c
[4.385s] -- Up-to-date: /home/pederba/ros2_ws/install/turtlesim/include/turtlesim/turtlesim/srv/detail/kill__type_support.h
[4.386s] -- Up-to-date: /home/pederba/ros2_ws/install/turtlesim/include/turtlesim/turtlesim/srv/detail/kill__functions.h
[4.386s] -- Up-to-date: /home/pederba/ros2_ws/install/turtlesim/include/turtlesim/turtlesim/srv/detail/spawn__type_support.h
[4.386s] -- Up-to-date: /home/pederba/ros2_ws/install/turtlesim/include/turtlesim/turtlesim/srv/detail/set_pen__struct.h
[4.386s] -- Up-to-date: /home/pederba/ros2_ws/install/turtlesim/include/turtlesim/turtlesim/msg
[4.387s] -- Up-to-date: /home/pederba/ros2_ws/install/turtlesim/include/turtlesim/turtlesim/msg/rosidl_generator_c__visibility_control.h
[4.387s] -- Up-to-date: /home/pederba/ros2_ws/install/turtlesim/include/turtlesim/turtlesim/msg/pose.h
[4.387s] -- Up-to-date: /home/pederba/ros2_ws/install/turtlesim/include/turtlesim/turtlesim/msg/detail
[4.388s] -- Up-to-date: /home/pederba/ros2_ws/install/turtlesim/include/turtlesim/turtlesim/msg/detail/pose__type_support.h
[4.391s] -- Up-to-date: /home/pederba/ros2_ws/install/turtlesim/include/turtlesim/turtlesim/msg/detail/pose__functions.c
[4.392s] -- Up-to-date: /home/pederba/ros2_ws/install/turtlesim/include/turtlesim/turtlesim/msg/detail/color__functions.c
[4.392s] -- Up-to-date: /home/pederba/ros2_ws/install/turtlesim/include/turtlesim/turtlesim/msg/detail/color__type_support.h
[4.393s] -- Up-to-date: /home/pederba/ros2_ws/install/turtlesim/include/turtlesim/turtlesim/msg/detail/pose__struct.h
[4.393s] -- Up-to-date: /home/pederba/ros2_ws/install/turtlesim/include/turtlesim/turtlesim/msg/detail/pose__functions.h
[4.394s] -- Up-to-date: /home/pederba/ros2_ws/install/turtlesim/include/turtlesim/turtlesim/msg/detail/color__functions.h
[4.394s] -- Up-to-date: /home/pederba/ros2_ws/install/turtlesim/include/turtlesim/turtlesim/msg/detail/color__struct.h
[4.395s] -- Up-to-date: /home/pederba/ros2_ws/install/turtlesim/include/turtlesim/turtlesim/msg/color.h
[4.395s] -- Up-to-date: /home/pederba/ros2_ws/install/turtlesim/include/turtlesim/turtlesim/action
[4.395s] -- Up-to-date: /home/pederba/ros2_ws/install/turtlesim/include/turtlesim/turtlesim/action/rotate_absolute.h
[4.396s] -- Up-to-date: /home/pederba/ros2_ws/install/turtlesim/include/turtlesim/turtlesim/action/detail
[4.396s] -- Up-to-date: /home/pederba/ros2_ws/install/turtlesim/include/turtlesim/turtlesim/action/detail/rotate_absolute__type_support.h
[4.397s] -- Up-to-date: /home/pederba/ros2_ws/install/turtlesim/include/turtlesim/turtlesim/action/detail/rotate_absolute__struct.h
[4.397s] -- Up-to-date: /home/pederba/ros2_ws/install/turtlesim/include/turtlesim/turtlesim/action/detail/rotate_absolute__functions.h
[4.398s] -- Up-to-date: /home/pederba/ros2_ws/install/turtlesim/include/turtlesim/turtlesim/action/detail/rotate_absolute__functions.c
[4.399s] -- Up-to-date: /home/pederba/ros2_ws/install/turtlesim/share/turtlesim/environment/library_path.sh
[4.399s] -- Up-to-date: /home/pederba/ros2_ws/install/turtlesim/share/turtlesim/environment/library_path.dsv
[4.400s] -- Up-to-date: /home/pederba/ros2_ws/install/turtlesim/lib/libturtlesim__rosidl_generator_c.so
[4.400s] -- Up-to-date: /home/pederba/ros2_ws/install/turtlesim/include/turtlesim/turtlesim
[4.401s] -- Up-to-date: /home/pederba/ros2_ws/install/turtlesim/include/turtlesim/turtlesim/srv
[4.401s] -- Up-to-date: /home/pederba/ros2_ws/install/turtlesim/include/turtlesim/turtlesim/srv/detail
[4.401s] -- Up-to-date: /home/pederba/ros2_ws/install/turtlesim/include/turtlesim/turtlesim/srv/detail/spawn__rosidl_typesupport_fastrtps_c.h
[4.402s] -- Up-to-date: /home/pederba/ros2_ws/install/turtlesim/include/turtlesim/turtlesim/srv/detail/teleport_absolute__rosidl_typesupport_fastrtps_c.h
[4.403s] -- Up-to-date: /home/pederba/ros2_ws/install/turtlesim/include/turtlesim/turtlesim/srv/detail/kill__rosidl_typesupport_fastrtps_c.h
[4.403s] -- Up-to-date: /home/pederba/ros2_ws/install/turtlesim/include/turtlesim/turtlesim/srv/detail/set_pen__rosidl_typesupport_fastrtps_c.h
[4.404s] -- Up-to-date: /home/pederba/ros2_ws/install/turtlesim/include/turtlesim/turtlesim/srv/detail/teleport_relative__rosidl_typesupport_fastrtps_c.h
[4.404s] -- Up-to-date: /home/pederba/ros2_ws/install/turtlesim/include/turtlesim/turtlesim/msg
[4.405s] -- Up-to-date: /home/pederba/ros2_ws/install/turtlesim/include/turtlesim/turtlesim/msg/rosidl_typesupport_fastrtps_c__visibility_control.h
[4.406s] -- Up-to-date: /home/pederba/ros2_ws/install/turtlesim/include/turtlesim/turtlesim/msg/detail
[4.406s] -- Up-to-date: /home/pederba/ros2_ws/install/turtlesim/include/turtlesim/turtlesim/msg/detail/pose__rosidl_typesupport_fastrtps_c.h
[4.406s] -- Up-to-date: /home/pederba/ros2_ws/install/turtlesim/include/turtlesim/turtlesim/msg/detail/color__rosidl_typesupport_fastrtps_c.h
[4.407s] -- Up-to-date: /home/pederba/ros2_ws/install/turtlesim/include/turtlesim/turtlesim/action
[4.407s] -- Up-to-date: /home/pederba/ros2_ws/install/turtlesim/include/turtlesim/turtlesim/action/detail
[4.408s] -- Up-to-date: /home/pederba/ros2_ws/install/turtlesim/include/turtlesim/turtlesim/action/detail/rotate_absolute__rosidl_typesupport_fastrtps_c.h
[4.408s] -- Up-to-date: /home/pederba/ros2_ws/install/turtlesim/lib/libturtlesim__rosidl_typesupport_fastrtps_c.so
[4.409s] -- Up-to-date: /home/pederba/ros2_ws/install/turtlesim/include/turtlesim/turtlesim
[4.409s] -- Up-to-date: /home/pederba/ros2_ws/install/turtlesim/include/turtlesim/turtlesim/srv
[4.410s] -- Up-to-date: /home/pederba/ros2_ws/install/turtlesim/include/turtlesim/turtlesim/srv/kill.hpp
[4.410s] -- Up-to-date: /home/pederba/ros2_ws/install/turtlesim/include/turtlesim/turtlesim/srv/spawn.hpp
[4.411s] -- Up-to-date: /home/pederba/ros2_ws/install/turtlesim/include/turtlesim/turtlesim/srv/set_pen.hpp
[4.411s] -- Up-to-date: /home/pederba/ros2_ws/install/turtlesim/include/turtlesim/turtlesim/srv/teleport_absolute.hpp
[4.411s] -- Up-to-date: /home/pederba/ros2_ws/install/turtlesim/include/turtlesim/turtlesim/srv/teleport_relative.hpp
[4.411s] -- Up-to-date: /home/pederba/ros2_ws/install/turtlesim/include/turtlesim/turtlesim/srv/detail
[4.411s] -- Up-to-date: /home/pederba/ros2_ws/install/turtlesim/include/turtlesim/turtlesim/srv/detail/teleport_relative__traits.hpp
[4.412s] -- Up-to-date: /home/pederba/ros2_ws/install/turtlesim/include/turtlesim/turtlesim/srv/detail/set_pen__struct.hpp
[4.412s] -- Up-to-date: /home/pederba/ros2_ws/install/turtlesim/include/turtlesim/turtlesim/srv/detail/teleport_absolute__struct.hpp
[4.412s] -- Up-to-date: /home/pederba/ros2_ws/install/turtlesim/include/turtlesim/turtlesim/srv/detail/kill__traits.hpp
[4.412s] -- Up-to-date: /home/pederba/ros2_ws/install/turtlesim/include/turtlesim/turtlesim/srv/detail/set_pen__traits.hpp
[4.412s] -- Up-to-date: /home/pederba/ros2_ws/install/turtlesim/include/turtlesim/turtlesim/srv/detail/teleport_relative__struct.hpp
[4.413s] -- Up-to-date: /home/pederba/ros2_ws/install/turtlesim/include/turtlesim/turtlesim/srv/detail/kill__builder.hpp
[4.413s] -- Up-to-date: /home/pederba/ros2_ws/install/turtlesim/include/turtlesim/turtlesim/srv/detail/set_pen__builder.hpp
[4.413s] -- Up-to-date: /home/pederba/ros2_ws/install/turtlesim/include/turtlesim/turtlesim/srv/detail/kill__struct.hpp
[4.413s] -- Up-to-date: /home/pederba/ros2_ws/install/turtlesim/include/turtlesim/turtlesim/srv/detail/teleport_relative__builder.hpp
[4.413s] -- Up-to-date: /home/pederba/ros2_ws/install/turtlesim/include/turtlesim/turtlesim/srv/detail/teleport_absolute__builder.hpp
[4.413s] -- Up-to-date: /home/pederba/ros2_ws/install/turtlesim/include/turtlesim/turtlesim/srv/detail/spawn__traits.hpp
[4.414s] -- Up-to-date: /home/pederba/ros2_ws/install/turtlesim/include/turtlesim/turtlesim/srv/detail/teleport_absolute__traits.hpp
[4.414s] -- Up-to-date: /home/pederba/ros2_ws/install/turtlesim/include/turtlesim/turtlesim/srv/detail/spawn__builder.hpp
[4.414s] -- Up-to-date: /home/pederba/ros2_ws/install/turtlesim/include/turtlesim/turtlesim/srv/detail/spawn__struct.hpp
[4.414s] -- Up-to-date: /home/pederba/ros2_ws/install/turtlesim/include/turtlesim/turtlesim/msg
[4.414s] -- Up-to-date: /home/pederba/ros2_ws/install/turtlesim/include/turtlesim/turtlesim/msg/pose.hpp
[4.415s] -- Up-to-date: /home/pederba/ros2_ws/install/turtlesim/include/turtlesim/turtlesim/msg/color.hpp
[4.415s] -- Up-to-date: /home/pederba/ros2_ws/install/turtlesim/include/turtlesim/turtlesim/msg/detail
[4.415s] -- Up-to-date: /home/pederba/ros2_ws/install/turtlesim/include/turtlesim/turtlesim/msg/detail/color__builder.hpp
[4.415s] -- Up-to-date: /home/pederba/ros2_ws/install/turtlesim/include/turtlesim/turtlesim/msg/detail/color__traits.hpp
[4.415s] -- Up-to-date: /home/pederba/ros2_ws/install/turtlesim/include/turtlesim/turtlesim/msg/detail/pose__traits.hpp
[4.415s] -- Up-to-date: /home/pederba/ros2_ws/install/turtlesim/include/turtlesim/turtlesim/msg/detail/color__struct.hpp
[4.416s] -- Up-to-date: /home/pederba/ros2_ws/install/turtlesim/include/turtlesim/turtlesim/msg/detail/pose__builder.hpp
[4.416s] -- Up-to-date: /home/pederba/ros2_ws/install/turtlesim/include/turtlesim/turtlesim/msg/detail/pose__struct.hpp
[4.416s] -- Up-to-date: /home/pederba/ros2_ws/install/turtlesim/include/turtlesim/turtlesim/action
[4.416s] -- Up-to-date: /home/pederba/ros2_ws/install/turtlesim/include/turtlesim/turtlesim/action/rotate_absolute.hpp
[4.417s] -- Up-to-date: /home/pederba/ros2_ws/install/turtlesim/include/turtlesim/turtlesim/action/detail
[4.417s] -- Up-to-date: /home/pederba/ros2_ws/install/turtlesim/include/turtlesim/turtlesim/action/detail/rotate_absolute__traits.hpp
[4.417s] -- Up-to-date: /home/pederba/ros2_ws/install/turtlesim/include/turtlesim/turtlesim/action/detail/rotate_absolute__builder.hpp
[4.417s] -- Up-to-date: /home/pederba/ros2_ws/install/turtlesim/include/turtlesim/turtlesim/action/detail/rotate_absolute__struct.hpp
[4.417s] -- Up-to-date: /home/pederba/ros2_ws/install/turtlesim/include/turtlesim/turtlesim
[4.417s] -- Up-to-date: /home/pederba/ros2_ws/install/turtlesim/include/turtlesim/turtlesim/srv
[4.418s] -- Up-to-date: /home/pederba/ros2_ws/install/turtlesim/include/turtlesim/turtlesim/srv/detail
[4.418s] -- Up-to-date: /home/pederba/ros2_ws/install/turtlesim/include/turtlesim/turtlesim/srv/detail/dds_fastrtps
[4.420s] -- Up-to-date: /home/pederba/ros2_ws/install/turtlesim/include/turtlesim/turtlesim/srv/detail/set_pen__rosidl_typesupport_fastrtps_cpp.hpp
[4.420s] -- Up-to-date: /home/pederba/ros2_ws/install/turtlesim/include/turtlesim/turtlesim/srv/detail/spawn__rosidl_typesupport_fastrtps_cpp.hpp
[4.420s] -- Up-to-date: /home/pederba/ros2_ws/install/turtlesim/include/turtlesim/turtlesim/srv/detail/teleport_absolute__rosidl_typesupport_fastrtps_cpp.hpp
[4.420s] -- Up-to-date: /home/pederba/ros2_ws/install/turtlesim/include/turtlesim/turtlesim/srv/detail/teleport_relative__rosidl_typesupport_fastrtps_cpp.hpp
[4.420s] -- Up-to-date: /home/pederba/ros2_ws/install/turtlesim/include/turtlesim/turtlesim/srv/detail/kill__rosidl_typesupport_fastrtps_cpp.hpp
[4.421s] -- Up-to-date: /home/pederba/ros2_ws/install/turtlesim/include/turtlesim/turtlesim/msg
[4.421s] -- Up-to-date: /home/pederba/ros2_ws/install/turtlesim/include/turtlesim/turtlesim/msg/rosidl_typesupport_fastrtps_cpp__visibility_control.h
[4.421s] -- Up-to-date: /home/pederba/ros2_ws/install/turtlesim/include/turtlesim/turtlesim/msg/detail
[4.421s] -- Up-to-date: /home/pederba/ros2_ws/install/turtlesim/include/turtlesim/turtlesim/msg/detail/dds_fastrtps
[4.422s] -- Up-to-date: /home/pederba/ros2_ws/install/turtlesim/include/turtlesim/turtlesim/msg/detail/color__rosidl_typesupport_fastrtps_cpp.hpp
[4.422s] -- Up-to-date: /home/pederba/ros2_ws/install/turtlesim/include/turtlesim/turtlesim/msg/detail/pose__rosidl_typesupport_fastrtps_cpp.hpp
[4.422s] -- Up-to-date: /home/pederba/ros2_ws/install/turtlesim/include/turtlesim/turtlesim/action
[4.422s] -- Up-to-date: /home/pederba/ros2_ws/install/turtlesim/include/turtlesim/turtlesim/action/detail
[4.423s] -- Up-to-date: /home/pederba/ros2_ws/install/turtlesim/include/turtlesim/turtlesim/action/detail/dds_fastrtps
[4.423s] -- Up-to-date: /home/pederba/ros2_ws/install/turtlesim/include/turtlesim/turtlesim/action/detail/rotate_absolute__rosidl_typesupport_fastrtps_cpp.hpp
[4.424s] -- Up-to-date: /home/pederba/ros2_ws/install/turtlesim/lib/libturtlesim__rosidl_typesupport_fastrtps_cpp.so
[4.424s] -- Up-to-date: /home/pederba/ros2_ws/install/turtlesim/include/turtlesim/turtlesim
[4.424s] -- Up-to-date: /home/pederba/ros2_ws/install/turtlesim/include/turtlesim/turtlesim/srv
[4.425s] -- Up-to-date: /home/pederba/ros2_ws/install/turtlesim/include/turtlesim/turtlesim/srv/detail
[4.426s] -- Up-to-date: /home/pederba/ros2_ws/install/turtlesim/include/turtlesim/turtlesim/srv/detail/set_pen__type_support.c
[4.426s] -- Up-to-date: /home/pederba/ros2_ws/install/turtlesim/include/turtlesim/turtlesim/srv/detail/spawn__rosidl_typesupport_introspection_c.h
[4.426s] -- Up-to-date: /home/pederba/ros2_ws/install/turtlesim/include/turtlesim/turtlesim/srv/detail/teleport_relative__type_support.c
[4.427s] -- Up-to-date: /home/pederba/ros2_ws/install/turtlesim/include/turtlesim/turtlesim/srv/detail/spawn__type_support.c
[4.427s] -- Up-to-date: /home/pederba/ros2_ws/install/turtlesim/include/turtlesim/turtlesim/srv/detail/set_pen__rosidl_typesupport_introspection_c.h
[4.428s] -- Up-to-date: /home/pederba/ros2_ws/install/turtlesim/include/turtlesim/turtlesim/srv/detail/kill__rosidl_typesupport_introspection_c.h
[4.428s] -- Up-to-date: /home/pederba/ros2_ws/install/turtlesim/include/turtlesim/turtlesim/srv/detail/kill__type_support.c
[4.429s] -- Up-to-date: /home/pederba/ros2_ws/install/turtlesim/include/turtlesim/turtlesim/srv/detail/teleport_relative__rosidl_typesupport_introspection_c.h
[4.429s] -- Up-to-date: /home/pederba/ros2_ws/install/turtlesim/include/turtlesim/turtlesim/srv/detail/teleport_absolute__rosidl_typesupport_introspection_c.h
[4.429s] -- Up-to-date: /home/pederba/ros2_ws/install/turtlesim/include/turtlesim/turtlesim/srv/detail/teleport_absolute__type_support.c
[4.444s] -- Up-to-date: /home/pederba/ros2_ws/install/turtlesim/include/turtlesim/turtlesim/msg
[4.444s] -- Up-to-date: /home/pederba/ros2_ws/install/turtlesim/include/turtlesim/turtlesim/msg/rosidl_typesupport_introspection_c__visibility_control.h
[4.445s] -- Up-to-date: /home/pederba/ros2_ws/install/turtlesim/include/turtlesim/turtlesim/msg/detail
[4.445s] -- Up-to-date: /home/pederba/ros2_ws/install/turtlesim/include/turtlesim/turtlesim/msg/detail/color__rosidl_typesupport_introspection_c.h
[4.447s] -- Up-to-date: /home/pederba/ros2_ws/install/turtlesim/include/turtlesim/turtlesim/msg/detail/pose__type_support.c
[4.447s] -- Up-to-date: /home/pederba/ros2_ws/install/turtlesim/include/turtlesim/turtlesim/msg/detail/color__type_support.c
[4.448s] -- Up-to-date: /home/pederba/ros2_ws/install/turtlesim/include/turtlesim/turtlesim/msg/detail/pose__rosidl_typesupport_introspection_c.h
[4.448s] -- Up-to-date: /home/pederba/ros2_ws/install/turtlesim/include/turtlesim/turtlesim/action
[4.448s] -- Up-to-date: /home/pederba/ros2_ws/install/turtlesim/include/turtlesim/turtlesim/action/detail
[4.448s] -- Up-to-date: /home/pederba/ros2_ws/install/turtlesim/include/turtlesim/turtlesim/action/detail/rotate_absolute__type_support.c
[4.448s] -- Up-to-date: /home/pederba/ros2_ws/install/turtlesim/include/turtlesim/turtlesim/action/detail/rotate_absolute__rosidl_typesupport_introspection_c.h
[4.448s] -- Up-to-date: /home/pederba/ros2_ws/install/turtlesim/lib/libturtlesim__rosidl_typesupport_introspection_c.so
[4.448s] -- Up-to-date: /home/pederba/ros2_ws/install/turtlesim/lib/libturtlesim__rosidl_typesupport_c.so
[4.449s] -- Up-to-date: /home/pederba/ros2_ws/install/turtlesim/include/turtlesim/turtlesim
[4.449s] -- Up-to-date: /home/pederba/ros2_ws/install/turtlesim/include/turtlesim/turtlesim/srv
[4.450s] -- Up-to-date: /home/pederba/ros2_ws/install/turtlesim/include/turtlesim/turtlesim/srv/detail
[4.451s] -- Up-to-date: /home/pederba/ros2_ws/install/turtlesim/include/turtlesim/turtlesim/srv/detail/set_pen__rosidl_typesupport_introspection_cpp.hpp
[4.451s] -- Up-to-date: /home/pederba/ros2_ws/install/turtlesim/include/turtlesim/turtlesim/srv/detail/spawn__rosidl_typesupport_introspection_cpp.hpp
[4.451s] -- Up-to-date: /home/pederba/ros2_ws/install/turtlesim/include/turtlesim/turtlesim/srv/detail/kill__rosidl_typesupport_introspection_cpp.hpp
[4.451s] -- Up-to-date: /home/pederba/ros2_ws/install/turtlesim/include/turtlesim/turtlesim/srv/detail/teleport_relative__type_support.cpp
[4.451s] -- Up-to-date: /home/pederba/ros2_ws/install/turtlesim/include/turtlesim/turtlesim/srv/detail/kill__type_support.cpp
[4.452s] -- Up-to-date: /home/pederba/ros2_ws/install/turtlesim/include/turtlesim/turtlesim/srv/detail/teleport_relative__rosidl_typesupport_introspection_cpp.hpp
[4.452s] -- Up-to-date: /home/pederba/ros2_ws/install/turtlesim/include/turtlesim/turtlesim/srv/detail/spawn__type_support.cpp
[4.452s] -- Up-to-date: /home/pederba/ros2_ws/install/turtlesim/include/turtlesim/turtlesim/srv/detail/set_pen__type_support.cpp
[4.453s] -- Up-to-date: /home/pederba/ros2_ws/install/turtlesim/include/turtlesim/turtlesim/srv/detail/teleport_absolute__rosidl_typesupport_introspection_cpp.hpp
[4.453s] -- Up-to-date: /home/pederba/ros2_ws/install/turtlesim/include/turtlesim/turtlesim/srv/detail/teleport_absolute__type_support.cpp
[4.454s] -- Up-to-date: /home/pederba/ros2_ws/install/turtlesim/include/turtlesim/turtlesim/msg
[4.455s] -- Up-to-date: /home/pederba/ros2_ws/install/turtlesim/include/turtlesim/turtlesim/msg/detail
[4.456s] -- Up-to-date: /home/pederba/ros2_ws/install/turtlesim/include/turtlesim/turtlesim/msg/detail/pose__rosidl_typesupport_introspection_cpp.hpp
[4.456s] -- Up-to-date: /home/pederba/ros2_ws/install/turtlesim/include/turtlesim/turtlesim/msg/detail/color__rosidl_typesupport_introspection_cpp.hpp
[4.457s] -- Up-to-date: /home/pederba/ros2_ws/install/turtlesim/include/turtlesim/turtlesim/msg/detail/pose__type_support.cpp
[4.457s] -- Up-to-date: /home/pederba/ros2_ws/install/turtlesim/include/turtlesim/turtlesim/msg/detail/color__type_support.cpp
[4.458s] -- Up-to-date: /home/pederba/ros2_ws/install/turtlesim/include/turtlesim/turtlesim/action
[4.458s] -- Up-to-date: /home/pederba/ros2_ws/install/turtlesim/include/turtlesim/turtlesim/action/detail
[4.459s] -- Up-to-date: /home/pederba/ros2_ws/install/turtlesim/include/turtlesim/turtlesim/action/detail/rotate_absolute__rosidl_typesupport_introspection_cpp.hpp
[4.459s] -- Up-to-date: /home/pederba/ros2_ws/install/turtlesim/include/turtlesim/turtlesim/action/detail/rotate_absolute__type_support.cpp
[4.460s] -- Up-to-date: /home/pederba/ros2_ws/install/turtlesim/lib/libturtlesim__rosidl_typesupport_introspection_cpp.so
[4.481s] -- Up-to-date: /home/pederba/ros2_ws/install/turtlesim/lib/libturtlesim__rosidl_typesupport_cpp.so
[4.481s] -- Up-to-date: /home/pederba/ros2_ws/install/turtlesim/share/turtlesim/environment/pythonpath.sh
[4.482s] -- Up-to-date: /home/pederba/ros2_ws/install/turtlesim/share/turtlesim/environment/pythonpath.dsv
[4.487s] -- Up-to-date: /home/pederba/ros2_ws/install/turtlesim/local/lib/python3.10/dist-packages/turtlesim-1.4.2-py3.10.egg-info
[4.487s] -- Installing: /home/pederba/ros2_ws/install/turtlesim/local/lib/python3.10/dist-packages/turtlesim-1.4.2-py3.10.egg-info/dependency_links.txt
[4.488s] -- Installing: /home/pederba/ros2_ws/install/turtlesim/local/lib/python3.10/dist-packages/turtlesim-1.4.2-py3.10.egg-info/SOURCES.txt
[4.488s] -- Installing: /home/pederba/ros2_ws/install/turtlesim/local/lib/python3.10/dist-packages/turtlesim-1.4.2-py3.10.egg-info/PKG-INFO
[4.488s] -- Installing: /home/pederba/ros2_ws/install/turtlesim/local/lib/python3.10/dist-packages/turtlesim-1.4.2-py3.10.egg-info/top_level.txt
[4.488s] -- Up-to-date: /home/pederba/ros2_ws/install/turtlesim/local/lib/python3.10/dist-packages/turtlesim
[4.488s] -- Up-to-date: /home/pederba/ros2_ws/install/turtlesim/local/lib/python3.10/dist-packages/turtlesim/turtlesim_s__rosidl_typesupport_fastrtps_c.cpython-310-x86_64-linux-gnu.so
[4.488s] -- Up-to-date: /home/pederba/ros2_ws/install/turtlesim/local/lib/python3.10/dist-packages/turtlesim/libturtlesim__rosidl_generator_py.so
[4.489s] -- Up-to-date: /home/pederba/ros2_ws/install/turtlesim/local/lib/python3.10/dist-packages/turtlesim/_turtlesim_s.ep.rosidl_typesupport_c.c
[4.489s] -- Up-to-date: /home/pederba/ros2_ws/install/turtlesim/local/lib/python3.10/dist-packages/turtlesim/turtlesim_s__rosidl_typesupport_introspection_c.cpython-310-x86_64-linux-gnu.so
[4.489s] -- Up-to-date: /home/pederba/ros2_ws/install/turtlesim/local/lib/python3.10/dist-packages/turtlesim/_turtlesim_s.ep.rosidl_typesupport_introspection_c.c
[4.489s] -- Up-to-date: /home/pederba/ros2_ws/install/turtlesim/local/lib/python3.10/dist-packages/turtlesim/srv
[4.489s] -- Up-to-date: /home/pederba/ros2_ws/install/turtlesim/local/lib/python3.10/dist-packages/turtlesim/srv/_set_pen.py
[4.489s] -- Up-to-date: /home/pederba/ros2_ws/install/turtlesim/local/lib/python3.10/dist-packages/turtlesim/srv/_spawn.py
[4.490s] -- Up-to-date: /home/pederba/ros2_ws/install/turtlesim/local/lib/python3.10/dist-packages/turtlesim/srv/_set_pen_s.c
[4.490s] -- Up-to-date: /home/pederba/ros2_ws/install/turtlesim/local/lib/python3.10/dist-packages/turtlesim/srv/_kill.py
[4.490s] -- Up-to-date: /home/pederba/ros2_ws/install/turtlesim/local/lib/python3.10/dist-packages/turtlesim/srv/_kill_s.c
[4.490s] -- Up-to-date: /home/pederba/ros2_ws/install/turtlesim/local/lib/python3.10/dist-packages/turtlesim/srv/_teleport_absolute_s.c
[4.490s] -- Up-to-date: /home/pederba/ros2_ws/install/turtlesim/local/lib/python3.10/dist-packages/turtlesim/srv/_teleport_absolute.py
[4.490s] -- Up-to-date: /home/pederba/ros2_ws/install/turtlesim/local/lib/python3.10/dist-packages/turtlesim/srv/_teleport_relative_s.c
[4.491s] -- Up-to-date: /home/pederba/ros2_ws/install/turtlesim/local/lib/python3.10/dist-packages/turtlesim/srv/__init__.py
[4.491s] -- Up-to-date: /home/pederba/ros2_ws/install/turtlesim/local/lib/python3.10/dist-packages/turtlesim/srv/_teleport_relative.py
[4.491s] -- Up-to-date: /home/pederba/ros2_ws/install/turtlesim/local/lib/python3.10/dist-packages/turtlesim/srv/_spawn_s.c
[4.491s] -- Up-to-date: /home/pederba/ros2_ws/install/turtlesim/local/lib/python3.10/dist-packages/turtlesim/turtlesim_s__rosidl_typesupport_c.cpython-310-x86_64-linux-gnu.so
[4.491s] -- Up-to-date: /home/pederba/ros2_ws/install/turtlesim/local/lib/python3.10/dist-packages/turtlesim/msg
[4.492s] -- Up-to-date: /home/pederba/ros2_ws/install/turtlesim/local/lib/python3.10/dist-packages/turtlesim/msg/_color.py
[4.493s] -- Up-to-date: /home/pederba/ros2_ws/install/turtlesim/local/lib/python3.10/dist-packages/turtlesim/msg/_pose_s.c
[4.493s] -- Up-to-date: /home/pederba/ros2_ws/install/turtlesim/local/lib/python3.10/dist-packages/turtlesim/msg/__init__.py
[4.493s] -- Up-to-date: /home/pederba/ros2_ws/install/turtlesim/local/lib/python3.10/dist-packages/turtlesim/msg/_color_s.c
[4.493s] -- Up-to-date: /home/pederba/ros2_ws/install/turtlesim/local/lib/python3.10/dist-packages/turtlesim/msg/_pose.py
[4.493s] -- Up-to-date: /home/pederba/ros2_ws/install/turtlesim/local/lib/python3.10/dist-packages/turtlesim/__init__.py
[4.493s] -- Up-to-date: /home/pederba/ros2_ws/install/turtlesim/local/lib/python3.10/dist-packages/turtlesim/_turtlesim_s.ep.rosidl_typesupport_fastrtps_c.c
[4.494s] -- Up-to-date: /home/pederba/ros2_ws/install/turtlesim/local/lib/python3.10/dist-packages/turtlesim/action
[4.494s] -- Up-to-date: /home/pederba/ros2_ws/install/turtlesim/local/lib/python3.10/dist-packages/turtlesim/action/_rotate_absolute.py
[4.494s] -- Up-to-date: /home/pederba/ros2_ws/install/turtlesim/local/lib/python3.10/dist-packages/turtlesim/action/__init__.py
[4.494s] -- Up-to-date: /home/pederba/ros2_ws/install/turtlesim/local/lib/python3.10/dist-packages/turtlesim/action/_rotate_absolute_s.c
[4.505s] Listing '/home/pederba/ros2_ws/install/turtlesim/local/lib/python3.10/dist-packages/turtlesim'...
[4.505s] Listing '/home/pederba/ros2_ws/install/turtlesim/local/lib/python3.10/dist-packages/turtlesim/action'...
[4.505s] Listing '/home/pederba/ros2_ws/install/turtlesim/local/lib/python3.10/dist-packages/turtlesim/msg'...
[4.505s] Listing '/home/pederba/ros2_ws/install/turtlesim/local/lib/python3.10/dist-packages/turtlesim/srv'...
[4.505s] -- Up-to-date: /home/pederba/ros2_ws/install/turtlesim/local/lib/python3.10/dist-packages/turtlesim/turtlesim_s__rosidl_typesupport_fastrtps_c.cpython-310-x86_64-linux-gnu.so
[4.505s] -- Up-to-date: /home/pederba/ros2_ws/install/turtlesim/local/lib/python3.10/dist-packages/turtlesim/turtlesim_s__rosidl_typesupport_introspection_c.cpython-310-x86_64-linux-gnu.so
[4.506s] -- Up-to-date: /home/pederba/ros2_ws/install/turtlesim/local/lib/python3.10/dist-packages/turtlesim/turtlesim_s__rosidl_typesupport_c.cpython-310-x86_64-linux-gnu.so
[4.506s] -- Up-to-date: /home/pederba/ros2_ws/install/turtlesim/lib/libturtlesim__rosidl_generator_py.so
[4.506s] -- Up-to-date: /home/pederba/ros2_ws/install/turtlesim/share/turtlesim/action/RotateAbsolute.idl
[4.506s] -- Up-to-date: /home/pederba/ros2_ws/install/turtlesim/share/turtlesim/msg/Color.idl
[4.508s] -- Up-to-date: /home/pederba/ros2_ws/install/turtlesim/share/turtlesim/msg/Pose.idl
[4.508s] -- Up-to-date: /home/pederba/ros2_ws/install/turtlesim/share/turtlesim/srv/Kill.idl
[4.508s] -- Up-to-date: /home/pederba/ros2_ws/install/turtlesim/share/turtlesim/srv/SetPen.idl
[4.508s] -- Up-to-date: /home/pederba/ros2_ws/install/turtlesim/share/turtlesim/srv/Spawn.idl
[4.508s] -- Up-to-date: /home/pederba/ros2_ws/install/turtlesim/share/turtlesim/srv/TeleportAbsolute.idl
[4.509s] -- Up-to-date: /home/pederba/ros2_ws/install/turtlesim/share/turtlesim/srv/TeleportRelative.idl
[4.509s] -- Up-to-date: /home/pederba/ros2_ws/install/turtlesim/share/turtlesim/action/RotateAbsolute.action
[4.509s] -- Up-to-date: /home/pederba/ros2_ws/install/turtlesim/share/turtlesim/msg/Color.msg
[4.510s] -- Up-to-date: /home/pederba/ros2_ws/install/turtlesim/share/turtlesim/msg/Pose.msg
[4.510s] -- Up-to-date: /home/pederba/ros2_ws/install/turtlesim/share/turtlesim/srv/Kill.srv
[4.510s] -- Up-to-date: /home/pederba/ros2_ws/install/turtlesim/share/turtlesim/srv/Kill_Request.msg
[4.510s] -- Up-to-date: /home/pederba/ros2_ws/install/turtlesim/share/turtlesim/srv/Kill_Response.msg
[4.512s] -- Up-to-date: /home/pederba/ros2_ws/install/turtlesim/share/turtlesim/srv/SetPen.srv
[4.512s] -- Up-to-date: /home/pederba/ros2_ws/install/turtlesim/share/turtlesim/srv/SetPen_Request.msg
[4.513s] -- Up-to-date: /home/pederba/ros2_ws/install/turtlesim/share/turtlesim/srv/SetPen_Response.msg
[4.514s] -- Up-to-date: /home/pederba/ros2_ws/install/turtlesim/share/turtlesim/srv/Spawn.srv
[4.515s] -- Up-to-date: /home/pederba/ros2_ws/install/turtlesim/share/turtlesim/srv/Spawn_Request.msg
[4.516s] -- Up-to-date: /home/pederba/ros2_ws/install/turtlesim/share/turtlesim/srv/Spawn_Response.msg
[4.516s] -- Up-to-date: /home/pederba/ros2_ws/install/turtlesim/share/turtlesim/srv/TeleportAbsolute.srv
[4.517s] -- Up-to-date: /home/pederba/ros2_ws/install/turtlesim/share/turtlesim/srv/TeleportAbsolute_Request.msg
[4.517s] -- Up-to-date: /home/pederba/ros2_ws/install/turtlesim/share/turtlesim/srv/TeleportAbsolute_Response.msg
[4.518s] -- Up-to-date: /home/pederba/ros2_ws/install/turtlesim/share/turtlesim/srv/TeleportRelative.srv
[4.519s] -- Up-to-date: /home/pederba/ros2_ws/install/turtlesim/share/turtlesim/srv/TeleportRelative_Request.msg
[4.520s] -- Up-to-date: /home/pederba/ros2_ws/install/turtlesim/share/turtlesim/srv/TeleportRelative_Response.msg
[4.527s] -- Up-to-date: /home/pederba/ros2_ws/install/turtlesim/lib/turtlesim/turtlesim_node
[4.528s] -- Up-to-date: /home/pederba/ros2_ws/install/turtlesim/lib/turtlesim/turtle_teleop_key
[4.529s] -- Up-to-date: /home/pederba/ros2_ws/install/turtlesim/lib/turtlesim/draw_square
[4.529s] -- Up-to-date: /home/pederba/ros2_ws/install/turtlesim/lib/turtlesim/mimic
[4.530s] -- Up-to-date: /home/pederba/ros2_ws/install/turtlesim/share/turtlesim/images
[4.530s] -- Up-to-date: /home/pederba/ros2_ws/install/turtlesim/share/turtlesim/images/bouncy.png
[4.530s] -- Up-to-date: /home/pederba/ros2_ws/install/turtlesim/share/turtlesim/images/crystal.png
[4.532s] -- Up-to-date: /home/pederba/ros2_ws/install/turtlesim/share/turtlesim/images/galactic.png
[4.532s] -- Up-to-date: /home/pederba/ros2_ws/install/turtlesim/share/turtlesim/images/dashing.png
[4.533s] -- Up-to-date: /home/pederba/ros2_ws/install/turtlesim/share/turtlesim/images/rolling.png
[4.534s] -- Up-to-date: /home/pederba/ros2_ws/install/turtlesim/share/turtlesim/images/eloquent.png
[4.534s] -- Up-to-date: /home/pederba/ros2_ws/install/turtlesim/share/turtlesim/images/foxy.png
[4.538s] -- Up-to-date: /home/pederba/ros2_ws/install/turtlesim/share/turtlesim/images/ardent.png
[4.539s] -- Up-to-date: /home/pederba/ros2_ws/install/turtlesim/share/turtlesim/images/humble.png
[4.539s] -- Up-to-date: /home/pederba/ros2_ws/install/turtlesim/share/turtlesim/launch
[4.539s] -- Up-to-date: /home/pederba/ros2_ws/install/turtlesim/share/turtlesim/launch/multisim.launch.py
[4.539s] -- Up-to-date: /home/pederba/ros2_ws/install/turtlesim/share/ament_index/resource_index/package_run_dependencies/turtlesim
[4.540s] -- Up-to-date: /home/pederba/ros2_ws/install/turtlesim/share/ament_index/resource_index/parent_prefix_path/turtlesim
[4.540s] -- Up-to-date: /home/pederba/ros2_ws/install/turtlesim/share/turtlesim/environment/ament_prefix_path.sh
[4.540s] -- Up-to-date: /home/pederba/ros2_ws/install/turtlesim/share/turtlesim/environment/ament_prefix_path.dsv
[4.541s] -- Up-to-date: /home/pederba/ros2_ws/install/turtlesim/share/turtlesim/environment/path.sh
[4.541s] -- Up-to-date: /home/pederba/ros2_ws/install/turtlesim/share/turtlesim/environment/path.dsv
[4.544s] -- Up-to-date: /home/pederba/ros2_ws/install/turtlesim/share/turtlesim/local_setup.bash
[4.544s] -- Up-to-date: /home/pederba/ros2_ws/install/turtlesim/share/turtlesim/local_setup.sh
[4.544s] -- Up-to-date: /home/pederba/ros2_ws/install/turtlesim/share/turtlesim/local_setup.zsh
[4.545s] -- Up-to-date: /home/pederba/ros2_ws/install/turtlesim/share/turtlesim/local_setup.dsv
[4.545s] -- Installing: /home/pederba/ros2_ws/install/turtlesim/share/turtlesim/package.dsv
[4.545s] -- Up-to-date: /home/pederba/ros2_ws/install/turtlesim/share/ament_index/resource_index/packages/turtlesim
[4.545s] -- Up-to-date: /home/pederba/ros2_ws/install/turtlesim/share/turtlesim/cmake/export_turtlesim__rosidl_generator_cExport.cmake
[4.546s] -- Up-to-date: /home/pederba/ros2_ws/install/turtlesim/share/turtlesim/cmake/export_turtlesim__rosidl_generator_cExport-noconfig.cmake
[4.546s] -- Up-to-date: /home/pederba/ros2_ws/install/turtlesim/share/turtlesim/cmake/export_turtlesim__rosidl_typesupport_fastrtps_cExport.cmake
[4.547s] -- Up-to-date: /home/pederba/ros2_ws/install/turtlesim/share/turtlesim/cmake/export_turtlesim__rosidl_typesupport_fastrtps_cExport-noconfig.cmake
[4.547s] -- Up-to-date: /home/pederba/ros2_ws/install/turtlesim/share/turtlesim/cmake/export_turtlesim__rosidl_generator_cppExport.cmake
[4.547s] -- Up-to-date: /home/pederba/ros2_ws/install/turtlesim/share/turtlesim/cmake/export_turtlesim__rosidl_typesupport_fastrtps_cppExport.cmake
[4.548s] -- Up-to-date: /home/pederba/ros2_ws/install/turtlesim/share/turtlesim/cmake/export_turtlesim__rosidl_typesupport_fastrtps_cppExport-noconfig.cmake
[4.548s] -- Up-to-date: /home/pederba/ros2_ws/install/turtlesim/share/turtlesim/cmake/turtlesim__rosidl_typesupport_introspection_cExport.cmake
[4.548s] -- Up-to-date: /home/pederba/ros2_ws/install/turtlesim/share/turtlesim/cmake/turtlesim__rosidl_typesupport_introspection_cExport-noconfig.cmake
[4.549s] -- Up-to-date: /home/pederba/ros2_ws/install/turtlesim/share/turtlesim/cmake/turtlesim__rosidl_typesupport_cExport.cmake
[4.549s] -- Up-to-date: /home/pederba/ros2_ws/install/turtlesim/share/turtlesim/cmake/turtlesim__rosidl_typesupport_cExport-noconfig.cmake
[4.549s] -- Up-to-date: /home/pederba/ros2_ws/install/turtlesim/share/turtlesim/cmake/turtlesim__rosidl_typesupport_introspection_cppExport.cmake
[4.551s] -- Up-to-date: /home/pederba/ros2_ws/install/turtlesim/share/turtlesim/cmake/turtlesim__rosidl_typesupport_introspection_cppExport-noconfig.cmake
[4.553s] -- Up-to-date: /home/pederba/ros2_ws/install/turtlesim/share/turtlesim/cmake/turtlesim__rosidl_typesupport_cppExport.cmake
[4.554s] -- Up-to-date: /home/pederba/ros2_ws/install/turtlesim/share/turtlesim/cmake/turtlesim__rosidl_typesupport_cppExport-noconfig.cmake
[4.554s] -- Up-to-date: /home/pederba/ros2_ws/install/turtlesim/share/turtlesim/cmake/export_turtlesim__rosidl_generator_pyExport.cmake
[4.556s] -- Up-to-date: /home/pederba/ros2_ws/install/turtlesim/share/turtlesim/cmake/export_turtlesim__rosidl_generator_pyExport-noconfig.cmake
[4.556s] -- Up-to-date: /home/pederba/ros2_ws/install/turtlesim/share/turtlesim/cmake/rosidl_cmake-extras.cmake
[4.557s] -- Up-to-date: /home/pederba/ros2_ws/install/turtlesim/share/turtlesim/cmake/ament_cmake_export_dependencies-extras.cmake
[4.557s] -- Up-to-date: /home/pederba/ros2_ws/install/turtlesim/share/turtlesim/cmake/ament_cmake_export_include_directories-extras.cmake
[4.557s] -- Up-to-date: /home/pederba/ros2_ws/install/turtlesim/share/turtlesim/cmake/ament_cmake_export_libraries-extras.cmake
[4.558s] -- Up-to-date: /home/pederba/ros2_ws/install/turtlesim/share/turtlesim/cmake/ament_cmake_export_targets-extras.cmake
[4.558s] -- Up-to-date: /home/pederba/ros2_ws/install/turtlesim/share/turtlesim/cmake/rosidl_cmake_export_typesupport_targets-extras.cmake
[4.558s] -- Up-to-date: /home/pederba/ros2_ws/install/turtlesim/share/turtlesim/cmake/rosidl_cmake_export_typesupport_libraries-extras.cmake
[4.559s] -- Up-to-date: /home/pederba/ros2_ws/install/turtlesim/share/turtlesim/cmake/turtlesimConfig.cmake
[4.559s] -- Up-to-date: /home/pederba/ros2_ws/install/turtlesim/share/turtlesim/cmake/turtlesimConfig-version.cmake
[4.560s] -- Up-to-date: /home/pederba/ros2_ws/install/turtlesim/share/turtlesim/package.xml
[5.007s] Invoked command in '/home/pederba/ros2_ws/build/turtlesim' returned '0': CMAKE_PREFIX_PATH=${CMAKE_PREFIX_PATH}:/home/pederba/ros2_ws/install/turtlebot3_teleop:/home/pederba/ros2_ws/install/turtlebot3_example:/home/pederba/ros2_ws/install/py_pubsub:/home/pederba/ros2_ws/install/lab02_pkg:/home/pederba/ros2_ws/install/lab01_pkg:/opt/ros/humble /usr/bin/cmake --install /home/pederba/ros2_ws/build/turtlesim
