[5.462s] Invoking command in '/home/pederba/ros2_ws/src/py_pubsub': PYTHONPATH=/home/pederba/ros2_ws/build/py_pubsub/prefix_override:/home/pederba/ros2_ws/install/py_pubsub/lib/python3.10/site-packages:${PYTHONPATH} /usr/bin/python3 setup.py egg_info --egg-base ../../build/py_pubsub build --build-base /home/pederba/ros2_ws/build/py_pubsub/build install --record /home/pederba/ros2_ws/build/py_pubsub/install.log --single-version-externally-managed
[6.126s] running egg_info
[6.159s] writing ../../build/py_pubsub/py_pubsub.egg-info/PKG-INFO
[6.161s] writing dependency_links to ../../build/py_pubsub/py_pubsub.egg-info/dependency_links.txt
[6.161s] writing entry points to ../../build/py_pubsub/py_pubsub.egg-info/entry_points.txt
[6.161s] writing requirements to ../../build/py_pubsub/py_pubsub.egg-info/requires.txt
[6.162s] writing top-level names to ../../build/py_pubsub/py_pubsub.egg-info/top_level.txt
[6.239s] reading manifest file '../../build/py_pubsub/py_pubsub.egg-info/SOURCES.txt'
[6.241s] writing manifest file '../../build/py_pubsub/py_pubsub.egg-info/SOURCES.txt'
[6.241s] running build
[6.241s] running build_py
[6.242s] running install
[6.242s] /home/pederba/.local/lib/python3.10/site-packages/setuptools/_distutils/cmd.py:66: SetuptoolsDeprecationWarning: setup.py install is deprecated.
[6.243s] !!
[6.243s] 
[6.244s]         ********************************************************************************
[6.244s]         Please avoid running ``setup.py`` directly.
[6.245s]         Instead, use pypa/build, pypa/installer or other
[6.245s]         standards-based tools.
[6.245s] 
[6.245s]         See https://blog.ganssle.io/articles/2021/10/setup-py-deprecated.html for details.
[6.245s]         ********************************************************************************
[6.246s] 
[6.246s] !!
[6.246s]   self.initialize_options()
[6.255s] running install_lib
[6.311s] running install_data
[6.357s] running install_egg_info
[6.406s] removing '/home/pederba/ros2_ws/install/py_pubsub/lib/python3.10/site-packages/py_pubsub-0.0.0-py3.10.egg-info' (and everything under it)
[6.407s] Copying ../../build/py_pubsub/py_pubsub.egg-info to /home/pederba/ros2_ws/install/py_pubsub/lib/python3.10/site-packages/py_pubsub-0.0.0-py3.10.egg-info
[6.409s] running install_scripts
[6.768s] Installing listener script to /home/pederba/ros2_ws/install/py_pubsub/lib/py_pubsub
[6.770s] Installing talker script to /home/pederba/ros2_ws/install/py_pubsub/lib/py_pubsub
[6.771s] writing list of installed files to '/home/pederba/ros2_ws/build/py_pubsub/install.log'
[6.884s] Invoked command in '/home/pederba/ros2_ws/src/py_pubsub' returned '0': PYTHONPATH=/home/pederba/ros2_ws/build/py_pubsub/prefix_override:/home/pederba/ros2_ws/install/py_pubsub/lib/python3.10/site-packages:${PYTHONPATH} /usr/bin/python3 setup.py egg_info --egg-base ../../build/py_pubsub build --build-base /home/pederba/ros2_ws/build/py_pubsub/build install --record /home/pederba/ros2_ws/build/py_pubsub/install.log --single-version-externally-managed
