[1.614s] Invoking command in '/home/pederba/ros2_ws/src/lab03_pkg': PYTHONPATH=/home/pederba/ros2_ws/build/lab03_pkg/prefix_override:/home/pederba/ros2_ws/install/lab03_pkg/lib/python3.10/site-packages:${PYTHONPATH} /usr/bin/python3 setup.py egg_info --egg-base ../../build/lab03_pkg build --build-base /home/pederba/ros2_ws/build/lab03_pkg/build install --record /home/pederba/ros2_ws/build/lab03_pkg/install.log --single-version-externally-managed
[2.036s] running egg_info
[2.062s] writing ../../build/lab03_pkg/lab03_pkg.egg-info/PKG-INFO
[2.063s] writing dependency_links to ../../build/lab03_pkg/lab03_pkg.egg-info/dependency_links.txt
[2.063s] writing entry points to ../../build/lab03_pkg/lab03_pkg.egg-info/entry_points.txt
[2.064s] writing requirements to ../../build/lab03_pkg/lab03_pkg.egg-info/requires.txt
[2.064s] writing top-level names to ../../build/lab03_pkg/lab03_pkg.egg-info/top_level.txt
[2.118s] reading manifest file '../../build/lab03_pkg/lab03_pkg.egg-info/SOURCES.txt'
[2.120s] writing manifest file '../../build/lab03_pkg/lab03_pkg.egg-info/SOURCES.txt'
[2.120s] running build
[2.120s] running build_py
[2.120s] copying lab03_pkg/controller.py -> /home/pederba/ros2_ws/build/lab03_pkg/build/lib/lab03_pkg
[2.121s] running install
[2.122s] /home/pederba/.local/lib/python3.10/site-packages/setuptools/_distutils/cmd.py:66: SetuptoolsDeprecationWarning: setup.py install is deprecated.
[2.122s] !!
[2.122s] 
[2.123s]         ********************************************************************************
[2.123s]         Please avoid running ``setup.py`` directly.
[2.123s]         Instead, use pypa/build, pypa/installer or other
[2.123s]         standards-based tools.
[2.123s] 
[2.123s]         See https://blog.ganssle.io/articles/2021/10/setup-py-deprecated.html for details.
[2.123s]         ********************************************************************************
[2.123s] 
[2.123s] !!
[2.123s]   self.initialize_options()
[2.131s] running install_lib
[2.155s] copying /home/pederba/ros2_ws/build/lab03_pkg/build/lib/lab03_pkg/controller.py -> /home/pederba/ros2_ws/install/lab03_pkg/lib/python3.10/site-packages/lab03_pkg
[2.156s] byte-compiling /home/pederba/ros2_ws/install/lab03_pkg/lib/python3.10/site-packages/lab03_pkg/controller.py to controller.cpython-310.pyc
[2.157s] running install_data
[2.181s] running install_egg_info
[2.206s] removing '/home/pederba/ros2_ws/install/lab03_pkg/lib/python3.10/site-packages/lab03_pkg-0.0.0-py3.10.egg-info' (and everything under it)
[2.207s] Copying ../../build/lab03_pkg/lab03_pkg.egg-info to /home/pederba/ros2_ws/install/lab03_pkg/lib/python3.10/site-packages/lab03_pkg-0.0.0-py3.10.egg-info
[2.208s] running install_scripts
[2.441s] Installing controller script to /home/pederba/ros2_ws/install/lab03_pkg/lib/lab03_pkg
[2.442s] writing list of installed files to '/home/pederba/ros2_ws/build/lab03_pkg/install.log'
[2.497s] Invoked command in '/home/pederba/ros2_ws/src/lab03_pkg' returned '0': PYTHONPATH=/home/pederba/ros2_ws/build/lab03_pkg/prefix_override:/home/pederba/ros2_ws/install/lab03_pkg/lib/python3.10/site-packages:${PYTHONPATH} /usr/bin/python3 setup.py egg_info --egg-base ../../build/lab03_pkg build --build-base /home/pederba/ros2_ws/build/lab03_pkg/build install --record /home/pederba/ros2_ws/build/lab03_pkg/install.log --single-version-externally-managed
