[5.399s] Invoking command in '/home/pederba/ros2_ws/src/py_pubsub': PYTHONPATH=/home/pederba/ros2_ws/build/py_pubsub/prefix_override:/home/pederba/ros2_ws/install/py_pubsub/lib/python3.10/site-packages:${PYTHONPATH} /usr/bin/python3 setup.py egg_info --egg-base ../../build/py_pubsub build --build-base /home/pederba/ros2_ws/build/py_pubsub/build install --record /home/pederba/ros2_ws/build/py_pubsub/install.log --single-version-externally-managed
[5.909s] running egg_info
[5.947s] writing ../../build/py_pubsub/py_pubsub.egg-info/PKG-INFO
[5.948s] writing dependency_links to ../../build/py_pubsub/py_pubsub.egg-info/dependency_links.txt
[5.949s] writing entry points to ../../build/py_pubsub/py_pubsub.egg-info/entry_points.txt
[5.949s] writing requirements to ../../build/py_pubsub/py_pubsub.egg-info/requires.txt
[5.949s] writing top-level names to ../../build/py_pubsub/py_pubsub.egg-info/top_level.txt
[6.015s] reading manifest file '../../build/py_pubsub/py_pubsub.egg-info/SOURCES.txt'
[6.017s] writing manifest file '../../build/py_pubsub/py_pubsub.egg-info/SOURCES.txt'
[6.018s] running build
[6.018s] running build_py
[6.019s] running install
[6.019s] /home/pederba/.local/lib/python3.10/site-packages/setuptools/_distutils/cmd.py:66: SetuptoolsDeprecationWarning: setup.py install is deprecated.
[6.019s] !!
[6.020s] 
[6.020s]         ********************************************************************************
[6.020s]         Please avoid running ``setup.py`` directly.
[6.020s]         Instead, use pypa/build, pypa/installer or other
[6.021s]         standards-based tools.
[6.021s] 
[6.021s]         See https://blog.ganssle.io/articles/2021/10/setup-py-deprecated.html for details.
[6.021s]         ********************************************************************************
[6.021s] 
[6.022s] !!
[6.022s]   self.initialize_options()
[6.037s] running install_lib
[6.084s] running install_data
[6.128s] running install_egg_info
[6.175s] removing '/home/pederba/ros2_ws/install/py_pubsub/lib/python3.10/site-packages/py_pubsub-0.0.0-py3.10.egg-info' (and everything under it)
[6.176s] Copying ../../build/py_pubsub/py_pubsub.egg-info to /home/pederba/ros2_ws/install/py_pubsub/lib/python3.10/site-packages/py_pubsub-0.0.0-py3.10.egg-info
[6.178s] running install_scripts
[6.626s] Installing listener script to /home/pederba/ros2_ws/install/py_pubsub/lib/py_pubsub
[6.626s] Installing talker script to /home/pederba/ros2_ws/install/py_pubsub/lib/py_pubsub
[6.627s] writing list of installed files to '/home/pederba/ros2_ws/build/py_pubsub/install.log'
[6.809s] Invoked command in '/home/pederba/ros2_ws/src/py_pubsub' returned '0': PYTHONPATH=/home/pederba/ros2_ws/build/py_pubsub/prefix_override:/home/pederba/ros2_ws/install/py_pubsub/lib/python3.10/site-packages:${PYTHONPATH} /usr/bin/python3 setup.py egg_info --egg-base ../../build/py_pubsub build --build-base /home/pederba/ros2_ws/build/py_pubsub/build install --record /home/pederba/ros2_ws/build/py_pubsub/install.log --single-version-externally-managed
