[1.931s] Invoking command in '/home/pederba/ros2_ws/src/lab05/lab05_pkg': PYTHONPATH=/home/pederba/ros2_ws/build/lab05_pkg/prefix_override:/home/pederba/ros2_ws/install/lab05_pkg/lib/python3.10/site-packages:${PYTHONPATH} /usr/bin/python3 setup.py egg_info --egg-base ../../../build/lab05_pkg build --build-base /home/pederba/ros2_ws/build/lab05_pkg/build install --record /home/pederba/ros2_ws/build/lab05_pkg/install.log --single-version-externally-managed
[2.482s] running egg_info
[2.506s] writing ../../../build/lab05_pkg/lab05_pkg.egg-info/PKG-INFO
[2.506s] writing dependency_links to ../../../build/lab05_pkg/lab05_pkg.egg-info/dependency_links.txt
[2.507s] writing entry points to ../../../build/lab05_pkg/lab05_pkg.egg-info/entry_points.txt
[2.507s] writing requirements to ../../../build/lab05_pkg/lab05_pkg.egg-info/requires.txt
[2.508s] writing top-level names to ../../../build/lab05_pkg/lab05_pkg.egg-info/top_level.txt
[2.558s] reading manifest file '../../../build/lab05_pkg/lab05_pkg.egg-info/SOURCES.txt'
[2.559s] writing manifest file '../../../build/lab05_pkg/lab05_pkg.egg-info/SOURCES.txt'
[2.559s] running build
[2.559s] running build_py
[2.559s] copying lab05_pkg/recorder.py -> /home/pederba/ros2_ws/build/lab05_pkg/build/lib/lab05_pkg
[2.560s] copying lab05_pkg/plotter.py -> /home/pederba/ros2_ws/build/lab05_pkg/build/lib/lab05_pkg
[2.560s] running install
[2.560s] /home/pederba/.local/lib/python3.10/site-packages/setuptools/command/install.py:34: SetuptoolsDeprecationWarning: setup.py install is deprecated. Use build and pip and other standards-based tools.
[2.560s]   warnings.warn(
[2.566s] running install_lib
[2.590s] copying /home/pederba/ros2_ws/build/lab05_pkg/build/lib/lab05_pkg/recorder.py -> /home/pederba/ros2_ws/install/lab05_pkg/lib/python3.10/site-packages/lab05_pkg
[2.591s] copying /home/pederba/ros2_ws/build/lab05_pkg/build/lib/lab05_pkg/plotter.py -> /home/pederba/ros2_ws/install/lab05_pkg/lib/python3.10/site-packages/lab05_pkg
[2.591s] byte-compiling /home/pederba/ros2_ws/install/lab05_pkg/lib/python3.10/site-packages/lab05_pkg/recorder.py to recorder.cpython-310.pyc
[2.592s] byte-compiling /home/pederba/ros2_ws/install/lab05_pkg/lib/python3.10/site-packages/lab05_pkg/plotter.py to plotter.cpython-310.pyc
[2.593s] running install_data
[2.618s] running install_egg_info
[2.648s] removing '/home/pederba/ros2_ws/install/lab05_pkg/lib/python3.10/site-packages/lab05_pkg-0.0.0-py3.10.egg-info' (and everything under it)
[2.648s] Copying ../../../build/lab05_pkg/lab05_pkg.egg-info to /home/pederba/ros2_ws/install/lab05_pkg/lib/python3.10/site-packages/lab05_pkg-0.0.0-py3.10.egg-info
[2.650s] running install_scripts
[2.749s] Installing recorder script to /home/pederba/ros2_ws/install/lab05_pkg/lib/lab05_pkg
[2.750s] writing list of installed files to '/home/pederba/ros2_ws/build/lab05_pkg/install.log'
[2.829s] Invoked command in '/home/pederba/ros2_ws/src/lab05/lab05_pkg' returned '0': PYTHONPATH=/home/pederba/ros2_ws/build/lab05_pkg/prefix_override:/home/pederba/ros2_ws/install/lab05_pkg/lib/python3.10/site-packages:${PYTHONPATH} /usr/bin/python3 setup.py egg_info --egg-base ../../../build/lab05_pkg build --build-base /home/pederba/ros2_ws/build/lab05_pkg/build install --record /home/pederba/ros2_ws/build/lab05_pkg/install.log --single-version-externally-managed
