[0.246s] Invoking command in '/home/pederba/ros2_ws/build/turtlebot3_gazebo': CMAKE_PREFIX_PATH=${CMAKE_PREFIX_PATH}:/home/pederba/ros2_ws/install/lab02_pkg_test:/home/pederba/ros2_ws/install/turtlebot3_teleop:/home/pederba/ros2_ws/install/turtlebot3_example:/home/pederba/ros2_ws/install/py_pubsub:/home/pederba/ros2_ws/install/lab02_pkg:/home/pederba/ros2_ws/install/lab01_pkg:/opt/ros/humble /usr/bin/cmake /home/pederba/ros2_ws/src/turtlebot3/turtlebot3_simulations/turtlebot3_gazebo -DAMENT_CMAKE_SYMLINK_INSTALL=1 -DCMAKE_INSTALL_PREFIX=/home/pederba/ros2_ws/install/turtlebot3_gazebo
[0.960s] -- Found ament_cmake: 1.3.5 (/opt/ros/humble/share/ament_cmake/cmake)
[0.963s] -- Override CMake install command with custom implementation using symlinks instead of copying resources
[0.964s] -- Found DART: /usr/include (Required is at least version "6.6") found components: dart 
[0.964s] -- Found Protobuf: /usr/lib/x86_64-linux-gnu/libprotobuf.so (found version "3.12.4") 
[0.964s] -- Looking for ignition-math6 -- found version 6.15.0
[0.965s] [33mCMake Warning (dev) at /usr/share/cmake-3.22/Modules/FindPackageHandleStandardArgs.cmake:438 (message):
[0.966s]   The package name passed to `find_package_handle_standard_args` (PkgConfig)
[0.967s]   does not match the name of the calling package (gazebo).  This can lead to
[0.968s]   problems in calling code that expects `find_package` result variables
[0.968s]   (e.g., `_FOUND`) to follow a certain pattern.
[0.968s] Call Stack (most recent call first):
[0.968s]   /usr/share/cmake-3.22/Modules/FindPkgConfig.cmake:99 (find_package_handle_standard_args)
[0.968s]   /usr/lib/x86_64-linux-gnu/cmake/gazebo/gazebo-config.cmake:72 (include)
[0.968s]   CMakeLists.txt:23 (find_package)
[0.968s] This warning is for project developers.  Use -Wno-dev to suppress it.
[0.968s] [0m
[0.972s] -- Searching for dependencies of ignition-math6
[0.975s] -- Looking for OGRE...
[0.998s] -- Found Ogre Ghadamon (1.9.0)
[0.998s] -- Found OGRE: optimized;/usr/lib/x86_64-linux-gnu/libOgreMain.so;debug;/usr/lib/x86_64-linux-gnu/libOgreMain.so
[1.021s] -- Looking for OGRE_Paging...
[1.022s] -- Found OGRE_Paging: optimized;/usr/lib/x86_64-linux-gnu/libOgrePaging.so;debug;/usr/lib/x86_64-linux-gnu/libOgrePaging.so
[1.022s] -- Looking for OGRE_Terrain...
[1.022s] -- Found OGRE_Terrain: optimized;/usr/lib/x86_64-linux-gnu/libOgreTerrain.so;debug;/usr/lib/x86_64-linux-gnu/libOgreTerrain.so
[1.023s] -- Looking for OGRE_Property...
[1.023s] -- Found OGRE_Property: optimized;/usr/lib/x86_64-linux-gnu/libOgreProperty.so;debug;/usr/lib/x86_64-linux-gnu/libOgreProperty.so
[1.023s] -- Looking for OGRE_RTShaderSystem...
[1.023s] -- Found OGRE_RTShaderSystem: optimized;/usr/lib/x86_64-linux-gnu/libOgreRTShaderSystem.so;debug;/usr/lib/x86_64-linux-gnu/libOgreRTShaderSystem.so
[1.023s] -- Looking for OGRE_Volume...
[1.034s] -- Found OGRE_Volume: optimized;/usr/lib/x86_64-linux-gnu/libOgreVolume.so;debug;/usr/lib/x86_64-linux-gnu/libOgreVolume.so
[1.034s] -- Looking for OGRE_Overlay...
[1.034s] -- Found OGRE_Overlay: optimized;/usr/lib/x86_64-linux-gnu/libOgreOverlay.so;debug;/usr/lib/x86_64-linux-gnu/libOgreOverlay.so
[1.494s] -- Looking for ignition-math6 -- found version 6.15.0
[1.496s] -- Looking for ignition-transport8 -- found version 8.2.1
[1.497s] -- Searching for dependencies of ignition-transport8
[1.566s] -- Found Protobuf: /usr/lib/x86_64-linux-gnu/libprotobuf.so (found suitable version "3.12.4", minimum required is "3") 
[1.614s] -- Config-file not installed for ZeroMQ -- checking for pkg-config
[1.648s] -- Checking for module 'libzmq >= 4'
[1.692s] --   Found libzmq , version 4.3.4
[1.832s] -- Checking for module 'uuid'
[1.871s] --   Found uuid, version 2.37.2
[1.983s] -- Looking for ignition-msgs5 -- found version 5.8.1
[1.984s] -- Searching for dependencies of ignition-msgs5
[2.036s] -- Looking for ignition-math6 -- found version 6.15.0
[2.047s] -- Checking for module 'tinyxml2'
[2.085s] --   Found tinyxml2, version 9.0.0
[2.192s] -- Looking for ignition-msgs5 -- found version 5.8.1
[2.194s] -- Looking for ignition-common3 -- found version 3.14.0
[2.196s] -- Searching for dependencies of ignition-common3
[2.197s] -- Looking for dlfcn.h - found
[2.197s] -- Looking for libdl - found
[2.235s] -- Searching for <ignition-common3> component [graphics]
[2.235s] -- Looking for ignition-common3-graphics -- found version 3.14.0
[2.236s] -- Searching for dependencies of ignition-common3-graphics
[2.236s] -- Looking for ignition-math6 -- found version 6.15.0
[2.236s] -- Looking for ignition-fuel_tools4 -- found version 4.4.0
[2.236s] -- Searching for dependencies of ignition-fuel_tools4
[2.334s] -- Checking for module 'jsoncpp'
[2.374s] --   Found jsoncpp, version 1.9.5
[2.513s] -- Checking for module 'libzip'
[2.553s] --   Found libzip, version 1.7.3
[2.649s] -- Looking for ignition-common3 -- found version 3.14.0
[2.649s] -- Looking for ignition-math6 -- found version 6.15.0
[2.649s] -- Looking for ignition-msgs5 -- found version 5.8.1
[2.655s] -- Found gazebo_ros_pkgs: 3.7.0 (/opt/ros/humble/share/gazebo_ros_pkgs/cmake)
[2.656s] -- Found geometry_msgs: 4.2.3 (/opt/ros/humble/share/geometry_msgs/cmake)
[2.697s] -- Found rosidl_generator_c: 3.1.5 (/opt/ros/humble/share/rosidl_generator_c/cmake)
[2.703s] -- Found rosidl_adapter: 3.1.5 (/opt/ros/humble/share/rosidl_adapter/cmake)
[2.718s] -- Found rosidl_generator_cpp: 3.1.5 (/opt/ros/humble/share/rosidl_generator_cpp/cmake)
[2.740s] -- Using all available rosidl_typesupport_c: rosidl_typesupport_fastrtps_c;rosidl_typesupport_introspection_c
[2.766s] -- Using all available rosidl_typesupport_cpp: rosidl_typesupport_fastrtps_cpp;rosidl_typesupport_introspection_cpp
[3.026s] -- Found nav_msgs: 4.2.3 (/opt/ros/humble/share/nav_msgs/cmake)
[3.215s] -- Found rclcpp: 16.0.6 (/opt/ros/humble/share/rclcpp/cmake)
[3.345s] -- Found rmw_implementation_cmake: 6.1.1 (/opt/ros/humble/share/rmw_implementation_cmake/cmake)
[3.350s] -- Found rmw_fastrtps_cpp: 6.2.4 (/opt/ros/humble/share/rmw_fastrtps_cpp/cmake)
[3.623s] -- Using RMW implementation 'rmw_fastrtps_cpp' as default
[3.850s] -- Found sensor_msgs: 4.2.3 (/opt/ros/humble/share/sensor_msgs/cmake)
[4.023s] -- Found tf2: 0.25.4 (/opt/ros/humble/share/tf2/cmake)
[4.205s] -- Configuring done
[4.298s] -- Generating done
[4.303s] -- Build files have been written to: /home/pederba/ros2_ws/build/turtlebot3_gazebo
[4.350s] Invoked command in '/home/pederba/ros2_ws/build/turtlebot3_gazebo' returned '0': CMAKE_PREFIX_PATH=${CMAKE_PREFIX_PATH}:/home/pederba/ros2_ws/install/lab02_pkg_test:/home/pederba/ros2_ws/install/turtlebot3_teleop:/home/pederba/ros2_ws/install/turtlebot3_example:/home/pederba/ros2_ws/install/py_pubsub:/home/pederba/ros2_ws/install/lab02_pkg:/home/pederba/ros2_ws/install/lab01_pkg:/opt/ros/humble /usr/bin/cmake /home/pederba/ros2_ws/src/turtlebot3/turtlebot3_simulations/turtlebot3_gazebo -DAMENT_CMAKE_SYMLINK_INSTALL=1 -DCMAKE_INSTALL_PREFIX=/home/pederba/ros2_ws/install/turtlebot3_gazebo
[4.352s] Invoking command in '/home/pederba/ros2_ws/build/turtlebot3_gazebo': CMAKE_PREFIX_PATH=${CMAKE_PREFIX_PATH}:/home/pederba/ros2_ws/install/lab02_pkg_test:/home/pederba/ros2_ws/install/turtlebot3_teleop:/home/pederba/ros2_ws/install/turtlebot3_example:/home/pederba/ros2_ws/install/py_pubsub:/home/pederba/ros2_ws/install/lab02_pkg:/home/pederba/ros2_ws/install/lab01_pkg:/opt/ros/humble /usr/bin/cmake --build /home/pederba/ros2_ws/build/turtlebot3_gazebo -- -j8 -l8
[4.568s] [35m[1mConsolidate compiler generated dependencies of target obstacle2[0m
[4.577s] [35m[1mConsolidate compiler generated dependencies of target turtlebot3_drive[0m
[4.595s] [35m[1mConsolidate compiler generated dependencies of target obstacles[0m
[4.632s] [35m[1mConsolidate compiler generated dependencies of target obstacle1[0m
[4.677s] [ 12%] [32m[1mLinking CXX executable turtlebot3_drive[0m
[4.868s] [ 37%] Built target obstacles
[4.873s] [ 62%] Built target obstacle1
[4.877s] [ 87%] Built target obstacle2
[6.262s] [100%] Built target turtlebot3_drive
