[2.001s] DEBUG:colcon:Command line arguments: ['/usr/bin/colcon', 'build', '--packages-select', 'lab02_interfaces']
[2.001s] DEBUG:colcon:Parsed command line arguments: Namespace(log_base=None, log_level=None, verb_name='build', build_base='build', install_base='install', merge_install=False, symlink_install=False, test_result_base=None, continue_on_error=False, executor='parallel', parallel_workers=8, event_handlers=None, ignore_user_meta=False, metas=['./colcon.meta'], base_paths=['.'], packages_ignore=None, packages_ignore_regex=None, paths=None, packages_up_to=None, packages_up_to_regex=None, packages_above=None, packages_above_and_dependencies=None, packages_above_depth=None, packages_select_by_dep=None, packages_skip_by_dep=None, packages_skip_up_to=None, packages_select_build_failed=False, packages_skip_build_finished=False, packages_select_test_failures=False, packages_skip_test_passed=False, packages_select=['lab02_interfaces'], packages_skip=None, packages_select_regex=None, packages_skip_regex=None, packages_start=None, packages_end=None, allow_overriding=[], cmake_args=None, cmake_target=None, cmake_target_skip_unavailable=False, cmake_clean_cache=False, cmake_clean_first=False, cmake_force_configure=False, ament_cmake_args=None, catkin_cmake_args=None, catkin_skip_building_tests=False, verb_parser=<colcon_defaults.argument_parser.defaults.DefaultArgumentsDecorator object at 0x7fc8a0b7c730>, verb_extension=<colcon_core.verb.build.BuildVerb object at 0x7fc8a0b7c2b0>, main=<bound method BuildVerb.main of <colcon_core.verb.build.BuildVerb object at 0x7fc8a0b7c2b0>>)
[2.116s] Level 1:colcon.colcon_core.package_discovery:discover_packages(colcon_meta) check parameters
[2.116s] Level 1:colcon.colcon_core.package_discovery:discover_packages(recursive) check parameters
[2.116s] Level 1:colcon.colcon_core.package_discovery:discover_packages(ignore) check parameters
[2.116s] Level 1:colcon.colcon_core.package_discovery:discover_packages(path) check parameters
[2.116s] Level 1:colcon.colcon_core.package_discovery:discover_packages(colcon_meta) discover
[2.116s] Level 1:colcon.colcon_core.package_discovery:discover_packages(recursive) discover
[2.116s] INFO:colcon.colcon_core.package_discovery:Crawling recursively for packages in '/home/pederba/ros2_ws'
[2.116s] Level 1:colcon.colcon_core.package_identification:_identify(.) by extensions ['ignore', 'ignore_ament_install']
[2.117s] Level 1:colcon.colcon_core.package_identification:_identify(.) by extension 'ignore'
[2.117s] Level 1:colcon.colcon_core.package_identification:_identify(.) by extension 'ignore_ament_install'
[2.117s] Level 1:colcon.colcon_core.package_identification:_identify(.) by extensions ['colcon_pkg']
[2.117s] Level 1:colcon.colcon_core.package_identification:_identify(.) by extension 'colcon_pkg'
[2.117s] Level 1:colcon.colcon_core.package_identification:_identify(.) by extensions ['colcon_meta']
[2.117s] Level 1:colcon.colcon_core.package_identification:_identify(.) by extension 'colcon_meta'
[2.117s] Level 1:colcon.colcon_core.package_identification:_identify(.) by extensions ['ros']
[2.117s] Level 1:colcon.colcon_core.package_identification:_identify(.) by extension 'ros'
[2.142s] Level 1:colcon.colcon_core.package_identification:_identify(.) by extensions ['cmake', 'python']
[2.142s] Level 1:colcon.colcon_core.package_identification:_identify(.) by extension 'cmake'
[2.143s] Level 1:colcon.colcon_core.package_identification:_identify(.) by extension 'python'
[2.143s] Level 1:colcon.colcon_core.package_identification:_identify(.) by extensions ['python_setup_py']
[2.143s] Level 1:colcon.colcon_core.package_identification:_identify(.) by extension 'python_setup_py'
[2.143s] Level 1:colcon.colcon_core.package_identification:_identify(build) by extensions ['ignore', 'ignore_ament_install']
[2.143s] Level 1:colcon.colcon_core.package_identification:_identify(build) by extension 'ignore'
[2.143s] Level 1:colcon.colcon_core.package_identification:_identify(build) ignored
[2.143s] Level 1:colcon.colcon_core.package_identification:_identify(install) by extensions ['ignore', 'ignore_ament_install']
[2.144s] Level 1:colcon.colcon_core.package_identification:_identify(install) by extension 'ignore'
[2.144s] Level 1:colcon.colcon_core.package_identification:_identify(install) ignored
[2.144s] Level 1:colcon.colcon_core.package_identification:_identify(log) by extensions ['ignore', 'ignore_ament_install']
[2.144s] Level 1:colcon.colcon_core.package_identification:_identify(log) by extension 'ignore'
[2.144s] Level 1:colcon.colcon_core.package_identification:_identify(log) ignored
[2.144s] Level 1:colcon.colcon_core.package_identification:_identify(src) by extensions ['ignore', 'ignore_ament_install']
[2.144s] Level 1:colcon.colcon_core.package_identification:_identify(src) by extension 'ignore'
[2.144s] Level 1:colcon.colcon_core.package_identification:_identify(src) by extension 'ignore_ament_install'
[2.144s] Level 1:colcon.colcon_core.package_identification:_identify(src) by extensions ['colcon_pkg']
[2.145s] Level 1:colcon.colcon_core.package_identification:_identify(src) by extension 'colcon_pkg'
[2.145s] Level 1:colcon.colcon_core.package_identification:_identify(src) by extensions ['colcon_meta']
[2.145s] Level 1:colcon.colcon_core.package_identification:_identify(src) by extension 'colcon_meta'
[2.145s] Level 1:colcon.colcon_core.package_identification:_identify(src) by extensions ['ros']
[2.145s] Level 1:colcon.colcon_core.package_identification:_identify(src) by extension 'ros'
[2.145s] Level 1:colcon.colcon_core.package_identification:_identify(src) by extensions ['cmake', 'python']
[2.145s] Level 1:colcon.colcon_core.package_identification:_identify(src) by extension 'cmake'
[2.145s] Level 1:colcon.colcon_core.package_identification:_identify(src) by extension 'python'
[2.145s] Level 1:colcon.colcon_core.package_identification:_identify(src) by extensions ['python_setup_py']
[2.145s] Level 1:colcon.colcon_core.package_identification:_identify(src) by extension 'python_setup_py'
[2.145s] Level 1:colcon.colcon_core.package_identification:_identify(src/lab01_pkg) by extensions ['ignore', 'ignore_ament_install']
[2.145s] Level 1:colcon.colcon_core.package_identification:_identify(src/lab01_pkg) by extension 'ignore'
[2.146s] Level 1:colcon.colcon_core.package_identification:_identify(src/lab01_pkg) by extension 'ignore_ament_install'
[2.146s] Level 1:colcon.colcon_core.package_identification:_identify(src/lab01_pkg) by extensions ['colcon_pkg']
[2.146s] Level 1:colcon.colcon_core.package_identification:_identify(src/lab01_pkg) by extension 'colcon_pkg'
[2.146s] Level 1:colcon.colcon_core.package_identification:_identify(src/lab01_pkg) by extensions ['colcon_meta']
[2.146s] Level 1:colcon.colcon_core.package_identification:_identify(src/lab01_pkg) by extension 'colcon_meta'
[2.146s] Level 1:colcon.colcon_core.package_identification:_identify(src/lab01_pkg) by extensions ['ros']
[2.146s] Level 1:colcon.colcon_core.package_identification:_identify(src/lab01_pkg) by extension 'ros'
[2.150s] DEBUG:colcon.colcon_core.package_identification:Package 'src/lab01_pkg' with type 'ros.ament_python' and name 'lab01_pkg'
[2.150s] Level 1:colcon.colcon_core.package_identification:_identify(src/lab02_interfaces) by extensions ['ignore', 'ignore_ament_install']
[2.150s] Level 1:colcon.colcon_core.package_identification:_identify(src/lab02_interfaces) by extension 'ignore'
[2.150s] Level 1:colcon.colcon_core.package_identification:_identify(src/lab02_interfaces) by extension 'ignore_ament_install'
[2.150s] Level 1:colcon.colcon_core.package_identification:_identify(src/lab02_interfaces) by extensions ['colcon_pkg']
[2.150s] Level 1:colcon.colcon_core.package_identification:_identify(src/lab02_interfaces) by extension 'colcon_pkg'
[2.150s] Level 1:colcon.colcon_core.package_identification:_identify(src/lab02_interfaces) by extensions ['colcon_meta']
[2.150s] Level 1:colcon.colcon_core.package_identification:_identify(src/lab02_interfaces) by extension 'colcon_meta'
[2.151s] Level 1:colcon.colcon_core.package_identification:_identify(src/lab02_interfaces) by extensions ['ros']
[2.151s] Level 1:colcon.colcon_core.package_identification:_identify(src/lab02_interfaces) by extension 'ros'
[2.151s] DEBUG:colcon.colcon_core.package_identification:Package 'src/lab02_interfaces' with type 'ros.ament_cmake' and name 'lab02_interfaces'
[2.152s] Level 1:colcon.colcon_core.package_identification:_identify(src/lab02_pkg) by extensions ['ignore', 'ignore_ament_install']
[2.152s] Level 1:colcon.colcon_core.package_identification:_identify(src/lab02_pkg) by extension 'ignore'
[2.152s] Level 1:colcon.colcon_core.package_identification:_identify(src/lab02_pkg) by extension 'ignore_ament_install'
[2.152s] Level 1:colcon.colcon_core.package_identification:_identify(src/lab02_pkg) by extensions ['colcon_pkg']
[2.152s] Level 1:colcon.colcon_core.package_identification:_identify(src/lab02_pkg) by extension 'colcon_pkg'
[2.152s] Level 1:colcon.colcon_core.package_identification:_identify(src/lab02_pkg) by extensions ['colcon_meta']
[2.152s] Level 1:colcon.colcon_core.package_identification:_identify(src/lab02_pkg) by extension 'colcon_meta'
[2.152s] Level 1:colcon.colcon_core.package_identification:_identify(src/lab02_pkg) by extensions ['ros']
[2.152s] Level 1:colcon.colcon_core.package_identification:_identify(src/lab02_pkg) by extension 'ros'
[2.153s] DEBUG:colcon.colcon_core.package_identification:Package 'src/lab02_pkg' with type 'ros.ament_python' and name 'lab02_pkg'
[2.153s] Level 1:colcon.colcon_core.package_identification:_identify(src/py_pubsub) by extensions ['ignore', 'ignore_ament_install']
[2.154s] Level 1:colcon.colcon_core.package_identification:_identify(src/py_pubsub) by extension 'ignore'
[2.154s] Level 1:colcon.colcon_core.package_identification:_identify(src/py_pubsub) by extension 'ignore_ament_install'
[2.154s] Level 1:colcon.colcon_core.package_identification:_identify(src/py_pubsub) by extensions ['colcon_pkg']
[2.154s] Level 1:colcon.colcon_core.package_identification:_identify(src/py_pubsub) by extension 'colcon_pkg'
[2.154s] Level 1:colcon.colcon_core.package_identification:_identify(src/py_pubsub) by extensions ['colcon_meta']
[2.154s] Level 1:colcon.colcon_core.package_identification:_identify(src/py_pubsub) by extension 'colcon_meta'
[2.154s] Level 1:colcon.colcon_core.package_identification:_identify(src/py_pubsub) by extensions ['ros']
[2.154s] Level 1:colcon.colcon_core.package_identification:_identify(src/py_pubsub) by extension 'ros'
[2.155s] DEBUG:colcon.colcon_core.package_identification:Package 'src/py_pubsub' with type 'ros.ament_python' and name 'py_pubsub'
[2.155s] Level 1:colcon.colcon_core.package_identification:_identify(src/ros_tutorials) by extensions ['ignore', 'ignore_ament_install']
[2.155s] Level 1:colcon.colcon_core.package_identification:_identify(src/ros_tutorials) by extension 'ignore'
[2.155s] Level 1:colcon.colcon_core.package_identification:_identify(src/ros_tutorials) by extension 'ignore_ament_install'
[2.155s] Level 1:colcon.colcon_core.package_identification:_identify(src/ros_tutorials) by extensions ['colcon_pkg']
[2.155s] Level 1:colcon.colcon_core.package_identification:_identify(src/ros_tutorials) by extension 'colcon_pkg'
[2.155s] Level 1:colcon.colcon_core.package_identification:_identify(src/ros_tutorials) by extensions ['colcon_meta']
[2.156s] Level 1:colcon.colcon_core.package_identification:_identify(src/ros_tutorials) by extension 'colcon_meta'
[2.156s] Level 1:colcon.colcon_core.package_identification:_identify(src/ros_tutorials) by extensions ['ros']
[2.156s] Level 1:colcon.colcon_core.package_identification:_identify(src/ros_tutorials) by extension 'ros'
[2.156s] Level 1:colcon.colcon_core.package_identification:_identify(src/ros_tutorials) by extensions ['cmake', 'python']
[2.156s] Level 1:colcon.colcon_core.package_identification:_identify(src/ros_tutorials) by extension 'cmake'
[2.156s] Level 1:colcon.colcon_core.package_identification:_identify(src/ros_tutorials) by extension 'python'
[2.156s] Level 1:colcon.colcon_core.package_identification:_identify(src/ros_tutorials) by extensions ['python_setup_py']
[2.156s] Level 1:colcon.colcon_core.package_identification:_identify(src/ros_tutorials) by extension 'python_setup_py'
[2.156s] Level 1:colcon.colcon_core.package_identification:_identify(src/ros_tutorials/ros_tutorials) by extensions ['ignore', 'ignore_ament_install']
[2.156s] Level 1:colcon.colcon_core.package_identification:_identify(src/ros_tutorials/ros_tutorials) by extension 'ignore'
[2.156s] Level 1:colcon.colcon_core.package_identification:_identify(src/ros_tutorials/ros_tutorials) ignored
[2.157s] Level 1:colcon.colcon_core.package_identification:_identify(src/ros_tutorials/roscpp_tutorials) by extensions ['ignore', 'ignore_ament_install']
[2.157s] Level 1:colcon.colcon_core.package_identification:_identify(src/ros_tutorials/roscpp_tutorials) by extension 'ignore'
[2.157s] Level 1:colcon.colcon_core.package_identification:_identify(src/ros_tutorials/roscpp_tutorials) ignored
[2.157s] Level 1:colcon.colcon_core.package_identification:_identify(src/ros_tutorials/rospy_tutorials) by extensions ['ignore', 'ignore_ament_install']
[2.157s] Level 1:colcon.colcon_core.package_identification:_identify(src/ros_tutorials/rospy_tutorials) by extension 'ignore'
[2.157s] Level 1:colcon.colcon_core.package_identification:_identify(src/ros_tutorials/rospy_tutorials) ignored
[2.157s] Level 1:colcon.colcon_core.package_identification:_identify(src/ros_tutorials/turtlesim) by extensions ['ignore', 'ignore_ament_install']
[2.157s] Level 1:colcon.colcon_core.package_identification:_identify(src/ros_tutorials/turtlesim) by extension 'ignore'
[2.158s] Level 1:colcon.colcon_core.package_identification:_identify(src/ros_tutorials/turtlesim) by extension 'ignore_ament_install'
[2.158s] Level 1:colcon.colcon_core.package_identification:_identify(src/ros_tutorials/turtlesim) by extensions ['colcon_pkg']
[2.158s] Level 1:colcon.colcon_core.package_identification:_identify(src/ros_tutorials/turtlesim) by extension 'colcon_pkg'
[2.158s] Level 1:colcon.colcon_core.package_identification:_identify(src/ros_tutorials/turtlesim) by extensions ['colcon_meta']
[2.158s] Level 1:colcon.colcon_core.package_identification:_identify(src/ros_tutorials/turtlesim) by extension 'colcon_meta'
[2.158s] Level 1:colcon.colcon_core.package_identification:_identify(src/ros_tutorials/turtlesim) by extensions ['ros']
[2.158s] Level 1:colcon.colcon_core.package_identification:_identify(src/ros_tutorials/turtlesim) by extension 'ros'
[2.160s] DEBUG:colcon.colcon_core.package_identification:Package 'src/ros_tutorials/turtlesim' with type 'ros.ament_cmake' and name 'turtlesim'
[2.160s] Level 1:colcon.colcon_core.package_identification:_identify(src/turtlebot3) by extensions ['ignore', 'ignore_ament_install']
[2.160s] Level 1:colcon.colcon_core.package_identification:_identify(src/turtlebot3) by extension 'ignore'
[2.160s] Level 1:colcon.colcon_core.package_identification:_identify(src/turtlebot3) by extension 'ignore_ament_install'
[2.160s] Level 1:colcon.colcon_core.package_identification:_identify(src/turtlebot3) by extensions ['colcon_pkg']
[2.160s] Level 1:colcon.colcon_core.package_identification:_identify(src/turtlebot3) by extension 'colcon_pkg'
[2.160s] Level 1:colcon.colcon_core.package_identification:_identify(src/turtlebot3) by extensions ['colcon_meta']
[2.161s] Level 1:colcon.colcon_core.package_identification:_identify(src/turtlebot3) by extension 'colcon_meta'
[2.161s] Level 1:colcon.colcon_core.package_identification:_identify(src/turtlebot3) by extensions ['ros']
[2.161s] Level 1:colcon.colcon_core.package_identification:_identify(src/turtlebot3) by extension 'ros'
[2.161s] Level 1:colcon.colcon_core.package_identification:_identify(src/turtlebot3) by extensions ['cmake', 'python']
[2.161s] Level 1:colcon.colcon_core.package_identification:_identify(src/turtlebot3) by extension 'cmake'
[2.161s] Level 1:colcon.colcon_core.package_identification:_identify(src/turtlebot3) by extension 'python'
[2.161s] Level 1:colcon.colcon_core.package_identification:_identify(src/turtlebot3) by extensions ['python_setup_py']
[2.161s] Level 1:colcon.colcon_core.package_identification:_identify(src/turtlebot3) by extension 'python_setup_py'
[2.161s] Level 1:colcon.colcon_core.package_identification:_identify(src/turtlebot3/turtlebot3) by extensions ['ignore', 'ignore_ament_install']
[2.161s] Level 1:colcon.colcon_core.package_identification:_identify(src/turtlebot3/turtlebot3) by extension 'ignore'
[2.161s] Level 1:colcon.colcon_core.package_identification:_identify(src/turtlebot3/turtlebot3) by extension 'ignore_ament_install'
[2.162s] Level 1:colcon.colcon_core.package_identification:_identify(src/turtlebot3/turtlebot3) by extensions ['colcon_pkg']
[2.162s] Level 1:colcon.colcon_core.package_identification:_identify(src/turtlebot3/turtlebot3) by extension 'colcon_pkg'
[2.162s] Level 1:colcon.colcon_core.package_identification:_identify(src/turtlebot3/turtlebot3) by extensions ['colcon_meta']
[2.162s] Level 1:colcon.colcon_core.package_identification:_identify(src/turtlebot3/turtlebot3) by extension 'colcon_meta'
[2.162s] Level 1:colcon.colcon_core.package_identification:_identify(src/turtlebot3/turtlebot3) by extensions ['ros']
[2.162s] Level 1:colcon.colcon_core.package_identification:_identify(src/turtlebot3/turtlebot3) by extension 'ros'
[2.163s] DEBUG:colcon.colcon_core.package_identification:Package 'src/turtlebot3/turtlebot3' with type 'ros.ament_cmake' and name 'turtlebot3'
[2.163s] Level 1:colcon.colcon_core.package_identification:_identify(src/turtlebot3/turtlebot3_bringup) by extensions ['ignore', 'ignore_ament_install']
[2.163s] Level 1:colcon.colcon_core.package_identification:_identify(src/turtlebot3/turtlebot3_bringup) by extension 'ignore'
[2.163s] Level 1:colcon.colcon_core.package_identification:_identify(src/turtlebot3/turtlebot3_bringup) by extension 'ignore_ament_install'
[2.163s] Level 1:colcon.colcon_core.package_identification:_identify(src/turtlebot3/turtlebot3_bringup) by extensions ['colcon_pkg']
[2.163s] Level 1:colcon.colcon_core.package_identification:_identify(src/turtlebot3/turtlebot3_bringup) by extension 'colcon_pkg'
[2.163s] Level 1:colcon.colcon_core.package_identification:_identify(src/turtlebot3/turtlebot3_bringup) by extensions ['colcon_meta']
[2.163s] Level 1:colcon.colcon_core.package_identification:_identify(src/turtlebot3/turtlebot3_bringup) by extension 'colcon_meta'
[2.164s] Level 1:colcon.colcon_core.package_identification:_identify(src/turtlebot3/turtlebot3_bringup) by extensions ['ros']
[2.164s] Level 1:colcon.colcon_core.package_identification:_identify(src/turtlebot3/turtlebot3_bringup) by extension 'ros'
[2.165s] DEBUG:colcon.colcon_core.package_identification:Package 'src/turtlebot3/turtlebot3_bringup' with type 'ros.ament_cmake' and name 'turtlebot3_bringup'
[2.165s] Level 1:colcon.colcon_core.package_identification:_identify(src/turtlebot3/turtlebot3_cartographer) by extensions ['ignore', 'ignore_ament_install']
[2.165s] Level 1:colcon.colcon_core.package_identification:_identify(src/turtlebot3/turtlebot3_cartographer) by extension 'ignore'
[2.165s] Level 1:colcon.colcon_core.package_identification:_identify(src/turtlebot3/turtlebot3_cartographer) by extension 'ignore_ament_install'
[2.165s] Level 1:colcon.colcon_core.package_identification:_identify(src/turtlebot3/turtlebot3_cartographer) by extensions ['colcon_pkg']
[2.165s] Level 1:colcon.colcon_core.package_identification:_identify(src/turtlebot3/turtlebot3_cartographer) by extension 'colcon_pkg'
[2.165s] Level 1:colcon.colcon_core.package_identification:_identify(src/turtlebot3/turtlebot3_cartographer) by extensions ['colcon_meta']
[2.165s] Level 1:colcon.colcon_core.package_identification:_identify(src/turtlebot3/turtlebot3_cartographer) by extension 'colcon_meta'
[2.165s] Level 1:colcon.colcon_core.package_identification:_identify(src/turtlebot3/turtlebot3_cartographer) by extensions ['ros']
[2.165s] Level 1:colcon.colcon_core.package_identification:_identify(src/turtlebot3/turtlebot3_cartographer) by extension 'ros'
[2.166s] DEBUG:colcon.colcon_core.package_identification:Package 'src/turtlebot3/turtlebot3_cartographer' with type 'ros.ament_cmake' and name 'turtlebot3_cartographer'
[2.166s] Level 1:colcon.colcon_core.package_identification:_identify(src/turtlebot3/turtlebot3_description) by extensions ['ignore', 'ignore_ament_install']
[2.167s] Level 1:colcon.colcon_core.package_identification:_identify(src/turtlebot3/turtlebot3_description) by extension 'ignore'
[2.167s] Level 1:colcon.colcon_core.package_identification:_identify(src/turtlebot3/turtlebot3_description) by extension 'ignore_ament_install'
[2.167s] Level 1:colcon.colcon_core.package_identification:_identify(src/turtlebot3/turtlebot3_description) by extensions ['colcon_pkg']
[2.167s] Level 1:colcon.colcon_core.package_identification:_identify(src/turtlebot3/turtlebot3_description) by extension 'colcon_pkg'
[2.167s] Level 1:colcon.colcon_core.package_identification:_identify(src/turtlebot3/turtlebot3_description) by extensions ['colcon_meta']
[2.167s] Level 1:colcon.colcon_core.package_identification:_identify(src/turtlebot3/turtlebot3_description) by extension 'colcon_meta'
[2.167s] Level 1:colcon.colcon_core.package_identification:_identify(src/turtlebot3/turtlebot3_description) by extensions ['ros']
[2.167s] Level 1:colcon.colcon_core.package_identification:_identify(src/turtlebot3/turtlebot3_description) by extension 'ros'
[2.168s] DEBUG:colcon.colcon_core.package_identification:Package 'src/turtlebot3/turtlebot3_description' with type 'ros.ament_cmake' and name 'turtlebot3_description'
[2.168s] Level 1:colcon.colcon_core.package_identification:_identify(src/turtlebot3/turtlebot3_example) by extensions ['ignore', 'ignore_ament_install']
[2.168s] Level 1:colcon.colcon_core.package_identification:_identify(src/turtlebot3/turtlebot3_example) by extension 'ignore'
[2.168s] Level 1:colcon.colcon_core.package_identification:_identify(src/turtlebot3/turtlebot3_example) by extension 'ignore_ament_install'
[2.168s] Level 1:colcon.colcon_core.package_identification:_identify(src/turtlebot3/turtlebot3_example) by extensions ['colcon_pkg']
[2.168s] Level 1:colcon.colcon_core.package_identification:_identify(src/turtlebot3/turtlebot3_example) by extension 'colcon_pkg'
[2.168s] Level 1:colcon.colcon_core.package_identification:_identify(src/turtlebot3/turtlebot3_example) by extensions ['colcon_meta']
[2.169s] Level 1:colcon.colcon_core.package_identification:_identify(src/turtlebot3/turtlebot3_example) by extension 'colcon_meta'
[2.169s] Level 1:colcon.colcon_core.package_identification:_identify(src/turtlebot3/turtlebot3_example) by extensions ['ros']
[2.169s] Level 1:colcon.colcon_core.package_identification:_identify(src/turtlebot3/turtlebot3_example) by extension 'ros'
[2.170s] DEBUG:colcon.colcon_core.package_identification:Package 'src/turtlebot3/turtlebot3_example' with type 'ros.ament_python' and name 'turtlebot3_example'
[2.170s] Level 1:colcon.colcon_core.package_identification:_identify(src/turtlebot3/turtlebot3_hardware) by extensions ['ignore', 'ignore_ament_install']
[2.171s] Level 1:colcon.colcon_core.package_identification:_identify(src/turtlebot3/turtlebot3_hardware) by extension 'ignore'
[2.171s] Level 1:colcon.colcon_core.package_identification:_identify(src/turtlebot3/turtlebot3_hardware) by extension 'ignore_ament_install'
[2.171s] Level 1:colcon.colcon_core.package_identification:_identify(src/turtlebot3/turtlebot3_hardware) by extensions ['colcon_pkg']
[2.171s] Level 1:colcon.colcon_core.package_identification:_identify(src/turtlebot3/turtlebot3_hardware) by extension 'colcon_pkg'
[2.171s] Level 1:colcon.colcon_core.package_identification:_identify(src/turtlebot3/turtlebot3_hardware) by extensions ['colcon_meta']
[2.171s] Level 1:colcon.colcon_core.package_identification:_identify(src/turtlebot3/turtlebot3_hardware) by extension 'colcon_meta'
[2.171s] Level 1:colcon.colcon_core.package_identification:_identify(src/turtlebot3/turtlebot3_hardware) by extensions ['ros']
[2.171s] Level 1:colcon.colcon_core.package_identification:_identify(src/turtlebot3/turtlebot3_hardware) by extension 'ros'
[2.172s] DEBUG:colcon.colcon_core.package_identification:Package 'src/turtlebot3/turtlebot3_hardware' with type 'ros.ament_cmake' and name 'turtlebot3_hardware'
[2.172s] Level 1:colcon.colcon_core.package_identification:_identify(src/turtlebot3/turtlebot3_msgs) by extensions ['ignore', 'ignore_ament_install']
[2.173s] Level 1:colcon.colcon_core.package_identification:_identify(src/turtlebot3/turtlebot3_msgs) by extension 'ignore'
[2.173s] Level 1:colcon.colcon_core.package_identification:_identify(src/turtlebot3/turtlebot3_msgs) by extension 'ignore_ament_install'
[2.173s] Level 1:colcon.colcon_core.package_identification:_identify(src/turtlebot3/turtlebot3_msgs) by extensions ['colcon_pkg']
[2.173s] Level 1:colcon.colcon_core.package_identification:_identify(src/turtlebot3/turtlebot3_msgs) by extension 'colcon_pkg'
[2.173s] Level 1:colcon.colcon_core.package_identification:_identify(src/turtlebot3/turtlebot3_msgs) by extensions ['colcon_meta']
[2.173s] Level 1:colcon.colcon_core.package_identification:_identify(src/turtlebot3/turtlebot3_msgs) by extension 'colcon_meta'
[2.173s] Level 1:colcon.colcon_core.package_identification:_identify(src/turtlebot3/turtlebot3_msgs) by extensions ['ros']
[2.173s] Level 1:colcon.colcon_core.package_identification:_identify(src/turtlebot3/turtlebot3_msgs) by extension 'ros'
[2.174s] DEBUG:colcon.colcon_core.package_identification:Package 'src/turtlebot3/turtlebot3_msgs' with type 'ros.ament_cmake' and name 'turtlebot3_msgs'
[2.174s] Level 1:colcon.colcon_core.package_identification:_identify(src/turtlebot3/turtlebot3_navigation2) by extensions ['ignore', 'ignore_ament_install']
[2.175s] Level 1:colcon.colcon_core.package_identification:_identify(src/turtlebot3/turtlebot3_navigation2) by extension 'ignore'
[2.175s] Level 1:colcon.colcon_core.package_identification:_identify(src/turtlebot3/turtlebot3_navigation2) by extension 'ignore_ament_install'
[2.175s] Level 1:colcon.colcon_core.package_identification:_identify(src/turtlebot3/turtlebot3_navigation2) by extensions ['colcon_pkg']
[2.175s] Level 1:colcon.colcon_core.package_identification:_identify(src/turtlebot3/turtlebot3_navigation2) by extension 'colcon_pkg'
[2.175s] Level 1:colcon.colcon_core.package_identification:_identify(src/turtlebot3/turtlebot3_navigation2) by extensions ['colcon_meta']
[2.175s] Level 1:colcon.colcon_core.package_identification:_identify(src/turtlebot3/turtlebot3_navigation2) by extension 'colcon_meta'
[2.175s] Level 1:colcon.colcon_core.package_identification:_identify(src/turtlebot3/turtlebot3_navigation2) by extensions ['ros']
[2.175s] Level 1:colcon.colcon_core.package_identification:_identify(src/turtlebot3/turtlebot3_navigation2) by extension 'ros'
[2.176s] DEBUG:colcon.colcon_core.package_identification:Package 'src/turtlebot3/turtlebot3_navigation2' with type 'ros.ament_cmake' and name 'turtlebot3_navigation2'
[2.176s] Level 1:colcon.colcon_core.package_identification:_identify(src/turtlebot3/turtlebot3_simulations) by extensions ['ignore', 'ignore_ament_install']
[2.176s] Level 1:colcon.colcon_core.package_identification:_identify(src/turtlebot3/turtlebot3_simulations) by extension 'ignore'
[2.176s] Level 1:colcon.colcon_core.package_identification:_identify(src/turtlebot3/turtlebot3_simulations) by extension 'ignore_ament_install'
[2.176s] Level 1:colcon.colcon_core.package_identification:_identify(src/turtlebot3/turtlebot3_simulations) by extensions ['colcon_pkg']
[2.176s] Level 1:colcon.colcon_core.package_identification:_identify(src/turtlebot3/turtlebot3_simulations) by extension 'colcon_pkg'
[2.176s] Level 1:colcon.colcon_core.package_identification:_identify(src/turtlebot3/turtlebot3_simulations) by extensions ['colcon_meta']
[2.177s] Level 1:colcon.colcon_core.package_identification:_identify(src/turtlebot3/turtlebot3_simulations) by extension 'colcon_meta'
[2.177s] Level 1:colcon.colcon_core.package_identification:_identify(src/turtlebot3/turtlebot3_simulations) by extensions ['ros']
[2.177s] Level 1:colcon.colcon_core.package_identification:_identify(src/turtlebot3/turtlebot3_simulations) by extension 'ros'
[2.177s] Level 1:colcon.colcon_core.package_identification:_identify(src/turtlebot3/turtlebot3_simulations) by extensions ['cmake', 'python']
[2.177s] Level 1:colcon.colcon_core.package_identification:_identify(src/turtlebot3/turtlebot3_simulations) by extension 'cmake'
[2.177s] Level 1:colcon.colcon_core.package_identification:_identify(src/turtlebot3/turtlebot3_simulations) by extension 'python'
[2.177s] Level 1:colcon.colcon_core.package_identification:_identify(src/turtlebot3/turtlebot3_simulations) by extensions ['python_setup_py']
[2.177s] Level 1:colcon.colcon_core.package_identification:_identify(src/turtlebot3/turtlebot3_simulations) by extension 'python_setup_py'
[2.177s] Level 1:colcon.colcon_core.package_identification:_identify(src/turtlebot3/turtlebot3_simulations/turtlebot3_fake_node) by extensions ['ignore', 'ignore_ament_install']
[2.177s] Level 1:colcon.colcon_core.package_identification:_identify(src/turtlebot3/turtlebot3_simulations/turtlebot3_fake_node) by extension 'ignore'
[2.177s] Level 1:colcon.colcon_core.package_identification:_identify(src/turtlebot3/turtlebot3_simulations/turtlebot3_fake_node) by extension 'ignore_ament_install'
[2.178s] Level 1:colcon.colcon_core.package_identification:_identify(src/turtlebot3/turtlebot3_simulations/turtlebot3_fake_node) by extensions ['colcon_pkg']
[2.178s] Level 1:colcon.colcon_core.package_identification:_identify(src/turtlebot3/turtlebot3_simulations/turtlebot3_fake_node) by extension 'colcon_pkg'
[2.178s] Level 1:colcon.colcon_core.package_identification:_identify(src/turtlebot3/turtlebot3_simulations/turtlebot3_fake_node) by extensions ['colcon_meta']
[2.178s] Level 1:colcon.colcon_core.package_identification:_identify(src/turtlebot3/turtlebot3_simulations/turtlebot3_fake_node) by extension 'colcon_meta'
[2.178s] Level 1:colcon.colcon_core.package_identification:_identify(src/turtlebot3/turtlebot3_simulations/turtlebot3_fake_node) by extensions ['ros']
[2.178s] Level 1:colcon.colcon_core.package_identification:_identify(src/turtlebot3/turtlebot3_simulations/turtlebot3_fake_node) by extension 'ros'
[2.180s] DEBUG:colcon.colcon_core.package_identification:Package 'src/turtlebot3/turtlebot3_simulations/turtlebot3_fake_node' with type 'ros.ament_cmake' and name 'turtlebot3_fake_node'
[2.180s] Level 1:colcon.colcon_core.package_identification:_identify(src/turtlebot3/turtlebot3_simulations/turtlebot3_gazebo) by extensions ['ignore', 'ignore_ament_install']
[2.180s] Level 1:colcon.colcon_core.package_identification:_identify(src/turtlebot3/turtlebot3_simulations/turtlebot3_gazebo) by extension 'ignore'
[2.180s] Level 1:colcon.colcon_core.package_identification:_identify(src/turtlebot3/turtlebot3_simulations/turtlebot3_gazebo) by extension 'ignore_ament_install'
[2.180s] Level 1:colcon.colcon_core.package_identification:_identify(src/turtlebot3/turtlebot3_simulations/turtlebot3_gazebo) by extensions ['colcon_pkg']
[2.180s] Level 1:colcon.colcon_core.package_identification:_identify(src/turtlebot3/turtlebot3_simulations/turtlebot3_gazebo) by extension 'colcon_pkg'
[2.180s] Level 1:colcon.colcon_core.package_identification:_identify(src/turtlebot3/turtlebot3_simulations/turtlebot3_gazebo) by extensions ['colcon_meta']
[2.180s] Level 1:colcon.colcon_core.package_identification:_identify(src/turtlebot3/turtlebot3_simulations/turtlebot3_gazebo) by extension 'colcon_meta'
[2.180s] Level 1:colcon.colcon_core.package_identification:_identify(src/turtlebot3/turtlebot3_simulations/turtlebot3_gazebo) by extensions ['ros']
[2.180s] Level 1:colcon.colcon_core.package_identification:_identify(src/turtlebot3/turtlebot3_simulations/turtlebot3_gazebo) by extension 'ros'
[2.182s] DEBUG:colcon.colcon_core.package_identification:Package 'src/turtlebot3/turtlebot3_simulations/turtlebot3_gazebo' with type 'ros.ament_cmake' and name 'turtlebot3_gazebo'
[2.182s] Level 1:colcon.colcon_core.package_identification:_identify(src/turtlebot3/turtlebot3_simulations/turtlebot3_simulations) by extensions ['ignore', 'ignore_ament_install']
[2.182s] Level 1:colcon.colcon_core.package_identification:_identify(src/turtlebot3/turtlebot3_simulations/turtlebot3_simulations) by extension 'ignore'
[2.182s] Level 1:colcon.colcon_core.package_identification:_identify(src/turtlebot3/turtlebot3_simulations/turtlebot3_simulations) by extension 'ignore_ament_install'
[2.182s] Level 1:colcon.colcon_core.package_identification:_identify(src/turtlebot3/turtlebot3_simulations/turtlebot3_simulations) by extensions ['colcon_pkg']
[2.182s] Level 1:colcon.colcon_core.package_identification:_identify(src/turtlebot3/turtlebot3_simulations/turtlebot3_simulations) by extension 'colcon_pkg'
[2.183s] Level 1:colcon.colcon_core.package_identification:_identify(src/turtlebot3/turtlebot3_simulations/turtlebot3_simulations) by extensions ['colcon_meta']
[2.183s] Level 1:colcon.colcon_core.package_identification:_identify(src/turtlebot3/turtlebot3_simulations/turtlebot3_simulations) by extension 'colcon_meta'
[2.183s] Level 1:colcon.colcon_core.package_identification:_identify(src/turtlebot3/turtlebot3_simulations/turtlebot3_simulations) by extensions ['ros']
[2.183s] Level 1:colcon.colcon_core.package_identification:_identify(src/turtlebot3/turtlebot3_simulations/turtlebot3_simulations) by extension 'ros'
[2.184s] DEBUG:colcon.colcon_core.package_identification:Package 'src/turtlebot3/turtlebot3_simulations/turtlebot3_simulations' with type 'ros.ament_cmake' and name 'turtlebot3_simulations'
[2.184s] Level 1:colcon.colcon_core.package_identification:_identify(src/turtlebot3/turtlebot3_teleop) by extensions ['ignore', 'ignore_ament_install']
[2.184s] Level 1:colcon.colcon_core.package_identification:_identify(src/turtlebot3/turtlebot3_teleop) by extension 'ignore'
[2.184s] Level 1:colcon.colcon_core.package_identification:_identify(src/turtlebot3/turtlebot3_teleop) by extension 'ignore_ament_install'
[2.184s] Level 1:colcon.colcon_core.package_identification:_identify(src/turtlebot3/turtlebot3_teleop) by extensions ['colcon_pkg']
[2.184s] Level 1:colcon.colcon_core.package_identification:_identify(src/turtlebot3/turtlebot3_teleop) by extension 'colcon_pkg'
[2.185s] Level 1:colcon.colcon_core.package_identification:_identify(src/turtlebot3/turtlebot3_teleop) by extensions ['colcon_meta']
[2.185s] Level 1:colcon.colcon_core.package_identification:_identify(src/turtlebot3/turtlebot3_teleop) by extension 'colcon_meta'
[2.185s] Level 1:colcon.colcon_core.package_identification:_identify(src/turtlebot3/turtlebot3_teleop) by extensions ['ros']
[2.185s] Level 1:colcon.colcon_core.package_identification:_identify(src/turtlebot3/turtlebot3_teleop) by extension 'ros'
[2.186s] DEBUG:colcon.colcon_core.package_identification:Package 'src/turtlebot3/turtlebot3_teleop' with type 'ros.ament_python' and name 'turtlebot3_teleop'
[2.186s] Level 1:colcon.colcon_core.package_identification:_identify(src/turtlebot3/utils) by extensions ['ignore', 'ignore_ament_install']
[2.186s] Level 1:colcon.colcon_core.package_identification:_identify(src/turtlebot3/utils) by extension 'ignore'
[2.186s] Level 1:colcon.colcon_core.package_identification:_identify(src/turtlebot3/utils) by extension 'ignore_ament_install'
[2.186s] Level 1:colcon.colcon_core.package_identification:_identify(src/turtlebot3/utils) by extensions ['colcon_pkg']
[2.186s] Level 1:colcon.colcon_core.package_identification:_identify(src/turtlebot3/utils) by extension 'colcon_pkg'
[2.186s] Level 1:colcon.colcon_core.package_identification:_identify(src/turtlebot3/utils) by extensions ['colcon_meta']
[2.186s] Level 1:colcon.colcon_core.package_identification:_identify(src/turtlebot3/utils) by extension 'colcon_meta'
[2.186s] Level 1:colcon.colcon_core.package_identification:_identify(src/turtlebot3/utils) by extensions ['ros']
[2.186s] Level 1:colcon.colcon_core.package_identification:_identify(src/turtlebot3/utils) by extension 'ros'
[2.186s] Level 1:colcon.colcon_core.package_identification:_identify(src/turtlebot3/utils) by extensions ['cmake', 'python']
[2.186s] Level 1:colcon.colcon_core.package_identification:_identify(src/turtlebot3/utils) by extension 'cmake'
[2.187s] Level 1:colcon.colcon_core.package_identification:_identify(src/turtlebot3/utils) by extension 'python'
[2.187s] Level 1:colcon.colcon_core.package_identification:_identify(src/turtlebot3/utils) by extensions ['python_setup_py']
[2.187s] Level 1:colcon.colcon_core.package_identification:_identify(src/turtlebot3/utils) by extension 'python_setup_py'
[2.187s] Level 1:colcon.colcon_core.package_identification:_identify(src/turtlebot3/utils/DynamixelSDK) by extensions ['ignore', 'ignore_ament_install']
[2.187s] Level 1:colcon.colcon_core.package_identification:_identify(src/turtlebot3/utils/DynamixelSDK) by extension 'ignore'
[2.187s] Level 1:colcon.colcon_core.package_identification:_identify(src/turtlebot3/utils/DynamixelSDK) by extension 'ignore_ament_install'
[2.187s] Level 1:colcon.colcon_core.package_identification:_identify(src/turtlebot3/utils/DynamixelSDK) by extensions ['colcon_pkg']
[2.187s] Level 1:colcon.colcon_core.package_identification:_identify(src/turtlebot3/utils/DynamixelSDK) by extension 'colcon_pkg'
[2.187s] Level 1:colcon.colcon_core.package_identification:_identify(src/turtlebot3/utils/DynamixelSDK) by extensions ['colcon_meta']
[2.187s] Level 1:colcon.colcon_core.package_identification:_identify(src/turtlebot3/utils/DynamixelSDK) by extension 'colcon_meta'
[2.188s] Level 1:colcon.colcon_core.package_identification:_identify(src/turtlebot3/utils/DynamixelSDK) by extensions ['ros']
[2.188s] Level 1:colcon.colcon_core.package_identification:_identify(src/turtlebot3/utils/DynamixelSDK) by extension 'ros'
[2.188s] Level 1:colcon.colcon_core.package_identification:_identify(src/turtlebot3/utils/DynamixelSDK) by extensions ['cmake', 'python']
[2.188s] Level 1:colcon.colcon_core.package_identification:_identify(src/turtlebot3/utils/DynamixelSDK) by extension 'cmake'
[2.188s] Level 1:colcon.colcon_core.package_identification:_identify(src/turtlebot3/utils/DynamixelSDK) by extension 'python'
[2.188s] Level 1:colcon.colcon_core.package_identification:_identify(src/turtlebot3/utils/DynamixelSDK) by extensions ['python_setup_py']
[2.188s] Level 1:colcon.colcon_core.package_identification:_identify(src/turtlebot3/utils/DynamixelSDK) by extension 'python_setup_py'
[2.188s] Level 1:colcon.colcon_core.package_identification:_identify(src/turtlebot3/utils/DynamixelSDK/dynamixel_sdk) by extensions ['ignore', 'ignore_ament_install']
[2.188s] Level 1:colcon.colcon_core.package_identification:_identify(src/turtlebot3/utils/DynamixelSDK/dynamixel_sdk) by extension 'ignore'
[2.188s] Level 1:colcon.colcon_core.package_identification:_identify(src/turtlebot3/utils/DynamixelSDK/dynamixel_sdk) by extension 'ignore_ament_install'
[2.188s] Level 1:colcon.colcon_core.package_identification:_identify(src/turtlebot3/utils/DynamixelSDK/dynamixel_sdk) by extensions ['colcon_pkg']
[2.188s] Level 1:colcon.colcon_core.package_identification:_identify(src/turtlebot3/utils/DynamixelSDK/dynamixel_sdk) by extension 'colcon_pkg'
[2.189s] Level 1:colcon.colcon_core.package_identification:_identify(src/turtlebot3/utils/DynamixelSDK/dynamixel_sdk) by extensions ['colcon_meta']
[2.189s] Level 1:colcon.colcon_core.package_identification:_identify(src/turtlebot3/utils/DynamixelSDK/dynamixel_sdk) by extension 'colcon_meta'
[2.189s] Level 1:colcon.colcon_core.package_identification:_identify(src/turtlebot3/utils/DynamixelSDK/dynamixel_sdk) by extensions ['ros']
[2.189s] Level 1:colcon.colcon_core.package_identification:_identify(src/turtlebot3/utils/DynamixelSDK/dynamixel_sdk) by extension 'ros'
[2.190s] DEBUG:colcon.colcon_core.package_identification:Package 'src/turtlebot3/utils/DynamixelSDK/dynamixel_sdk' with type 'ros.ament_cmake' and name 'dynamixel_sdk'
[2.190s] Level 1:colcon.colcon_core.package_identification:_identify(src/turtlebot3/utils/DynamixelSDK/dynamixel_sdk_custom_interfaces) by extensions ['ignore', 'ignore_ament_install']
[2.190s] Level 1:colcon.colcon_core.package_identification:_identify(src/turtlebot3/utils/DynamixelSDK/dynamixel_sdk_custom_interfaces) by extension 'ignore'
[2.190s] Level 1:colcon.colcon_core.package_identification:_identify(src/turtlebot3/utils/DynamixelSDK/dynamixel_sdk_custom_interfaces) by extension 'ignore_ament_install'
[2.190s] Level 1:colcon.colcon_core.package_identification:_identify(src/turtlebot3/utils/DynamixelSDK/dynamixel_sdk_custom_interfaces) by extensions ['colcon_pkg']
[2.190s] Level 1:colcon.colcon_core.package_identification:_identify(src/turtlebot3/utils/DynamixelSDK/dynamixel_sdk_custom_interfaces) by extension 'colcon_pkg'
[2.190s] Level 1:colcon.colcon_core.package_identification:_identify(src/turtlebot3/utils/DynamixelSDK/dynamixel_sdk_custom_interfaces) by extensions ['colcon_meta']
[2.190s] Level 1:colcon.colcon_core.package_identification:_identify(src/turtlebot3/utils/DynamixelSDK/dynamixel_sdk_custom_interfaces) by extension 'colcon_meta'
[2.190s] Level 1:colcon.colcon_core.package_identification:_identify(src/turtlebot3/utils/DynamixelSDK/dynamixel_sdk_custom_interfaces) by extensions ['ros']
[2.190s] Level 1:colcon.colcon_core.package_identification:_identify(src/turtlebot3/utils/DynamixelSDK/dynamixel_sdk_custom_interfaces) by extension 'ros'
[2.191s] DEBUG:colcon.colcon_core.package_identification:Package 'src/turtlebot3/utils/DynamixelSDK/dynamixel_sdk_custom_interfaces' with type 'ros.ament_cmake' and name 'dynamixel_sdk_custom_interfaces'
[2.192s] Level 1:colcon.colcon_core.package_identification:_identify(src/turtlebot3/utils/DynamixelSDK/dynamixel_sdk_examples) by extensions ['ignore', 'ignore_ament_install']
[2.192s] Level 1:colcon.colcon_core.package_identification:_identify(src/turtlebot3/utils/DynamixelSDK/dynamixel_sdk_examples) by extension 'ignore'
[2.192s] Level 1:colcon.colcon_core.package_identification:_identify(src/turtlebot3/utils/DynamixelSDK/dynamixel_sdk_examples) by extension 'ignore_ament_install'
[2.192s] Level 1:colcon.colcon_core.package_identification:_identify(src/turtlebot3/utils/DynamixelSDK/dynamixel_sdk_examples) by extensions ['colcon_pkg']
[2.192s] Level 1:colcon.colcon_core.package_identification:_identify(src/turtlebot3/utils/DynamixelSDK/dynamixel_sdk_examples) by extension 'colcon_pkg'
[2.192s] Level 1:colcon.colcon_core.package_identification:_identify(src/turtlebot3/utils/DynamixelSDK/dynamixel_sdk_examples) by extensions ['colcon_meta']
[2.192s] Level 1:colcon.colcon_core.package_identification:_identify(src/turtlebot3/utils/DynamixelSDK/dynamixel_sdk_examples) by extension 'colcon_meta'
[2.192s] Level 1:colcon.colcon_core.package_identification:_identify(src/turtlebot3/utils/DynamixelSDK/dynamixel_sdk_examples) by extensions ['ros']
[2.192s] Level 1:colcon.colcon_core.package_identification:_identify(src/turtlebot3/utils/DynamixelSDK/dynamixel_sdk_examples) by extension 'ros'
[2.193s] DEBUG:colcon.colcon_core.package_identification:Package 'src/turtlebot3/utils/DynamixelSDK/dynamixel_sdk_examples' with type 'ros.ament_cmake' and name 'dynamixel_sdk_examples'
[2.194s] Level 1:colcon.colcon_core.package_discovery:discover_packages(recursive) using defaults
[2.194s] Level 1:colcon.colcon_core.package_discovery:discover_packages(ignore) discover
[2.194s] Level 1:colcon.colcon_core.package_discovery:discover_packages(ignore) using defaults
[2.194s] Level 1:colcon.colcon_core.package_discovery:discover_packages(path) discover
[2.194s] Level 1:colcon.colcon_core.package_discovery:discover_packages(path) using defaults
[2.320s] INFO:colcon.colcon_core.package_selection:Skipping not selected package 'dynamixel_sdk' in 'src/turtlebot3/utils/DynamixelSDK/dynamixel_sdk'
[2.320s] INFO:colcon.colcon_core.package_selection:Skipping not selected package 'dynamixel_sdk_custom_interfaces' in 'src/turtlebot3/utils/DynamixelSDK/dynamixel_sdk_custom_interfaces'
[2.320s] INFO:colcon.colcon_core.package_selection:Skipping not selected package 'lab01_pkg' in 'src/lab01_pkg'
[2.320s] INFO:colcon.colcon_core.package_selection:Skipping not selected package 'py_pubsub' in 'src/py_pubsub'
[2.320s] INFO:colcon.colcon_core.package_selection:Skipping not selected package 'turtlebot3_cartographer' in 'src/turtlebot3/turtlebot3_cartographer'
[2.320s] INFO:colcon.colcon_core.package_selection:Skipping not selected package 'turtlebot3_description' in 'src/turtlebot3/turtlebot3_description'
[2.320s] INFO:colcon.colcon_core.package_selection:Skipping not selected package 'turtlebot3_gazebo' in 'src/turtlebot3/turtlebot3_simulations/turtlebot3_gazebo'
[2.320s] INFO:colcon.colcon_core.package_selection:Skipping not selected package 'turtlebot3_msgs' in 'src/turtlebot3/turtlebot3_msgs'
[2.320s] INFO:colcon.colcon_core.package_selection:Skipping not selected package 'turtlebot3_navigation2' in 'src/turtlebot3/turtlebot3_navigation2'
[2.320s] INFO:colcon.colcon_core.package_selection:Skipping not selected package 'turtlebot3_teleop' in 'src/turtlebot3/turtlebot3_teleop'
[2.320s] INFO:colcon.colcon_core.package_selection:Skipping not selected package 'turtlesim' in 'src/ros_tutorials/turtlesim'
[2.321s] INFO:colcon.colcon_core.package_selection:Skipping not selected package 'dynamixel_sdk_examples' in 'src/turtlebot3/utils/DynamixelSDK/dynamixel_sdk_examples'
[2.321s] INFO:colcon.colcon_core.package_selection:Skipping not selected package 'lab02_pkg' in 'src/lab02_pkg'
[2.321s] INFO:colcon.colcon_core.package_selection:Skipping not selected package 'turtlebot3_bringup' in 'src/turtlebot3/turtlebot3_bringup'
[2.321s] INFO:colcon.colcon_core.package_selection:Skipping not selected package 'turtlebot3_example' in 'src/turtlebot3/turtlebot3_example'
[2.321s] INFO:colcon.colcon_core.package_selection:Skipping not selected package 'turtlebot3_fake_node' in 'src/turtlebot3/turtlebot3_simulations/turtlebot3_fake_node'
[2.321s] INFO:colcon.colcon_core.package_selection:Skipping not selected package 'turtlebot3_hardware' in 'src/turtlebot3/turtlebot3_hardware'
[2.321s] INFO:colcon.colcon_core.package_selection:Skipping not selected package 'turtlebot3' in 'src/turtlebot3/turtlebot3'
[2.321s] INFO:colcon.colcon_core.package_selection:Skipping not selected package 'turtlebot3_simulations' in 'src/turtlebot3/turtlebot3_simulations/turtlebot3_simulations'
[2.378s] Level 1:colcon.colcon_core.package_discovery:discover_packages(prefix_path) check parameters
[2.378s] Level 1:colcon.colcon_core.package_discovery:discover_packages(prefix_path) discover
[2.443s] DEBUG:colcon.colcon_installed_package_information.package_discovery:Found 20 installed packages in /home/pederba/ros2_ws/install
[2.475s] DEBUG:colcon.colcon_installed_package_information.package_discovery:Found 373 installed packages in /opt/ros/humble
[2.478s] Level 1:colcon.colcon_core.package_discovery:discover_packages(prefix_path) using defaults
[2.631s] WARNING:colcon.colcon_core.package_selection:Some selected packages are already built in one or more underlay workspaces:
	'lab02_interfaces' is in: /home/pederba/ros2_ws/install/lab02_interfaces
If a package in a merged underlay workspace is overridden and it installs headers, then all packages in the overlay must sort their include directories by workspace order. Failure to do so may result in build failures or undefined behavior at run time.
If the overridden package is used by another package in any underlay, then the overriding package in the overlay must be API and ABI compatible or undefined behavior at run time may occur.

If you understand the risks and want to override a package anyways, add the following to the command line:
	--allow-overriding lab02_interfaces

This may be promoted to an error in a future release of colcon-override-check.
[2.666s] Level 5:colcon.colcon_core.verb:set package 'lab02_interfaces' build argument 'cmake_args' from command line to 'None'
[2.666s] Level 5:colcon.colcon_core.verb:set package 'lab02_interfaces' build argument 'cmake_target' from command line to 'None'
[2.666s] Level 5:colcon.colcon_core.verb:set package 'lab02_interfaces' build argument 'cmake_target_skip_unavailable' from command line to 'False'
[2.666s] Level 5:colcon.colcon_core.verb:set package 'lab02_interfaces' build argument 'cmake_clean_cache' from command line to 'False'
[2.666s] Level 5:colcon.colcon_core.verb:set package 'lab02_interfaces' build argument 'cmake_clean_first' from command line to 'False'
[2.666s] Level 5:colcon.colcon_core.verb:set package 'lab02_interfaces' build argument 'cmake_force_configure' from command line to 'False'
[2.666s] Level 5:colcon.colcon_core.verb:set package 'lab02_interfaces' build argument 'ament_cmake_args' from command line to 'None'
[2.666s] Level 5:colcon.colcon_core.verb:set package 'lab02_interfaces' build argument 'catkin_cmake_args' from command line to 'None'
[2.666s] Level 5:colcon.colcon_core.verb:set package 'lab02_interfaces' build argument 'catkin_skip_building_tests' from command line to 'False'
[2.666s] DEBUG:colcon.colcon_core.verb:Building package 'lab02_interfaces' with the following arguments: {'ament_cmake_args': None, 'build_base': '/home/pederba/ros2_ws/build/lab02_interfaces', 'catkin_cmake_args': None, 'catkin_skip_building_tests': False, 'cmake_args': None, 'cmake_clean_cache': False, 'cmake_clean_first': False, 'cmake_force_configure': False, 'cmake_target': None, 'cmake_target_skip_unavailable': False, 'install_base': '/home/pederba/ros2_ws/install/lab02_interfaces', 'merge_install': False, 'path': '/home/pederba/ros2_ws/src/lab02_interfaces', 'symlink_install': False, 'test_result_base': None}
[2.702s] INFO:colcon.colcon_core.executor:Executing jobs using 'parallel' executor
[2.737s] DEBUG:colcon.colcon_parallel_executor.executor.parallel:run_until_complete
[2.737s] INFO:colcon.colcon_ros.task.ament_cmake.build:Building ROS package in '/home/pederba/ros2_ws/src/lab02_interfaces' with build type 'ament_cmake'
[2.738s] INFO:colcon.colcon_cmake.task.cmake.build:Building CMake package in '/home/pederba/ros2_ws/src/lab02_interfaces'
[2.776s] INFO:colcon.colcon_core.plugin_system:Skipping extension 'colcon_core.shell.bat': Not used on non-Windows systems
[2.777s] INFO:colcon.colcon_core.shell:Skip shell extension 'powershell' for command environment: Not usable outside of PowerShell
[2.777s] DEBUG:colcon.colcon_core.shell:Skip shell extension 'dsv' for command environment
[2.898s] DEBUG:colcon.colcon_core.event_handler.log_command:Invoking command in '/home/pederba/ros2_ws/build/lab02_interfaces': CMAKE_PREFIX_PATH=${CMAKE_PREFIX_PATH}:/home/pederba/ros2_ws/install/turtlebot3_teleop:/home/pederba/ros2_ws/install/turtlebot3_example:/home/pederba/ros2_ws/install/py_pubsub:/home/pederba/ros2_ws/install/lab02_pkg:/home/pederba/ros2_ws/install/lab01_pkg:/opt/ros/humble /usr/bin/cmake --build /home/pederba/ros2_ws/build/lab02_interfaces -- -j8 -l8
[3.782s] DEBUG:colcon.colcon_core.event_handler.log_command:Invoked command in '/home/pederba/ros2_ws/build/lab02_interfaces' returned '0': CMAKE_PREFIX_PATH=${CMAKE_PREFIX_PATH}:/home/pederba/ros2_ws/install/turtlebot3_teleop:/home/pederba/ros2_ws/install/turtlebot3_example:/home/pederba/ros2_ws/install/py_pubsub:/home/pederba/ros2_ws/install/lab02_pkg:/home/pederba/ros2_ws/install/lab01_pkg:/opt/ros/humble /usr/bin/cmake --build /home/pederba/ros2_ws/build/lab02_interfaces -- -j8 -l8
[3.976s] DEBUG:colcon.colcon_core.event_handler.log_command:Invoking command in '/home/pederba/ros2_ws/build/lab02_interfaces': CMAKE_PREFIX_PATH=${CMAKE_PREFIX_PATH}:/home/pederba/ros2_ws/install/turtlebot3_teleop:/home/pederba/ros2_ws/install/turtlebot3_example:/home/pederba/ros2_ws/install/py_pubsub:/home/pederba/ros2_ws/install/lab02_pkg:/home/pederba/ros2_ws/install/lab01_pkg:/opt/ros/humble /usr/bin/cmake --install /home/pederba/ros2_ws/build/lab02_interfaces
[4.144s] Level 1:colcon.colcon_core.environment:create_environment_scripts_only(lab02_interfaces)
[4.145s] DEBUG:colcon.colcon_core.event_handler.log_command:Invoked command in '/home/pederba/ros2_ws/build/lab02_interfaces' returned '0': CMAKE_PREFIX_PATH=${CMAKE_PREFIX_PATH}:/home/pederba/ros2_ws/install/turtlebot3_teleop:/home/pederba/ros2_ws/install/turtlebot3_example:/home/pederba/ros2_ws/install/py_pubsub:/home/pederba/ros2_ws/install/lab02_pkg:/home/pederba/ros2_ws/install/lab01_pkg:/opt/ros/humble /usr/bin/cmake --install /home/pederba/ros2_ws/build/lab02_interfaces
[4.192s] Level 1:colcon.colcon_core.environment:checking '/home/pederba/ros2_ws/install/lab02_interfaces' for CMake module files
[4.193s] Level 1:colcon.colcon_core.environment:checking '/home/pederba/ros2_ws/install/lab02_interfaces' for CMake config files
[4.194s] Level 1:colcon.colcon_core.shell:create_environment_hook('lab02_interfaces', 'cmake_prefix_path')
[4.225s] INFO:colcon.colcon_core.shell:Creating environment hook '/home/pederba/ros2_ws/install/lab02_interfaces/share/lab02_interfaces/hook/cmake_prefix_path.ps1'
[4.226s] INFO:colcon.colcon_core.shell:Creating environment descriptor '/home/pederba/ros2_ws/install/lab02_interfaces/share/lab02_interfaces/hook/cmake_prefix_path.dsv'
[4.227s] INFO:colcon.colcon_core.shell:Creating environment hook '/home/pederba/ros2_ws/install/lab02_interfaces/share/lab02_interfaces/hook/cmake_prefix_path.sh'
[4.229s] Level 1:colcon.colcon_core.environment:checking '/home/pederba/ros2_ws/install/lab02_interfaces/lib'
[4.229s] Level 1:colcon.colcon_core.shell:create_environment_hook('lab02_interfaces', 'ld_library_path_lib')
[4.261s] INFO:colcon.colcon_core.shell:Creating environment hook '/home/pederba/ros2_ws/install/lab02_interfaces/share/lab02_interfaces/hook/ld_library_path_lib.ps1'
[4.262s] INFO:colcon.colcon_core.shell:Creating environment descriptor '/home/pederba/ros2_ws/install/lab02_interfaces/share/lab02_interfaces/hook/ld_library_path_lib.dsv'
[4.263s] INFO:colcon.colcon_core.shell:Creating environment hook '/home/pederba/ros2_ws/install/lab02_interfaces/share/lab02_interfaces/hook/ld_library_path_lib.sh'
[4.264s] Level 1:colcon.colcon_core.environment:checking '/home/pederba/ros2_ws/install/lab02_interfaces/bin'
[4.264s] Level 1:colcon.colcon_core.environment:checking '/home/pederba/ros2_ws/install/lab02_interfaces/lib/pkgconfig/lab02_interfaces.pc'
[4.265s] Level 1:colcon.colcon_core.environment:checking '/home/pederba/ros2_ws/install/lab02_interfaces/lib/python3.10/site-packages'
[4.265s] Level 1:colcon.colcon_core.environment:checking '/home/pederba/ros2_ws/install/lab02_interfaces/bin'
[4.296s] INFO:colcon.colcon_core.shell:Creating package script '/home/pederba/ros2_ws/install/lab02_interfaces/share/lab02_interfaces/package.ps1'
[4.298s] INFO:colcon.colcon_core.shell:Creating package descriptor '/home/pederba/ros2_ws/install/lab02_interfaces/share/lab02_interfaces/package.dsv'
[4.300s] INFO:colcon.colcon_core.shell:Creating package script '/home/pederba/ros2_ws/install/lab02_interfaces/share/lab02_interfaces/package.sh'
[4.301s] INFO:colcon.colcon_core.shell:Creating package script '/home/pederba/ros2_ws/install/lab02_interfaces/share/lab02_interfaces/package.bash'
[4.302s] INFO:colcon.colcon_core.shell:Creating package script '/home/pederba/ros2_ws/install/lab02_interfaces/share/lab02_interfaces/package.zsh'
[4.304s] Level 1:colcon.colcon_core.environment:create_file_with_runtime_dependencies(/home/pederba/ros2_ws/install/lab02_interfaces/share/colcon-core/packages/lab02_interfaces)
[4.531s] Level 1:colcon.colcon_core.environment:create_environment_scripts_only(lab02_interfaces)
[4.564s] Level 1:colcon.colcon_core.environment:checking '/home/pederba/ros2_ws/install/lab02_interfaces' for CMake module files
[4.566s] Level 1:colcon.colcon_core.environment:checking '/home/pederba/ros2_ws/install/lab02_interfaces' for CMake config files
[4.567s] Level 1:colcon.colcon_core.shell:create_environment_hook('lab02_interfaces', 'cmake_prefix_path')
[4.603s] INFO:colcon.colcon_core.shell:Creating environment hook '/home/pederba/ros2_ws/install/lab02_interfaces/share/lab02_interfaces/hook/cmake_prefix_path.ps1'
[4.604s] INFO:colcon.colcon_core.shell:Creating environment descriptor '/home/pederba/ros2_ws/install/lab02_interfaces/share/lab02_interfaces/hook/cmake_prefix_path.dsv'
[4.605s] INFO:colcon.colcon_core.shell:Creating environment hook '/home/pederba/ros2_ws/install/lab02_interfaces/share/lab02_interfaces/hook/cmake_prefix_path.sh'
[4.606s] Level 1:colcon.colcon_core.environment:checking '/home/pederba/ros2_ws/install/lab02_interfaces/lib'
[4.606s] Level 1:colcon.colcon_core.shell:create_environment_hook('lab02_interfaces', 'ld_library_path_lib')
[4.641s] INFO:colcon.colcon_core.shell:Creating environment hook '/home/pederba/ros2_ws/install/lab02_interfaces/share/lab02_interfaces/hook/ld_library_path_lib.ps1'
[4.642s] INFO:colcon.colcon_core.shell:Creating environment descriptor '/home/pederba/ros2_ws/install/lab02_interfaces/share/lab02_interfaces/hook/ld_library_path_lib.dsv'
[4.643s] INFO:colcon.colcon_core.shell:Creating environment hook '/home/pederba/ros2_ws/install/lab02_interfaces/share/lab02_interfaces/hook/ld_library_path_lib.sh'
[4.644s] Level 1:colcon.colcon_core.environment:checking '/home/pederba/ros2_ws/install/lab02_interfaces/bin'
[4.644s] Level 1:colcon.colcon_core.environment:checking '/home/pederba/ros2_ws/install/lab02_interfaces/lib/pkgconfig/lab02_interfaces.pc'
[4.644s] Level 1:colcon.colcon_core.environment:checking '/home/pederba/ros2_ws/install/lab02_interfaces/lib/python3.10/site-packages'
[4.645s] Level 1:colcon.colcon_core.environment:checking '/home/pederba/ros2_ws/install/lab02_interfaces/bin'
[4.679s] INFO:colcon.colcon_core.shell:Creating package script '/home/pederba/ros2_ws/install/lab02_interfaces/share/lab02_interfaces/package.ps1'
[4.680s] INFO:colcon.colcon_core.shell:Creating package descriptor '/home/pederba/ros2_ws/install/lab02_interfaces/share/lab02_interfaces/package.dsv'
[4.682s] INFO:colcon.colcon_core.shell:Creating package script '/home/pederba/ros2_ws/install/lab02_interfaces/share/lab02_interfaces/package.sh'
[4.683s] INFO:colcon.colcon_core.shell:Creating package script '/home/pederba/ros2_ws/install/lab02_interfaces/share/lab02_interfaces/package.bash'
[4.684s] INFO:colcon.colcon_core.shell:Creating package script '/home/pederba/ros2_ws/install/lab02_interfaces/share/lab02_interfaces/package.zsh'
[4.684s] Level 1:colcon.colcon_core.environment:create_file_with_runtime_dependencies(/home/pederba/ros2_ws/install/lab02_interfaces/share/colcon-core/packages/lab02_interfaces)
[4.685s] DEBUG:colcon.colcon_parallel_executor.executor.parallel:closing loop
[4.685s] DEBUG:colcon.colcon_parallel_executor.executor.parallel:loop closed
[4.686s] DEBUG:colcon.colcon_parallel_executor.executor.parallel:run_until_complete finished with '0'
[4.686s] DEBUG:colcon.colcon_core.event_reactor:joining thread
[4.741s] INFO:colcon.colcon_core.plugin_system:Skipping extension 'colcon_notification.desktop_notification.terminal_notifier': Not used on non-Darwin systems
[4.741s] INFO:colcon.colcon_core.plugin_system:Skipping extension 'colcon_notification.desktop_notification.win32': Not used on non-Windows systems
[4.742s] INFO:colcon.colcon_notification.desktop_notification:Sending desktop notification using 'notify2'
[4.768s] DEBUG:colcon.colcon_core.event_reactor:joined thread
[4.801s] INFO:colcon.colcon_core.shell:Creating prefix script '/home/pederba/ros2_ws/install/local_setup.ps1'
[4.803s] INFO:colcon.colcon_core.shell:Creating prefix util module '/home/pederba/ros2_ws/install/_local_setup_util_ps1.py'
[4.805s] INFO:colcon.colcon_core.shell:Creating prefix chain script '/home/pederba/ros2_ws/install/setup.ps1'
[4.841s] INFO:colcon.colcon_core.shell:Creating prefix script '/home/pederba/ros2_ws/install/local_setup.sh'
[4.842s] INFO:colcon.colcon_core.shell:Creating prefix util module '/home/pederba/ros2_ws/install/_local_setup_util_sh.py'
[4.842s] INFO:colcon.colcon_core.shell:Creating prefix chain script '/home/pederba/ros2_ws/install/setup.sh'
[4.875s] INFO:colcon.colcon_core.shell:Creating prefix script '/home/pederba/ros2_ws/install/local_setup.bash'
[4.876s] INFO:colcon.colcon_core.shell:Creating prefix chain script '/home/pederba/ros2_ws/install/setup.bash'
[4.908s] INFO:colcon.colcon_core.shell:Creating prefix script '/home/pederba/ros2_ws/install/local_setup.zsh'
[4.909s] INFO:colcon.colcon_core.shell:Creating prefix chain script '/home/pederba/ros2_ws/install/setup.zsh'
