[0.412s] Invoking command in '/home/pederba/ros2_ws/build/lab02_interfaces': CMAKE_PREFIX_PATH=${CMAKE_PREFIX_PATH}:/home/pederba/ros2_ws/install/lab02_pkg_test:/home/pederba/ros2_ws/install/turtlebot3_teleop:/home/pederba/ros2_ws/install/turtlebot3_example:/home/pederba/ros2_ws/install/py_pubsub:/home/pederba/ros2_ws/install/lab02_pkg:/home/pederba/ros2_ws/install/lab01_pkg:/opt/ros/humble /usr/bin/cmake --build /home/pederba/ros2_ws/build/lab02_interfaces -- -j8 -l8
[0.482s] -- Found ament_cmake: 1.3.5 (/opt/ros/humble/share/ament_cmake/cmake)
[1.175s] -- Found geometry_msgs: 4.2.3 (/opt/ros/humble/share/geometry_msgs/cmake)
[1.298s] -- Found rosidl_generator_c: 3.1.5 (/opt/ros/humble/share/rosidl_generator_c/cmake)
[1.307s] -- Found rosidl_adapter: 3.1.5 (/opt/ros/humble/share/rosidl_adapter/cmake)
[1.335s] -- Found rosidl_generator_cpp: 3.1.5 (/opt/ros/humble/share/rosidl_generator_cpp/cmake)
[1.393s] -- Using all available rosidl_typesupport_c: rosidl_typesupport_fastrtps_c;rosidl_typesupport_introspection_c
[1.423s] -- Using all available rosidl_typesupport_cpp: rosidl_typesupport_fastrtps_cpp;rosidl_typesupport_introspection_cpp
[1.698s] -- Found rosidl_default_generators: 1.2.0 (/opt/ros/humble/share/rosidl_default_generators/cmake)
[2.276s] -- Found ament_cmake_ros: 0.10.0 (/opt/ros/humble/share/ament_cmake_ros/cmake)
[3.083s] -- Using all available rosidl_typesupport_c: rosidl_typesupport_fastrtps_c;rosidl_typesupport_introspection_c
[3.417s] -- Using all available rosidl_typesupport_cpp: rosidl_typesupport_fastrtps_cpp;rosidl_typesupport_introspection_cpp
[3.476s] -- Found python_cmake_module: 0.10.0 (/opt/ros/humble/share/python_cmake_module/cmake)
[3.540s] -- Using PYTHON_EXECUTABLE: /usr/bin/python3
[3.541s] -- Using PYTHON_INCLUDE_DIRS: /usr/include/python3.10
[3.541s] -- Using PYTHON_LIBRARIES: /usr/lib/x86_64-linux-gnu/libpython3.10.so
[3.592s] -- Found ament_lint_auto: 0.12.8 (/opt/ros/humble/share/ament_lint_auto/cmake)
[3.634s] -- Added test 'lint_cmake' to check CMake code style
[3.638s] -- Added test 'xmllint' to check XML markup files
[3.647s] -- Configuring done
[3.760s] -- Generating done
[3.771s] -- Build files have been written to: /home/pederba/ros2_ws/build/lab02_interfaces
[3.875s] [  3%] [34m[1mGenerating C code for ROS interfaces[0m
[3.899s] [  6%] [34m[1mGenerating C++ code for ROS interfaces[0m
[3.961s] [  6%] Built target ament_cmake_python_copy_lab02_interfaces
[4.477s] running egg_info
[4.512s] writing lab02_interfaces.egg-info/PKG-INFO
[4.513s] writing dependency_links to lab02_interfaces.egg-info/dependency_links.txt
[4.514s] writing top-level names to lab02_interfaces.egg-info/top_level.txt
[4.562s] [35m[1mConsolidate compiler generated dependencies of target lab02_interfaces__rosidl_generator_c[0m
[4.603s] [  9%] [32mBuilding C object CMakeFiles/lab02_interfaces__rosidl_generator_c.dir/rosidl_generator_c/lab02_interfaces/srv/detail/get_trajectory__functions.c.o[0m
[4.609s] reading manifest file 'lab02_interfaces.egg-info/SOURCES.txt'
[4.611s] writing manifest file 'lab02_interfaces.egg-info/SOURCES.txt'
[4.611s] [  9%] Built target lab02_interfaces__cpp
[4.640s] [ 12%] [34m[1mGenerating C++ type support dispatch for ROS interfaces[0m
[4.643s] [ 16%] [34m[1mGenerating C++ introspection for ROS interfaces[0m
[4.662s] [ 19%] [34m[1mGenerating C++ type support for eProsima Fast-RTPS[0m
[4.690s] [ 19%] Built target ament_cmake_python_build_lab02_interfaces_egg
[4.914s] [ 22%] [32m[1mLinking C shared library liblab02_interfaces__rosidl_generator_c.so[0m
[5.197s] [ 22%] Built target lab02_interfaces__rosidl_generator_c
[5.249s] [ 25%] [34m[1mGenerating C type support for eProsima Fast-RTPS[0m
[5.262s] [ 29%] [34m[1mGenerating C introspection for ROS interfaces[0m
[5.293s] [35m[1mConsolidate compiler generated dependencies of target lab02_interfaces__rosidl_typesupport_cpp[0m
[5.316s] [ 32%] [34m[1mGenerating C type support dispatch for ROS interfaces[0m
[5.365s] [ 35%] [32mBuilding CXX object CMakeFiles/lab02_interfaces__rosidl_typesupport_cpp.dir/rosidl_typesupport_cpp/lab02_interfaces/srv/get_trajectory__type_support.cpp.o[0m
[5.427s] [35m[1mConsolidate compiler generated dependencies of target lab02_interfaces__rosidl_typesupport_introspection_cpp[0m
[5.476s] [35m[1mConsolidate compiler generated dependencies of target lab02_interfaces__rosidl_typesupport_fastrtps_cpp[0m
[5.485s] [ 38%] [32mBuilding CXX object CMakeFiles/lab02_interfaces__rosidl_typesupport_introspection_cpp.dir/rosidl_typesupport_introspection_cpp/lab02_interfaces/srv/detail/get_trajectory__type_support.cpp.o[0m
[5.559s] [ 41%] [32mBuilding CXX object CMakeFiles/lab02_interfaces__rosidl_typesupport_fastrtps_cpp.dir/rosidl_typesupport_fastrtps_cpp/lab02_interfaces/srv/detail/dds_fastrtps/get_trajectory__type_support.cpp.o[0m
[6.161s] [35m[1mConsolidate compiler generated dependencies of target lab02_interfaces__rosidl_typesupport_c[0m
[6.162s] [35m[1mConsolidate compiler generated dependencies of target lab02_interfaces__rosidl_typesupport_fastrtps_c[0m
[6.210s] [35m[1mConsolidate compiler generated dependencies of target lab02_interfaces__rosidl_typesupport_introspection_c[0m
[6.211s] [ 45%] [32mBuilding CXX object CMakeFiles/lab02_interfaces__rosidl_typesupport_fastrtps_c.dir/rosidl_typesupport_fastrtps_c/lab02_interfaces/srv/detail/get_trajectory__type_support_c.cpp.o[0m
[6.255s] [ 48%] [32mBuilding C object CMakeFiles/lab02_interfaces__rosidl_typesupport_introspection_c.dir/rosidl_typesupport_introspection_c/lab02_interfaces/srv/detail/get_trajectory__type_support.c.o[0m
[6.298s] [ 51%] [32mBuilding CXX object CMakeFiles/lab02_interfaces__rosidl_typesupport_c.dir/rosidl_typesupport_c/lab02_interfaces/srv/get_trajectory__type_support.cpp.o[0m
[6.523s] [ 54%] [32m[1mLinking C shared library liblab02_interfaces__rosidl_typesupport_introspection_c.so[0m
[6.549s] [ 58%] [32m[1mLinking CXX shared library liblab02_interfaces__rosidl_typesupport_c.so[0m
[6.795s] [ 61%] [32m[1mLinking CXX shared library liblab02_interfaces__rosidl_typesupport_cpp.so[0m
[6.807s] [ 61%] Built target lab02_interfaces__rosidl_typesupport_introspection_c
[6.843s] [ 61%] Built target lab02_interfaces__rosidl_typesupport_c
[7.098s] [ 61%] Built target lab02_interfaces__rosidl_typesupport_cpp
[7.153s] [ 64%] [32m[1mLinking CXX shared library liblab02_interfaces__rosidl_typesupport_introspection_cpp.so[0m
[7.211s] [ 67%] [32m[1mLinking CXX shared library liblab02_interfaces__rosidl_typesupport_fastrtps_c.so[0m
[7.265s] [ 67%] Built target lab02_interfaces__rosidl_typesupport_introspection_cpp
[7.303s] [ 70%] [32m[1mLinking CXX shared library liblab02_interfaces__rosidl_typesupport_fastrtps_cpp.so[0m
[7.463s] [ 70%] Built target lab02_interfaces__rosidl_typesupport_fastrtps_c
[7.553s] [ 70%] Built target lab02_interfaces__rosidl_typesupport_fastrtps_cpp
[7.629s] [ 70%] Built target lab02_interfaces
[7.722s] [ 74%] [34m[1mGenerating Python code for ROS interfaces[0m
[8.697s] [ 74%] Built target lab02_interfaces__py
[8.756s] [35m[1mConsolidate compiler generated dependencies of target lab02_interfaces__rosidl_generator_py[0m
[8.783s] [ 77%] [32mBuilding C object CMakeFiles/lab02_interfaces__rosidl_generator_py.dir/rosidl_generator_py/lab02_interfaces/srv/_get_trajectory_s.c.o[0m
[9.175s] [ 80%] [32m[1mLinking C shared library rosidl_generator_py/lab02_interfaces/liblab02_interfaces__rosidl_generator_py.so[0m
[9.367s] [ 80%] Built target lab02_interfaces__rosidl_generator_py
[9.400s] [35m[1mConsolidate compiler generated dependencies of target lab02_interfaces__rosidl_typesupport_c__pyext[0m
[9.402s] [35m[1mConsolidate compiler generated dependencies of target lab02_interfaces__rosidl_typesupport_fastrtps_c__pyext[0m
[9.417s] [35m[1mConsolidate compiler generated dependencies of target lab02_interfaces__rosidl_typesupport_introspection_c__pyext[0m
[9.447s] [ 83%] [32mBuilding C object CMakeFiles/lab02_interfaces__rosidl_typesupport_fastrtps_c__pyext.dir/rosidl_generator_py/lab02_interfaces/_lab02_interfaces_s.ep.rosidl_typesupport_fastrtps_c.c.o[0m
[9.476s] [ 87%] [32mBuilding C object CMakeFiles/lab02_interfaces__rosidl_typesupport_c__pyext.dir/rosidl_generator_py/lab02_interfaces/_lab02_interfaces_s.ep.rosidl_typesupport_c.c.o[0m
[9.511s] [ 90%] [32mBuilding C object CMakeFiles/lab02_interfaces__rosidl_typesupport_introspection_c__pyext.dir/rosidl_generator_py/lab02_interfaces/_lab02_interfaces_s.ep.rosidl_typesupport_introspection_c.c.o[0m
[9.745s] [ 93%] [32m[1mLinking C shared library rosidl_generator_py/lab02_interfaces/lab02_interfaces_s__rosidl_typesupport_fastrtps_c.cpython-310-x86_64-linux-gnu.so[0m
[9.762s] [ 96%] [32m[1mLinking C shared library rosidl_generator_py/lab02_interfaces/lab02_interfaces_s__rosidl_typesupport_c.cpython-310-x86_64-linux-gnu.so[0m
[9.841s] [100%] [32m[1mLinking C shared library rosidl_generator_py/lab02_interfaces/lab02_interfaces_s__rosidl_typesupport_introspection_c.cpython-310-x86_64-linux-gnu.so[0m
[9.872s] [100%] Built target lab02_interfaces__rosidl_typesupport_fastrtps_c__pyext
[9.892s] [100%] Built target lab02_interfaces__rosidl_typesupport_c__pyext
[9.953s] [100%] Built target lab02_interfaces__rosidl_typesupport_introspection_c__pyext
[11.148s] Invoked command in '/home/pederba/ros2_ws/build/lab02_interfaces' returned '0': CMAKE_PREFIX_PATH=${CMAKE_PREFIX_PATH}:/home/pederba/ros2_ws/install/lab02_pkg_test:/home/pederba/ros2_ws/install/turtlebot3_teleop:/home/pederba/ros2_ws/install/turtlebot3_example:/home/pederba/ros2_ws/install/py_pubsub:/home/pederba/ros2_ws/install/lab02_pkg:/home/pederba/ros2_ws/install/lab01_pkg:/opt/ros/humble /usr/bin/cmake --build /home/pederba/ros2_ws/build/lab02_interfaces -- -j8 -l8
[11.766s] Invoking command in '/home/pederba/ros2_ws/build/lab02_interfaces': CMAKE_PREFIX_PATH=${CMAKE_PREFIX_PATH}:/home/pederba/ros2_ws/install/lab02_pkg_test:/home/pederba/ros2_ws/install/turtlebot3_teleop:/home/pederba/ros2_ws/install/turtlebot3_example:/home/pederba/ros2_ws/install/py_pubsub:/home/pederba/ros2_ws/install/lab02_pkg:/home/pederba/ros2_ws/install/lab01_pkg:/opt/ros/humble /usr/bin/cmake --install /home/pederba/ros2_ws/build/lab02_interfaces
[11.801s] -- Install configuration: ""
[11.802s] -- Up-to-date: /home/pederba/ros2_ws/install/lab02_interfaces/share/ament_index/resource_index/rosidl_interfaces/lab02_interfaces
[11.802s] -- Up-to-date: /home/pederba/ros2_ws/install/lab02_interfaces/include/lab02_interfaces/lab02_interfaces
[11.802s] -- Up-to-date: /home/pederba/ros2_ws/install/lab02_interfaces/include/lab02_interfaces/lab02_interfaces/srv
[11.806s] -- Up-to-date: /home/pederba/ros2_ws/install/lab02_interfaces/include/lab02_interfaces/lab02_interfaces/srv/cmd_move.h
[11.806s] -- Installing: /home/pederba/ros2_ws/install/lab02_interfaces/include/lab02_interfaces/lab02_interfaces/srv/get_trajectory.h
[11.807s] -- Up-to-date: /home/pederba/ros2_ws/install/lab02_interfaces/include/lab02_interfaces/lab02_interfaces/srv/compute_trajectory.h
[11.807s] -- Up-to-date: /home/pederba/ros2_ws/install/lab02_interfaces/include/lab02_interfaces/lab02_interfaces/srv/detail
[11.807s] -- Up-to-date: /home/pederba/ros2_ws/install/lab02_interfaces/include/lab02_interfaces/lab02_interfaces/srv/detail/cmd_move__functions.c
[11.808s] -- Up-to-date: /home/pederba/ros2_ws/install/lab02_interfaces/include/lab02_interfaces/lab02_interfaces/srv/detail/compute_trajectory__type_support.h
[11.809s] -- Installing: /home/pederba/ros2_ws/install/lab02_interfaces/include/lab02_interfaces/lab02_interfaces/srv/detail/get_trajectory__struct.h
[11.809s] -- Up-to-date: /home/pederba/ros2_ws/install/lab02_interfaces/include/lab02_interfaces/lab02_interfaces/srv/detail/compute_trajectory__struct.h
[11.811s] -- Up-to-date: /home/pederba/ros2_ws/install/lab02_interfaces/include/lab02_interfaces/lab02_interfaces/srv/detail/cmd_move__functions.h
[11.811s] -- Up-to-date: /home/pederba/ros2_ws/install/lab02_interfaces/include/lab02_interfaces/lab02_interfaces/srv/detail/compute_trajectory__functions.h
[11.812s] -- Installing: /home/pederba/ros2_ws/install/lab02_interfaces/include/lab02_interfaces/lab02_interfaces/srv/detail/get_trajectory__functions.h
[11.816s] -- Up-to-date: /home/pederba/ros2_ws/install/lab02_interfaces/include/lab02_interfaces/lab02_interfaces/srv/detail/compute_trajectory__functions.c
[11.816s] -- Up-to-date: /home/pederba/ros2_ws/install/lab02_interfaces/include/lab02_interfaces/lab02_interfaces/srv/detail/cmd_move__struct.h
[11.816s] -- Installing: /home/pederba/ros2_ws/install/lab02_interfaces/include/lab02_interfaces/lab02_interfaces/srv/detail/get_trajectory__type_support.h
[11.817s] -- Up-to-date: /home/pederba/ros2_ws/install/lab02_interfaces/include/lab02_interfaces/lab02_interfaces/srv/detail/cmd_move__type_support.h
[11.817s] -- Installing: /home/pederba/ros2_ws/install/lab02_interfaces/include/lab02_interfaces/lab02_interfaces/srv/detail/get_trajectory__functions.c
[11.817s] -- Up-to-date: /home/pederba/ros2_ws/install/lab02_interfaces/include/lab02_interfaces/lab02_interfaces/msg
[11.817s] -- Up-to-date: /home/pederba/ros2_ws/install/lab02_interfaces/include/lab02_interfaces/lab02_interfaces/msg/rosidl_generator_c__visibility_control.h
[11.817s] -- Up-to-date: /home/pederba/ros2_ws/install/lab02_interfaces/share/lab02_interfaces/environment/library_path.sh
[11.818s] -- Installing: /home/pederba/ros2_ws/install/lab02_interfaces/share/lab02_interfaces/environment/library_path.dsv
[11.818s] -- Installing: /home/pederba/ros2_ws/install/lab02_interfaces/lib/liblab02_interfaces__rosidl_generator_c.so
[11.818s] -- Set runtime path of "/home/pederba/ros2_ws/install/lab02_interfaces/lib/liblab02_interfaces__rosidl_generator_c.so" to ""
[11.818s] -- Up-to-date: /home/pederba/ros2_ws/install/lab02_interfaces/include/lab02_interfaces/lab02_interfaces
[11.819s] -- Up-to-date: /home/pederba/ros2_ws/install/lab02_interfaces/include/lab02_interfaces/lab02_interfaces/srv
[11.819s] -- Up-to-date: /home/pederba/ros2_ws/install/lab02_interfaces/include/lab02_interfaces/lab02_interfaces/srv/detail
[11.819s] -- Installing: /home/pederba/ros2_ws/install/lab02_interfaces/include/lab02_interfaces/lab02_interfaces/srv/detail/get_trajectory__rosidl_typesupport_fastrtps_c.h
[11.819s] -- Up-to-date: /home/pederba/ros2_ws/install/lab02_interfaces/include/lab02_interfaces/lab02_interfaces/srv/detail/cmd_move__rosidl_typesupport_fastrtps_c.h
[11.820s] -- Up-to-date: /home/pederba/ros2_ws/install/lab02_interfaces/include/lab02_interfaces/lab02_interfaces/srv/detail/compute_trajectory__rosidl_typesupport_fastrtps_c.h
[11.821s] -- Up-to-date: /home/pederba/ros2_ws/install/lab02_interfaces/include/lab02_interfaces/lab02_interfaces/msg
[11.822s] -- Up-to-date: /home/pederba/ros2_ws/install/lab02_interfaces/include/lab02_interfaces/lab02_interfaces/msg/rosidl_typesupport_fastrtps_c__visibility_control.h
[11.822s] -- Installing: /home/pederba/ros2_ws/install/lab02_interfaces/lib/liblab02_interfaces__rosidl_typesupport_fastrtps_c.so
[11.822s] -- Set runtime path of "/home/pederba/ros2_ws/install/lab02_interfaces/lib/liblab02_interfaces__rosidl_typesupport_fastrtps_c.so" to ""
[11.822s] -- Up-to-date: /home/pederba/ros2_ws/install/lab02_interfaces/include/lab02_interfaces/lab02_interfaces
[11.822s] -- Up-to-date: /home/pederba/ros2_ws/install/lab02_interfaces/include/lab02_interfaces/lab02_interfaces/srv
[11.823s] -- Installing: /home/pederba/ros2_ws/install/lab02_interfaces/include/lab02_interfaces/lab02_interfaces/srv/get_trajectory.hpp
[11.823s] -- Up-to-date: /home/pederba/ros2_ws/install/lab02_interfaces/include/lab02_interfaces/lab02_interfaces/srv/cmd_move.hpp
[11.823s] -- Up-to-date: /home/pederba/ros2_ws/install/lab02_interfaces/include/lab02_interfaces/lab02_interfaces/srv/compute_trajectory.hpp
[11.823s] -- Up-to-date: /home/pederba/ros2_ws/install/lab02_interfaces/include/lab02_interfaces/lab02_interfaces/srv/detail
[11.823s] -- Up-to-date: /home/pederba/ros2_ws/install/lab02_interfaces/include/lab02_interfaces/lab02_interfaces/srv/detail/cmd_move__builder.hpp
[11.823s] -- Up-to-date: /home/pederba/ros2_ws/install/lab02_interfaces/include/lab02_interfaces/lab02_interfaces/srv/detail/compute_trajectory__traits.hpp
[11.823s] -- Up-to-date: /home/pederba/ros2_ws/install/lab02_interfaces/include/lab02_interfaces/lab02_interfaces/srv/detail/compute_trajectory__struct.hpp
[11.824s] -- Installing: /home/pederba/ros2_ws/install/lab02_interfaces/include/lab02_interfaces/lab02_interfaces/srv/detail/get_trajectory__struct.hpp
[11.824s] -- Installing: /home/pederba/ros2_ws/install/lab02_interfaces/include/lab02_interfaces/lab02_interfaces/srv/detail/get_trajectory__builder.hpp
[11.824s] -- Installing: /home/pederba/ros2_ws/install/lab02_interfaces/include/lab02_interfaces/lab02_interfaces/srv/detail/get_trajectory__traits.hpp
[11.824s] -- Up-to-date: /home/pederba/ros2_ws/install/lab02_interfaces/include/lab02_interfaces/lab02_interfaces/srv/detail/cmd_move__struct.hpp
[11.824s] -- Up-to-date: /home/pederba/ros2_ws/install/lab02_interfaces/include/lab02_interfaces/lab02_interfaces/srv/detail/cmd_move__traits.hpp
[11.824s] -- Up-to-date: /home/pederba/ros2_ws/install/lab02_interfaces/include/lab02_interfaces/lab02_interfaces/srv/detail/compute_trajectory__builder.hpp
[11.825s] -- Up-to-date: /home/pederba/ros2_ws/install/lab02_interfaces/include/lab02_interfaces/lab02_interfaces
[11.825s] -- Up-to-date: /home/pederba/ros2_ws/install/lab02_interfaces/include/lab02_interfaces/lab02_interfaces/srv
[11.825s] -- Up-to-date: /home/pederba/ros2_ws/install/lab02_interfaces/include/lab02_interfaces/lab02_interfaces/srv/detail
[11.825s] -- Up-to-date: /home/pederba/ros2_ws/install/lab02_interfaces/include/lab02_interfaces/lab02_interfaces/srv/detail/dds_fastrtps
[11.825s] -- Up-to-date: /home/pederba/ros2_ws/install/lab02_interfaces/include/lab02_interfaces/lab02_interfaces/srv/detail/cmd_move__rosidl_typesupport_fastrtps_cpp.hpp
[11.826s] -- Installing: /home/pederba/ros2_ws/install/lab02_interfaces/include/lab02_interfaces/lab02_interfaces/srv/detail/get_trajectory__rosidl_typesupport_fastrtps_cpp.hpp
[11.826s] -- Up-to-date: /home/pederba/ros2_ws/install/lab02_interfaces/include/lab02_interfaces/lab02_interfaces/srv/detail/compute_trajectory__rosidl_typesupport_fastrtps_cpp.hpp
[11.826s] -- Up-to-date: /home/pederba/ros2_ws/install/lab02_interfaces/include/lab02_interfaces/lab02_interfaces/msg
[11.826s] -- Up-to-date: /home/pederba/ros2_ws/install/lab02_interfaces/include/lab02_interfaces/lab02_interfaces/msg/rosidl_typesupport_fastrtps_cpp__visibility_control.h
[11.828s] -- Installing: /home/pederba/ros2_ws/install/lab02_interfaces/lib/liblab02_interfaces__rosidl_typesupport_fastrtps_cpp.so
[11.828s] -- Set runtime path of "/home/pederba/ros2_ws/install/lab02_interfaces/lib/liblab02_interfaces__rosidl_typesupport_fastrtps_cpp.so" to ""
[11.829s] -- Up-to-date: /home/pederba/ros2_ws/install/lab02_interfaces/include/lab02_interfaces/lab02_interfaces
[11.829s] -- Up-to-date: /home/pederba/ros2_ws/install/lab02_interfaces/include/lab02_interfaces/lab02_interfaces/srv
[11.829s] -- Up-to-date: /home/pederba/ros2_ws/install/lab02_interfaces/include/lab02_interfaces/lab02_interfaces/srv/detail
[11.829s] -- Up-to-date: /home/pederba/ros2_ws/install/lab02_interfaces/include/lab02_interfaces/lab02_interfaces/srv/detail/compute_trajectory__type_support.c
[11.829s] -- Up-to-date: /home/pederba/ros2_ws/install/lab02_interfaces/include/lab02_interfaces/lab02_interfaces/srv/detail/cmd_move__type_support.c
[11.829s] -- Up-to-date: /home/pederba/ros2_ws/install/lab02_interfaces/include/lab02_interfaces/lab02_interfaces/srv/detail/cmd_move__rosidl_typesupport_introspection_c.h
[11.830s] -- Installing: /home/pederba/ros2_ws/install/lab02_interfaces/include/lab02_interfaces/lab02_interfaces/srv/detail/get_trajectory__rosidl_typesupport_introspection_c.h
[11.830s] -- Installing: /home/pederba/ros2_ws/install/lab02_interfaces/include/lab02_interfaces/lab02_interfaces/srv/detail/get_trajectory__type_support.c
[11.830s] -- Up-to-date: /home/pederba/ros2_ws/install/lab02_interfaces/include/lab02_interfaces/lab02_interfaces/srv/detail/compute_trajectory__rosidl_typesupport_introspection_c.h
[11.836s] -- Up-to-date: /home/pederba/ros2_ws/install/lab02_interfaces/include/lab02_interfaces/lab02_interfaces/msg
[11.836s] -- Up-to-date: /home/pederba/ros2_ws/install/lab02_interfaces/include/lab02_interfaces/lab02_interfaces/msg/rosidl_typesupport_introspection_c__visibility_control.h
[11.837s] -- Installing: /home/pederba/ros2_ws/install/lab02_interfaces/lib/liblab02_interfaces__rosidl_typesupport_introspection_c.so
[11.837s] -- Set runtime path of "/home/pederba/ros2_ws/install/lab02_interfaces/lib/liblab02_interfaces__rosidl_typesupport_introspection_c.so" to ""
[11.837s] -- Installing: /home/pederba/ros2_ws/install/lab02_interfaces/lib/liblab02_interfaces__rosidl_typesupport_c.so
[11.837s] -- Set runtime path of "/home/pederba/ros2_ws/install/lab02_interfaces/lib/liblab02_interfaces__rosidl_typesupport_c.so" to ""
[11.838s] -- Up-to-date: /home/pederba/ros2_ws/install/lab02_interfaces/include/lab02_interfaces/lab02_interfaces
[11.838s] -- Up-to-date: /home/pederba/ros2_ws/install/lab02_interfaces/include/lab02_interfaces/lab02_interfaces/srv
[11.838s] -- Up-to-date: /home/pederba/ros2_ws/install/lab02_interfaces/include/lab02_interfaces/lab02_interfaces/srv/detail
[11.838s] -- Installing: /home/pederba/ros2_ws/install/lab02_interfaces/include/lab02_interfaces/lab02_interfaces/srv/detail/get_trajectory__rosidl_typesupport_introspection_cpp.hpp
[11.839s] -- Installing: /home/pederba/ros2_ws/install/lab02_interfaces/include/lab02_interfaces/lab02_interfaces/srv/detail/get_trajectory__type_support.cpp
[11.839s] -- Up-to-date: /home/pederba/ros2_ws/install/lab02_interfaces/include/lab02_interfaces/lab02_interfaces/srv/detail/cmd_move__type_support.cpp
[11.839s] -- Up-to-date: /home/pederba/ros2_ws/install/lab02_interfaces/include/lab02_interfaces/lab02_interfaces/srv/detail/cmd_move__rosidl_typesupport_introspection_cpp.hpp
[11.839s] -- Up-to-date: /home/pederba/ros2_ws/install/lab02_interfaces/include/lab02_interfaces/lab02_interfaces/srv/detail/compute_trajectory__rosidl_typesupport_introspection_cpp.hpp
[11.839s] -- Up-to-date: /home/pederba/ros2_ws/install/lab02_interfaces/include/lab02_interfaces/lab02_interfaces/srv/detail/compute_trajectory__type_support.cpp
[11.840s] -- Installing: /home/pederba/ros2_ws/install/lab02_interfaces/lib/liblab02_interfaces__rosidl_typesupport_introspection_cpp.so
[11.840s] -- Set runtime path of "/home/pederba/ros2_ws/install/lab02_interfaces/lib/liblab02_interfaces__rosidl_typesupport_introspection_cpp.so" to ""
[11.840s] -- Installing: /home/pederba/ros2_ws/install/lab02_interfaces/lib/liblab02_interfaces__rosidl_typesupport_cpp.so
[11.840s] -- Set runtime path of "/home/pederba/ros2_ws/install/lab02_interfaces/lib/liblab02_interfaces__rosidl_typesupport_cpp.so" to ""
[11.840s] -- Up-to-date: /home/pederba/ros2_ws/install/lab02_interfaces/share/lab02_interfaces/environment/pythonpath.sh
[11.840s] -- Installing: /home/pederba/ros2_ws/install/lab02_interfaces/share/lab02_interfaces/environment/pythonpath.dsv
[11.841s] -- Up-to-date: /home/pederba/ros2_ws/install/lab02_interfaces/local/lib/python3.10/dist-packages/lab02_interfaces-0.0.0-py3.10.egg-info
[11.841s] -- Installing: /home/pederba/ros2_ws/install/lab02_interfaces/local/lib/python3.10/dist-packages/lab02_interfaces-0.0.0-py3.10.egg-info/dependency_links.txt
[11.841s] -- Installing: /home/pederba/ros2_ws/install/lab02_interfaces/local/lib/python3.10/dist-packages/lab02_interfaces-0.0.0-py3.10.egg-info/SOURCES.txt
[11.841s] -- Installing: /home/pederba/ros2_ws/install/lab02_interfaces/local/lib/python3.10/dist-packages/lab02_interfaces-0.0.0-py3.10.egg-info/PKG-INFO
[11.841s] -- Installing: /home/pederba/ros2_ws/install/lab02_interfaces/local/lib/python3.10/dist-packages/lab02_interfaces-0.0.0-py3.10.egg-info/top_level.txt
[11.842s] -- Up-to-date: /home/pederba/ros2_ws/install/lab02_interfaces/local/lib/python3.10/dist-packages/lab02_interfaces
[11.842s] -- Installing: /home/pederba/ros2_ws/install/lab02_interfaces/local/lib/python3.10/dist-packages/lab02_interfaces/lab02_interfaces_s__rosidl_typesupport_introspection_c.cpython-310-x86_64-linux-gnu.so
[11.842s] -- Installing: /home/pederba/ros2_ws/install/lab02_interfaces/local/lib/python3.10/dist-packages/lab02_interfaces/_lab02_interfaces_s.ep.rosidl_typesupport_fastrtps_c.c
[11.842s] -- Installing: /home/pederba/ros2_ws/install/lab02_interfaces/local/lib/python3.10/dist-packages/lab02_interfaces/liblab02_interfaces__rosidl_generator_py.so
[11.842s] -- Installing: /home/pederba/ros2_ws/install/lab02_interfaces/local/lib/python3.10/dist-packages/lab02_interfaces/lab02_interfaces_s__rosidl_typesupport_c.cpython-310-x86_64-linux-gnu.so
[11.842s] -- Installing: /home/pederba/ros2_ws/install/lab02_interfaces/local/lib/python3.10/dist-packages/lab02_interfaces/lab02_interfaces_s__rosidl_typesupport_fastrtps_c.cpython-310-x86_64-linux-gnu.so
[11.842s] -- Up-to-date: /home/pederba/ros2_ws/install/lab02_interfaces/local/lib/python3.10/dist-packages/lab02_interfaces/srv
[11.843s] -- Up-to-date: /home/pederba/ros2_ws/install/lab02_interfaces/local/lib/python3.10/dist-packages/lab02_interfaces/srv/_compute_trajectory_s.c
[11.843s] -- Installing: /home/pederba/ros2_ws/install/lab02_interfaces/local/lib/python3.10/dist-packages/lab02_interfaces/srv/_get_trajectory.py
[11.843s] -- Up-to-date: /home/pederba/ros2_ws/install/lab02_interfaces/local/lib/python3.10/dist-packages/lab02_interfaces/srv/_cmd_move_s.c
[11.843s] -- Installing: /home/pederba/ros2_ws/install/lab02_interfaces/local/lib/python3.10/dist-packages/lab02_interfaces/srv/_get_trajectory_s.c
[11.843s] -- Up-to-date: /home/pederba/ros2_ws/install/lab02_interfaces/local/lib/python3.10/dist-packages/lab02_interfaces/srv/_cmd_move.py
[11.843s] -- Up-to-date: /home/pederba/ros2_ws/install/lab02_interfaces/local/lib/python3.10/dist-packages/lab02_interfaces/srv/_compute_trajectory.py
[11.843s] -- Installing: /home/pederba/ros2_ws/install/lab02_interfaces/local/lib/python3.10/dist-packages/lab02_interfaces/srv/__init__.py
[11.847s] -- Installing: /home/pederba/ros2_ws/install/lab02_interfaces/local/lib/python3.10/dist-packages/lab02_interfaces/_lab02_interfaces_s.ep.rosidl_typesupport_introspection_c.c
[11.847s] -- Installing: /home/pederba/ros2_ws/install/lab02_interfaces/local/lib/python3.10/dist-packages/lab02_interfaces/__init__.py
[11.847s] -- Installing: /home/pederba/ros2_ws/install/lab02_interfaces/local/lib/python3.10/dist-packages/lab02_interfaces/_lab02_interfaces_s.ep.rosidl_typesupport_c.c
[11.927s] Listing '/home/pederba/ros2_ws/install/lab02_interfaces/local/lib/python3.10/dist-packages/lab02_interfaces'...
[11.928s] Compiling '/home/pederba/ros2_ws/install/lab02_interfaces/local/lib/python3.10/dist-packages/lab02_interfaces/__init__.py'...
[11.928s] Listing '/home/pederba/ros2_ws/install/lab02_interfaces/local/lib/python3.10/dist-packages/lab02_interfaces/srv'...
[11.928s] Compiling '/home/pederba/ros2_ws/install/lab02_interfaces/local/lib/python3.10/dist-packages/lab02_interfaces/srv/__init__.py'...
[11.928s] Compiling '/home/pederba/ros2_ws/install/lab02_interfaces/local/lib/python3.10/dist-packages/lab02_interfaces/srv/_get_trajectory.py'...
[11.942s] -- Installing: /home/pederba/ros2_ws/install/lab02_interfaces/local/lib/python3.10/dist-packages/lab02_interfaces/lab02_interfaces_s__rosidl_typesupport_fastrtps_c.cpython-310-x86_64-linux-gnu.so
[11.943s] -- Set runtime path of "/home/pederba/ros2_ws/install/lab02_interfaces/local/lib/python3.10/dist-packages/lab02_interfaces/lab02_interfaces_s__rosidl_typesupport_fastrtps_c.cpython-310-x86_64-linux-gnu.so" to ""
[11.943s] -- Installing: /home/pederba/ros2_ws/install/lab02_interfaces/local/lib/python3.10/dist-packages/lab02_interfaces/lab02_interfaces_s__rosidl_typesupport_introspection_c.cpython-310-x86_64-linux-gnu.so
[11.944s] -- Set runtime path of "/home/pederba/ros2_ws/install/lab02_interfaces/local/lib/python3.10/dist-packages/lab02_interfaces/lab02_interfaces_s__rosidl_typesupport_introspection_c.cpython-310-x86_64-linux-gnu.so" to ""
[11.945s] -- Installing: /home/pederba/ros2_ws/install/lab02_interfaces/local/lib/python3.10/dist-packages/lab02_interfaces/lab02_interfaces_s__rosidl_typesupport_c.cpython-310-x86_64-linux-gnu.so
[11.946s] -- Set runtime path of "/home/pederba/ros2_ws/install/lab02_interfaces/local/lib/python3.10/dist-packages/lab02_interfaces/lab02_interfaces_s__rosidl_typesupport_c.cpython-310-x86_64-linux-gnu.so" to ""
[11.946s] -- Installing: /home/pederba/ros2_ws/install/lab02_interfaces/lib/liblab02_interfaces__rosidl_generator_py.so
[11.948s] -- Set runtime path of "/home/pederba/ros2_ws/install/lab02_interfaces/lib/liblab02_interfaces__rosidl_generator_py.so" to ""
[11.948s] -- Installing: /home/pederba/ros2_ws/install/lab02_interfaces/share/lab02_interfaces/srv/GetTrajectory.idl
[11.948s] -- Installing: /home/pederba/ros2_ws/install/lab02_interfaces/share/lab02_interfaces/srv/GetTrajectory.srv
[11.949s] -- Installing: /home/pederba/ros2_ws/install/lab02_interfaces/share/lab02_interfaces/srv/GetTrajectory_Request.msg
[11.950s] -- Installing: /home/pederba/ros2_ws/install/lab02_interfaces/share/lab02_interfaces/srv/GetTrajectory_Response.msg
[11.950s] -- Up-to-date: /home/pederba/ros2_ws/install/lab02_interfaces/share/ament_index/resource_index/package_run_dependencies/lab02_interfaces
[11.950s] -- Installing: /home/pederba/ros2_ws/install/lab02_interfaces/share/ament_index/resource_index/parent_prefix_path/lab02_interfaces
[11.951s] -- Up-to-date: /home/pederba/ros2_ws/install/lab02_interfaces/share/lab02_interfaces/environment/ament_prefix_path.sh
[11.951s] -- Installing: /home/pederba/ros2_ws/install/lab02_interfaces/share/lab02_interfaces/environment/ament_prefix_path.dsv
[11.952s] -- Up-to-date: /home/pederba/ros2_ws/install/lab02_interfaces/share/lab02_interfaces/environment/path.sh
[11.952s] -- Installing: /home/pederba/ros2_ws/install/lab02_interfaces/share/lab02_interfaces/environment/path.dsv
[11.952s] -- Up-to-date: /home/pederba/ros2_ws/install/lab02_interfaces/share/lab02_interfaces/local_setup.bash
[11.953s] -- Up-to-date: /home/pederba/ros2_ws/install/lab02_interfaces/share/lab02_interfaces/local_setup.sh
[11.953s] -- Up-to-date: /home/pederba/ros2_ws/install/lab02_interfaces/share/lab02_interfaces/local_setup.zsh
[11.953s] -- Installing: /home/pederba/ros2_ws/install/lab02_interfaces/share/lab02_interfaces/local_setup.dsv
[11.954s] -- Installing: /home/pederba/ros2_ws/install/lab02_interfaces/share/lab02_interfaces/package.dsv
[11.955s] -- Up-to-date: /home/pederba/ros2_ws/install/lab02_interfaces/share/ament_index/resource_index/packages/lab02_interfaces
[11.967s] -- Up-to-date: /home/pederba/ros2_ws/install/lab02_interfaces/share/lab02_interfaces/cmake/export_lab02_interfaces__rosidl_generator_cExport.cmake
[11.968s] -- Up-to-date: /home/pederba/ros2_ws/install/lab02_interfaces/share/lab02_interfaces/cmake/export_lab02_interfaces__rosidl_generator_cExport-noconfig.cmake
[11.968s] -- Up-to-date: /home/pederba/ros2_ws/install/lab02_interfaces/share/lab02_interfaces/cmake/export_lab02_interfaces__rosidl_typesupport_fastrtps_cExport.cmake
[11.968s] -- Up-to-date: /home/pederba/ros2_ws/install/lab02_interfaces/share/lab02_interfaces/cmake/export_lab02_interfaces__rosidl_typesupport_fastrtps_cExport-noconfig.cmake
[11.968s] -- Up-to-date: /home/pederba/ros2_ws/install/lab02_interfaces/share/lab02_interfaces/cmake/export_lab02_interfaces__rosidl_generator_cppExport.cmake
[11.968s] -- Up-to-date: /home/pederba/ros2_ws/install/lab02_interfaces/share/lab02_interfaces/cmake/export_lab02_interfaces__rosidl_typesupport_fastrtps_cppExport.cmake
[11.968s] -- Up-to-date: /home/pederba/ros2_ws/install/lab02_interfaces/share/lab02_interfaces/cmake/export_lab02_interfaces__rosidl_typesupport_fastrtps_cppExport-noconfig.cmake
[11.968s] -- Up-to-date: /home/pederba/ros2_ws/install/lab02_interfaces/share/lab02_interfaces/cmake/lab02_interfaces__rosidl_typesupport_introspection_cExport.cmake
[11.969s] -- Up-to-date: /home/pederba/ros2_ws/install/lab02_interfaces/share/lab02_interfaces/cmake/lab02_interfaces__rosidl_typesupport_introspection_cExport-noconfig.cmake
[11.969s] -- Up-to-date: /home/pederba/ros2_ws/install/lab02_interfaces/share/lab02_interfaces/cmake/lab02_interfaces__rosidl_typesupport_cExport.cmake
[11.969s] -- Up-to-date: /home/pederba/ros2_ws/install/lab02_interfaces/share/lab02_interfaces/cmake/lab02_interfaces__rosidl_typesupport_cExport-noconfig.cmake
[11.969s] -- Up-to-date: /home/pederba/ros2_ws/install/lab02_interfaces/share/lab02_interfaces/cmake/lab02_interfaces__rosidl_typesupport_introspection_cppExport.cmake
[11.969s] -- Up-to-date: /home/pederba/ros2_ws/install/lab02_interfaces/share/lab02_interfaces/cmake/lab02_interfaces__rosidl_typesupport_introspection_cppExport-noconfig.cmake
[11.969s] -- Up-to-date: /home/pederba/ros2_ws/install/lab02_interfaces/share/lab02_interfaces/cmake/lab02_interfaces__rosidl_typesupport_cppExport.cmake
[11.969s] -- Up-to-date: /home/pederba/ros2_ws/install/lab02_interfaces/share/lab02_interfaces/cmake/lab02_interfaces__rosidl_typesupport_cppExport-noconfig.cmake
[11.970s] -- Up-to-date: /home/pederba/ros2_ws/install/lab02_interfaces/share/lab02_interfaces/cmake/export_lab02_interfaces__rosidl_generator_pyExport.cmake
[11.970s] -- Up-to-date: /home/pederba/ros2_ws/install/lab02_interfaces/share/lab02_interfaces/cmake/export_lab02_interfaces__rosidl_generator_pyExport-noconfig.cmake
[11.970s] -- Up-to-date: /home/pederba/ros2_ws/install/lab02_interfaces/share/lab02_interfaces/cmake/rosidl_cmake-extras.cmake
[11.970s] -- Up-to-date: /home/pederba/ros2_ws/install/lab02_interfaces/share/lab02_interfaces/cmake/ament_cmake_export_include_directories-extras.cmake
[11.970s] -- Up-to-date: /home/pederba/ros2_ws/install/lab02_interfaces/share/lab02_interfaces/cmake/ament_cmake_export_libraries-extras.cmake
[11.970s] -- Up-to-date: /home/pederba/ros2_ws/install/lab02_interfaces/share/lab02_interfaces/cmake/ament_cmake_export_targets-extras.cmake
[11.970s] -- Up-to-date: /home/pederba/ros2_ws/install/lab02_interfaces/share/lab02_interfaces/cmake/rosidl_cmake_export_typesupport_targets-extras.cmake
[11.970s] -- Up-to-date: /home/pederba/ros2_ws/install/lab02_interfaces/share/lab02_interfaces/cmake/ament_cmake_export_dependencies-extras.cmake
[11.971s] -- Up-to-date: /home/pederba/ros2_ws/install/lab02_interfaces/share/lab02_interfaces/cmake/rosidl_cmake_export_typesupport_libraries-extras.cmake
[11.971s] -- Up-to-date: /home/pederba/ros2_ws/install/lab02_interfaces/share/lab02_interfaces/cmake/lab02_interfacesConfig.cmake
[11.971s] -- Up-to-date: /home/pederba/ros2_ws/install/lab02_interfaces/share/lab02_interfaces/cmake/lab02_interfacesConfig-version.cmake
[11.971s] -- Up-to-date: /home/pederba/ros2_ws/install/lab02_interfaces/share/lab02_interfaces/package.xml
[12.133s] Invoked command in '/home/pederba/ros2_ws/build/lab02_interfaces' returned '0': CMAKE_PREFIX_PATH=${CMAKE_PREFIX_PATH}:/home/pederba/ros2_ws/install/lab02_pkg_test:/home/pederba/ros2_ws/install/turtlebot3_teleop:/home/pederba/ros2_ws/install/turtlebot3_example:/home/pederba/ros2_ws/install/py_pubsub:/home/pederba/ros2_ws/install/lab02_pkg:/home/pederba/ros2_ws/install/lab01_pkg:/opt/ros/humble /usr/bin/cmake --install /home/pederba/ros2_ws/build/lab02_interfaces
