[2.581s] Invoking command in '/home/pederba/ros2_ws/build/lab05_pkg': PYTHONPATH=/home/pederba/ros2_ws/build/lab05_pkg/prefix_override:/home/pederba/ros2_ws/install/lab05_pkg/lib/python3.10/site-packages:${PYTHONPATH} /usr/bin/python3 setup.py develop --editable --build-directory /home/pederba/ros2_ws/build/lab05_pkg/build --no-deps install_data
[3.416s] running develop
[3.424s] /home/pederba/.local/lib/python3.10/site-packages/setuptools/command/easy_install.py:144: EasyInstallDeprecationWarning: easy_install command is deprecated. Use build and pip and other standards-based tools.
[3.425s]   warnings.warn(
[3.506s] /home/pederba/.local/lib/python3.10/site-packages/setuptools/command/install.py:34: SetuptoolsDeprecationWarning: setup.py install is deprecated. Use build and pip and other standards-based tools.
[3.507s]   warnings.warn(
[4.038s] running egg_info
[4.038s] creating lab05_pkg.egg-info
[4.075s] writing lab05_pkg.egg-info/PKG-INFO
[4.075s] writing dependency_links to lab05_pkg.egg-info/dependency_links.txt
[4.075s] writing entry points to lab05_pkg.egg-info/entry_points.txt
[4.076s] writing requirements to lab05_pkg.egg-info/requires.txt
[4.076s] writing top-level names to lab05_pkg.egg-info/top_level.txt
[4.076s] writing manifest file 'lab05_pkg.egg-info/SOURCES.txt'
[4.150s] reading manifest file 'lab05_pkg.egg-info/SOURCES.txt'
[4.151s] writing manifest file 'lab05_pkg.egg-info/SOURCES.txt'
[4.189s] running build_ext
[4.189s] Creating /home/pederba/ros2_ws/install/lab05_pkg/lib/python3.10/site-packages/lab05-pkg.egg-link (link to .)
[4.190s] Installing recorder script to /home/pederba/ros2_ws/install/lab05_pkg/lib/lab05_pkg
[4.191s] 
[4.191s] Installed /home/pederba/ros2_ws/build/lab05_pkg
[4.191s] running install_data
[4.192s] creating /home/pederba/ros2_ws/install/lab05_pkg/share/ament_index
[4.192s] creating /home/pederba/ros2_ws/install/lab05_pkg/share/ament_index/resource_index
[4.192s] creating /home/pederba/ros2_ws/install/lab05_pkg/share/ament_index/resource_index/packages
[4.192s] copying resource/lab05_pkg -> /home/pederba/ros2_ws/install/lab05_pkg/share/ament_index/resource_index/packages
[4.193s] copying package.xml -> /home/pederba/ros2_ws/install/lab05_pkg/share/lab05_pkg
[4.193s] creating /home/pederba/ros2_ws/install/lab05_pkg/share/lab05_pkg/config
[4.193s] copying config/ekf.yaml -> /home/pederba/ros2_ws/install/lab05_pkg/share/lab05_pkg/config
[4.193s] creating /home/pederba/ros2_ws/install/lab05_pkg/share/lab05_pkg/launch
[4.194s] copying launch/ekf.launch.py -> /home/pederba/ros2_ws/install/lab05_pkg/share/lab05_pkg/launch
[4.316s] Invoked command in '/home/pederba/ros2_ws/build/lab05_pkg' returned '0': PYTHONPATH=/home/pederba/ros2_ws/build/lab05_pkg/prefix_override:/home/pederba/ros2_ws/install/lab05_pkg/lib/python3.10/site-packages:${PYTHONPATH} /usr/bin/python3 setup.py develop --editable --build-directory /home/pederba/ros2_ws/build/lab05_pkg/build --no-deps install_data
