[1.544s] Invoking command in '/home/pederba/ros2_ws/src/lab03_pkg': PYTHONPATH=/home/pederba/ros2_ws/build/lab03_pkg/prefix_override:/home/pederba/ros2_ws/install/lab03_pkg/lib/python3.10/site-packages:${PYTHONPATH} /usr/bin/python3 setup.py egg_info --egg-base ../../build/lab03_pkg build --build-base /home/pederba/ros2_ws/build/lab03_pkg/build install --record /home/pederba/ros2_ws/build/lab03_pkg/install.log --single-version-externally-managed
[1.894s] running egg_info
[1.917s] writing ../../build/lab03_pkg/lab03_pkg.egg-info/PKG-INFO
[1.918s] writing dependency_links to ../../build/lab03_pkg/lab03_pkg.egg-info/dependency_links.txt
[1.918s] writing entry points to ../../build/lab03_pkg/lab03_pkg.egg-info/entry_points.txt
[1.919s] writing requirements to ../../build/lab03_pkg/lab03_pkg.egg-info/requires.txt
[1.919s] writing top-level names to ../../build/lab03_pkg/lab03_pkg.egg-info/top_level.txt
[1.972s] reading manifest file '../../build/lab03_pkg/lab03_pkg.egg-info/SOURCES.txt'
[1.974s] writing manifest file '../../build/lab03_pkg/lab03_pkg.egg-info/SOURCES.txt'
[1.974s] running build
[1.974s] running build_py
[1.975s] running install
[1.975s] /home/pederba/.local/lib/python3.10/site-packages/setuptools/_distutils/cmd.py:66: SetuptoolsDeprecationWarning: setup.py install is deprecated.
[1.975s] !!
[1.975s] 
[1.976s]         ********************************************************************************
[1.976s]         Please avoid running ``setup.py`` directly.
[1.976s]         Instead, use pypa/build, pypa/installer or other
[1.976s]         standards-based tools.
[1.976s] 
[1.976s]         See https://blog.ganssle.io/articles/2021/10/setup-py-deprecated.html for details.
[1.976s]         ********************************************************************************
[1.976s] 
[1.977s] !!
[1.977s]   self.initialize_options()
[1.983s] running install_lib
[2.006s] running install_data
[2.032s] running install_egg_info
[2.057s] removing '/home/pederba/ros2_ws/install/lab03_pkg/lib/python3.10/site-packages/lab03_pkg-0.0.0-py3.10.egg-info' (and everything under it)
[2.058s] Copying ../../build/lab03_pkg/lab03_pkg.egg-info to /home/pederba/ros2_ws/install/lab03_pkg/lib/python3.10/site-packages/lab03_pkg-0.0.0-py3.10.egg-info
[2.059s] running install_scripts
[2.301s] Installing controller script to /home/pederba/ros2_ws/install/lab03_pkg/lib/lab03_pkg
[2.302s] writing list of installed files to '/home/pederba/ros2_ws/build/lab03_pkg/install.log'
[2.365s] Invoked command in '/home/pederba/ros2_ws/src/lab03_pkg' returned '0': PYTHONPATH=/home/pederba/ros2_ws/build/lab03_pkg/prefix_override:/home/pederba/ros2_ws/install/lab03_pkg/lib/python3.10/site-packages:${PYTHONPATH} /usr/bin/python3 setup.py egg_info --egg-base ../../build/lab03_pkg build --build-base /home/pederba/ros2_ws/build/lab03_pkg/build install --record /home/pederba/ros2_ws/build/lab03_pkg/install.log --single-version-externally-managed
