[9.037s] Invoking command in '/home/pederba/ros2_ws/src/lab01_pkg': PYTHONPATH=/home/pederba/ros2_ws/build/lab01_pkg/prefix_override:/home/pederba/ros2_ws/install/lab01_pkg/lib/python3.10/site-packages:${PYTHONPATH} /usr/bin/python3 setup.py egg_info --egg-base ../../build/lab01_pkg build --build-base /home/pederba/ros2_ws/build/lab01_pkg/build install --record /home/pederba/ros2_ws/build/lab01_pkg/install.log --single-version-externally-managed
[10.239s] running egg_info
[10.306s] writing ../../build/lab01_pkg/lab01_pkg.egg-info/PKG-INFO
[10.308s] writing dependency_links to ../../build/lab01_pkg/lab01_pkg.egg-info/dependency_links.txt
[10.308s] writing entry points to ../../build/lab01_pkg/lab01_pkg.egg-info/entry_points.txt
[10.308s] writing requirements to ../../build/lab01_pkg/lab01_pkg.egg-info/requires.txt
[10.309s] writing top-level names to ../../build/lab01_pkg/lab01_pkg.egg-info/top_level.txt
[10.436s] reading manifest file '../../build/lab01_pkg/lab01_pkg.egg-info/SOURCES.txt'
[10.447s] writing manifest file '../../build/lab01_pkg/lab01_pkg.egg-info/SOURCES.txt'
[10.447s] running build
[10.448s] running build_py
[10.450s] running install
[10.464s] /home/pederba/.local/lib/python3.10/site-packages/setuptools/command/install.py:34: SetuptoolsDeprecationWarning: setup.py install is deprecated. Use build and pip and other standards-based tools.
[10.465s]   warnings.warn(
[10.471s] running install_lib
[10.573s] running install_data
[10.675s] running install_egg_info
[10.751s] removing '/home/pederba/ros2_ws/install/lab01_pkg/lib/python3.10/site-packages/lab01_pkg-0.0.0-py3.10.egg-info' (and everything under it)
[10.757s] Copying ../../build/lab01_pkg/lab01_pkg.egg-info to /home/pederba/ros2_ws/install/lab01_pkg/lib/python3.10/site-packages/lab01_pkg-0.0.0-py3.10.egg-info
[10.761s] running install_scripts
[11.005s] Installing controller script to /home/pederba/ros2_ws/install/lab01_pkg/lib/lab01_pkg
[11.006s] Installing controller_reset script to /home/pederba/ros2_ws/install/lab01_pkg/lib/lab01_pkg
[11.007s] Installing localization script to /home/pederba/ros2_ws/install/lab01_pkg/lib/lab01_pkg
[11.008s] Installing localization_reset script to /home/pederba/ros2_ws/install/lab01_pkg/lib/lab01_pkg
[11.009s] Installing reset script to /home/pederba/ros2_ws/install/lab01_pkg/lib/lab01_pkg
[11.011s] writing list of installed files to '/home/pederba/ros2_ws/build/lab01_pkg/install.log'
[12.626s] Invoked command in '/home/pederba/ros2_ws/src/lab01_pkg' returned '0': PYTHONPATH=/home/pederba/ros2_ws/build/lab01_pkg/prefix_override:/home/pederba/ros2_ws/install/lab01_pkg/lib/python3.10/site-packages:${PYTHONPATH} /usr/bin/python3 setup.py egg_info --egg-base ../../build/lab01_pkg build --build-base /home/pederba/ros2_ws/build/lab01_pkg/build install --record /home/pederba/ros2_ws/build/lab01_pkg/install.log --single-version-externally-managed
