[1.577s] Invoking command in '/home/pederba/ros2_ws/src/py_pubsub': PYTHONPATH=/home/pederba/ros2_ws/build/py_pubsub/prefix_override:/home/pederba/ros2_ws/install/py_pubsub/lib/python3.10/site-packages:${PYTHONPATH} /usr/bin/python3 setup.py egg_info --egg-base ../../build/py_pubsub build --build-base /home/pederba/ros2_ws/build/py_pubsub/build install --record /home/pederba/ros2_ws/build/py_pubsub/install.log --single-version-externally-managed
[1.966s] running egg_info
[1.966s] creating ../../build/py_pubsub/py_pubsub.egg-info
[1.994s] writing ../../build/py_pubsub/py_pubsub.egg-info/PKG-INFO
[1.995s] writing dependency_links to ../../build/py_pubsub/py_pubsub.egg-info/dependency_links.txt
[1.996s] writing entry points to ../../build/py_pubsub/py_pubsub.egg-info/entry_points.txt
[1.996s] writing requirements to ../../build/py_pubsub/py_pubsub.egg-info/requires.txt
[1.996s] writing top-level names to ../../build/py_pubsub/py_pubsub.egg-info/top_level.txt
[1.997s] writing manifest file '../../build/py_pubsub/py_pubsub.egg-info/SOURCES.txt'
[2.059s] reading manifest file '../../build/py_pubsub/py_pubsub.egg-info/SOURCES.txt'
[2.061s] writing manifest file '../../build/py_pubsub/py_pubsub.egg-info/SOURCES.txt'
[2.062s] running build
[2.062s] running build_py
[2.062s] creating /home/pederba/ros2_ws/build/py_pubsub/build
[2.063s] creating /home/pederba/ros2_ws/build/py_pubsub/build/lib
[2.063s] creating /home/pederba/ros2_ws/build/py_pubsub/build/lib/py_pubsub
[2.063s] copying py_pubsub/publisher_member_function.py -> /home/pederba/ros2_ws/build/py_pubsub/build/lib/py_pubsub
[2.064s] copying py_pubsub/subscriber_member_function.py -> /home/pederba/ros2_ws/build/py_pubsub/build/lib/py_pubsub
[2.064s] copying py_pubsub/__init__.py -> /home/pederba/ros2_ws/build/py_pubsub/build/lib/py_pubsub
[2.064s] running install
[2.069s] /home/pederba/.local/lib/python3.10/site-packages/setuptools/_distutils/cmd.py:66: SetuptoolsDeprecationWarning: setup.py install is deprecated.
[2.070s] !!
[2.070s] 
[2.070s]         ********************************************************************************
[2.071s]         Please avoid running ``setup.py`` directly.
[2.071s]         Instead, use pypa/build, pypa/installer or other
[2.071s]         standards-based tools.
[2.072s] 
[2.072s]         See https://blog.ganssle.io/articles/2021/10/setup-py-deprecated.html for details.
[2.072s]         ********************************************************************************
[2.073s] 
[2.073s] !!
[2.073s]   self.initialize_options()
[2.079s] running install_lib
[2.107s] creating /home/pederba/ros2_ws/install/py_pubsub/lib/python3.10/site-packages/py_pubsub
[2.107s] copying /home/pederba/ros2_ws/build/py_pubsub/build/lib/py_pubsub/publisher_member_function.py -> /home/pederba/ros2_ws/install/py_pubsub/lib/python3.10/site-packages/py_pubsub
[2.108s] copying /home/pederba/ros2_ws/build/py_pubsub/build/lib/py_pubsub/subscriber_member_function.py -> /home/pederba/ros2_ws/install/py_pubsub/lib/python3.10/site-packages/py_pubsub
[2.108s] copying /home/pederba/ros2_ws/build/py_pubsub/build/lib/py_pubsub/__init__.py -> /home/pederba/ros2_ws/install/py_pubsub/lib/python3.10/site-packages/py_pubsub
[2.109s] byte-compiling /home/pederba/ros2_ws/install/py_pubsub/lib/python3.10/site-packages/py_pubsub/publisher_member_function.py to publisher_member_function.cpython-310.pyc
[2.110s] byte-compiling /home/pederba/ros2_ws/install/py_pubsub/lib/python3.10/site-packages/py_pubsub/subscriber_member_function.py to subscriber_member_function.cpython-310.pyc
[2.110s] byte-compiling /home/pederba/ros2_ws/install/py_pubsub/lib/python3.10/site-packages/py_pubsub/__init__.py to __init__.cpython-310.pyc
[2.111s] running install_data
[2.141s] creating /home/pederba/ros2_ws/install/py_pubsub/share/ament_index
[2.142s] creating /home/pederba/ros2_ws/install/py_pubsub/share/ament_index/resource_index
[2.142s] creating /home/pederba/ros2_ws/install/py_pubsub/share/ament_index/resource_index/packages
[2.142s] copying resource/py_pubsub -> /home/pederba/ros2_ws/install/py_pubsub/share/ament_index/resource_index/packages
[2.142s] copying package.xml -> /home/pederba/ros2_ws/install/py_pubsub/share/py_pubsub
[2.143s] running install_egg_info
[2.175s] Copying ../../build/py_pubsub/py_pubsub.egg-info to /home/pederba/ros2_ws/install/py_pubsub/lib/python3.10/site-packages/py_pubsub-0.0.0-py3.10.egg-info
[2.177s] running install_scripts
[2.447s] Installing listener script to /home/pederba/ros2_ws/install/py_pubsub/lib/py_pubsub
[2.448s] Installing talker script to /home/pederba/ros2_ws/install/py_pubsub/lib/py_pubsub
[2.449s] writing list of installed files to '/home/pederba/ros2_ws/build/py_pubsub/install.log'
[2.508s] Invoked command in '/home/pederba/ros2_ws/src/py_pubsub' returned '0': PYTHONPATH=/home/pederba/ros2_ws/build/py_pubsub/prefix_override:/home/pederba/ros2_ws/install/py_pubsub/lib/python3.10/site-packages:${PYTHONPATH} /usr/bin/python3 setup.py egg_info --egg-base ../../build/py_pubsub build --build-base /home/pederba/ros2_ws/build/py_pubsub/build install --record /home/pederba/ros2_ws/build/py_pubsub/install.log --single-version-externally-managed
