running egg_info
writing ../../../build/lab05_pkg/lab05_pkg.egg-info/PKG-INFO
writing dependency_links to ../../../build/lab05_pkg/lab05_pkg.egg-info/dependency_links.txt
writing entry points to ../../../build/lab05_pkg/lab05_pkg.egg-info/entry_points.txt
writing requirements to ../../../build/lab05_pkg/lab05_pkg.egg-info/requires.txt
writing top-level names to ../../../build/lab05_pkg/lab05_pkg.egg-info/top_level.txt
reading manifest file '../../../build/lab05_pkg/lab05_pkg.egg-info/SOURCES.txt'
writing manifest file '../../../build/lab05_pkg/lab05_pkg.egg-info/SOURCES.txt'
running build
running build_py
copying lab05_pkg/plotter.py -> /home/pederba/ros2_ws/build/lab05_pkg/build/lib/lab05_pkg
running install
running install_lib
copying /home/pederba/ros2_ws/build/lab05_pkg/build/lib/lab05_pkg/plotter.py -> /home/pederba/ros2_ws/install/lab05_pkg/lib/python3.10/site-packages/lab05_pkg
byte-compiling /home/pederba/ros2_ws/install/lab05_pkg/lib/python3.10/site-packages/lab05_pkg/plotter.py to plotter.cpython-310.pyc
running install_data
copying config/ekf.yaml -> /home/pederba/ros2_ws/install/lab05_pkg/share/lab05_pkg/config
copying launch/ukf.launch.py -> /home/pederba/ros2_ws/install/lab05_pkg/share/lab05_pkg/launch
running install_egg_info
removing '/home/pederba/ros2_ws/install/lab05_pkg/lib/python3.10/site-packages/lab05_pkg-0.0.0-py3.10.egg-info' (and everything under it)
Copying ../../../build/lab05_pkg/lab05_pkg.egg-info to /home/pederba/ros2_ws/install/lab05_pkg/lib/python3.10/site-packages/lab05_pkg-0.0.0-py3.10.egg-info
running install_scripts
Installing recorder script to /home/pederba/ros2_ws/install/lab05_pkg/lib/lab05_pkg
writing list of installed files to '/home/pederba/ros2_ws/build/lab05_pkg/install.log'
