[1.897s] Invoking command in '/home/pederba/ros2_ws/src/lab05/lab05_pkg': PYTHONPATH=/home/pederba/ros2_ws/build/lab05_pkg/prefix_override:/home/pederba/ros2_ws/install/lab05_pkg/lib/python3.10/site-packages:${PYTHONPATH} /usr/bin/python3 setup.py egg_info --egg-base ../../../build/lab05_pkg build --build-base /home/pederba/ros2_ws/build/lab05_pkg/build install --record /home/pederba/ros2_ws/build/lab05_pkg/install.log --single-version-externally-managed
[2.507s] running egg_info
[2.538s] writing ../../../build/lab05_pkg/lab05_pkg.egg-info/PKG-INFO
[2.538s] writing dependency_links to ../../../build/lab05_pkg/lab05_pkg.egg-info/dependency_links.txt
[2.538s] writing entry points to ../../../build/lab05_pkg/lab05_pkg.egg-info/entry_points.txt
[2.539s] writing requirements to ../../../build/lab05_pkg/lab05_pkg.egg-info/requires.txt
[2.539s] writing top-level names to ../../../build/lab05_pkg/lab05_pkg.egg-info/top_level.txt
[2.594s] reading manifest file '../../../build/lab05_pkg/lab05_pkg.egg-info/SOURCES.txt'
[2.595s] writing manifest file '../../../build/lab05_pkg/lab05_pkg.egg-info/SOURCES.txt'
[2.596s] running build
[2.596s] running build_py
[2.596s] copying lab05_pkg/plotter.py -> /home/pederba/ros2_ws/build/lab05_pkg/build/lib/lab05_pkg
[2.596s] running install
[2.596s] /home/pederba/.local/lib/python3.10/site-packages/setuptools/command/install.py:34: SetuptoolsDeprecationWarning: setup.py install is deprecated. Use build and pip and other standards-based tools.
[2.597s]   warnings.warn(
[2.603s] running install_lib
[2.635s] copying /home/pederba/ros2_ws/build/lab05_pkg/build/lib/lab05_pkg/plotter.py -> /home/pederba/ros2_ws/install/lab05_pkg/lib/python3.10/site-packages/lab05_pkg
[2.636s] byte-compiling /home/pederba/ros2_ws/install/lab05_pkg/lib/python3.10/site-packages/lab05_pkg/plotter.py to plotter.cpython-310.pyc
[2.637s] running install_data
[2.661s] copying config/ekf.yaml -> /home/pederba/ros2_ws/install/lab05_pkg/share/lab05_pkg/config
[2.662s] copying launch/ukf.launch.py -> /home/pederba/ros2_ws/install/lab05_pkg/share/lab05_pkg/launch
[2.662s] running install_egg_info
[2.692s] removing '/home/pederba/ros2_ws/install/lab05_pkg/lib/python3.10/site-packages/lab05_pkg-0.0.0-py3.10.egg-info' (and everything under it)
[2.692s] Copying ../../../build/lab05_pkg/lab05_pkg.egg-info to /home/pederba/ros2_ws/install/lab05_pkg/lib/python3.10/site-packages/lab05_pkg-0.0.0-py3.10.egg-info
[2.693s] running install_scripts
[2.798s] Installing recorder script to /home/pederba/ros2_ws/install/lab05_pkg/lib/lab05_pkg
[2.798s] writing list of installed files to '/home/pederba/ros2_ws/build/lab05_pkg/install.log'
[2.885s] Invoked command in '/home/pederba/ros2_ws/src/lab05/lab05_pkg' returned '0': PYTHONPATH=/home/pederba/ros2_ws/build/lab05_pkg/prefix_override:/home/pederba/ros2_ws/install/lab05_pkg/lib/python3.10/site-packages:${PYTHONPATH} /usr/bin/python3 setup.py egg_info --egg-base ../../../build/lab05_pkg build --build-base /home/pederba/ros2_ws/build/lab05_pkg/build install --record /home/pederba/ros2_ws/build/lab05_pkg/install.log --single-version-externally-managed
