[1.536s] Invoking command in '/home/pederba/ros2_ws/src/lab03_pkg': PYTHONPATH=/home/pederba/ros2_ws/build/lab03_pkg/prefix_override:/home/pederba/ros2_ws/install/lab03_pkg/lib/python3.10/site-packages:${PYTHONPATH} /usr/bin/python3 setup.py egg_info --egg-base ../../build/lab03_pkg build --build-base /home/pederba/ros2_ws/build/lab03_pkg/build install --record /home/pederba/ros2_ws/build/lab03_pkg/install.log --single-version-externally-managed
[1.921s] running egg_info
[1.947s] writing ../../build/lab03_pkg/lab03_pkg.egg-info/PKG-INFO
[1.948s] writing dependency_links to ../../build/lab03_pkg/lab03_pkg.egg-info/dependency_links.txt
[1.948s] writing entry points to ../../build/lab03_pkg/lab03_pkg.egg-info/entry_points.txt
[1.948s] writing requirements to ../../build/lab03_pkg/lab03_pkg.egg-info/requires.txt
[1.949s] writing top-level names to ../../build/lab03_pkg/lab03_pkg.egg-info/top_level.txt
[1.998s] reading manifest file '../../build/lab03_pkg/lab03_pkg.egg-info/SOURCES.txt'
[1.999s] writing manifest file '../../build/lab03_pkg/lab03_pkg.egg-info/SOURCES.txt'
[1.999s] running build
[2.000s] running build_py
[2.000s] running install
[2.000s] /home/pederba/.local/lib/python3.10/site-packages/setuptools/_distutils/cmd.py:66: SetuptoolsDeprecationWarning: setup.py install is deprecated.
[2.001s] !!
[2.001s] 
[2.001s]         ********************************************************************************
[2.001s]         Please avoid running ``setup.py`` directly.
[2.002s]         Instead, use pypa/build, pypa/installer or other
[2.002s]         standards-based tools.
[2.002s] 
[2.003s]         See https://blog.ganssle.io/articles/2021/10/setup-py-deprecated.html for details.
[2.003s]         ********************************************************************************
[2.003s] 
[2.003s] !!
[2.004s]   self.initialize_options()
[2.008s] running install_lib
[2.035s] running install_data
[2.059s] copying config/controller_params.yaml -> /home/pederba/ros2_ws/install/lab03_pkg/share/lab03_pkg/config
[2.059s] running install_egg_info
[2.083s] removing '/home/pederba/ros2_ws/install/lab03_pkg/lib/python3.10/site-packages/lab03_pkg-0.0.0-py3.10.egg-info' (and everything under it)
[2.084s] Copying ../../build/lab03_pkg/lab03_pkg.egg-info to /home/pederba/ros2_ws/install/lab03_pkg/lib/python3.10/site-packages/lab03_pkg-0.0.0-py3.10.egg-info
[2.086s] running install_scripts
[2.326s] Installing controller script to /home/pederba/ros2_ws/install/lab03_pkg/lib/lab03_pkg
[2.326s] writing list of installed files to '/home/pederba/ros2_ws/build/lab03_pkg/install.log'
[2.385s] Invoked command in '/home/pederba/ros2_ws/src/lab03_pkg' returned '0': PYTHONPATH=/home/pederba/ros2_ws/build/lab03_pkg/prefix_override:/home/pederba/ros2_ws/install/lab03_pkg/lib/python3.10/site-packages:${PYTHONPATH} /usr/bin/python3 setup.py egg_info --egg-base ../../build/lab03_pkg build --build-base /home/pederba/ros2_ws/build/lab03_pkg/build install --record /home/pederba/ros2_ws/build/lab03_pkg/install.log --single-version-externally-managed
