[1.240s] Invoking command in '/home/pederba/ros2_ws/src/lab01_pkg': PYTHONPATH=/home/pederba/ros2_ws/build/lab01_pkg/prefix_override:/home/pederba/ros2_ws/install/lab01_pkg/lib/python3.10/site-packages:${PYTHONPATH} /usr/bin/python3 setup.py egg_info --egg-base ../../build/lab01_pkg build --build-base /home/pederba/ros2_ws/build/lab01_pkg/build install --record /home/pederba/ros2_ws/build/lab01_pkg/install.log --single-version-externally-managed
[1.515s] running egg_info
[1.534s] writing ../../build/lab01_pkg/lab01_pkg.egg-info/PKG-INFO
[1.535s] writing dependency_links to ../../build/lab01_pkg/lab01_pkg.egg-info/dependency_links.txt
[1.535s] writing entry points to ../../build/lab01_pkg/lab01_pkg.egg-info/entry_points.txt
[1.536s] writing requirements to ../../build/lab01_pkg/lab01_pkg.egg-info/requires.txt
[1.536s] writing top-level names to ../../build/lab01_pkg/lab01_pkg.egg-info/top_level.txt
[1.577s] reading manifest file '../../build/lab01_pkg/lab01_pkg.egg-info/SOURCES.txt'
[1.579s] writing manifest file '../../build/lab01_pkg/lab01_pkg.egg-info/SOURCES.txt'
[1.579s] running build
[1.579s] running build_py
[1.580s] copying lab01_pkg/reset.py -> /home/pederba/ros2_ws/build/lab01_pkg/build/lib/lab01_pkg
[1.580s] running install
[1.580s] /home/pederba/.local/lib/python3.10/site-packages/setuptools/_distutils/cmd.py:66: SetuptoolsDeprecationWarning: setup.py install is deprecated.
[1.581s] !!
[1.581s] 
[1.581s]         ********************************************************************************
[1.581s]         Please avoid running ``setup.py`` directly.
[1.582s]         Instead, use pypa/build, pypa/installer or other
[1.582s]         standards-based tools.
[1.582s] 
[1.582s]         See https://blog.ganssle.io/articles/2021/10/setup-py-deprecated.html for details.
[1.582s]         ********************************************************************************
[1.583s] 
[1.583s] !!
[1.583s]   self.initialize_options()
[1.588s] running install_lib
[1.608s] copying /home/pederba/ros2_ws/build/lab01_pkg/build/lib/lab01_pkg/reset.py -> /home/pederba/ros2_ws/install/lab01_pkg/lib/python3.10/site-packages/lab01_pkg
[1.609s] byte-compiling /home/pederba/ros2_ws/install/lab01_pkg/lib/python3.10/site-packages/lab01_pkg/reset.py to reset.cpython-310.pyc
[1.610s] running install_data
[1.630s] running install_egg_info
[1.651s] removing '/home/pederba/ros2_ws/install/lab01_pkg/lib/python3.10/site-packages/lab01_pkg-0.0.0-py3.10.egg-info' (and everything under it)
[1.652s] Copying ../../build/lab01_pkg/lab01_pkg.egg-info to /home/pederba/ros2_ws/install/lab01_pkg/lib/python3.10/site-packages/lab01_pkg-0.0.0-py3.10.egg-info
[1.653s] running install_scripts
[1.837s] Installing controller script to /home/pederba/ros2_ws/install/lab01_pkg/lib/lab01_pkg
[1.837s] Installing controller_reset script to /home/pederba/ros2_ws/install/lab01_pkg/lib/lab01_pkg
[1.837s] Installing localization script to /home/pederba/ros2_ws/install/lab01_pkg/lib/lab01_pkg
[1.838s] Installing localization_reset script to /home/pederba/ros2_ws/install/lab01_pkg/lib/lab01_pkg
[1.838s] Installing reset script to /home/pederba/ros2_ws/install/lab01_pkg/lib/lab01_pkg
[1.838s] writing list of installed files to '/home/pederba/ros2_ws/build/lab01_pkg/install.log'
[1.884s] Invoked command in '/home/pederba/ros2_ws/src/lab01_pkg' returned '0': PYTHONPATH=/home/pederba/ros2_ws/build/lab01_pkg/prefix_override:/home/pederba/ros2_ws/install/lab01_pkg/lib/python3.10/site-packages:${PYTHONPATH} /usr/bin/python3 setup.py egg_info --egg-base ../../build/lab01_pkg build --build-base /home/pederba/ros2_ws/build/lab01_pkg/build install --record /home/pederba/ros2_ws/build/lab01_pkg/install.log --single-version-externally-managed
