[7.773s] Invoking command in '/home/pederba/ros2_ws/src/lab03_pkg': PYTHONPATH=/home/pederba/ros2_ws/build/lab03_pkg/prefix_override:/home/pederba/ros2_ws/install/lab03_pkg/lib/python3.10/site-packages:${PYTHONPATH} /usr/bin/python3 setup.py egg_info --egg-base ../../build/lab03_pkg build --build-base /home/pederba/ros2_ws/build/lab03_pkg/build install --record /home/pederba/ros2_ws/build/lab03_pkg/install.log --single-version-externally-managed
[8.976s] running egg_info
[8.978s] creating ../../build/lab03_pkg/lab03_pkg.egg-info
[9.032s] writing ../../build/lab03_pkg/lab03_pkg.egg-info/PKG-INFO
[9.038s] writing dependency_links to ../../build/lab03_pkg/lab03_pkg.egg-info/dependency_links.txt
[9.041s] writing entry points to ../../build/lab03_pkg/lab03_pkg.egg-info/entry_points.txt
[9.043s] writing requirements to ../../build/lab03_pkg/lab03_pkg.egg-info/requires.txt
[9.045s] writing top-level names to ../../build/lab03_pkg/lab03_pkg.egg-info/top_level.txt
[9.047s] writing manifest file '../../build/lab03_pkg/lab03_pkg.egg-info/SOURCES.txt'
[9.155s] reading manifest file '../../build/lab03_pkg/lab03_pkg.egg-info/SOURCES.txt'
[9.158s] writing manifest file '../../build/lab03_pkg/lab03_pkg.egg-info/SOURCES.txt'
[9.160s] running build
[9.162s] running build_py
[9.164s] creating /home/pederba/ros2_ws/build/lab03_pkg/build
[9.167s] creating /home/pederba/ros2_ws/build/lab03_pkg/build/lib
[9.168s] creating /home/pederba/ros2_ws/build/lab03_pkg/build/lib/lab03_pkg
[9.170s] copying lab03_pkg/__init__.py -> /home/pederba/ros2_ws/build/lab03_pkg/build/lib/lab03_pkg
[9.173s] copying lab03_pkg/controller.py -> /home/pederba/ros2_ws/build/lab03_pkg/build/lib/lab03_pkg
[9.176s] running install
[9.178s] /home/pederba/.local/lib/python3.10/site-packages/setuptools/_distutils/cmd.py:66: SetuptoolsDeprecationWarning: setup.py install is deprecated.
[9.179s] !!
[9.180s] 
[9.181s]         ********************************************************************************
[9.181s]         Please avoid running ``setup.py`` directly.
[9.181s]         Instead, use pypa/build, pypa/installer or other
[9.181s]         standards-based tools.
[9.181s] 
[9.181s]         See https://blog.ganssle.io/articles/2021/10/setup-py-deprecated.html for details.
[9.182s]         ********************************************************************************
[9.182s] 
[9.182s] !!
[9.182s]   self.initialize_options()
[9.203s] running install_lib
[9.266s] creating /home/pederba/ros2_ws/install/lab03_pkg/lib/python3.10/site-packages/lab03_pkg
[9.269s] copying /home/pederba/ros2_ws/build/lab03_pkg/build/lib/lab03_pkg/__init__.py -> /home/pederba/ros2_ws/install/lab03_pkg/lib/python3.10/site-packages/lab03_pkg
[9.272s] copying /home/pederba/ros2_ws/build/lab03_pkg/build/lib/lab03_pkg/controller.py -> /home/pederba/ros2_ws/install/lab03_pkg/lib/python3.10/site-packages/lab03_pkg
[9.275s] byte-compiling /home/pederba/ros2_ws/install/lab03_pkg/lib/python3.10/site-packages/lab03_pkg/__init__.py to __init__.cpython-310.pyc
[9.279s] byte-compiling /home/pederba/ros2_ws/install/lab03_pkg/lib/python3.10/site-packages/lab03_pkg/controller.py to controller.cpython-310.pyc
[9.286s] running install_data
[9.359s] creating /home/pederba/ros2_ws/install/lab03_pkg/share/ament_index
[9.361s] creating /home/pederba/ros2_ws/install/lab03_pkg/share/ament_index/resource_index
[9.363s] creating /home/pederba/ros2_ws/install/lab03_pkg/share/ament_index/resource_index/packages
[9.366s] copying resource/lab03_pkg -> /home/pederba/ros2_ws/install/lab03_pkg/share/ament_index/resource_index/packages
[9.369s] copying package.xml -> /home/pederba/ros2_ws/install/lab03_pkg/share/lab03_pkg
[9.374s] running install_egg_info
[9.437s] Copying ../../build/lab03_pkg/lab03_pkg.egg-info to /home/pederba/ros2_ws/install/lab03_pkg/lib/python3.10/site-packages/lab03_pkg-0.0.0-py3.10.egg-info
[9.459s] running install_scripts
[10.806s] Installing controller script to /home/pederba/ros2_ws/install/lab03_pkg/lib/lab03_pkg
[10.807s] writing list of installed files to '/home/pederba/ros2_ws/build/lab03_pkg/install.log'
[11.050s] Invoked command in '/home/pederba/ros2_ws/src/lab03_pkg' returned '0': PYTHONPATH=/home/pederba/ros2_ws/build/lab03_pkg/prefix_override:/home/pederba/ros2_ws/install/lab03_pkg/lib/python3.10/site-packages:${PYTHONPATH} /usr/bin/python3 setup.py egg_info --egg-base ../../build/lab03_pkg build --build-base /home/pederba/ros2_ws/build/lab03_pkg/build install --record /home/pederba/ros2_ws/build/lab03_pkg/install.log --single-version-externally-managed
