[0.240s] Invoking command in '/home/pederba/ros2_ws/build/turtlebot3_gazebo': CMAKE_PREFIX_PATH=${CMAKE_PREFIX_PATH}:/home/pederba/ros2_ws/install/lab02_pkg_test:/home/pederba/ros2_ws/install/turtlebot3_teleop:/home/pederba/ros2_ws/install/turtlebot3_example:/home/pederba/ros2_ws/install/py_pubsub:/home/pederba/ros2_ws/install/lab02_pkg:/home/pederba/ros2_ws/install/lab01_pkg:/opt/ros/humble /usr/bin/cmake /home/pederba/ros2_ws/src/turtlebot3/turtlebot3_simulations/turtlebot3_gazebo -DCMAKE_INSTALL_PREFIX=/home/pederba/ros2_ws/install/turtlebot3_gazebo
[0.935s] [33mCMake Warning (dev) at /usr/share/cmake-3.22/Modules/FindPackageHandleStandardArgs.cmake:438 (message):
[0.935s]   The package name passed to `find_package_handle_standard_args` (PkgConfig)
[0.935s]   does not match the name of the calling package (gazebo).  This can lead to
[0.935s]   problems in calling code that expects `find_package` result variables
[0.935s]   (e.g., `_FOUND`) to follow a certain pattern.
[0.935s] Call Stack (most recent call first):
[0.935s]   /usr/share/cmake-3.22/Modules/FindPkgConfig.cmake:99 (find_package_handle_standard_args)
[0.935s]   /usr/lib/x86_64-linux-gnu/cmake/gazebo/gazebo-config.cmake:72 (include)
[0.936s]   CMakeLists.txt:23 (find_package)
[0.936s] This warning is for project developers.  Use -Wno-dev to suppress it.
[0.936s] [0m
[0.936s] -- Found ament_cmake: 1.3.5 (/opt/ros/humble/share/ament_cmake/cmake)
[0.936s] -- Override CMake install command with custom implementation using symlinks instead of copying resources
[0.936s] -- Found DART: /usr/include (Required is at least version "6.6") found components: dart 
[0.980s] -- Found Protobuf: /usr/lib/x86_64-linux-gnu/libprotobuf.so (found version "3.12.4") 
[0.981s] -- Looking for ignition-math6 -- found version 6.15.0
[0.993s] -- Searching for dependencies of ignition-math6
[0.997s] -- Looking for OGRE...
[1.009s] -- Found Ogre Ghadamon (1.9.0)
[1.010s] -- Found OGRE: optimized;/usr/lib/x86_64-linux-gnu/libOgreMain.so;debug;/usr/lib/x86_64-linux-gnu/libOgreMain.so
[1.031s] -- Looking for OGRE_Paging...
[1.031s] -- Found OGRE_Paging: optimized;/usr/lib/x86_64-linux-gnu/libOgrePaging.so;debug;/usr/lib/x86_64-linux-gnu/libOgrePaging.so
[1.032s] -- Looking for OGRE_Terrain...
[1.033s] -- Found OGRE_Terrain: optimized;/usr/lib/x86_64-linux-gnu/libOgreTerrain.so;debug;/usr/lib/x86_64-linux-gnu/libOgreTerrain.so
[1.033s] -- Looking for OGRE_Property...
[1.036s] -- Found OGRE_Property: optimized;/usr/lib/x86_64-linux-gnu/libOgreProperty.so;debug;/usr/lib/x86_64-linux-gnu/libOgreProperty.so
[1.036s] -- Looking for OGRE_RTShaderSystem...
[1.036s] -- Found OGRE_RTShaderSystem: optimized;/usr/lib/x86_64-linux-gnu/libOgreRTShaderSystem.so;debug;/usr/lib/x86_64-linux-gnu/libOgreRTShaderSystem.so
[1.036s] -- Looking for OGRE_Volume...
[1.036s] -- Found OGRE_Volume: optimized;/usr/lib/x86_64-linux-gnu/libOgreVolume.so;debug;/usr/lib/x86_64-linux-gnu/libOgreVolume.so
[1.037s] -- Looking for OGRE_Overlay...
[1.037s] -- Found OGRE_Overlay: optimized;/usr/lib/x86_64-linux-gnu/libOgreOverlay.so;debug;/usr/lib/x86_64-linux-gnu/libOgreOverlay.so
[1.485s] -- Looking for ignition-math6 -- found version 6.15.0
[1.486s] -- Looking for ignition-transport8 -- found version 8.2.1
[1.487s] -- Searching for dependencies of ignition-transport8
[1.530s] -- Found Protobuf: /usr/lib/x86_64-linux-gnu/libprotobuf.so (found suitable version "3.12.4", minimum required is "3") 
[1.563s] -- Config-file not installed for ZeroMQ -- checking for pkg-config
[1.573s] -- Checking for module 'libzmq >= 4'
[1.626s] --   Found libzmq , version 4.3.4
[1.739s] -- Checking for module 'uuid'
[1.770s] --   Found uuid, version 2.37.2
[1.880s] -- Looking for ignition-msgs5 -- found version 5.8.1
[1.882s] -- Searching for dependencies of ignition-msgs5
[1.925s] -- Looking for ignition-math6 -- found version 6.15.0
[1.937s] -- Checking for module 'tinyxml2'
[1.976s] --   Found tinyxml2, version 9.0.0
[2.069s] -- Looking for ignition-msgs5 -- found version 5.8.1
[2.071s] -- Looking for ignition-common3 -- found version 3.14.0
[2.072s] -- Searching for dependencies of ignition-common3
[2.073s] -- Looking for dlfcn.h - found
[2.074s] -- Looking for libdl - found
[2.098s] -- Searching for <ignition-common3> component [graphics]
[2.099s] -- Looking for ignition-common3-graphics -- found version 3.14.0
[2.101s] -- Searching for dependencies of ignition-common3-graphics
[2.101s] -- Looking for ignition-math6 -- found version 6.15.0
[2.105s] -- Looking for ignition-fuel_tools4 -- found version 4.4.0
[2.106s] -- Searching for dependencies of ignition-fuel_tools4
[2.208s] -- Checking for module 'jsoncpp'
[2.250s] --   Found jsoncpp, version 1.9.5
[2.351s] -- Checking for module 'libzip'
[2.389s] --   Found libzip, version 1.7.3
[2.474s] -- Looking for ignition-common3 -- found version 3.14.0
[2.475s] -- Looking for ignition-math6 -- found version 6.15.0
[2.476s] -- Looking for ignition-msgs5 -- found version 5.8.1
[2.482s] -- Found gazebo_ros_pkgs: 3.7.0 (/opt/ros/humble/share/gazebo_ros_pkgs/cmake)
[2.483s] -- Found geometry_msgs: 4.2.3 (/opt/ros/humble/share/geometry_msgs/cmake)
[2.544s] -- Found rosidl_generator_c: 3.1.5 (/opt/ros/humble/share/rosidl_generator_c/cmake)
[2.553s] -- Found rosidl_adapter: 3.1.5 (/opt/ros/humble/share/rosidl_adapter/cmake)
[2.569s] -- Found rosidl_generator_cpp: 3.1.5 (/opt/ros/humble/share/rosidl_generator_cpp/cmake)
[2.597s] -- Using all available rosidl_typesupport_c: rosidl_typesupport_fastrtps_c;rosidl_typesupport_introspection_c
[2.637s] -- Using all available rosidl_typesupport_cpp: rosidl_typesupport_fastrtps_cpp;rosidl_typesupport_introspection_cpp
[2.875s] -- Found nav_msgs: 4.2.3 (/opt/ros/humble/share/nav_msgs/cmake)
[3.040s] -- Found rclcpp: 16.0.6 (/opt/ros/humble/share/rclcpp/cmake)
[3.138s] -- Found rmw_implementation_cmake: 6.1.1 (/opt/ros/humble/share/rmw_implementation_cmake/cmake)
[3.144s] -- Found rmw_fastrtps_cpp: 6.2.4 (/opt/ros/humble/share/rmw_fastrtps_cpp/cmake)
[3.470s] -- Using RMW implementation 'rmw_fastrtps_cpp' as default
[3.961s] -- Found sensor_msgs: 4.2.3 (/opt/ros/humble/share/sensor_msgs/cmake)
[4.196s] -- Found tf2: 0.25.4 (/opt/ros/humble/share/tf2/cmake)
[4.427s] -- Configuring done
[4.540s] -- Generating done
[4.545s] -- Build files have been written to: /home/pederba/ros2_ws/build/turtlebot3_gazebo
