[5.967s] Invoking command in '/home/pederba/ros2_ws/src/lab01_pkg': PYTHONPATH=/home/pederba/ros2_ws/build/lab01_pkg/prefix_override:/home/pederba/ros2_ws/install/lab01_pkg/lib/python3.10/site-packages:${PYTHONPATH} /usr/bin/python3 setup.py egg_info --egg-base ../../build/lab01_pkg build --build-base /home/pederba/ros2_ws/build/lab01_pkg/build install --record /home/pederba/ros2_ws/build/lab01_pkg/install.log --single-version-externally-managed
[6.708s] running egg_info
[6.749s] writing ../../build/lab01_pkg/lab01_pkg.egg-info/PKG-INFO
[6.750s] writing dependency_links to ../../build/lab01_pkg/lab01_pkg.egg-info/dependency_links.txt
[6.751s] writing entry points to ../../build/lab01_pkg/lab01_pkg.egg-info/entry_points.txt
[6.751s] writing requirements to ../../build/lab01_pkg/lab01_pkg.egg-info/requires.txt
[6.751s] writing top-level names to ../../build/lab01_pkg/lab01_pkg.egg-info/top_level.txt
[6.853s] reading manifest file '../../build/lab01_pkg/lab01_pkg.egg-info/SOURCES.txt'
[6.855s] writing manifest file '../../build/lab01_pkg/lab01_pkg.egg-info/SOURCES.txt'
[6.855s] running build
[6.855s] running build_py
[6.858s] running install
[6.859s] /home/pederba/.local/lib/python3.10/site-packages/setuptools/_distutils/cmd.py:66: SetuptoolsDeprecationWarning: setup.py install is deprecated.
[6.859s] !!
[6.860s] 
[6.861s]         ********************************************************************************
[6.861s]         Please avoid running ``setup.py`` directly.
[6.861s]         Instead, use pypa/build, pypa/installer or other
[6.862s]         standards-based tools.
[6.862s] 
[6.862s]         See https://blog.ganssle.io/articles/2021/10/setup-py-deprecated.html for details.
[6.862s]         ********************************************************************************
[6.862s] 
[6.863s] !!
[6.863s]   self.initialize_options()
[6.874s] running install_lib
[6.930s] running install_data
[6.983s] running install_egg_info
[7.038s] removing '/home/pederba/ros2_ws/install/lab01_pkg/lib/python3.10/site-packages/lab01_pkg-0.0.0-py3.10.egg-info' (and everything under it)
[7.039s] Copying ../../build/lab01_pkg/lab01_pkg.egg-info to /home/pederba/ros2_ws/install/lab01_pkg/lib/python3.10/site-packages/lab01_pkg-0.0.0-py3.10.egg-info
[7.042s] running install_scripts
[7.469s] Installing controller script to /home/pederba/ros2_ws/install/lab01_pkg/lib/lab01_pkg
[7.469s] Installing controller_reset script to /home/pederba/ros2_ws/install/lab01_pkg/lib/lab01_pkg
[7.470s] Installing localization script to /home/pederba/ros2_ws/install/lab01_pkg/lib/lab01_pkg
[7.470s] Installing localization_reset script to /home/pederba/ros2_ws/install/lab01_pkg/lib/lab01_pkg
[7.471s] Installing reset script to /home/pederba/ros2_ws/install/lab01_pkg/lib/lab01_pkg
[7.472s] writing list of installed files to '/home/pederba/ros2_ws/build/lab01_pkg/install.log'
[8.194s] Invoked command in '/home/pederba/ros2_ws/src/lab01_pkg' returned '0': PYTHONPATH=/home/pederba/ros2_ws/build/lab01_pkg/prefix_override:/home/pederba/ros2_ws/install/lab01_pkg/lib/python3.10/site-packages:${PYTHONPATH} /usr/bin/python3 setup.py egg_info --egg-base ../../build/lab01_pkg build --build-base /home/pederba/ros2_ws/build/lab01_pkg/build install --record /home/pederba/ros2_ws/build/lab01_pkg/install.log --single-version-externally-managed
