[2.776s] Invoking command in '/home/pederba/ros2_ws/build/lab05_pkg': PYTHONPATH=/home/pederba/ros2_ws/build/lab05_pkg/prefix_override:/home/pederba/ros2_ws/install/lab05_pkg/lib/python3.10/site-packages:${PYTHONPATH} /usr/bin/python3 setup.py develop --editable --build-directory /home/pederba/ros2_ws/build/lab05_pkg/build --no-deps install_data
[3.642s] running develop
[3.643s] /home/pederba/.local/lib/python3.10/site-packages/setuptools/command/easy_install.py:144: EasyInstallDeprecationWarning: easy_install command is deprecated. Use build and pip and other standards-based tools.
[3.643s]   warnings.warn(
[3.721s] /home/pederba/.local/lib/python3.10/site-packages/setuptools/command/install.py:34: SetuptoolsDeprecationWarning: setup.py install is deprecated. Use build and pip and other standards-based tools.
[3.721s]   warnings.warn(
[4.251s] running egg_info
[4.288s] writing lab05_pkg.egg-info/PKG-INFO
[4.289s] writing dependency_links to lab05_pkg.egg-info/dependency_links.txt
[4.289s] writing entry points to lab05_pkg.egg-info/entry_points.txt
[4.290s] writing requirements to lab05_pkg.egg-info/requires.txt
[4.290s] writing top-level names to lab05_pkg.egg-info/top_level.txt
[4.372s] reading manifest file 'lab05_pkg.egg-info/SOURCES.txt'
[4.373s] writing manifest file 'lab05_pkg.egg-info/SOURCES.txt'
[4.412s] running build_ext
[4.413s] Creating /home/pederba/ros2_ws/install/lab05_pkg/lib/python3.10/site-packages/lab05-pkg.egg-link (link to .)
[4.414s] Installing recorder script to /home/pederba/ros2_ws/install/lab05_pkg/lib/lab05_pkg
[4.414s] 
[4.414s] Installed /home/pederba/ros2_ws/build/lab05_pkg
[4.415s] running install_data
[4.542s] Invoked command in '/home/pederba/ros2_ws/build/lab05_pkg' returned '0': PYTHONPATH=/home/pederba/ros2_ws/build/lab05_pkg/prefix_override:/home/pederba/ros2_ws/install/lab05_pkg/lib/python3.10/site-packages:${PYTHONPATH} /usr/bin/python3 setup.py develop --editable --build-directory /home/pederba/ros2_ws/build/lab05_pkg/build --no-deps install_data
