[3.380s] Invoking command in '/home/pederba/ros2_ws/src/lab03_pkg': PYTHONPATH=/home/pederba/ros2_ws/build/lab03_pkg/prefix_override:/home/pederba/ros2_ws/install/lab03_pkg/lib/python3.10/site-packages:${PYTHONPATH} /usr/bin/python3 setup.py egg_info --egg-base ../../build/lab03_pkg build --build-base /home/pederba/ros2_ws/build/lab03_pkg/build install --record /home/pederba/ros2_ws/build/lab03_pkg/install.log --single-version-externally-managed
[4.030s] running egg_info
[4.073s] writing ../../build/lab03_pkg/lab03_pkg.egg-info/PKG-INFO
[4.074s] writing dependency_links to ../../build/lab03_pkg/lab03_pkg.egg-info/dependency_links.txt
[4.075s] writing entry points to ../../build/lab03_pkg/lab03_pkg.egg-info/entry_points.txt
[4.075s] writing requirements to ../../build/lab03_pkg/lab03_pkg.egg-info/requires.txt
[4.076s] writing top-level names to ../../build/lab03_pkg/lab03_pkg.egg-info/top_level.txt
[4.169s] reading manifest file '../../build/lab03_pkg/lab03_pkg.egg-info/SOURCES.txt'
[4.171s] writing manifest file '../../build/lab03_pkg/lab03_pkg.egg-info/SOURCES.txt'
[4.171s] running build
[4.172s] running build_py
[4.172s] copying lab03_pkg/controller.py -> /home/pederba/ros2_ws/build/lab03_pkg/build/lib/lab03_pkg
[4.173s] running install
[4.174s] /home/pederba/.local/lib/python3.10/site-packages/setuptools/_distutils/cmd.py:66: SetuptoolsDeprecationWarning: setup.py install is deprecated.
[4.174s] !!
[4.174s] 
[4.175s]         ********************************************************************************
[4.175s]         Please avoid running ``setup.py`` directly.
[4.175s]         Instead, use pypa/build, pypa/installer or other
[4.175s]         standards-based tools.
[4.175s] 
[4.175s]         See https://blog.ganssle.io/articles/2021/10/setup-py-deprecated.html for details.
[4.176s]         ********************************************************************************
[4.176s] 
[4.176s] !!
[4.176s]   self.initialize_options()
[4.188s] running install_lib
[4.229s] copying /home/pederba/ros2_ws/build/lab03_pkg/build/lib/lab03_pkg/controller.py -> /home/pederba/ros2_ws/install/lab03_pkg/lib/python3.10/site-packages/lab03_pkg
[4.232s] byte-compiling /home/pederba/ros2_ws/install/lab03_pkg/lib/python3.10/site-packages/lab03_pkg/controller.py to controller.cpython-310.pyc
[4.235s] running install_data
[4.286s] running install_egg_info
[4.332s] removing '/home/pederba/ros2_ws/install/lab03_pkg/lib/python3.10/site-packages/lab03_pkg-0.0.0-py3.10.egg-info' (and everything under it)
[4.333s] Copying ../../build/lab03_pkg/lab03_pkg.egg-info to /home/pederba/ros2_ws/install/lab03_pkg/lib/python3.10/site-packages/lab03_pkg-0.0.0-py3.10.egg-info
[4.336s] running install_scripts
[4.829s] Installing controller script to /home/pederba/ros2_ws/install/lab03_pkg/lib/lab03_pkg
[4.830s] writing list of installed files to '/home/pederba/ros2_ws/build/lab03_pkg/install.log'
[4.937s] Invoked command in '/home/pederba/ros2_ws/src/lab03_pkg' returned '0': PYTHONPATH=/home/pederba/ros2_ws/build/lab03_pkg/prefix_override:/home/pederba/ros2_ws/install/lab03_pkg/lib/python3.10/site-packages:${PYTHONPATH} /usr/bin/python3 setup.py egg_info --egg-base ../../build/lab03_pkg build --build-base /home/pederba/ros2_ws/build/lab03_pkg/build install --record /home/pederba/ros2_ws/build/lab03_pkg/install.log --single-version-externally-managed
