[1.559s] Invoking command in '/home/pederba/ros2_ws/build/turtlesim': CMAKE_PREFIX_PATH=${CMAKE_PREFIX_PATH}:/home/pederba/ros2_ws/install/turtlebot3_teleop:/home/pederba/ros2_ws/install/turtlebot3_example:/home/pederba/ros2_ws/install/py_pubsub:/home/pederba/ros2_ws/install/lab02_pkg:/home/pederba/ros2_ws/install/lab01_pkg:/opt/ros/humble /usr/bin/cmake --build /home/pederba/ros2_ws/build/turtlesim -- -j8 -l8
[1.757s] [ 10%] Built target turtlesim__rosidl_generator_c
[1.759s] [ 11%] Built target turtlesim__cpp
[1.795s] [ 11%] Built target ament_cmake_python_copy_turtlesim
[1.907s] [ 21%] Built target turtlesim__rosidl_typesupport_fastrtps_c
[1.932s] [ 31%] Built target turtlesim__rosidl_typesupport_introspection_c
[1.948s] [ 41%] Built target turtlesim__rosidl_typesupport_cpp
[1.954s] [ 51%] Built target turtlesim__rosidl_typesupport_introspection_cpp
[1.969s] [ 61%] Built target turtlesim__rosidl_typesupport_fastrtps_cpp
[1.979s] [ 71%] Built target turtlesim__rosidl_typesupport_c
[2.079s] [ 73%] Built target draw_square
[2.100s] [ 79%] Built target turtlesim_node
[2.111s] [ 81%] Built target turtle_teleop_key
[2.123s] [ 83%] Built target mimic
[2.178s] [ 83%] Built target turtlesim
[2.231s] [ 84%] Built target turtlesim__py
[2.288s] [ 93%] Built target turtlesim__rosidl_generator_py
[2.369s] [ 95%] Built target turtlesim__rosidl_typesupport_introspection_c__pyext
[2.384s] [ 97%] Built target turtlesim__rosidl_typesupport_c__pyext
[2.387s] [100%] Built target turtlesim__rosidl_typesupport_fastrtps_c__pyext
[2.461s] running egg_info
[2.503s] writing turtlesim.egg-info/PKG-INFO
[2.504s] writing dependency_links to turtlesim.egg-info/dependency_links.txt
[2.505s] writing top-level names to turtlesim.egg-info/top_level.txt
[2.628s] reading manifest file 'turtlesim.egg-info/SOURCES.txt'
[2.630s] writing manifest file 'turtlesim.egg-info/SOURCES.txt'
[2.719s] [100%] Built target ament_cmake_python_build_turtlesim_egg
[3.066s] Invoked command in '/home/pederba/ros2_ws/build/turtlesim' returned '0': CMAKE_PREFIX_PATH=${CMAKE_PREFIX_PATH}:/home/pederba/ros2_ws/install/turtlebot3_teleop:/home/pederba/ros2_ws/install/turtlebot3_example:/home/pederba/ros2_ws/install/py_pubsub:/home/pederba/ros2_ws/install/lab02_pkg:/home/pederba/ros2_ws/install/lab01_pkg:/opt/ros/humble /usr/bin/cmake --build /home/pederba/ros2_ws/build/turtlesim -- -j8 -l8
[5.030s] Invoking command in '/home/pederba/ros2_ws/build/turtlesim': CMAKE_PREFIX_PATH=${CMAKE_PREFIX_PATH}:/home/pederba/ros2_ws/install/turtlebot3_teleop:/home/pederba/ros2_ws/install/turtlebot3_example:/home/pederba/ros2_ws/install/py_pubsub:/home/pederba/ros2_ws/install/lab02_pkg:/home/pederba/ros2_ws/install/lab01_pkg:/opt/ros/humble /usr/bin/cmake --install /home/pederba/ros2_ws/build/turtlesim
[5.056s] -- Install configuration: ""
[5.057s] -- Up-to-date: /home/pederba/ros2_ws/install/turtlesim/share/ament_index/resource_index/rosidl_interfaces/turtlesim
[5.066s] -- Up-to-date: /home/pederba/ros2_ws/install/turtlesim/include/turtlesim/turtlesim
[5.066s] -- Up-to-date: /home/pederba/ros2_ws/install/turtlesim/include/turtlesim/turtlesim/srv
[5.066s] -- Up-to-date: /home/pederba/ros2_ws/install/turtlesim/include/turtlesim/turtlesim/srv/teleport_relative.h
[5.066s] -- Up-to-date: /home/pederba/ros2_ws/install/turtlesim/include/turtlesim/turtlesim/srv/teleport_absolute.h
[5.066s] -- Up-to-date: /home/pederba/ros2_ws/install/turtlesim/include/turtlesim/turtlesim/srv/spawn.h
[5.067s] -- Up-to-date: /home/pederba/ros2_ws/install/turtlesim/include/turtlesim/turtlesim/srv/set_pen.h
[5.067s] -- Up-to-date: /home/pederba/ros2_ws/install/turtlesim/include/turtlesim/turtlesim/srv/kill.h
[5.067s] -- Up-to-date: /home/pederba/ros2_ws/install/turtlesim/include/turtlesim/turtlesim/srv/detail
[5.067s] -- Up-to-date: /home/pederba/ros2_ws/install/turtlesim/include/turtlesim/turtlesim/srv/detail/teleport_absolute__functions.h
[5.067s] -- Up-to-date: /home/pederba/ros2_ws/install/turtlesim/include/turtlesim/turtlesim/srv/detail/set_pen__functions.c
[5.067s] -- Up-to-date: /home/pederba/ros2_ws/install/turtlesim/include/turtlesim/turtlesim/srv/detail/teleport_absolute__functions.c
[5.068s] -- Up-to-date: /home/pederba/ros2_ws/install/turtlesim/include/turtlesim/turtlesim/srv/detail/teleport_relative__functions.c
[5.068s] -- Up-to-date: /home/pederba/ros2_ws/install/turtlesim/include/turtlesim/turtlesim/srv/detail/teleport_relative__functions.h
[5.068s] -- Up-to-date: /home/pederba/ros2_ws/install/turtlesim/include/turtlesim/turtlesim/srv/detail/spawn__struct.h
[5.068s] -- Up-to-date: /home/pederba/ros2_ws/install/turtlesim/include/turtlesim/turtlesim/srv/detail/teleport_relative__type_support.h
[5.068s] -- Up-to-date: /home/pederba/ros2_ws/install/turtlesim/include/turtlesim/turtlesim/srv/detail/spawn__functions.h
[5.068s] -- Up-to-date: /home/pederba/ros2_ws/install/turtlesim/include/turtlesim/turtlesim/srv/detail/teleport_relative__struct.h
[5.069s] -- Up-to-date: /home/pederba/ros2_ws/install/turtlesim/include/turtlesim/turtlesim/srv/detail/set_pen__type_support.h
[5.069s] -- Up-to-date: /home/pederba/ros2_ws/install/turtlesim/include/turtlesim/turtlesim/srv/detail/teleport_absolute__struct.h
[5.069s] -- Up-to-date: /home/pederba/ros2_ws/install/turtlesim/include/turtlesim/turtlesim/srv/detail/kill__struct.h
[5.069s] -- Up-to-date: /home/pederba/ros2_ws/install/turtlesim/include/turtlesim/turtlesim/srv/detail/spawn__functions.c
[5.069s] -- Up-to-date: /home/pederba/ros2_ws/install/turtlesim/include/turtlesim/turtlesim/srv/detail/teleport_absolute__type_support.h
[5.070s] -- Up-to-date: /home/pederba/ros2_ws/install/turtlesim/include/turtlesim/turtlesim/srv/detail/set_pen__functions.h
[5.071s] -- Up-to-date: /home/pederba/ros2_ws/install/turtlesim/include/turtlesim/turtlesim/srv/detail/kill__functions.c
[5.072s] -- Up-to-date: /home/pederba/ros2_ws/install/turtlesim/include/turtlesim/turtlesim/srv/detail/kill__type_support.h
[5.073s] -- Up-to-date: /home/pederba/ros2_ws/install/turtlesim/include/turtlesim/turtlesim/srv/detail/kill__functions.h
[5.073s] -- Up-to-date: /home/pederba/ros2_ws/install/turtlesim/include/turtlesim/turtlesim/srv/detail/spawn__type_support.h
[5.074s] -- Up-to-date: /home/pederba/ros2_ws/install/turtlesim/include/turtlesim/turtlesim/srv/detail/set_pen__struct.h
[5.074s] -- Up-to-date: /home/pederba/ros2_ws/install/turtlesim/include/turtlesim/turtlesim/msg
[5.075s] -- Up-to-date: /home/pederba/ros2_ws/install/turtlesim/include/turtlesim/turtlesim/msg/rosidl_generator_c__visibility_control.h
[5.075s] -- Up-to-date: /home/pederba/ros2_ws/install/turtlesim/include/turtlesim/turtlesim/msg/pose.h
[5.075s] -- Up-to-date: /home/pederba/ros2_ws/install/turtlesim/include/turtlesim/turtlesim/msg/detail
[5.075s] -- Up-to-date: /home/pederba/ros2_ws/install/turtlesim/include/turtlesim/turtlesim/msg/detail/pose__type_support.h
[5.075s] -- Up-to-date: /home/pederba/ros2_ws/install/turtlesim/include/turtlesim/turtlesim/msg/detail/pose__functions.c
[5.076s] -- Up-to-date: /home/pederba/ros2_ws/install/turtlesim/include/turtlesim/turtlesim/msg/detail/color__functions.c
[5.076s] -- Up-to-date: /home/pederba/ros2_ws/install/turtlesim/include/turtlesim/turtlesim/msg/detail/color__type_support.h
[5.076s] -- Up-to-date: /home/pederba/ros2_ws/install/turtlesim/include/turtlesim/turtlesim/msg/detail/pose__struct.h
[5.076s] -- Up-to-date: /home/pederba/ros2_ws/install/turtlesim/include/turtlesim/turtlesim/msg/detail/pose__functions.h
[5.077s] -- Up-to-date: /home/pederba/ros2_ws/install/turtlesim/include/turtlesim/turtlesim/msg/detail/color__functions.h
[5.077s] -- Up-to-date: /home/pederba/ros2_ws/install/turtlesim/include/turtlesim/turtlesim/msg/detail/color__struct.h
[5.077s] -- Up-to-date: /home/pederba/ros2_ws/install/turtlesim/include/turtlesim/turtlesim/msg/color.h
[5.077s] -- Up-to-date: /home/pederba/ros2_ws/install/turtlesim/include/turtlesim/turtlesim/action
[5.078s] -- Up-to-date: /home/pederba/ros2_ws/install/turtlesim/include/turtlesim/turtlesim/action/rotate_absolute.h
[5.078s] -- Up-to-date: /home/pederba/ros2_ws/install/turtlesim/include/turtlesim/turtlesim/action/detail
[5.109s] -- Up-to-date: /home/pederba/ros2_ws/install/turtlesim/include/turtlesim/turtlesim/action/detail/rotate_absolute__type_support.h
[5.110s] -- Up-to-date: /home/pederba/ros2_ws/install/turtlesim/include/turtlesim/turtlesim/action/detail/rotate_absolute__struct.h
[5.110s] -- Up-to-date: /home/pederba/ros2_ws/install/turtlesim/include/turtlesim/turtlesim/action/detail/rotate_absolute__functions.h
[5.110s] -- Up-to-date: /home/pederba/ros2_ws/install/turtlesim/include/turtlesim/turtlesim/action/detail/rotate_absolute__functions.c
[5.111s] -- Up-to-date: /home/pederba/ros2_ws/install/turtlesim/share/turtlesim/environment/library_path.sh
[5.111s] -- Up-to-date: /home/pederba/ros2_ws/install/turtlesim/share/turtlesim/environment/library_path.dsv
[5.111s] -- Up-to-date: /home/pederba/ros2_ws/install/turtlesim/lib/libturtlesim__rosidl_generator_c.so
[5.111s] -- Up-to-date: /home/pederba/ros2_ws/install/turtlesim/include/turtlesim/turtlesim
[5.111s] -- Up-to-date: /home/pederba/ros2_ws/install/turtlesim/include/turtlesim/turtlesim/srv
[5.112s] -- Up-to-date: /home/pederba/ros2_ws/install/turtlesim/include/turtlesim/turtlesim/srv/detail
[5.122s] -- Up-to-date: /home/pederba/ros2_ws/install/turtlesim/include/turtlesim/turtlesim/srv/detail/spawn__rosidl_typesupport_fastrtps_c.h
[5.122s] -- Up-to-date: /home/pederba/ros2_ws/install/turtlesim/include/turtlesim/turtlesim/srv/detail/teleport_absolute__rosidl_typesupport_fastrtps_c.h
[5.123s] -- Up-to-date: /home/pederba/ros2_ws/install/turtlesim/include/turtlesim/turtlesim/srv/detail/kill__rosidl_typesupport_fastrtps_c.h
[5.123s] -- Up-to-date: /home/pederba/ros2_ws/install/turtlesim/include/turtlesim/turtlesim/srv/detail/set_pen__rosidl_typesupport_fastrtps_c.h
[5.123s] -- Up-to-date: /home/pederba/ros2_ws/install/turtlesim/include/turtlesim/turtlesim/srv/detail/teleport_relative__rosidl_typesupport_fastrtps_c.h
[5.123s] -- Up-to-date: /home/pederba/ros2_ws/install/turtlesim/include/turtlesim/turtlesim/msg
[5.124s] -- Up-to-date: /home/pederba/ros2_ws/install/turtlesim/include/turtlesim/turtlesim/msg/rosidl_typesupport_fastrtps_c__visibility_control.h
[5.124s] -- Up-to-date: /home/pederba/ros2_ws/install/turtlesim/include/turtlesim/turtlesim/msg/detail
[5.124s] -- Up-to-date: /home/pederba/ros2_ws/install/turtlesim/include/turtlesim/turtlesim/msg/detail/pose__rosidl_typesupport_fastrtps_c.h
[5.124s] -- Up-to-date: /home/pederba/ros2_ws/install/turtlesim/include/turtlesim/turtlesim/msg/detail/color__rosidl_typesupport_fastrtps_c.h
[5.125s] -- Up-to-date: /home/pederba/ros2_ws/install/turtlesim/include/turtlesim/turtlesim/action
[5.125s] -- Up-to-date: /home/pederba/ros2_ws/install/turtlesim/include/turtlesim/turtlesim/action/detail
[5.125s] -- Up-to-date: /home/pederba/ros2_ws/install/turtlesim/include/turtlesim/turtlesim/action/detail/rotate_absolute__rosidl_typesupport_fastrtps_c.h
[5.125s] -- Up-to-date: /home/pederba/ros2_ws/install/turtlesim/lib/libturtlesim__rosidl_typesupport_fastrtps_c.so
[5.125s] -- Up-to-date: /home/pederba/ros2_ws/install/turtlesim/include/turtlesim/turtlesim
[5.125s] -- Up-to-date: /home/pederba/ros2_ws/install/turtlesim/include/turtlesim/turtlesim/srv
[5.126s] -- Up-to-date: /home/pederba/ros2_ws/install/turtlesim/include/turtlesim/turtlesim/srv/kill.hpp
[5.126s] -- Up-to-date: /home/pederba/ros2_ws/install/turtlesim/include/turtlesim/turtlesim/srv/spawn.hpp
[5.126s] -- Up-to-date: /home/pederba/ros2_ws/install/turtlesim/include/turtlesim/turtlesim/srv/set_pen.hpp
[5.127s] -- Up-to-date: /home/pederba/ros2_ws/install/turtlesim/include/turtlesim/turtlesim/srv/teleport_absolute.hpp
[5.127s] -- Up-to-date: /home/pederba/ros2_ws/install/turtlesim/include/turtlesim/turtlesim/srv/teleport_relative.hpp
[5.127s] -- Up-to-date: /home/pederba/ros2_ws/install/turtlesim/include/turtlesim/turtlesim/srv/detail
[5.128s] -- Up-to-date: /home/pederba/ros2_ws/install/turtlesim/include/turtlesim/turtlesim/srv/detail/teleport_relative__traits.hpp
[5.128s] -- Up-to-date: /home/pederba/ros2_ws/install/turtlesim/include/turtlesim/turtlesim/srv/detail/set_pen__struct.hpp
[5.128s] -- Up-to-date: /home/pederba/ros2_ws/install/turtlesim/include/turtlesim/turtlesim/srv/detail/teleport_absolute__struct.hpp
[5.128s] -- Up-to-date: /home/pederba/ros2_ws/install/turtlesim/include/turtlesim/turtlesim/srv/detail/kill__traits.hpp
[5.129s] -- Up-to-date: /home/pederba/ros2_ws/install/turtlesim/include/turtlesim/turtlesim/srv/detail/set_pen__traits.hpp
[5.129s] -- Up-to-date: /home/pederba/ros2_ws/install/turtlesim/include/turtlesim/turtlesim/srv/detail/teleport_relative__struct.hpp
[5.129s] -- Up-to-date: /home/pederba/ros2_ws/install/turtlesim/include/turtlesim/turtlesim/srv/detail/kill__builder.hpp
[5.129s] -- Up-to-date: /home/pederba/ros2_ws/install/turtlesim/include/turtlesim/turtlesim/srv/detail/set_pen__builder.hpp
[5.129s] -- Up-to-date: /home/pederba/ros2_ws/install/turtlesim/include/turtlesim/turtlesim/srv/detail/kill__struct.hpp
[5.129s] -- Up-to-date: /home/pederba/ros2_ws/install/turtlesim/include/turtlesim/turtlesim/srv/detail/teleport_relative__builder.hpp
[5.130s] -- Up-to-date: /home/pederba/ros2_ws/install/turtlesim/include/turtlesim/turtlesim/srv/detail/teleport_absolute__builder.hpp
[5.130s] -- Up-to-date: /home/pederba/ros2_ws/install/turtlesim/include/turtlesim/turtlesim/srv/detail/spawn__traits.hpp
[5.130s] -- Up-to-date: /home/pederba/ros2_ws/install/turtlesim/include/turtlesim/turtlesim/srv/detail/teleport_absolute__traits.hpp
[5.130s] -- Up-to-date: /home/pederba/ros2_ws/install/turtlesim/include/turtlesim/turtlesim/srv/detail/spawn__builder.hpp
[5.130s] -- Up-to-date: /home/pederba/ros2_ws/install/turtlesim/include/turtlesim/turtlesim/srv/detail/spawn__struct.hpp
[5.130s] -- Up-to-date: /home/pederba/ros2_ws/install/turtlesim/include/turtlesim/turtlesim/msg
[5.131s] -- Up-to-date: /home/pederba/ros2_ws/install/turtlesim/include/turtlesim/turtlesim/msg/pose.hpp
[5.131s] -- Up-to-date: /home/pederba/ros2_ws/install/turtlesim/include/turtlesim/turtlesim/msg/color.hpp
[5.131s] -- Up-to-date: /home/pederba/ros2_ws/install/turtlesim/include/turtlesim/turtlesim/msg/detail
[5.131s] -- Up-to-date: /home/pederba/ros2_ws/install/turtlesim/include/turtlesim/turtlesim/msg/detail/color__builder.hpp
[5.150s] -- Up-to-date: /home/pederba/ros2_ws/install/turtlesim/include/turtlesim/turtlesim/msg/detail/color__traits.hpp
[5.151s] -- Up-to-date: /home/pederba/ros2_ws/install/turtlesim/include/turtlesim/turtlesim/msg/detail/pose__traits.hpp
[5.151s] -- Up-to-date: /home/pederba/ros2_ws/install/turtlesim/include/turtlesim/turtlesim/msg/detail/color__struct.hpp
[5.151s] -- Up-to-date: /home/pederba/ros2_ws/install/turtlesim/include/turtlesim/turtlesim/msg/detail/pose__builder.hpp
[5.152s] -- Up-to-date: /home/pederba/ros2_ws/install/turtlesim/include/turtlesim/turtlesim/msg/detail/pose__struct.hpp
[5.152s] -- Up-to-date: /home/pederba/ros2_ws/install/turtlesim/include/turtlesim/turtlesim/action
[5.152s] -- Up-to-date: /home/pederba/ros2_ws/install/turtlesim/include/turtlesim/turtlesim/action/rotate_absolute.hpp
[5.152s] -- Up-to-date: /home/pederba/ros2_ws/install/turtlesim/include/turtlesim/turtlesim/action/detail
[5.153s] -- Up-to-date: /home/pederba/ros2_ws/install/turtlesim/include/turtlesim/turtlesim/action/detail/rotate_absolute__traits.hpp
[5.153s] -- Up-to-date: /home/pederba/ros2_ws/install/turtlesim/include/turtlesim/turtlesim/action/detail/rotate_absolute__builder.hpp
[5.153s] -- Up-to-date: /home/pederba/ros2_ws/install/turtlesim/include/turtlesim/turtlesim/action/detail/rotate_absolute__struct.hpp
[5.153s] -- Up-to-date: /home/pederba/ros2_ws/install/turtlesim/include/turtlesim/turtlesim
[5.153s] -- Up-to-date: /home/pederba/ros2_ws/install/turtlesim/include/turtlesim/turtlesim/srv
[5.153s] -- Up-to-date: /home/pederba/ros2_ws/install/turtlesim/include/turtlesim/turtlesim/srv/detail
[5.154s] -- Up-to-date: /home/pederba/ros2_ws/install/turtlesim/include/turtlesim/turtlesim/srv/detail/dds_fastrtps
[5.154s] -- Up-to-date: /home/pederba/ros2_ws/install/turtlesim/include/turtlesim/turtlesim/srv/detail/set_pen__rosidl_typesupport_fastrtps_cpp.hpp
[5.154s] -- Up-to-date: /home/pederba/ros2_ws/install/turtlesim/include/turtlesim/turtlesim/srv/detail/spawn__rosidl_typesupport_fastrtps_cpp.hpp
[5.154s] -- Up-to-date: /home/pederba/ros2_ws/install/turtlesim/include/turtlesim/turtlesim/srv/detail/teleport_absolute__rosidl_typesupport_fastrtps_cpp.hpp
[5.155s] -- Up-to-date: /home/pederba/ros2_ws/install/turtlesim/include/turtlesim/turtlesim/srv/detail/teleport_relative__rosidl_typesupport_fastrtps_cpp.hpp
[5.155s] -- Up-to-date: /home/pederba/ros2_ws/install/turtlesim/include/turtlesim/turtlesim/srv/detail/kill__rosidl_typesupport_fastrtps_cpp.hpp
[5.156s] -- Up-to-date: /home/pederba/ros2_ws/install/turtlesim/include/turtlesim/turtlesim/msg
[5.157s] -- Up-to-date: /home/pederba/ros2_ws/install/turtlesim/include/turtlesim/turtlesim/msg/rosidl_typesupport_fastrtps_cpp__visibility_control.h
[5.157s] -- Up-to-date: /home/pederba/ros2_ws/install/turtlesim/include/turtlesim/turtlesim/msg/detail
[5.157s] -- Up-to-date: /home/pederba/ros2_ws/install/turtlesim/include/turtlesim/turtlesim/msg/detail/dds_fastrtps
[5.157s] -- Up-to-date: /home/pederba/ros2_ws/install/turtlesim/include/turtlesim/turtlesim/msg/detail/color__rosidl_typesupport_fastrtps_cpp.hpp
[5.157s] -- Up-to-date: /home/pederba/ros2_ws/install/turtlesim/include/turtlesim/turtlesim/msg/detail/pose__rosidl_typesupport_fastrtps_cpp.hpp
[5.158s] -- Up-to-date: /home/pederba/ros2_ws/install/turtlesim/include/turtlesim/turtlesim/action
[5.158s] -- Up-to-date: /home/pederba/ros2_ws/install/turtlesim/include/turtlesim/turtlesim/action/detail
[5.158s] -- Up-to-date: /home/pederba/ros2_ws/install/turtlesim/include/turtlesim/turtlesim/action/detail/dds_fastrtps
[5.158s] -- Up-to-date: /home/pederba/ros2_ws/install/turtlesim/include/turtlesim/turtlesim/action/detail/rotate_absolute__rosidl_typesupport_fastrtps_cpp.hpp
[5.158s] -- Up-to-date: /home/pederba/ros2_ws/install/turtlesim/lib/libturtlesim__rosidl_typesupport_fastrtps_cpp.so
[5.158s] -- Up-to-date: /home/pederba/ros2_ws/install/turtlesim/include/turtlesim/turtlesim
[5.159s] -- Up-to-date: /home/pederba/ros2_ws/install/turtlesim/include/turtlesim/turtlesim/srv
[5.159s] -- Up-to-date: /home/pederba/ros2_ws/install/turtlesim/include/turtlesim/turtlesim/srv/detail
[5.159s] -- Up-to-date: /home/pederba/ros2_ws/install/turtlesim/include/turtlesim/turtlesim/srv/detail/set_pen__type_support.c
[5.159s] -- Up-to-date: /home/pederba/ros2_ws/install/turtlesim/include/turtlesim/turtlesim/srv/detail/spawn__rosidl_typesupport_introspection_c.h
[5.159s] -- Up-to-date: /home/pederba/ros2_ws/install/turtlesim/include/turtlesim/turtlesim/srv/detail/teleport_relative__type_support.c
[5.161s] -- Up-to-date: /home/pederba/ros2_ws/install/turtlesim/include/turtlesim/turtlesim/srv/detail/spawn__type_support.c
[5.162s] -- Up-to-date: /home/pederba/ros2_ws/install/turtlesim/include/turtlesim/turtlesim/srv/detail/set_pen__rosidl_typesupport_introspection_c.h
[5.162s] -- Up-to-date: /home/pederba/ros2_ws/install/turtlesim/include/turtlesim/turtlesim/srv/detail/kill__rosidl_typesupport_introspection_c.h
[5.162s] -- Up-to-date: /home/pederba/ros2_ws/install/turtlesim/include/turtlesim/turtlesim/srv/detail/kill__type_support.c
[5.162s] -- Up-to-date: /home/pederba/ros2_ws/install/turtlesim/include/turtlesim/turtlesim/srv/detail/teleport_relative__rosidl_typesupport_introspection_c.h
[5.162s] -- Up-to-date: /home/pederba/ros2_ws/install/turtlesim/include/turtlesim/turtlesim/srv/detail/teleport_absolute__rosidl_typesupport_introspection_c.h
[5.163s] -- Up-to-date: /home/pederba/ros2_ws/install/turtlesim/include/turtlesim/turtlesim/srv/detail/teleport_absolute__type_support.c
[5.163s] -- Up-to-date: /home/pederba/ros2_ws/install/turtlesim/include/turtlesim/turtlesim/msg
[5.163s] -- Up-to-date: /home/pederba/ros2_ws/install/turtlesim/include/turtlesim/turtlesim/msg/rosidl_typesupport_introspection_c__visibility_control.h
[5.163s] -- Up-to-date: /home/pederba/ros2_ws/install/turtlesim/include/turtlesim/turtlesim/msg/detail
[5.163s] -- Up-to-date: /home/pederba/ros2_ws/install/turtlesim/include/turtlesim/turtlesim/msg/detail/color__rosidl_typesupport_introspection_c.h
[5.164s] -- Up-to-date: /home/pederba/ros2_ws/install/turtlesim/include/turtlesim/turtlesim/msg/detail/pose__type_support.c
[5.164s] -- Up-to-date: /home/pederba/ros2_ws/install/turtlesim/include/turtlesim/turtlesim/msg/detail/color__type_support.c
[5.165s] -- Up-to-date: /home/pederba/ros2_ws/install/turtlesim/include/turtlesim/turtlesim/msg/detail/pose__rosidl_typesupport_introspection_c.h
[5.165s] -- Up-to-date: /home/pederba/ros2_ws/install/turtlesim/include/turtlesim/turtlesim/action
[5.165s] -- Up-to-date: /home/pederba/ros2_ws/install/turtlesim/include/turtlesim/turtlesim/action/detail
[5.165s] -- Up-to-date: /home/pederba/ros2_ws/install/turtlesim/include/turtlesim/turtlesim/action/detail/rotate_absolute__type_support.c
[5.165s] -- Up-to-date: /home/pederba/ros2_ws/install/turtlesim/include/turtlesim/turtlesim/action/detail/rotate_absolute__rosidl_typesupport_introspection_c.h
[5.166s] -- Up-to-date: /home/pederba/ros2_ws/install/turtlesim/lib/libturtlesim__rosidl_typesupport_introspection_c.so
[5.166s] -- Up-to-date: /home/pederba/ros2_ws/install/turtlesim/lib/libturtlesim__rosidl_typesupport_c.so
[5.166s] -- Up-to-date: /home/pederba/ros2_ws/install/turtlesim/include/turtlesim/turtlesim
[5.166s] -- Up-to-date: /home/pederba/ros2_ws/install/turtlesim/include/turtlesim/turtlesim/srv
[5.166s] -- Up-to-date: /home/pederba/ros2_ws/install/turtlesim/include/turtlesim/turtlesim/srv/detail
[5.167s] -- Up-to-date: /home/pederba/ros2_ws/install/turtlesim/include/turtlesim/turtlesim/srv/detail/set_pen__rosidl_typesupport_introspection_cpp.hpp
[5.167s] -- Up-to-date: /home/pederba/ros2_ws/install/turtlesim/include/turtlesim/turtlesim/srv/detail/spawn__rosidl_typesupport_introspection_cpp.hpp
[5.167s] -- Up-to-date: /home/pederba/ros2_ws/install/turtlesim/include/turtlesim/turtlesim/srv/detail/kill__rosidl_typesupport_introspection_cpp.hpp
[5.167s] -- Up-to-date: /home/pederba/ros2_ws/install/turtlesim/include/turtlesim/turtlesim/srv/detail/teleport_relative__type_support.cpp
[5.185s] -- Up-to-date: /home/pederba/ros2_ws/install/turtlesim/include/turtlesim/turtlesim/srv/detail/kill__type_support.cpp
[5.185s] -- Up-to-date: /home/pederba/ros2_ws/install/turtlesim/include/turtlesim/turtlesim/srv/detail/teleport_relative__rosidl_typesupport_introspection_cpp.hpp
[5.186s] -- Up-to-date: /home/pederba/ros2_ws/install/turtlesim/include/turtlesim/turtlesim/srv/detail/spawn__type_support.cpp
[5.186s] -- Up-to-date: /home/pederba/ros2_ws/install/turtlesim/include/turtlesim/turtlesim/srv/detail/set_pen__type_support.cpp
[5.186s] -- Up-to-date: /home/pederba/ros2_ws/install/turtlesim/include/turtlesim/turtlesim/srv/detail/teleport_absolute__rosidl_typesupport_introspection_cpp.hpp
[5.186s] -- Up-to-date: /home/pederba/ros2_ws/install/turtlesim/include/turtlesim/turtlesim/srv/detail/teleport_absolute__type_support.cpp
[5.187s] -- Up-to-date: /home/pederba/ros2_ws/install/turtlesim/include/turtlesim/turtlesim/msg
[5.187s] -- Up-to-date: /home/pederba/ros2_ws/install/turtlesim/include/turtlesim/turtlesim/msg/detail
[5.187s] -- Up-to-date: /home/pederba/ros2_ws/install/turtlesim/include/turtlesim/turtlesim/msg/detail/pose__rosidl_typesupport_introspection_cpp.hpp
[5.187s] -- Up-to-date: /home/pederba/ros2_ws/install/turtlesim/include/turtlesim/turtlesim/msg/detail/color__rosidl_typesupport_introspection_cpp.hpp
[5.187s] -- Up-to-date: /home/pederba/ros2_ws/install/turtlesim/include/turtlesim/turtlesim/msg/detail/pose__type_support.cpp
[5.188s] -- Up-to-date: /home/pederba/ros2_ws/install/turtlesim/include/turtlesim/turtlesim/msg/detail/color__type_support.cpp
[5.188s] -- Up-to-date: /home/pederba/ros2_ws/install/turtlesim/include/turtlesim/turtlesim/action
[5.188s] -- Up-to-date: /home/pederba/ros2_ws/install/turtlesim/include/turtlesim/turtlesim/action/detail
[5.188s] -- Up-to-date: /home/pederba/ros2_ws/install/turtlesim/include/turtlesim/turtlesim/action/detail/rotate_absolute__rosidl_typesupport_introspection_cpp.hpp
[5.188s] -- Up-to-date: /home/pederba/ros2_ws/install/turtlesim/include/turtlesim/turtlesim/action/detail/rotate_absolute__type_support.cpp
[5.189s] -- Up-to-date: /home/pederba/ros2_ws/install/turtlesim/lib/libturtlesim__rosidl_typesupport_introspection_cpp.so
[5.192s] -- Up-to-date: /home/pederba/ros2_ws/install/turtlesim/lib/libturtlesim__rosidl_typesupport_cpp.so
[5.192s] -- Up-to-date: /home/pederba/ros2_ws/install/turtlesim/share/turtlesim/environment/pythonpath.sh
[5.192s] -- Up-to-date: /home/pederba/ros2_ws/install/turtlesim/share/turtlesim/environment/pythonpath.dsv
[5.193s] -- Up-to-date: /home/pederba/ros2_ws/install/turtlesim/local/lib/python3.10/dist-packages/turtlesim-1.4.2-py3.10.egg-info
[5.193s] -- Installing: /home/pederba/ros2_ws/install/turtlesim/local/lib/python3.10/dist-packages/turtlesim-1.4.2-py3.10.egg-info/dependency_links.txt
[5.194s] -- Installing: /home/pederba/ros2_ws/install/turtlesim/local/lib/python3.10/dist-packages/turtlesim-1.4.2-py3.10.egg-info/SOURCES.txt
[5.194s] -- Installing: /home/pederba/ros2_ws/install/turtlesim/local/lib/python3.10/dist-packages/turtlesim-1.4.2-py3.10.egg-info/PKG-INFO
[5.195s] -- Installing: /home/pederba/ros2_ws/install/turtlesim/local/lib/python3.10/dist-packages/turtlesim-1.4.2-py3.10.egg-info/top_level.txt
[5.195s] -- Up-to-date: /home/pederba/ros2_ws/install/turtlesim/local/lib/python3.10/dist-packages/turtlesim
[5.195s] -- Up-to-date: /home/pederba/ros2_ws/install/turtlesim/local/lib/python3.10/dist-packages/turtlesim/turtlesim_s__rosidl_typesupport_fastrtps_c.cpython-310-x86_64-linux-gnu.so
[5.195s] -- Up-to-date: /home/pederba/ros2_ws/install/turtlesim/local/lib/python3.10/dist-packages/turtlesim/libturtlesim__rosidl_generator_py.so
[5.196s] -- Up-to-date: /home/pederba/ros2_ws/install/turtlesim/local/lib/python3.10/dist-packages/turtlesim/_turtlesim_s.ep.rosidl_typesupport_c.c
[5.196s] -- Up-to-date: /home/pederba/ros2_ws/install/turtlesim/local/lib/python3.10/dist-packages/turtlesim/turtlesim_s__rosidl_typesupport_introspection_c.cpython-310-x86_64-linux-gnu.so
[5.196s] -- Up-to-date: /home/pederba/ros2_ws/install/turtlesim/local/lib/python3.10/dist-packages/turtlesim/_turtlesim_s.ep.rosidl_typesupport_introspection_c.c
[5.197s] -- Up-to-date: /home/pederba/ros2_ws/install/turtlesim/local/lib/python3.10/dist-packages/turtlesim/srv
[5.197s] -- Up-to-date: /home/pederba/ros2_ws/install/turtlesim/local/lib/python3.10/dist-packages/turtlesim/srv/_set_pen.py
[5.197s] -- Up-to-date: /home/pederba/ros2_ws/install/turtlesim/local/lib/python3.10/dist-packages/turtlesim/srv/_spawn.py
[5.197s] -- Up-to-date: /home/pederba/ros2_ws/install/turtlesim/local/lib/python3.10/dist-packages/turtlesim/srv/_set_pen_s.c
[5.197s] -- Up-to-date: /home/pederba/ros2_ws/install/turtlesim/local/lib/python3.10/dist-packages/turtlesim/srv/_kill.py
[5.198s] -- Up-to-date: /home/pederba/ros2_ws/install/turtlesim/local/lib/python3.10/dist-packages/turtlesim/srv/_kill_s.c
[5.198s] -- Up-to-date: /home/pederba/ros2_ws/install/turtlesim/local/lib/python3.10/dist-packages/turtlesim/srv/_teleport_absolute_s.c
[5.198s] -- Up-to-date: /home/pederba/ros2_ws/install/turtlesim/local/lib/python3.10/dist-packages/turtlesim/srv/_teleport_absolute.py
[5.198s] -- Up-to-date: /home/pederba/ros2_ws/install/turtlesim/local/lib/python3.10/dist-packages/turtlesim/srv/_teleport_relative_s.c
[5.199s] -- Up-to-date: /home/pederba/ros2_ws/install/turtlesim/local/lib/python3.10/dist-packages/turtlesim/srv/__init__.py
[5.199s] -- Up-to-date: /home/pederba/ros2_ws/install/turtlesim/local/lib/python3.10/dist-packages/turtlesim/srv/_teleport_relative.py
[5.199s] -- Up-to-date: /home/pederba/ros2_ws/install/turtlesim/local/lib/python3.10/dist-packages/turtlesim/srv/_spawn_s.c
[5.199s] -- Up-to-date: /home/pederba/ros2_ws/install/turtlesim/local/lib/python3.10/dist-packages/turtlesim/turtlesim_s__rosidl_typesupport_c.cpython-310-x86_64-linux-gnu.so
[5.200s] -- Up-to-date: /home/pederba/ros2_ws/install/turtlesim/local/lib/python3.10/dist-packages/turtlesim/msg
[5.200s] -- Up-to-date: /home/pederba/ros2_ws/install/turtlesim/local/lib/python3.10/dist-packages/turtlesim/msg/_color.py
[5.200s] -- Up-to-date: /home/pederba/ros2_ws/install/turtlesim/local/lib/python3.10/dist-packages/turtlesim/msg/_pose_s.c
[5.200s] -- Up-to-date: /home/pederba/ros2_ws/install/turtlesim/local/lib/python3.10/dist-packages/turtlesim/msg/__init__.py
[5.200s] -- Up-to-date: /home/pederba/ros2_ws/install/turtlesim/local/lib/python3.10/dist-packages/turtlesim/msg/_color_s.c
[5.201s] -- Up-to-date: /home/pederba/ros2_ws/install/turtlesim/local/lib/python3.10/dist-packages/turtlesim/msg/_pose.py
[5.201s] -- Up-to-date: /home/pederba/ros2_ws/install/turtlesim/local/lib/python3.10/dist-packages/turtlesim/__init__.py
[5.201s] -- Up-to-date: /home/pederba/ros2_ws/install/turtlesim/local/lib/python3.10/dist-packages/turtlesim/_turtlesim_s.ep.rosidl_typesupport_fastrtps_c.c
[5.201s] -- Up-to-date: /home/pederba/ros2_ws/install/turtlesim/local/lib/python3.10/dist-packages/turtlesim/action
[5.202s] -- Up-to-date: /home/pederba/ros2_ws/install/turtlesim/local/lib/python3.10/dist-packages/turtlesim/action/_rotate_absolute.py
[5.202s] -- Up-to-date: /home/pederba/ros2_ws/install/turtlesim/local/lib/python3.10/dist-packages/turtlesim/action/__init__.py
[5.202s] -- Up-to-date: /home/pederba/ros2_ws/install/turtlesim/local/lib/python3.10/dist-packages/turtlesim/action/_rotate_absolute_s.c
[5.202s] Listing '/home/pederba/ros2_ws/install/turtlesim/local/lib/python3.10/dist-packages/turtlesim'...
[5.202s] Listing '/home/pederba/ros2_ws/install/turtlesim/local/lib/python3.10/dist-packages/turtlesim/action'...
[5.202s] Listing '/home/pederba/ros2_ws/install/turtlesim/local/lib/python3.10/dist-packages/turtlesim/msg'...
[5.202s] Listing '/home/pederba/ros2_ws/install/turtlesim/local/lib/python3.10/dist-packages/turtlesim/srv'...
[5.205s] -- Up-to-date: /home/pederba/ros2_ws/install/turtlesim/local/lib/python3.10/dist-packages/turtlesim/turtlesim_s__rosidl_typesupport_fastrtps_c.cpython-310-x86_64-linux-gnu.so
[5.210s] -- Up-to-date: /home/pederba/ros2_ws/install/turtlesim/local/lib/python3.10/dist-packages/turtlesim/turtlesim_s__rosidl_typesupport_introspection_c.cpython-310-x86_64-linux-gnu.so
[5.211s] -- Up-to-date: /home/pederba/ros2_ws/install/turtlesim/local/lib/python3.10/dist-packages/turtlesim/turtlesim_s__rosidl_typesupport_c.cpython-310-x86_64-linux-gnu.so
[5.211s] -- Up-to-date: /home/pederba/ros2_ws/install/turtlesim/lib/libturtlesim__rosidl_generator_py.so
[5.211s] -- Up-to-date: /home/pederba/ros2_ws/install/turtlesim/share/turtlesim/action/RotateAbsolute.idl
[5.211s] -- Up-to-date: /home/pederba/ros2_ws/install/turtlesim/share/turtlesim/msg/Color.idl
[5.212s] -- Up-to-date: /home/pederba/ros2_ws/install/turtlesim/share/turtlesim/msg/Pose.idl
[5.213s] -- Up-to-date: /home/pederba/ros2_ws/install/turtlesim/share/turtlesim/srv/Kill.idl
[5.213s] -- Up-to-date: /home/pederba/ros2_ws/install/turtlesim/share/turtlesim/srv/SetPen.idl
[5.213s] -- Up-to-date: /home/pederba/ros2_ws/install/turtlesim/share/turtlesim/srv/Spawn.idl
[5.213s] -- Up-to-date: /home/pederba/ros2_ws/install/turtlesim/share/turtlesim/srv/TeleportAbsolute.idl
[5.214s] -- Up-to-date: /home/pederba/ros2_ws/install/turtlesim/share/turtlesim/srv/TeleportRelative.idl
[5.214s] -- Up-to-date: /home/pederba/ros2_ws/install/turtlesim/share/turtlesim/action/RotateAbsolute.action
[5.214s] -- Up-to-date: /home/pederba/ros2_ws/install/turtlesim/share/turtlesim/msg/Color.msg
[5.214s] -- Up-to-date: /home/pederba/ros2_ws/install/turtlesim/share/turtlesim/msg/Pose.msg
[5.214s] -- Up-to-date: /home/pederba/ros2_ws/install/turtlesim/share/turtlesim/srv/Kill.srv
[5.214s] -- Up-to-date: /home/pederba/ros2_ws/install/turtlesim/share/turtlesim/srv/Kill_Request.msg
[5.216s] -- Up-to-date: /home/pederba/ros2_ws/install/turtlesim/share/turtlesim/srv/Kill_Response.msg
[5.216s] -- Up-to-date: /home/pederba/ros2_ws/install/turtlesim/share/turtlesim/srv/SetPen.srv
[5.216s] -- Up-to-date: /home/pederba/ros2_ws/install/turtlesim/share/turtlesim/srv/SetPen_Request.msg
[5.217s] -- Up-to-date: /home/pederba/ros2_ws/install/turtlesim/share/turtlesim/srv/SetPen_Response.msg
[5.217s] -- Up-to-date: /home/pederba/ros2_ws/install/turtlesim/share/turtlesim/srv/Spawn.srv
[5.218s] -- Up-to-date: /home/pederba/ros2_ws/install/turtlesim/share/turtlesim/srv/Spawn_Request.msg
[5.219s] -- Up-to-date: /home/pederba/ros2_ws/install/turtlesim/share/turtlesim/srv/Spawn_Response.msg
[5.220s] -- Up-to-date: /home/pederba/ros2_ws/install/turtlesim/share/turtlesim/srv/TeleportAbsolute.srv
[5.226s] -- Up-to-date: /home/pederba/ros2_ws/install/turtlesim/share/turtlesim/srv/TeleportAbsolute_Request.msg
[5.227s] -- Up-to-date: /home/pederba/ros2_ws/install/turtlesim/share/turtlesim/srv/TeleportAbsolute_Response.msg
[5.227s] -- Up-to-date: /home/pederba/ros2_ws/install/turtlesim/share/turtlesim/srv/TeleportRelative.srv
[5.228s] -- Up-to-date: /home/pederba/ros2_ws/install/turtlesim/share/turtlesim/srv/TeleportRelative_Request.msg
[5.228s] -- Up-to-date: /home/pederba/ros2_ws/install/turtlesim/share/turtlesim/srv/TeleportRelative_Response.msg
[5.228s] -- Up-to-date: /home/pederba/ros2_ws/install/turtlesim/lib/turtlesim/turtlesim_node
[5.228s] -- Up-to-date: /home/pederba/ros2_ws/install/turtlesim/lib/turtlesim/turtle_teleop_key
[5.229s] -- Up-to-date: /home/pederba/ros2_ws/install/turtlesim/lib/turtlesim/draw_square
[5.229s] -- Up-to-date: /home/pederba/ros2_ws/install/turtlesim/lib/turtlesim/mimic
[5.229s] -- Up-to-date: /home/pederba/ros2_ws/install/turtlesim/share/turtlesim/images
[5.229s] -- Up-to-date: /home/pederba/ros2_ws/install/turtlesim/share/turtlesim/images/bouncy.png
[5.229s] -- Up-to-date: /home/pederba/ros2_ws/install/turtlesim/share/turtlesim/images/crystal.png
[5.230s] -- Up-to-date: /home/pederba/ros2_ws/install/turtlesim/share/turtlesim/images/galactic.png
[5.230s] -- Up-to-date: /home/pederba/ros2_ws/install/turtlesim/share/turtlesim/images/dashing.png
[5.230s] -- Up-to-date: /home/pederba/ros2_ws/install/turtlesim/share/turtlesim/images/rolling.png
[5.230s] -- Up-to-date: /home/pederba/ros2_ws/install/turtlesim/share/turtlesim/images/eloquent.png
[5.230s] -- Up-to-date: /home/pederba/ros2_ws/install/turtlesim/share/turtlesim/images/foxy.png
[5.230s] -- Up-to-date: /home/pederba/ros2_ws/install/turtlesim/share/turtlesim/images/ardent.png
[5.231s] -- Up-to-date: /home/pederba/ros2_ws/install/turtlesim/share/turtlesim/images/humble.png
[5.231s] -- Up-to-date: /home/pederba/ros2_ws/install/turtlesim/share/turtlesim/launch
[5.231s] -- Up-to-date: /home/pederba/ros2_ws/install/turtlesim/share/turtlesim/launch/multisim.launch.py
[5.231s] -- Up-to-date: /home/pederba/ros2_ws/install/turtlesim/share/ament_index/resource_index/package_run_dependencies/turtlesim
[5.231s] -- Up-to-date: /home/pederba/ros2_ws/install/turtlesim/share/ament_index/resource_index/parent_prefix_path/turtlesim
[5.231s] -- Up-to-date: /home/pederba/ros2_ws/install/turtlesim/share/turtlesim/environment/ament_prefix_path.sh
[5.232s] -- Up-to-date: /home/pederba/ros2_ws/install/turtlesim/share/turtlesim/environment/ament_prefix_path.dsv
[5.232s] -- Up-to-date: /home/pederba/ros2_ws/install/turtlesim/share/turtlesim/environment/path.sh
[5.232s] -- Up-to-date: /home/pederba/ros2_ws/install/turtlesim/share/turtlesim/environment/path.dsv
[5.232s] -- Up-to-date: /home/pederba/ros2_ws/install/turtlesim/share/turtlesim/local_setup.bash
[5.232s] -- Up-to-date: /home/pederba/ros2_ws/install/turtlesim/share/turtlesim/local_setup.sh
[5.232s] -- Up-to-date: /home/pederba/ros2_ws/install/turtlesim/share/turtlesim/local_setup.zsh
[5.232s] -- Up-to-date: /home/pederba/ros2_ws/install/turtlesim/share/turtlesim/local_setup.dsv
[5.233s] -- Installing: /home/pederba/ros2_ws/install/turtlesim/share/turtlesim/package.dsv
[5.233s] -- Up-to-date: /home/pederba/ros2_ws/install/turtlesim/share/ament_index/resource_index/packages/turtlesim
[5.233s] -- Up-to-date: /home/pederba/ros2_ws/install/turtlesim/share/turtlesim/cmake/export_turtlesim__rosidl_generator_cExport.cmake
[5.243s] -- Up-to-date: /home/pederba/ros2_ws/install/turtlesim/share/turtlesim/cmake/export_turtlesim__rosidl_generator_cExport-noconfig.cmake
[5.244s] -- Up-to-date: /home/pederba/ros2_ws/install/turtlesim/share/turtlesim/cmake/export_turtlesim__rosidl_typesupport_fastrtps_cExport.cmake
[5.244s] -- Up-to-date: /home/pederba/ros2_ws/install/turtlesim/share/turtlesim/cmake/export_turtlesim__rosidl_typesupport_fastrtps_cExport-noconfig.cmake
[5.245s] -- Up-to-date: /home/pederba/ros2_ws/install/turtlesim/share/turtlesim/cmake/export_turtlesim__rosidl_generator_cppExport.cmake
[5.245s] -- Up-to-date: /home/pederba/ros2_ws/install/turtlesim/share/turtlesim/cmake/export_turtlesim__rosidl_typesupport_fastrtps_cppExport.cmake
[5.245s] -- Up-to-date: /home/pederba/ros2_ws/install/turtlesim/share/turtlesim/cmake/export_turtlesim__rosidl_typesupport_fastrtps_cppExport-noconfig.cmake
[5.246s] -- Up-to-date: /home/pederba/ros2_ws/install/turtlesim/share/turtlesim/cmake/turtlesim__rosidl_typesupport_introspection_cExport.cmake
[5.246s] -- Up-to-date: /home/pederba/ros2_ws/install/turtlesim/share/turtlesim/cmake/turtlesim__rosidl_typesupport_introspection_cExport-noconfig.cmake
[5.247s] -- Up-to-date: /home/pederba/ros2_ws/install/turtlesim/share/turtlesim/cmake/turtlesim__rosidl_typesupport_cExport.cmake
[5.248s] -- Up-to-date: /home/pederba/ros2_ws/install/turtlesim/share/turtlesim/cmake/turtlesim__rosidl_typesupport_cExport-noconfig.cmake
[5.248s] -- Up-to-date: /home/pederba/ros2_ws/install/turtlesim/share/turtlesim/cmake/turtlesim__rosidl_typesupport_introspection_cppExport.cmake
[5.249s] -- Up-to-date: /home/pederba/ros2_ws/install/turtlesim/share/turtlesim/cmake/turtlesim__rosidl_typesupport_introspection_cppExport-noconfig.cmake
[5.249s] -- Up-to-date: /home/pederba/ros2_ws/install/turtlesim/share/turtlesim/cmake/turtlesim__rosidl_typesupport_cppExport.cmake
[5.250s] -- Up-to-date: /home/pederba/ros2_ws/install/turtlesim/share/turtlesim/cmake/turtlesim__rosidl_typesupport_cppExport-noconfig.cmake
[5.250s] -- Up-to-date: /home/pederba/ros2_ws/install/turtlesim/share/turtlesim/cmake/export_turtlesim__rosidl_generator_pyExport.cmake
[5.250s] -- Up-to-date: /home/pederba/ros2_ws/install/turtlesim/share/turtlesim/cmake/export_turtlesim__rosidl_generator_pyExport-noconfig.cmake
[5.251s] -- Up-to-date: /home/pederba/ros2_ws/install/turtlesim/share/turtlesim/cmake/rosidl_cmake-extras.cmake
[5.251s] -- Up-to-date: /home/pederba/ros2_ws/install/turtlesim/share/turtlesim/cmake/ament_cmake_export_dependencies-extras.cmake
[5.252s] -- Up-to-date: /home/pederba/ros2_ws/install/turtlesim/share/turtlesim/cmake/ament_cmake_export_include_directories-extras.cmake
[5.252s] -- Up-to-date: /home/pederba/ros2_ws/install/turtlesim/share/turtlesim/cmake/ament_cmake_export_libraries-extras.cmake
[5.253s] -- Up-to-date: /home/pederba/ros2_ws/install/turtlesim/share/turtlesim/cmake/ament_cmake_export_targets-extras.cmake
[5.253s] -- Up-to-date: /home/pederba/ros2_ws/install/turtlesim/share/turtlesim/cmake/rosidl_cmake_export_typesupport_targets-extras.cmake
[5.253s] -- Up-to-date: /home/pederba/ros2_ws/install/turtlesim/share/turtlesim/cmake/rosidl_cmake_export_typesupport_libraries-extras.cmake
[5.254s] -- Up-to-date: /home/pederba/ros2_ws/install/turtlesim/share/turtlesim/cmake/turtlesimConfig.cmake
[5.255s] -- Up-to-date: /home/pederba/ros2_ws/install/turtlesim/share/turtlesim/cmake/turtlesimConfig-version.cmake
[5.255s] -- Up-to-date: /home/pederba/ros2_ws/install/turtlesim/share/turtlesim/package.xml
[5.790s] Invoked command in '/home/pederba/ros2_ws/build/turtlesim' returned '0': CMAKE_PREFIX_PATH=${CMAKE_PREFIX_PATH}:/home/pederba/ros2_ws/install/turtlebot3_teleop:/home/pederba/ros2_ws/install/turtlebot3_example:/home/pederba/ros2_ws/install/py_pubsub:/home/pederba/ros2_ws/install/lab02_pkg:/home/pederba/ros2_ws/install/lab01_pkg:/opt/ros/humble /usr/bin/cmake --install /home/pederba/ros2_ws/build/turtlesim
