[1.838s] DEBUG:colcon:Command line arguments: ['/usr/bin/colcon', 'build', '--packages-select', 'lab03_pkg']
[1.838s] DEBUG:colcon:Parsed command line arguments: Namespace(log_base=None, log_level=None, verb_name='build', build_base='build', install_base='install', merge_install=False, symlink_install=False, test_result_base=None, continue_on_error=False, executor='parallel', parallel_workers=8, event_handlers=None, ignore_user_meta=False, metas=['./colcon.meta'], base_paths=['.'], packages_ignore=None, packages_ignore_regex=None, paths=None, packages_up_to=None, packages_up_to_regex=None, packages_above=None, packages_above_and_dependencies=None, packages_above_depth=None, packages_select_by_dep=None, packages_skip_by_dep=None, packages_skip_up_to=None, packages_select_build_failed=False, packages_skip_build_finished=False, packages_select_test_failures=False, packages_skip_test_passed=False, packages_select=['lab03_pkg'], packages_skip=None, packages_select_regex=None, packages_skip_regex=None, packages_start=None, packages_end=None, allow_overriding=[], cmake_args=None, cmake_target=None, cmake_target_skip_unavailable=False, cmake_clean_cache=False, cmake_clean_first=False, cmake_force_configure=False, ament_cmake_args=None, catkin_cmake_args=None, catkin_skip_building_tests=False, verb_parser=<colcon_defaults.argument_parser.defaults.DefaultArgumentsDecorator object at 0x7fb221571180>, verb_extension=<colcon_core.verb.build.BuildVerb object at 0x7fb221570d00>, main=<bound method BuildVerb.main of <colcon_core.verb.build.BuildVerb object at 0x7fb221570d00>>)
[1.939s] Level 1:colcon.colcon_core.package_discovery:discover_packages(colcon_meta) check parameters
[1.939s] Level 1:colcon.colcon_core.package_discovery:discover_packages(recursive) check parameters
[1.940s] Level 1:colcon.colcon_core.package_discovery:discover_packages(ignore) check parameters
[1.940s] Level 1:colcon.colcon_core.package_discovery:discover_packages(path) check parameters
[1.940s] Level 1:colcon.colcon_core.package_discovery:discover_packages(colcon_meta) discover
[1.940s] Level 1:colcon.colcon_core.package_discovery:discover_packages(recursive) discover
[1.940s] INFO:colcon.colcon_core.package_discovery:Crawling recursively for packages in '/home/pederba/ros2_ws'
[1.940s] Level 1:colcon.colcon_core.package_identification:_identify(.) by extensions ['ignore', 'ignore_ament_install']
[1.940s] Level 1:colcon.colcon_core.package_identification:_identify(.) by extension 'ignore'
[1.940s] Level 1:colcon.colcon_core.package_identification:_identify(.) by extension 'ignore_ament_install'
[1.940s] Level 1:colcon.colcon_core.package_identification:_identify(.) by extensions ['colcon_pkg']
[1.940s] Level 1:colcon.colcon_core.package_identification:_identify(.) by extension 'colcon_pkg'
[1.940s] Level 1:colcon.colcon_core.package_identification:_identify(.) by extensions ['colcon_meta']
[1.941s] Level 1:colcon.colcon_core.package_identification:_identify(.) by extension 'colcon_meta'
[1.941s] Level 1:colcon.colcon_core.package_identification:_identify(.) by extensions ['ros']
[1.941s] Level 1:colcon.colcon_core.package_identification:_identify(.) by extension 'ros'
[1.964s] Level 1:colcon.colcon_core.package_identification:_identify(.) by extensions ['cmake', 'python']
[1.964s] Level 1:colcon.colcon_core.package_identification:_identify(.) by extension 'cmake'
[1.964s] Level 1:colcon.colcon_core.package_identification:_identify(.) by extension 'python'
[1.964s] Level 1:colcon.colcon_core.package_identification:_identify(.) by extensions ['python_setup_py']
[1.964s] Level 1:colcon.colcon_core.package_identification:_identify(.) by extension 'python_setup_py'
[1.965s] Level 1:colcon.colcon_core.package_identification:_identify(build) by extensions ['ignore', 'ignore_ament_install']
[1.965s] Level 1:colcon.colcon_core.package_identification:_identify(build) by extension 'ignore'
[1.965s] Level 1:colcon.colcon_core.package_identification:_identify(build) ignored
[1.965s] Level 1:colcon.colcon_core.package_identification:_identify(install) by extensions ['ignore', 'ignore_ament_install']
[1.965s] Level 1:colcon.colcon_core.package_identification:_identify(install) by extension 'ignore'
[1.965s] Level 1:colcon.colcon_core.package_identification:_identify(install) ignored
[1.966s] Level 1:colcon.colcon_core.package_identification:_identify(log) by extensions ['ignore', 'ignore_ament_install']
[1.966s] Level 1:colcon.colcon_core.package_identification:_identify(log) by extension 'ignore'
[1.966s] Level 1:colcon.colcon_core.package_identification:_identify(log) ignored
[1.966s] Level 1:colcon.colcon_core.package_identification:_identify(src) by extensions ['ignore', 'ignore_ament_install']
[1.966s] Level 1:colcon.colcon_core.package_identification:_identify(src) by extension 'ignore'
[1.966s] Level 1:colcon.colcon_core.package_identification:_identify(src) by extension 'ignore_ament_install'
[1.966s] Level 1:colcon.colcon_core.package_identification:_identify(src) by extensions ['colcon_pkg']
[1.966s] Level 1:colcon.colcon_core.package_identification:_identify(src) by extension 'colcon_pkg'
[1.967s] Level 1:colcon.colcon_core.package_identification:_identify(src) by extensions ['colcon_meta']
[1.967s] Level 1:colcon.colcon_core.package_identification:_identify(src) by extension 'colcon_meta'
[1.967s] Level 1:colcon.colcon_core.package_identification:_identify(src) by extensions ['ros']
[1.967s] Level 1:colcon.colcon_core.package_identification:_identify(src) by extension 'ros'
[1.967s] Level 1:colcon.colcon_core.package_identification:_identify(src) by extensions ['cmake', 'python']
[1.967s] Level 1:colcon.colcon_core.package_identification:_identify(src) by extension 'cmake'
[1.967s] Level 1:colcon.colcon_core.package_identification:_identify(src) by extension 'python'
[1.967s] Level 1:colcon.colcon_core.package_identification:_identify(src) by extensions ['python_setup_py']
[1.967s] Level 1:colcon.colcon_core.package_identification:_identify(src) by extension 'python_setup_py'
[1.967s] Level 1:colcon.colcon_core.package_identification:_identify(src/lab01_pkg) by extensions ['ignore', 'ignore_ament_install']
[1.967s] Level 1:colcon.colcon_core.package_identification:_identify(src/lab01_pkg) by extension 'ignore'
[1.967s] Level 1:colcon.colcon_core.package_identification:_identify(src/lab01_pkg) by extension 'ignore_ament_install'
[1.967s] Level 1:colcon.colcon_core.package_identification:_identify(src/lab01_pkg) by extensions ['colcon_pkg']
[1.968s] Level 1:colcon.colcon_core.package_identification:_identify(src/lab01_pkg) by extension 'colcon_pkg'
[1.968s] Level 1:colcon.colcon_core.package_identification:_identify(src/lab01_pkg) by extensions ['colcon_meta']
[1.968s] Level 1:colcon.colcon_core.package_identification:_identify(src/lab01_pkg) by extension 'colcon_meta'
[1.968s] Level 1:colcon.colcon_core.package_identification:_identify(src/lab01_pkg) by extensions ['ros']
[1.968s] Level 1:colcon.colcon_core.package_identification:_identify(src/lab01_pkg) by extension 'ros'
[1.972s] DEBUG:colcon.colcon_core.package_identification:Package 'src/lab01_pkg' with type 'ros.ament_python' and name 'lab01_pkg'
[1.973s] Level 1:colcon.colcon_core.package_identification:_identify(src/lab02_interfaces) by extensions ['ignore', 'ignore_ament_install']
[1.973s] Level 1:colcon.colcon_core.package_identification:_identify(src/lab02_interfaces) by extension 'ignore'
[1.973s] Level 1:colcon.colcon_core.package_identification:_identify(src/lab02_interfaces) by extension 'ignore_ament_install'
[1.973s] Level 1:colcon.colcon_core.package_identification:_identify(src/lab02_interfaces) by extensions ['colcon_pkg']
[1.973s] Level 1:colcon.colcon_core.package_identification:_identify(src/lab02_interfaces) by extension 'colcon_pkg'
[1.973s] Level 1:colcon.colcon_core.package_identification:_identify(src/lab02_interfaces) by extensions ['colcon_meta']
[1.973s] Level 1:colcon.colcon_core.package_identification:_identify(src/lab02_interfaces) by extension 'colcon_meta'
[1.973s] Level 1:colcon.colcon_core.package_identification:_identify(src/lab02_interfaces) by extensions ['ros']
[1.973s] Level 1:colcon.colcon_core.package_identification:_identify(src/lab02_interfaces) by extension 'ros'
[1.974s] DEBUG:colcon.colcon_core.package_identification:Package 'src/lab02_interfaces' with type 'ros.ament_cmake' and name 'lab02_interfaces'
[1.974s] Level 1:colcon.colcon_core.package_identification:_identify(src/lab02_pkg_test) by extensions ['ignore', 'ignore_ament_install']
[1.975s] Level 1:colcon.colcon_core.package_identification:_identify(src/lab02_pkg_test) by extension 'ignore'
[1.975s] Level 1:colcon.colcon_core.package_identification:_identify(src/lab02_pkg_test) by extension 'ignore_ament_install'
[1.975s] Level 1:colcon.colcon_core.package_identification:_identify(src/lab02_pkg_test) by extensions ['colcon_pkg']
[1.975s] Level 1:colcon.colcon_core.package_identification:_identify(src/lab02_pkg_test) by extension 'colcon_pkg'
[1.975s] Level 1:colcon.colcon_core.package_identification:_identify(src/lab02_pkg_test) by extensions ['colcon_meta']
[1.975s] Level 1:colcon.colcon_core.package_identification:_identify(src/lab02_pkg_test) by extension 'colcon_meta'
[1.975s] Level 1:colcon.colcon_core.package_identification:_identify(src/lab02_pkg_test) by extensions ['ros']
[1.975s] Level 1:colcon.colcon_core.package_identification:_identify(src/lab02_pkg_test) by extension 'ros'
[1.976s] DEBUG:colcon.colcon_core.package_identification:Package 'src/lab02_pkg_test' with type 'ros.ament_python' and name 'lab02_pkg_test'
[1.976s] Level 1:colcon.colcon_core.package_identification:_identify(src/lab03_pkg) by extensions ['ignore', 'ignore_ament_install']
[1.977s] Level 1:colcon.colcon_core.package_identification:_identify(src/lab03_pkg) by extension 'ignore'
[1.977s] Level 1:colcon.colcon_core.package_identification:_identify(src/lab03_pkg) by extension 'ignore_ament_install'
[1.977s] Level 1:colcon.colcon_core.package_identification:_identify(src/lab03_pkg) by extensions ['colcon_pkg']
[1.977s] Level 1:colcon.colcon_core.package_identification:_identify(src/lab03_pkg) by extension 'colcon_pkg'
[1.977s] Level 1:colcon.colcon_core.package_identification:_identify(src/lab03_pkg) by extensions ['colcon_meta']
[1.977s] Level 1:colcon.colcon_core.package_identification:_identify(src/lab03_pkg) by extension 'colcon_meta'
[1.977s] Level 1:colcon.colcon_core.package_identification:_identify(src/lab03_pkg) by extensions ['ros']
[1.977s] Level 1:colcon.colcon_core.package_identification:_identify(src/lab03_pkg) by extension 'ros'
[1.978s] DEBUG:colcon.colcon_core.package_identification:Package 'src/lab03_pkg' with type 'ros.ament_python' and name 'lab03_pkg'
[1.978s] Level 1:colcon.colcon_core.package_identification:_identify(src/py_pubsub) by extensions ['ignore', 'ignore_ament_install']
[1.978s] Level 1:colcon.colcon_core.package_identification:_identify(src/py_pubsub) by extension 'ignore'
[1.978s] Level 1:colcon.colcon_core.package_identification:_identify(src/py_pubsub) by extension 'ignore_ament_install'
[1.978s] Level 1:colcon.colcon_core.package_identification:_identify(src/py_pubsub) by extensions ['colcon_pkg']
[1.979s] Level 1:colcon.colcon_core.package_identification:_identify(src/py_pubsub) by extension 'colcon_pkg'
[1.979s] Level 1:colcon.colcon_core.package_identification:_identify(src/py_pubsub) by extensions ['colcon_meta']
[1.979s] Level 1:colcon.colcon_core.package_identification:_identify(src/py_pubsub) by extension 'colcon_meta'
[1.979s] Level 1:colcon.colcon_core.package_identification:_identify(src/py_pubsub) by extensions ['ros']
[1.979s] Level 1:colcon.colcon_core.package_identification:_identify(src/py_pubsub) by extension 'ros'
[1.979s] DEBUG:colcon.colcon_core.package_identification:Package 'src/py_pubsub' with type 'ros.ament_python' and name 'py_pubsub'
[1.980s] Level 1:colcon.colcon_core.package_identification:_identify(src/ros_tutorials) by extensions ['ignore', 'ignore_ament_install']
[1.980s] Level 1:colcon.colcon_core.package_identification:_identify(src/ros_tutorials) by extension 'ignore'
[1.980s] Level 1:colcon.colcon_core.package_identification:_identify(src/ros_tutorials) by extension 'ignore_ament_install'
[1.980s] Level 1:colcon.colcon_core.package_identification:_identify(src/ros_tutorials) by extensions ['colcon_pkg']
[1.980s] Level 1:colcon.colcon_core.package_identification:_identify(src/ros_tutorials) by extension 'colcon_pkg'
[1.980s] Level 1:colcon.colcon_core.package_identification:_identify(src/ros_tutorials) by extensions ['colcon_meta']
[1.980s] Level 1:colcon.colcon_core.package_identification:_identify(src/ros_tutorials) by extension 'colcon_meta'
[1.980s] Level 1:colcon.colcon_core.package_identification:_identify(src/ros_tutorials) by extensions ['ros']
[1.980s] Level 1:colcon.colcon_core.package_identification:_identify(src/ros_tutorials) by extension 'ros'
[1.980s] Level 1:colcon.colcon_core.package_identification:_identify(src/ros_tutorials) by extensions ['cmake', 'python']
[1.980s] Level 1:colcon.colcon_core.package_identification:_identify(src/ros_tutorials) by extension 'cmake'
[1.980s] Level 1:colcon.colcon_core.package_identification:_identify(src/ros_tutorials) by extension 'python'
[1.980s] Level 1:colcon.colcon_core.package_identification:_identify(src/ros_tutorials) by extensions ['python_setup_py']
[1.981s] Level 1:colcon.colcon_core.package_identification:_identify(src/ros_tutorials) by extension 'python_setup_py'
[1.981s] Level 1:colcon.colcon_core.package_identification:_identify(src/ros_tutorials/ros_tutorials) by extensions ['ignore', 'ignore_ament_install']
[1.981s] Level 1:colcon.colcon_core.package_identification:_identify(src/ros_tutorials/ros_tutorials) by extension 'ignore'
[1.981s] Level 1:colcon.colcon_core.package_identification:_identify(src/ros_tutorials/ros_tutorials) ignored
[1.981s] Level 1:colcon.colcon_core.package_identification:_identify(src/ros_tutorials/roscpp_tutorials) by extensions ['ignore', 'ignore_ament_install']
[1.981s] Level 1:colcon.colcon_core.package_identification:_identify(src/ros_tutorials/roscpp_tutorials) by extension 'ignore'
[1.981s] Level 1:colcon.colcon_core.package_identification:_identify(src/ros_tutorials/roscpp_tutorials) ignored
[1.981s] Level 1:colcon.colcon_core.package_identification:_identify(src/ros_tutorials/rospy_tutorials) by extensions ['ignore', 'ignore_ament_install']
[1.982s] Level 1:colcon.colcon_core.package_identification:_identify(src/ros_tutorials/rospy_tutorials) by extension 'ignore'
[1.982s] Level 1:colcon.colcon_core.package_identification:_identify(src/ros_tutorials/rospy_tutorials) ignored
[1.982s] Level 1:colcon.colcon_core.package_identification:_identify(src/ros_tutorials/turtlesim) by extensions ['ignore', 'ignore_ament_install']
[1.982s] Level 1:colcon.colcon_core.package_identification:_identify(src/ros_tutorials/turtlesim) by extension 'ignore'
[1.982s] Level 1:colcon.colcon_core.package_identification:_identify(src/ros_tutorials/turtlesim) by extension 'ignore_ament_install'
[1.982s] Level 1:colcon.colcon_core.package_identification:_identify(src/ros_tutorials/turtlesim) by extensions ['colcon_pkg']
[1.982s] Level 1:colcon.colcon_core.package_identification:_identify(src/ros_tutorials/turtlesim) by extension 'colcon_pkg'
[1.982s] Level 1:colcon.colcon_core.package_identification:_identify(src/ros_tutorials/turtlesim) by extensions ['colcon_meta']
[1.982s] Level 1:colcon.colcon_core.package_identification:_identify(src/ros_tutorials/turtlesim) by extension 'colcon_meta'
[1.982s] Level 1:colcon.colcon_core.package_identification:_identify(src/ros_tutorials/turtlesim) by extensions ['ros']
[1.982s] Level 1:colcon.colcon_core.package_identification:_identify(src/ros_tutorials/turtlesim) by extension 'ros'
[1.984s] DEBUG:colcon.colcon_core.package_identification:Package 'src/ros_tutorials/turtlesim' with type 'ros.ament_cmake' and name 'turtlesim'
[1.985s] Level 1:colcon.colcon_core.package_identification:_identify(src/turtlebot3) by extensions ['ignore', 'ignore_ament_install']
[1.985s] Level 1:colcon.colcon_core.package_identification:_identify(src/turtlebot3) by extension 'ignore'
[1.985s] Level 1:colcon.colcon_core.package_identification:_identify(src/turtlebot3) by extension 'ignore_ament_install'
[1.985s] Level 1:colcon.colcon_core.package_identification:_identify(src/turtlebot3) by extensions ['colcon_pkg']
[1.985s] Level 1:colcon.colcon_core.package_identification:_identify(src/turtlebot3) by extension 'colcon_pkg'
[1.985s] Level 1:colcon.colcon_core.package_identification:_identify(src/turtlebot3) by extensions ['colcon_meta']
[1.985s] Level 1:colcon.colcon_core.package_identification:_identify(src/turtlebot3) by extension 'colcon_meta'
[1.985s] Level 1:colcon.colcon_core.package_identification:_identify(src/turtlebot3) by extensions ['ros']
[1.985s] Level 1:colcon.colcon_core.package_identification:_identify(src/turtlebot3) by extension 'ros'
[1.985s] Level 1:colcon.colcon_core.package_identification:_identify(src/turtlebot3) by extensions ['cmake', 'python']
[1.985s] Level 1:colcon.colcon_core.package_identification:_identify(src/turtlebot3) by extension 'cmake'
[1.986s] Level 1:colcon.colcon_core.package_identification:_identify(src/turtlebot3) by extension 'python'
[1.986s] Level 1:colcon.colcon_core.package_identification:_identify(src/turtlebot3) by extensions ['python_setup_py']
[1.986s] Level 1:colcon.colcon_core.package_identification:_identify(src/turtlebot3) by extension 'python_setup_py'
[1.986s] Level 1:colcon.colcon_core.package_identification:_identify(src/turtlebot3/turtlebot3) by extensions ['ignore', 'ignore_ament_install']
[1.986s] Level 1:colcon.colcon_core.package_identification:_identify(src/turtlebot3/turtlebot3) by extension 'ignore'
[1.986s] Level 1:colcon.colcon_core.package_identification:_identify(src/turtlebot3/turtlebot3) by extension 'ignore_ament_install'
[1.986s] Level 1:colcon.colcon_core.package_identification:_identify(src/turtlebot3/turtlebot3) by extensions ['colcon_pkg']
[1.986s] Level 1:colcon.colcon_core.package_identification:_identify(src/turtlebot3/turtlebot3) by extension 'colcon_pkg'
[1.986s] Level 1:colcon.colcon_core.package_identification:_identify(src/turtlebot3/turtlebot3) by extensions ['colcon_meta']
[1.986s] Level 1:colcon.colcon_core.package_identification:_identify(src/turtlebot3/turtlebot3) by extension 'colcon_meta'
[1.986s] Level 1:colcon.colcon_core.package_identification:_identify(src/turtlebot3/turtlebot3) by extensions ['ros']
[1.986s] Level 1:colcon.colcon_core.package_identification:_identify(src/turtlebot3/turtlebot3) by extension 'ros'
[1.988s] DEBUG:colcon.colcon_core.package_identification:Package 'src/turtlebot3/turtlebot3' with type 'ros.ament_cmake' and name 'turtlebot3'
[1.988s] Level 1:colcon.colcon_core.package_identification:_identify(src/turtlebot3/turtlebot3_bringup) by extensions ['ignore', 'ignore_ament_install']
[1.988s] Level 1:colcon.colcon_core.package_identification:_identify(src/turtlebot3/turtlebot3_bringup) by extension 'ignore'
[1.988s] Level 1:colcon.colcon_core.package_identification:_identify(src/turtlebot3/turtlebot3_bringup) by extension 'ignore_ament_install'
[1.988s] Level 1:colcon.colcon_core.package_identification:_identify(src/turtlebot3/turtlebot3_bringup) by extensions ['colcon_pkg']
[1.988s] Level 1:colcon.colcon_core.package_identification:_identify(src/turtlebot3/turtlebot3_bringup) by extension 'colcon_pkg'
[1.988s] Level 1:colcon.colcon_core.package_identification:_identify(src/turtlebot3/turtlebot3_bringup) by extensions ['colcon_meta']
[1.988s] Level 1:colcon.colcon_core.package_identification:_identify(src/turtlebot3/turtlebot3_bringup) by extension 'colcon_meta'
[1.988s] Level 1:colcon.colcon_core.package_identification:_identify(src/turtlebot3/turtlebot3_bringup) by extensions ['ros']
[1.988s] Level 1:colcon.colcon_core.package_identification:_identify(src/turtlebot3/turtlebot3_bringup) by extension 'ros'
[1.989s] DEBUG:colcon.colcon_core.package_identification:Package 'src/turtlebot3/turtlebot3_bringup' with type 'ros.ament_cmake' and name 'turtlebot3_bringup'
[1.990s] Level 1:colcon.colcon_core.package_identification:_identify(src/turtlebot3/turtlebot3_cartographer) by extensions ['ignore', 'ignore_ament_install']
[1.990s] Level 1:colcon.colcon_core.package_identification:_identify(src/turtlebot3/turtlebot3_cartographer) by extension 'ignore'
[1.990s] Level 1:colcon.colcon_core.package_identification:_identify(src/turtlebot3/turtlebot3_cartographer) by extension 'ignore_ament_install'
[1.990s] Level 1:colcon.colcon_core.package_identification:_identify(src/turtlebot3/turtlebot3_cartographer) by extensions ['colcon_pkg']
[1.990s] Level 1:colcon.colcon_core.package_identification:_identify(src/turtlebot3/turtlebot3_cartographer) by extension 'colcon_pkg'
[1.990s] Level 1:colcon.colcon_core.package_identification:_identify(src/turtlebot3/turtlebot3_cartographer) by extensions ['colcon_meta']
[1.990s] Level 1:colcon.colcon_core.package_identification:_identify(src/turtlebot3/turtlebot3_cartographer) by extension 'colcon_meta'
[1.990s] Level 1:colcon.colcon_core.package_identification:_identify(src/turtlebot3/turtlebot3_cartographer) by extensions ['ros']
[1.990s] Level 1:colcon.colcon_core.package_identification:_identify(src/turtlebot3/turtlebot3_cartographer) by extension 'ros'
[1.991s] DEBUG:colcon.colcon_core.package_identification:Package 'src/turtlebot3/turtlebot3_cartographer' with type 'ros.ament_cmake' and name 'turtlebot3_cartographer'
[1.991s] Level 1:colcon.colcon_core.package_identification:_identify(src/turtlebot3/turtlebot3_description) by extensions ['ignore', 'ignore_ament_install']
[1.991s] Level 1:colcon.colcon_core.package_identification:_identify(src/turtlebot3/turtlebot3_description) by extension 'ignore'
[1.991s] Level 1:colcon.colcon_core.package_identification:_identify(src/turtlebot3/turtlebot3_description) by extension 'ignore_ament_install'
[1.991s] Level 1:colcon.colcon_core.package_identification:_identify(src/turtlebot3/turtlebot3_description) by extensions ['colcon_pkg']
[1.991s] Level 1:colcon.colcon_core.package_identification:_identify(src/turtlebot3/turtlebot3_description) by extension 'colcon_pkg'
[1.991s] Level 1:colcon.colcon_core.package_identification:_identify(src/turtlebot3/turtlebot3_description) by extensions ['colcon_meta']
[1.991s] Level 1:colcon.colcon_core.package_identification:_identify(src/turtlebot3/turtlebot3_description) by extension 'colcon_meta'
[1.992s] Level 1:colcon.colcon_core.package_identification:_identify(src/turtlebot3/turtlebot3_description) by extensions ['ros']
[1.992s] Level 1:colcon.colcon_core.package_identification:_identify(src/turtlebot3/turtlebot3_description) by extension 'ros'
[1.992s] DEBUG:colcon.colcon_core.package_identification:Package 'src/turtlebot3/turtlebot3_description' with type 'ros.ament_cmake' and name 'turtlebot3_description'
[1.993s] Level 1:colcon.colcon_core.package_identification:_identify(src/turtlebot3/turtlebot3_example) by extensions ['ignore', 'ignore_ament_install']
[1.993s] Level 1:colcon.colcon_core.package_identification:_identify(src/turtlebot3/turtlebot3_example) by extension 'ignore'
[1.993s] Level 1:colcon.colcon_core.package_identification:_identify(src/turtlebot3/turtlebot3_example) by extension 'ignore_ament_install'
[1.993s] Level 1:colcon.colcon_core.package_identification:_identify(src/turtlebot3/turtlebot3_example) by extensions ['colcon_pkg']
[1.993s] Level 1:colcon.colcon_core.package_identification:_identify(src/turtlebot3/turtlebot3_example) by extension 'colcon_pkg'
[1.993s] Level 1:colcon.colcon_core.package_identification:_identify(src/turtlebot3/turtlebot3_example) by extensions ['colcon_meta']
[1.993s] Level 1:colcon.colcon_core.package_identification:_identify(src/turtlebot3/turtlebot3_example) by extension 'colcon_meta'
[1.993s] Level 1:colcon.colcon_core.package_identification:_identify(src/turtlebot3/turtlebot3_example) by extensions ['ros']
[1.993s] Level 1:colcon.colcon_core.package_identification:_identify(src/turtlebot3/turtlebot3_example) by extension 'ros'
[1.995s] DEBUG:colcon.colcon_core.package_identification:Package 'src/turtlebot3/turtlebot3_example' with type 'ros.ament_python' and name 'turtlebot3_example'
[1.995s] Level 1:colcon.colcon_core.package_identification:_identify(src/turtlebot3/turtlebot3_hardware) by extensions ['ignore', 'ignore_ament_install']
[1.995s] Level 1:colcon.colcon_core.package_identification:_identify(src/turtlebot3/turtlebot3_hardware) by extension 'ignore'
[1.995s] Level 1:colcon.colcon_core.package_identification:_identify(src/turtlebot3/turtlebot3_hardware) by extension 'ignore_ament_install'
[1.995s] Level 1:colcon.colcon_core.package_identification:_identify(src/turtlebot3/turtlebot3_hardware) by extensions ['colcon_pkg']
[1.995s] Level 1:colcon.colcon_core.package_identification:_identify(src/turtlebot3/turtlebot3_hardware) by extension 'colcon_pkg'
[1.995s] Level 1:colcon.colcon_core.package_identification:_identify(src/turtlebot3/turtlebot3_hardware) by extensions ['colcon_meta']
[1.995s] Level 1:colcon.colcon_core.package_identification:_identify(src/turtlebot3/turtlebot3_hardware) by extension 'colcon_meta'
[1.995s] Level 1:colcon.colcon_core.package_identification:_identify(src/turtlebot3/turtlebot3_hardware) by extensions ['ros']
[1.995s] Level 1:colcon.colcon_core.package_identification:_identify(src/turtlebot3/turtlebot3_hardware) by extension 'ros'
[1.997s] DEBUG:colcon.colcon_core.package_identification:Package 'src/turtlebot3/turtlebot3_hardware' with type 'ros.ament_cmake' and name 'turtlebot3_hardware'
[1.997s] Level 1:colcon.colcon_core.package_identification:_identify(src/turtlebot3/turtlebot3_msgs) by extensions ['ignore', 'ignore_ament_install']
[1.997s] Level 1:colcon.colcon_core.package_identification:_identify(src/turtlebot3/turtlebot3_msgs) by extension 'ignore'
[1.997s] Level 1:colcon.colcon_core.package_identification:_identify(src/turtlebot3/turtlebot3_msgs) by extension 'ignore_ament_install'
[1.997s] Level 1:colcon.colcon_core.package_identification:_identify(src/turtlebot3/turtlebot3_msgs) by extensions ['colcon_pkg']
[1.997s] Level 1:colcon.colcon_core.package_identification:_identify(src/turtlebot3/turtlebot3_msgs) by extension 'colcon_pkg'
[1.997s] Level 1:colcon.colcon_core.package_identification:_identify(src/turtlebot3/turtlebot3_msgs) by extensions ['colcon_meta']
[1.997s] Level 1:colcon.colcon_core.package_identification:_identify(src/turtlebot3/turtlebot3_msgs) by extension 'colcon_meta'
[1.998s] Level 1:colcon.colcon_core.package_identification:_identify(src/turtlebot3/turtlebot3_msgs) by extensions ['ros']
[1.998s] Level 1:colcon.colcon_core.package_identification:_identify(src/turtlebot3/turtlebot3_msgs) by extension 'ros'
[1.999s] DEBUG:colcon.colcon_core.package_identification:Package 'src/turtlebot3/turtlebot3_msgs' with type 'ros.ament_cmake' and name 'turtlebot3_msgs'
[1.999s] Level 1:colcon.colcon_core.package_identification:_identify(src/turtlebot3/turtlebot3_navigation2) by extensions ['ignore', 'ignore_ament_install']
[1.999s] Level 1:colcon.colcon_core.package_identification:_identify(src/turtlebot3/turtlebot3_navigation2) by extension 'ignore'
[2.000s] Level 1:colcon.colcon_core.package_identification:_identify(src/turtlebot3/turtlebot3_navigation2) by extension 'ignore_ament_install'
[2.000s] Level 1:colcon.colcon_core.package_identification:_identify(src/turtlebot3/turtlebot3_navigation2) by extensions ['colcon_pkg']
[2.000s] Level 1:colcon.colcon_core.package_identification:_identify(src/turtlebot3/turtlebot3_navigation2) by extension 'colcon_pkg'
[2.000s] Level 1:colcon.colcon_core.package_identification:_identify(src/turtlebot3/turtlebot3_navigation2) by extensions ['colcon_meta']
[2.000s] Level 1:colcon.colcon_core.package_identification:_identify(src/turtlebot3/turtlebot3_navigation2) by extension 'colcon_meta'
[2.000s] Level 1:colcon.colcon_core.package_identification:_identify(src/turtlebot3/turtlebot3_navigation2) by extensions ['ros']
[2.000s] Level 1:colcon.colcon_core.package_identification:_identify(src/turtlebot3/turtlebot3_navigation2) by extension 'ros'
[2.001s] DEBUG:colcon.colcon_core.package_identification:Package 'src/turtlebot3/turtlebot3_navigation2' with type 'ros.ament_cmake' and name 'turtlebot3_navigation2'
[2.001s] Level 1:colcon.colcon_core.package_identification:_identify(src/turtlebot3/turtlebot3_simulations) by extensions ['ignore', 'ignore_ament_install']
[2.001s] Level 1:colcon.colcon_core.package_identification:_identify(src/turtlebot3/turtlebot3_simulations) by extension 'ignore'
[2.001s] Level 1:colcon.colcon_core.package_identification:_identify(src/turtlebot3/turtlebot3_simulations) by extension 'ignore_ament_install'
[2.002s] Level 1:colcon.colcon_core.package_identification:_identify(src/turtlebot3/turtlebot3_simulations) by extensions ['colcon_pkg']
[2.002s] Level 1:colcon.colcon_core.package_identification:_identify(src/turtlebot3/turtlebot3_simulations) by extension 'colcon_pkg'
[2.002s] Level 1:colcon.colcon_core.package_identification:_identify(src/turtlebot3/turtlebot3_simulations) by extensions ['colcon_meta']
[2.002s] Level 1:colcon.colcon_core.package_identification:_identify(src/turtlebot3/turtlebot3_simulations) by extension 'colcon_meta'
[2.002s] Level 1:colcon.colcon_core.package_identification:_identify(src/turtlebot3/turtlebot3_simulations) by extensions ['ros']
[2.002s] Level 1:colcon.colcon_core.package_identification:_identify(src/turtlebot3/turtlebot3_simulations) by extension 'ros'
[2.002s] Level 1:colcon.colcon_core.package_identification:_identify(src/turtlebot3/turtlebot3_simulations) by extensions ['cmake', 'python']
[2.002s] Level 1:colcon.colcon_core.package_identification:_identify(src/turtlebot3/turtlebot3_simulations) by extension 'cmake'
[2.002s] Level 1:colcon.colcon_core.package_identification:_identify(src/turtlebot3/turtlebot3_simulations) by extension 'python'
[2.002s] Level 1:colcon.colcon_core.package_identification:_identify(src/turtlebot3/turtlebot3_simulations) by extensions ['python_setup_py']
[2.002s] Level 1:colcon.colcon_core.package_identification:_identify(src/turtlebot3/turtlebot3_simulations) by extension 'python_setup_py'
[2.003s] Level 1:colcon.colcon_core.package_identification:_identify(src/turtlebot3/turtlebot3_simulations/turtlebot3_fake_node) by extensions ['ignore', 'ignore_ament_install']
[2.003s] Level 1:colcon.colcon_core.package_identification:_identify(src/turtlebot3/turtlebot3_simulations/turtlebot3_fake_node) by extension 'ignore'
[2.003s] Level 1:colcon.colcon_core.package_identification:_identify(src/turtlebot3/turtlebot3_simulations/turtlebot3_fake_node) by extension 'ignore_ament_install'
[2.003s] Level 1:colcon.colcon_core.package_identification:_identify(src/turtlebot3/turtlebot3_simulations/turtlebot3_fake_node) by extensions ['colcon_pkg']
[2.003s] Level 1:colcon.colcon_core.package_identification:_identify(src/turtlebot3/turtlebot3_simulations/turtlebot3_fake_node) by extension 'colcon_pkg'
[2.003s] Level 1:colcon.colcon_core.package_identification:_identify(src/turtlebot3/turtlebot3_simulations/turtlebot3_fake_node) by extensions ['colcon_meta']
[2.003s] Level 1:colcon.colcon_core.package_identification:_identify(src/turtlebot3/turtlebot3_simulations/turtlebot3_fake_node) by extension 'colcon_meta'
[2.003s] Level 1:colcon.colcon_core.package_identification:_identify(src/turtlebot3/turtlebot3_simulations/turtlebot3_fake_node) by extensions ['ros']
[2.003s] Level 1:colcon.colcon_core.package_identification:_identify(src/turtlebot3/turtlebot3_simulations/turtlebot3_fake_node) by extension 'ros'
[2.005s] DEBUG:colcon.colcon_core.package_identification:Package 'src/turtlebot3/turtlebot3_simulations/turtlebot3_fake_node' with type 'ros.ament_cmake' and name 'turtlebot3_fake_node'
[2.006s] Level 1:colcon.colcon_core.package_identification:_identify(src/turtlebot3/turtlebot3_simulations/turtlebot3_gazebo) by extensions ['ignore', 'ignore_ament_install']
[2.006s] Level 1:colcon.colcon_core.package_identification:_identify(src/turtlebot3/turtlebot3_simulations/turtlebot3_gazebo) by extension 'ignore'
[2.006s] Level 1:colcon.colcon_core.package_identification:_identify(src/turtlebot3/turtlebot3_simulations/turtlebot3_gazebo) by extension 'ignore_ament_install'
[2.006s] Level 1:colcon.colcon_core.package_identification:_identify(src/turtlebot3/turtlebot3_simulations/turtlebot3_gazebo) by extensions ['colcon_pkg']
[2.006s] Level 1:colcon.colcon_core.package_identification:_identify(src/turtlebot3/turtlebot3_simulations/turtlebot3_gazebo) by extension 'colcon_pkg'
[2.006s] Level 1:colcon.colcon_core.package_identification:_identify(src/turtlebot3/turtlebot3_simulations/turtlebot3_gazebo) by extensions ['colcon_meta']
[2.006s] Level 1:colcon.colcon_core.package_identification:_identify(src/turtlebot3/turtlebot3_simulations/turtlebot3_gazebo) by extension 'colcon_meta'
[2.006s] Level 1:colcon.colcon_core.package_identification:_identify(src/turtlebot3/turtlebot3_simulations/turtlebot3_gazebo) by extensions ['ros']
[2.007s] Level 1:colcon.colcon_core.package_identification:_identify(src/turtlebot3/turtlebot3_simulations/turtlebot3_gazebo) by extension 'ros'
[2.008s] DEBUG:colcon.colcon_core.package_identification:Package 'src/turtlebot3/turtlebot3_simulations/turtlebot3_gazebo' with type 'ros.ament_cmake' and name 'turtlebot3_gazebo'
[2.008s] Level 1:colcon.colcon_core.package_identification:_identify(src/turtlebot3/turtlebot3_simulations/turtlebot3_simulations) by extensions ['ignore', 'ignore_ament_install']
[2.009s] Level 1:colcon.colcon_core.package_identification:_identify(src/turtlebot3/turtlebot3_simulations/turtlebot3_simulations) by extension 'ignore'
[2.009s] Level 1:colcon.colcon_core.package_identification:_identify(src/turtlebot3/turtlebot3_simulations/turtlebot3_simulations) by extension 'ignore_ament_install'
[2.009s] Level 1:colcon.colcon_core.package_identification:_identify(src/turtlebot3/turtlebot3_simulations/turtlebot3_simulations) by extensions ['colcon_pkg']
[2.009s] Level 1:colcon.colcon_core.package_identification:_identify(src/turtlebot3/turtlebot3_simulations/turtlebot3_simulations) by extension 'colcon_pkg'
[2.009s] Level 1:colcon.colcon_core.package_identification:_identify(src/turtlebot3/turtlebot3_simulations/turtlebot3_simulations) by extensions ['colcon_meta']
[2.009s] Level 1:colcon.colcon_core.package_identification:_identify(src/turtlebot3/turtlebot3_simulations/turtlebot3_simulations) by extension 'colcon_meta'
[2.009s] Level 1:colcon.colcon_core.package_identification:_identify(src/turtlebot3/turtlebot3_simulations/turtlebot3_simulations) by extensions ['ros']
[2.009s] Level 1:colcon.colcon_core.package_identification:_identify(src/turtlebot3/turtlebot3_simulations/turtlebot3_simulations) by extension 'ros'
[2.010s] DEBUG:colcon.colcon_core.package_identification:Package 'src/turtlebot3/turtlebot3_simulations/turtlebot3_simulations' with type 'ros.ament_cmake' and name 'turtlebot3_simulations'
[2.010s] Level 1:colcon.colcon_core.package_identification:_identify(src/turtlebot3/turtlebot3_teleop) by extensions ['ignore', 'ignore_ament_install']
[2.010s] Level 1:colcon.colcon_core.package_identification:_identify(src/turtlebot3/turtlebot3_teleop) by extension 'ignore'
[2.010s] Level 1:colcon.colcon_core.package_identification:_identify(src/turtlebot3/turtlebot3_teleop) by extension 'ignore_ament_install'
[2.010s] Level 1:colcon.colcon_core.package_identification:_identify(src/turtlebot3/turtlebot3_teleop) by extensions ['colcon_pkg']
[2.010s] Level 1:colcon.colcon_core.package_identification:_identify(src/turtlebot3/turtlebot3_teleop) by extension 'colcon_pkg'
[2.011s] Level 1:colcon.colcon_core.package_identification:_identify(src/turtlebot3/turtlebot3_teleop) by extensions ['colcon_meta']
[2.011s] Level 1:colcon.colcon_core.package_identification:_identify(src/turtlebot3/turtlebot3_teleop) by extension 'colcon_meta'
[2.011s] Level 1:colcon.colcon_core.package_identification:_identify(src/turtlebot3/turtlebot3_teleop) by extensions ['ros']
[2.011s] Level 1:colcon.colcon_core.package_identification:_identify(src/turtlebot3/turtlebot3_teleop) by extension 'ros'
[2.012s] DEBUG:colcon.colcon_core.package_identification:Package 'src/turtlebot3/turtlebot3_teleop' with type 'ros.ament_python' and name 'turtlebot3_teleop'
[2.012s] Level 1:colcon.colcon_core.package_identification:_identify(src/turtlebot3/utils) by extensions ['ignore', 'ignore_ament_install']
[2.012s] Level 1:colcon.colcon_core.package_identification:_identify(src/turtlebot3/utils) by extension 'ignore'
[2.012s] Level 1:colcon.colcon_core.package_identification:_identify(src/turtlebot3/utils) by extension 'ignore_ament_install'
[2.012s] Level 1:colcon.colcon_core.package_identification:_identify(src/turtlebot3/utils) by extensions ['colcon_pkg']
[2.012s] Level 1:colcon.colcon_core.package_identification:_identify(src/turtlebot3/utils) by extension 'colcon_pkg'
[2.012s] Level 1:colcon.colcon_core.package_identification:_identify(src/turtlebot3/utils) by extensions ['colcon_meta']
[2.012s] Level 1:colcon.colcon_core.package_identification:_identify(src/turtlebot3/utils) by extension 'colcon_meta'
[2.012s] Level 1:colcon.colcon_core.package_identification:_identify(src/turtlebot3/utils) by extensions ['ros']
[2.012s] Level 1:colcon.colcon_core.package_identification:_identify(src/turtlebot3/utils) by extension 'ros'
[2.013s] Level 1:colcon.colcon_core.package_identification:_identify(src/turtlebot3/utils) by extensions ['cmake', 'python']
[2.013s] Level 1:colcon.colcon_core.package_identification:_identify(src/turtlebot3/utils) by extension 'cmake'
[2.013s] Level 1:colcon.colcon_core.package_identification:_identify(src/turtlebot3/utils) by extension 'python'
[2.013s] Level 1:colcon.colcon_core.package_identification:_identify(src/turtlebot3/utils) by extensions ['python_setup_py']
[2.013s] Level 1:colcon.colcon_core.package_identification:_identify(src/turtlebot3/utils) by extension 'python_setup_py'
[2.013s] Level 1:colcon.colcon_core.package_identification:_identify(src/turtlebot3/utils/DynamixelSDK) by extensions ['ignore', 'ignore_ament_install']
[2.013s] Level 1:colcon.colcon_core.package_identification:_identify(src/turtlebot3/utils/DynamixelSDK) by extension 'ignore'
[2.013s] Level 1:colcon.colcon_core.package_identification:_identify(src/turtlebot3/utils/DynamixelSDK) by extension 'ignore_ament_install'
[2.013s] Level 1:colcon.colcon_core.package_identification:_identify(src/turtlebot3/utils/DynamixelSDK) by extensions ['colcon_pkg']
[2.013s] Level 1:colcon.colcon_core.package_identification:_identify(src/turtlebot3/utils/DynamixelSDK) by extension 'colcon_pkg'
[2.013s] Level 1:colcon.colcon_core.package_identification:_identify(src/turtlebot3/utils/DynamixelSDK) by extensions ['colcon_meta']
[2.013s] Level 1:colcon.colcon_core.package_identification:_identify(src/turtlebot3/utils/DynamixelSDK) by extension 'colcon_meta'
[2.014s] Level 1:colcon.colcon_core.package_identification:_identify(src/turtlebot3/utils/DynamixelSDK) by extensions ['ros']
[2.014s] Level 1:colcon.colcon_core.package_identification:_identify(src/turtlebot3/utils/DynamixelSDK) by extension 'ros'
[2.014s] Level 1:colcon.colcon_core.package_identification:_identify(src/turtlebot3/utils/DynamixelSDK) by extensions ['cmake', 'python']
[2.014s] Level 1:colcon.colcon_core.package_identification:_identify(src/turtlebot3/utils/DynamixelSDK) by extension 'cmake'
[2.014s] Level 1:colcon.colcon_core.package_identification:_identify(src/turtlebot3/utils/DynamixelSDK) by extension 'python'
[2.014s] Level 1:colcon.colcon_core.package_identification:_identify(src/turtlebot3/utils/DynamixelSDK) by extensions ['python_setup_py']
[2.014s] Level 1:colcon.colcon_core.package_identification:_identify(src/turtlebot3/utils/DynamixelSDK) by extension 'python_setup_py'
[2.014s] Level 1:colcon.colcon_core.package_identification:_identify(src/turtlebot3/utils/DynamixelSDK/dynamixel_sdk) by extensions ['ignore', 'ignore_ament_install']
[2.014s] Level 1:colcon.colcon_core.package_identification:_identify(src/turtlebot3/utils/DynamixelSDK/dynamixel_sdk) by extension 'ignore'
[2.015s] Level 1:colcon.colcon_core.package_identification:_identify(src/turtlebot3/utils/DynamixelSDK/dynamixel_sdk) by extension 'ignore_ament_install'
[2.015s] Level 1:colcon.colcon_core.package_identification:_identify(src/turtlebot3/utils/DynamixelSDK/dynamixel_sdk) by extensions ['colcon_pkg']
[2.015s] Level 1:colcon.colcon_core.package_identification:_identify(src/turtlebot3/utils/DynamixelSDK/dynamixel_sdk) by extension 'colcon_pkg'
[2.015s] Level 1:colcon.colcon_core.package_identification:_identify(src/turtlebot3/utils/DynamixelSDK/dynamixel_sdk) by extensions ['colcon_meta']
[2.015s] Level 1:colcon.colcon_core.package_identification:_identify(src/turtlebot3/utils/DynamixelSDK/dynamixel_sdk) by extension 'colcon_meta'
[2.015s] Level 1:colcon.colcon_core.package_identification:_identify(src/turtlebot3/utils/DynamixelSDK/dynamixel_sdk) by extensions ['ros']
[2.015s] Level 1:colcon.colcon_core.package_identification:_identify(src/turtlebot3/utils/DynamixelSDK/dynamixel_sdk) by extension 'ros'
[2.016s] DEBUG:colcon.colcon_core.package_identification:Package 'src/turtlebot3/utils/DynamixelSDK/dynamixel_sdk' with type 'ros.ament_cmake' and name 'dynamixel_sdk'
[2.016s] Level 1:colcon.colcon_core.package_identification:_identify(src/turtlebot3/utils/DynamixelSDK/dynamixel_sdk_custom_interfaces) by extensions ['ignore', 'ignore_ament_install']
[2.016s] Level 1:colcon.colcon_core.package_identification:_identify(src/turtlebot3/utils/DynamixelSDK/dynamixel_sdk_custom_interfaces) by extension 'ignore'
[2.016s] Level 1:colcon.colcon_core.package_identification:_identify(src/turtlebot3/utils/DynamixelSDK/dynamixel_sdk_custom_interfaces) by extension 'ignore_ament_install'
[2.017s] Level 1:colcon.colcon_core.package_identification:_identify(src/turtlebot3/utils/DynamixelSDK/dynamixel_sdk_custom_interfaces) by extensions ['colcon_pkg']
[2.017s] Level 1:colcon.colcon_core.package_identification:_identify(src/turtlebot3/utils/DynamixelSDK/dynamixel_sdk_custom_interfaces) by extension 'colcon_pkg'
[2.017s] Level 1:colcon.colcon_core.package_identification:_identify(src/turtlebot3/utils/DynamixelSDK/dynamixel_sdk_custom_interfaces) by extensions ['colcon_meta']
[2.017s] Level 1:colcon.colcon_core.package_identification:_identify(src/turtlebot3/utils/DynamixelSDK/dynamixel_sdk_custom_interfaces) by extension 'colcon_meta'
[2.017s] Level 1:colcon.colcon_core.package_identification:_identify(src/turtlebot3/utils/DynamixelSDK/dynamixel_sdk_custom_interfaces) by extensions ['ros']
[2.017s] Level 1:colcon.colcon_core.package_identification:_identify(src/turtlebot3/utils/DynamixelSDK/dynamixel_sdk_custom_interfaces) by extension 'ros'
[2.018s] DEBUG:colcon.colcon_core.package_identification:Package 'src/turtlebot3/utils/DynamixelSDK/dynamixel_sdk_custom_interfaces' with type 'ros.ament_cmake' and name 'dynamixel_sdk_custom_interfaces'
[2.018s] Level 1:colcon.colcon_core.package_identification:_identify(src/turtlebot3/utils/DynamixelSDK/dynamixel_sdk_examples) by extensions ['ignore', 'ignore_ament_install']
[2.019s] Level 1:colcon.colcon_core.package_identification:_identify(src/turtlebot3/utils/DynamixelSDK/dynamixel_sdk_examples) by extension 'ignore'
[2.019s] Level 1:colcon.colcon_core.package_identification:_identify(src/turtlebot3/utils/DynamixelSDK/dynamixel_sdk_examples) by extension 'ignore_ament_install'
[2.019s] Level 1:colcon.colcon_core.package_identification:_identify(src/turtlebot3/utils/DynamixelSDK/dynamixel_sdk_examples) by extensions ['colcon_pkg']
[2.019s] Level 1:colcon.colcon_core.package_identification:_identify(src/turtlebot3/utils/DynamixelSDK/dynamixel_sdk_examples) by extension 'colcon_pkg'
[2.019s] Level 1:colcon.colcon_core.package_identification:_identify(src/turtlebot3/utils/DynamixelSDK/dynamixel_sdk_examples) by extensions ['colcon_meta']
[2.019s] Level 1:colcon.colcon_core.package_identification:_identify(src/turtlebot3/utils/DynamixelSDK/dynamixel_sdk_examples) by extension 'colcon_meta'
[2.019s] Level 1:colcon.colcon_core.package_identification:_identify(src/turtlebot3/utils/DynamixelSDK/dynamixel_sdk_examples) by extensions ['ros']
[2.019s] Level 1:colcon.colcon_core.package_identification:_identify(src/turtlebot3/utils/DynamixelSDK/dynamixel_sdk_examples) by extension 'ros'
[2.020s] DEBUG:colcon.colcon_core.package_identification:Package 'src/turtlebot3/utils/DynamixelSDK/dynamixel_sdk_examples' with type 'ros.ament_cmake' and name 'dynamixel_sdk_examples'
[2.020s] Level 1:colcon.colcon_core.package_discovery:discover_packages(recursive) using defaults
[2.021s] Level 1:colcon.colcon_core.package_discovery:discover_packages(ignore) discover
[2.021s] Level 1:colcon.colcon_core.package_discovery:discover_packages(ignore) using defaults
[2.021s] Level 1:colcon.colcon_core.package_discovery:discover_packages(path) discover
[2.021s] Level 1:colcon.colcon_core.package_discovery:discover_packages(path) using defaults
[2.142s] INFO:colcon.colcon_core.package_selection:Skipping not selected package 'dynamixel_sdk' in 'src/turtlebot3/utils/DynamixelSDK/dynamixel_sdk'
[2.142s] INFO:colcon.colcon_core.package_selection:Skipping not selected package 'dynamixel_sdk_custom_interfaces' in 'src/turtlebot3/utils/DynamixelSDK/dynamixel_sdk_custom_interfaces'
[2.142s] INFO:colcon.colcon_core.package_selection:Skipping not selected package 'lab01_pkg' in 'src/lab01_pkg'
[2.143s] INFO:colcon.colcon_core.package_selection:Skipping not selected package 'lab02_interfaces' in 'src/lab02_interfaces'
[2.143s] INFO:colcon.colcon_core.package_selection:Skipping not selected package 'py_pubsub' in 'src/py_pubsub'
[2.143s] INFO:colcon.colcon_core.package_selection:Skipping not selected package 'turtlebot3_cartographer' in 'src/turtlebot3/turtlebot3_cartographer'
[2.143s] INFO:colcon.colcon_core.package_selection:Skipping not selected package 'turtlebot3_description' in 'src/turtlebot3/turtlebot3_description'
[2.143s] INFO:colcon.colcon_core.package_selection:Skipping not selected package 'turtlebot3_gazebo' in 'src/turtlebot3/turtlebot3_simulations/turtlebot3_gazebo'
[2.143s] INFO:colcon.colcon_core.package_selection:Skipping not selected package 'turtlebot3_msgs' in 'src/turtlebot3/turtlebot3_msgs'
[2.143s] INFO:colcon.colcon_core.package_selection:Skipping not selected package 'turtlebot3_navigation2' in 'src/turtlebot3/turtlebot3_navigation2'
[2.143s] INFO:colcon.colcon_core.package_selection:Skipping not selected package 'turtlebot3_teleop' in 'src/turtlebot3/turtlebot3_teleop'
[2.143s] INFO:colcon.colcon_core.package_selection:Skipping not selected package 'turtlesim' in 'src/ros_tutorials/turtlesim'
[2.143s] INFO:colcon.colcon_core.package_selection:Skipping not selected package 'dynamixel_sdk_examples' in 'src/turtlebot3/utils/DynamixelSDK/dynamixel_sdk_examples'
[2.143s] INFO:colcon.colcon_core.package_selection:Skipping not selected package 'lab02_pkg_test' in 'src/lab02_pkg_test'
[2.143s] INFO:colcon.colcon_core.package_selection:Skipping not selected package 'turtlebot3_bringup' in 'src/turtlebot3/turtlebot3_bringup'
[2.143s] INFO:colcon.colcon_core.package_selection:Skipping not selected package 'turtlebot3_example' in 'src/turtlebot3/turtlebot3_example'
[2.143s] INFO:colcon.colcon_core.package_selection:Skipping not selected package 'turtlebot3_fake_node' in 'src/turtlebot3/turtlebot3_simulations/turtlebot3_fake_node'
[2.143s] INFO:colcon.colcon_core.package_selection:Skipping not selected package 'turtlebot3_hardware' in 'src/turtlebot3/turtlebot3_hardware'
[2.143s] INFO:colcon.colcon_core.package_selection:Skipping not selected package 'turtlebot3' in 'src/turtlebot3/turtlebot3'
[2.143s] INFO:colcon.colcon_core.package_selection:Skipping not selected package 'turtlebot3_simulations' in 'src/turtlebot3/turtlebot3_simulations/turtlebot3_simulations'
[2.196s] Level 1:colcon.colcon_core.package_discovery:discover_packages(prefix_path) check parameters
[2.196s] Level 1:colcon.colcon_core.package_discovery:discover_packages(prefix_path) discover
[2.253s] DEBUG:colcon.colcon_installed_package_information.package_discovery:Found 22 installed packages in /home/pederba/ros2_ws/install
[2.282s] DEBUG:colcon.colcon_installed_package_information.package_discovery:Found 373 installed packages in /opt/ros/humble
[2.285s] Level 1:colcon.colcon_core.package_discovery:discover_packages(prefix_path) using defaults
[2.460s] Level 5:colcon.colcon_core.verb:set package 'lab03_pkg' build argument 'cmake_args' from command line to 'None'
[2.460s] Level 5:colcon.colcon_core.verb:set package 'lab03_pkg' build argument 'cmake_target' from command line to 'None'
[2.460s] Level 5:colcon.colcon_core.verb:set package 'lab03_pkg' build argument 'cmake_target_skip_unavailable' from command line to 'False'
[2.460s] Level 5:colcon.colcon_core.verb:set package 'lab03_pkg' build argument 'cmake_clean_cache' from command line to 'False'
[2.460s] Level 5:colcon.colcon_core.verb:set package 'lab03_pkg' build argument 'cmake_clean_first' from command line to 'False'
[2.461s] Level 5:colcon.colcon_core.verb:set package 'lab03_pkg' build argument 'cmake_force_configure' from command line to 'False'
[2.461s] Level 5:colcon.colcon_core.verb:set package 'lab03_pkg' build argument 'ament_cmake_args' from command line to 'None'
[2.461s] Level 5:colcon.colcon_core.verb:set package 'lab03_pkg' build argument 'catkin_cmake_args' from command line to 'None'
[2.461s] Level 5:colcon.colcon_core.verb:set package 'lab03_pkg' build argument 'catkin_skip_building_tests' from command line to 'False'
[2.461s] DEBUG:colcon.colcon_core.verb:Building package 'lab03_pkg' with the following arguments: {'ament_cmake_args': None, 'build_base': '/home/pederba/ros2_ws/build/lab03_pkg', 'catkin_cmake_args': None, 'catkin_skip_building_tests': False, 'cmake_args': None, 'cmake_clean_cache': False, 'cmake_clean_first': False, 'cmake_force_configure': False, 'cmake_target': None, 'cmake_target_skip_unavailable': False, 'install_base': '/home/pederba/ros2_ws/install/lab03_pkg', 'merge_install': False, 'path': '/home/pederba/ros2_ws/src/lab03_pkg', 'symlink_install': False, 'test_result_base': None}
[2.491s] INFO:colcon.colcon_core.executor:Executing jobs using 'parallel' executor
[2.524s] DEBUG:colcon.colcon_parallel_executor.executor.parallel:run_until_complete
[2.524s] INFO:colcon.colcon_ros.task.ament_python.build:Building ROS package in '/home/pederba/ros2_ws/src/lab03_pkg' with build type 'ament_python'
[2.525s] Level 1:colcon.colcon_core.shell:create_environment_hook('lab03_pkg', 'ament_prefix_path')
[2.561s] INFO:colcon.colcon_core.plugin_system:Skipping extension 'colcon_core.shell.bat': Not used on non-Windows systems
[2.561s] INFO:colcon.colcon_core.shell:Creating environment hook '/home/pederba/ros2_ws/install/lab03_pkg/share/lab03_pkg/hook/ament_prefix_path.ps1'
[2.563s] INFO:colcon.colcon_core.shell:Creating environment descriptor '/home/pederba/ros2_ws/install/lab03_pkg/share/lab03_pkg/hook/ament_prefix_path.dsv'
[2.565s] INFO:colcon.colcon_core.shell:Creating environment hook '/home/pederba/ros2_ws/install/lab03_pkg/share/lab03_pkg/hook/ament_prefix_path.sh'
[2.602s] INFO:colcon.colcon_core.shell:Skip shell extension 'powershell' for command environment: Not usable outside of PowerShell
[2.602s] DEBUG:colcon.colcon_core.shell:Skip shell extension 'dsv' for command environment
[3.089s] INFO:colcon.colcon_core.task.python.build:Building Python package in '/home/pederba/ros2_ws/src/lab03_pkg'
[3.116s] INFO:colcon.colcon_core.shell:Skip shell extension 'powershell' for command environment: Not usable outside of PowerShell
[3.116s] DEBUG:colcon.colcon_core.shell:Skip shell extension 'dsv' for command environment
[4.297s] DEBUG:colcon.colcon_core.event_handler.log_command:Invoking command in '/home/pederba/ros2_ws/src/lab03_pkg': PYTHONPATH=/home/pederba/ros2_ws/build/lab03_pkg/prefix_override:/home/pederba/ros2_ws/install/lab03_pkg/lib/python3.10/site-packages:${PYTHONPATH} /usr/bin/python3 setup.py egg_info --egg-base ../../build/lab03_pkg build --build-base /home/pederba/ros2_ws/build/lab03_pkg/build install --record /home/pederba/ros2_ws/build/lab03_pkg/install.log --single-version-externally-managed
[5.277s] DEBUG:colcon.colcon_core.event_handler.log_command:Invoked command in '/home/pederba/ros2_ws/src/lab03_pkg' returned '0': PYTHONPATH=/home/pederba/ros2_ws/build/lab03_pkg/prefix_override:/home/pederba/ros2_ws/install/lab03_pkg/lib/python3.10/site-packages:${PYTHONPATH} /usr/bin/python3 setup.py egg_info --egg-base ../../build/lab03_pkg build --build-base /home/pederba/ros2_ws/build/lab03_pkg/build install --record /home/pederba/ros2_ws/build/lab03_pkg/install.log --single-version-externally-managed
[5.347s] Level 1:colcon.colcon_core.environment:checking '/home/pederba/ros2_ws/install/lab03_pkg' for CMake module files
[5.348s] Level 1:colcon.colcon_core.environment:checking '/home/pederba/ros2_ws/install/lab03_pkg' for CMake config files
[5.350s] Level 1:colcon.colcon_core.environment:checking '/home/pederba/ros2_ws/install/lab03_pkg/lib'
[5.351s] Level 1:colcon.colcon_core.environment:checking '/home/pederba/ros2_ws/install/lab03_pkg/bin'
[5.351s] Level 1:colcon.colcon_core.environment:checking '/home/pederba/ros2_ws/install/lab03_pkg/lib/pkgconfig/lab03_pkg.pc'
[5.351s] Level 1:colcon.colcon_core.environment:checking '/home/pederba/ros2_ws/install/lab03_pkg/lib/python3.10/site-packages'
[5.351s] Level 1:colcon.colcon_core.shell:create_environment_hook('lab03_pkg', 'pythonpath')
[5.379s] INFO:colcon.colcon_core.shell:Creating environment hook '/home/pederba/ros2_ws/install/lab03_pkg/share/lab03_pkg/hook/pythonpath.ps1'
[5.380s] INFO:colcon.colcon_core.shell:Creating environment descriptor '/home/pederba/ros2_ws/install/lab03_pkg/share/lab03_pkg/hook/pythonpath.dsv'
[5.380s] INFO:colcon.colcon_core.shell:Creating environment hook '/home/pederba/ros2_ws/install/lab03_pkg/share/lab03_pkg/hook/pythonpath.sh'
[5.381s] Level 1:colcon.colcon_core.environment:checking '/home/pederba/ros2_ws/install/lab03_pkg/bin'
[5.381s] Level 1:colcon.colcon_core.environment:create_environment_scripts_only(lab03_pkg)
[5.409s] INFO:colcon.colcon_core.shell:Creating package script '/home/pederba/ros2_ws/install/lab03_pkg/share/lab03_pkg/package.ps1'
[5.410s] INFO:colcon.colcon_core.shell:Creating package descriptor '/home/pederba/ros2_ws/install/lab03_pkg/share/lab03_pkg/package.dsv'
[5.411s] INFO:colcon.colcon_core.shell:Creating package script '/home/pederba/ros2_ws/install/lab03_pkg/share/lab03_pkg/package.sh'
[5.413s] INFO:colcon.colcon_core.shell:Creating package script '/home/pederba/ros2_ws/install/lab03_pkg/share/lab03_pkg/package.bash'
[5.414s] INFO:colcon.colcon_core.shell:Creating package script '/home/pederba/ros2_ws/install/lab03_pkg/share/lab03_pkg/package.zsh'
[5.415s] Level 1:colcon.colcon_core.environment:create_file_with_runtime_dependencies(/home/pederba/ros2_ws/install/lab03_pkg/share/colcon-core/packages/lab03_pkg)
[5.415s] DEBUG:colcon.colcon_parallel_executor.executor.parallel:closing loop
[5.416s] DEBUG:colcon.colcon_parallel_executor.executor.parallel:loop closed
[5.416s] DEBUG:colcon.colcon_parallel_executor.executor.parallel:run_until_complete finished with '0'
[5.416s] DEBUG:colcon.colcon_core.event_reactor:joining thread
[5.474s] INFO:colcon.colcon_core.plugin_system:Skipping extension 'colcon_notification.desktop_notification.terminal_notifier': Not used on non-Darwin systems
[5.474s] INFO:colcon.colcon_core.plugin_system:Skipping extension 'colcon_notification.desktop_notification.win32': Not used on non-Windows systems
[5.475s] INFO:colcon.colcon_notification.desktop_notification:Sending desktop notification using 'notify2'
[5.496s] DEBUG:colcon.colcon_core.event_reactor:joined thread
[5.528s] INFO:colcon.colcon_core.shell:Creating prefix script '/home/pederba/ros2_ws/install/local_setup.ps1'
[5.530s] INFO:colcon.colcon_core.shell:Creating prefix util module '/home/pederba/ros2_ws/install/_local_setup_util_ps1.py'
[5.531s] INFO:colcon.colcon_core.shell:Creating prefix chain script '/home/pederba/ros2_ws/install/setup.ps1'
[5.566s] INFO:colcon.colcon_core.shell:Creating prefix script '/home/pederba/ros2_ws/install/local_setup.sh'
[5.567s] INFO:colcon.colcon_core.shell:Creating prefix util module '/home/pederba/ros2_ws/install/_local_setup_util_sh.py'
[5.568s] INFO:colcon.colcon_core.shell:Creating prefix chain script '/home/pederba/ros2_ws/install/setup.sh'
[5.603s] INFO:colcon.colcon_core.shell:Creating prefix script '/home/pederba/ros2_ws/install/local_setup.bash'
[5.604s] INFO:colcon.colcon_core.shell:Creating prefix chain script '/home/pederba/ros2_ws/install/setup.bash'
[5.639s] INFO:colcon.colcon_core.shell:Creating prefix script '/home/pederba/ros2_ws/install/local_setup.zsh'
[5.639s] INFO:colcon.colcon_core.shell:Creating prefix chain script '/home/pederba/ros2_ws/install/setup.zsh'
