[5.280s] Invoking command in '/home/pederba/ros2_ws/src/py_pubsub': PYTHONPATH=/home/pederba/ros2_ws/build/py_pubsub/prefix_override:/home/pederba/ros2_ws/install/py_pubsub/lib/python3.10/site-packages:${PYTHONPATH} /usr/bin/python3 setup.py egg_info --egg-base ../../build/py_pubsub build --build-base /home/pederba/ros2_ws/build/py_pubsub/build install --record /home/pederba/ros2_ws/build/py_pubsub/install.log --single-version-externally-managed
[5.879s] running egg_info
[5.984s] writing ../../build/py_pubsub/py_pubsub.egg-info/PKG-INFO
[5.988s] writing dependency_links to ../../build/py_pubsub/py_pubsub.egg-info/dependency_links.txt
[5.990s] writing entry points to ../../build/py_pubsub/py_pubsub.egg-info/entry_points.txt
[5.992s] writing requirements to ../../build/py_pubsub/py_pubsub.egg-info/requires.txt
[5.994s] writing top-level names to ../../build/py_pubsub/py_pubsub.egg-info/top_level.txt
[6.114s] reading manifest file '../../build/py_pubsub/py_pubsub.egg-info/SOURCES.txt'
[6.116s] writing manifest file '../../build/py_pubsub/py_pubsub.egg-info/SOURCES.txt'
[6.118s] running build
[6.119s] running build_py
[6.122s] /home/pederba/.local/lib/python3.10/site-packages/setuptools/_distutils/cmd.py:66: SetuptoolsDeprecationWarning: setup.py install is deprecated.
[6.124s] !!
[6.126s] 
[6.127s]         ********************************************************************************
[6.129s]         Please avoid running ``setup.py`` directly.
[6.130s]         Instead, use pypa/build, pypa/installer or other
[6.131s]         standards-based tools.
[6.133s] 
[6.135s]         See https://blog.ganssle.io/articles/2021/10/setup-py-deprecated.html for details.
[6.135s]         ********************************************************************************
[6.136s] 
[6.136s] !!
[6.136s]   self.initialize_options()
[6.136s] running install
[6.138s] running install_lib
[6.193s] running install_data
[6.239s] running install_egg_info
[6.286s] removing '/home/pederba/ros2_ws/install/py_pubsub/lib/python3.10/site-packages/py_pubsub-0.0.0-py3.10.egg-info' (and everything under it)
[6.292s] Copying ../../build/py_pubsub/py_pubsub.egg-info to /home/pederba/ros2_ws/install/py_pubsub/lib/python3.10/site-packages/py_pubsub-0.0.0-py3.10.egg-info
[6.295s] running install_scripts
[6.744s] Installing listener script to /home/pederba/ros2_ws/install/py_pubsub/lib/py_pubsub
[6.751s] Installing talker script to /home/pederba/ros2_ws/install/py_pubsub/lib/py_pubsub
[6.751s] writing list of installed files to '/home/pederba/ros2_ws/build/py_pubsub/install.log'
[6.839s] Invoked command in '/home/pederba/ros2_ws/src/py_pubsub' returned '0': PYTHONPATH=/home/pederba/ros2_ws/build/py_pubsub/prefix_override:/home/pederba/ros2_ws/install/py_pubsub/lib/python3.10/site-packages:${PYTHONPATH} /usr/bin/python3 setup.py egg_info --egg-base ../../build/py_pubsub build --build-base /home/pederba/ros2_ws/build/py_pubsub/build install --record /home/pederba/ros2_ws/build/py_pubsub/install.log --single-version-externally-managed
