[5.445s] Invoking command in '/home/pederba/ros2_ws/src/py_pubsub': PYTHONPATH=/home/pederba/ros2_ws/build/py_pubsub/prefix_override:/home/pederba/ros2_ws/install/py_pubsub/lib/python3.10/site-packages:${PYTHONPATH} /usr/bin/python3 setup.py egg_info --egg-base ../../build/py_pubsub build --build-base /home/pederba/ros2_ws/build/py_pubsub/build install --record /home/pederba/ros2_ws/build/py_pubsub/install.log --single-version-externally-managed
[6.013s] running egg_info
[6.049s] writing ../../build/py_pubsub/py_pubsub.egg-info/PKG-INFO
[6.049s] writing dependency_links to ../../build/py_pubsub/py_pubsub.egg-info/dependency_links.txt
[6.050s] writing entry points to ../../build/py_pubsub/py_pubsub.egg-info/entry_points.txt
[6.050s] writing requirements to ../../build/py_pubsub/py_pubsub.egg-info/requires.txt
[6.051s] writing top-level names to ../../build/py_pubsub/py_pubsub.egg-info/top_level.txt
[6.109s] reading manifest file '../../build/py_pubsub/py_pubsub.egg-info/SOURCES.txt'
[6.111s] writing manifest file '../../build/py_pubsub/py_pubsub.egg-info/SOURCES.txt'
[6.111s] running build
[6.111s] running build_py
[6.112s] running install
[6.113s] /home/pederba/.local/lib/python3.10/site-packages/setuptools/_distutils/cmd.py:66: SetuptoolsDeprecationWarning: setup.py install is deprecated.
[6.113s] !!
[6.113s] 
[6.113s]         ********************************************************************************
[6.113s]         Please avoid running ``setup.py`` directly.
[6.113s]         Instead, use pypa/build, pypa/installer or other
[6.114s]         standards-based tools.
[6.114s] 
[6.114s]         See https://blog.ganssle.io/articles/2021/10/setup-py-deprecated.html for details.
[6.114s]         ********************************************************************************
[6.114s] 
[6.114s] !!
[6.115s]   self.initialize_options()
[6.124s] running install_lib
[6.154s] running install_data
[6.182s] running install_egg_info
[6.212s] removing '/home/pederba/ros2_ws/install/py_pubsub/lib/python3.10/site-packages/py_pubsub-0.0.0-py3.10.egg-info' (and everything under it)
[6.212s] Copying ../../build/py_pubsub/py_pubsub.egg-info to /home/pederba/ros2_ws/install/py_pubsub/lib/python3.10/site-packages/py_pubsub-0.0.0-py3.10.egg-info
[6.215s] running install_scripts
[6.514s] Installing listener script to /home/pederba/ros2_ws/install/py_pubsub/lib/py_pubsub
[6.515s] Installing talker script to /home/pederba/ros2_ws/install/py_pubsub/lib/py_pubsub
[6.516s] writing list of installed files to '/home/pederba/ros2_ws/build/py_pubsub/install.log'
[6.647s] Invoked command in '/home/pederba/ros2_ws/src/py_pubsub' returned '0': PYTHONPATH=/home/pederba/ros2_ws/build/py_pubsub/prefix_override:/home/pederba/ros2_ws/install/py_pubsub/lib/python3.10/site-packages:${PYTHONPATH} /usr/bin/python3 setup.py egg_info --egg-base ../../build/py_pubsub build --build-base /home/pederba/ros2_ws/build/py_pubsub/build install --record /home/pederba/ros2_ws/build/py_pubsub/install.log --single-version-externally-managed
