[1.013s] Invoking command in '/home/pederba/ros2_ws/build/turtlebot3_bringup': CMAKE_PREFIX_PATH=/home/pederba/ros2_ws/install/turtlebot3_description:/home/pederba/ros2_ws/install/turtlesim:/home/pederba/ros2_ws/install/turtlebot3:/home/pederba/ros2_ws/install/turtlebot3_simulations:/home/pederba/ros2_ws/install/turtlebot3_navigation2:/home/pederba/ros2_ws/install/turtlebot3_fake_node:/home/pederba/ros2_ws/install/turtlebot3_msgs:/home/pederba/ros2_ws/install/turtlebot3_hardware:/home/pederba/ros2_ws/install/turtlebot3_gazebo:/home/pederba/ros2_ws/install/turtlebot3_bringup:/home/pederba/ros2_ws/install/turtlebot3_cartographer:/home/pederba/ros2_ws/install/lab02_interfaces:/home/pederba/ros2_ws/install/dynamixel_sdk_examples:/home/pederba/ros2_ws/install/dynamixel_sdk_custom_interfaces:/home/pederba/ros2_ws/install/dynamixel_sdk:/home/pederba/ros2_ws/install/lab02_pkg_test:/home/pederba/ros2_ws/install/turtlebot3_teleop:/home/pederba/ros2_ws/install/turtlebot3_example:/home/pederba/ros2_ws/install/py_pubsub:/home/pederba/ros2_ws/install/lab03_pkg:/home/pederba/ros2_ws/install/lab02_pkg:/home/pederba/ros2_ws/install/lab01_pkg:/opt/ros/humble /usr/bin/cmake /home/pederba/ros2_ws/src/turtlebot3/turtlebot3_bringup -DCMAKE_INSTALL_PREFIX=/home/pederba/ros2_ws/install/turtlebot3_bringup
[1.246s] -- The C compiler identification is GNU 11.4.0
[1.502s] -- The CXX compiler identification is GNU 11.4.0
[1.546s] -- Detecting C compiler ABI info
[2.189s] -- Detecting C compiler ABI info - done
[2.231s] -- Check for working C compiler: /usr/bin/cc - skipped
[2.233s] -- Detecting C compile features
[2.234s] -- Detecting C compile features - done
[2.246s] -- Detecting CXX compiler ABI info
[2.993s] -- Detecting CXX compiler ABI info - done
[3.057s] -- Check for working CXX compiler: /usr/bin/c++ - skipped
[3.059s] -- Detecting CXX compile features
[3.062s] -- Detecting CXX compile features - done
[3.095s] -- Found ament_cmake: 1.3.5 (/opt/ros/humble/share/ament_cmake/cmake)
[6.099s] -- Found Python3: /usr/bin/python3.10 (found version "3.10.12") found components: Interpreter 
[7.539s] -- Configuring done
[7.558s] -- Generating done
[7.576s] -- Build files have been written to: /home/pederba/ros2_ws/build/turtlebot3_bringup
[7.639s] Invoked command in '/home/pederba/ros2_ws/build/turtlebot3_bringup' returned '0': CMAKE_PREFIX_PATH=/home/pederba/ros2_ws/install/turtlebot3_description:/home/pederba/ros2_ws/install/turtlesim:/home/pederba/ros2_ws/install/turtlebot3:/home/pederba/ros2_ws/install/turtlebot3_simulations:/home/pederba/ros2_ws/install/turtlebot3_navigation2:/home/pederba/ros2_ws/install/turtlebot3_fake_node:/home/pederba/ros2_ws/install/turtlebot3_msgs:/home/pederba/ros2_ws/install/turtlebot3_hardware:/home/pederba/ros2_ws/install/turtlebot3_gazebo:/home/pederba/ros2_ws/install/turtlebot3_bringup:/home/pederba/ros2_ws/install/turtlebot3_cartographer:/home/pederba/ros2_ws/install/lab02_interfaces:/home/pederba/ros2_ws/install/dynamixel_sdk_examples:/home/pederba/ros2_ws/install/dynamixel_sdk_custom_interfaces:/home/pederba/ros2_ws/install/dynamixel_sdk:/home/pederba/ros2_ws/install/lab02_pkg_test:/home/pederba/ros2_ws/install/turtlebot3_teleop:/home/pederba/ros2_ws/install/turtlebot3_example:/home/pederba/ros2_ws/install/py_pubsub:/home/pederba/ros2_ws/install/lab03_pkg:/home/pederba/ros2_ws/install/lab02_pkg:/home/pederba/ros2_ws/install/lab01_pkg:/opt/ros/humble /usr/bin/cmake /home/pederba/ros2_ws/src/turtlebot3/turtlebot3_bringup -DCMAKE_INSTALL_PREFIX=/home/pederba/ros2_ws/install/turtlebot3_bringup
[7.640s] Invoking command in '/home/pederba/ros2_ws/build/turtlebot3_bringup': CMAKE_PREFIX_PATH=/home/pederba/ros2_ws/install/turtlebot3_description:/home/pederba/ros2_ws/install/turtlesim:/home/pederba/ros2_ws/install/turtlebot3:/home/pederba/ros2_ws/install/turtlebot3_simulations:/home/pederba/ros2_ws/install/turtlebot3_navigation2:/home/pederba/ros2_ws/install/turtlebot3_fake_node:/home/pederba/ros2_ws/install/turtlebot3_msgs:/home/pederba/ros2_ws/install/turtlebot3_hardware:/home/pederba/ros2_ws/install/turtlebot3_gazebo:/home/pederba/ros2_ws/install/turtlebot3_bringup:/home/pederba/ros2_ws/install/turtlebot3_cartographer:/home/pederba/ros2_ws/install/lab02_interfaces:/home/pederba/ros2_ws/install/dynamixel_sdk_examples:/home/pederba/ros2_ws/install/dynamixel_sdk_custom_interfaces:/home/pederba/ros2_ws/install/dynamixel_sdk:/home/pederba/ros2_ws/install/lab02_pkg_test:/home/pederba/ros2_ws/install/turtlebot3_teleop:/home/pederba/ros2_ws/install/turtlebot3_example:/home/pederba/ros2_ws/install/py_pubsub:/home/pederba/ros2_ws/install/lab03_pkg:/home/pederba/ros2_ws/install/lab02_pkg:/home/pederba/ros2_ws/install/lab01_pkg:/opt/ros/humble /usr/bin/cmake --build /home/pederba/ros2_ws/build/turtlebot3_bringup -- -j8 -l8
[10.296s] Invoked command in '/home/pederba/ros2_ws/build/turtlebot3_bringup' returned '0': CMAKE_PREFIX_PATH=/home/pederba/ros2_ws/install/turtlebot3_description:/home/pederba/ros2_ws/install/turtlesim:/home/pederba/ros2_ws/install/turtlebot3:/home/pederba/ros2_ws/install/turtlebot3_simulations:/home/pederba/ros2_ws/install/turtlebot3_navigation2:/home/pederba/ros2_ws/install/turtlebot3_fake_node:/home/pederba/ros2_ws/install/turtlebot3_msgs:/home/pederba/ros2_ws/install/turtlebot3_hardware:/home/pederba/ros2_ws/install/turtlebot3_gazebo:/home/pederba/ros2_ws/install/turtlebot3_bringup:/home/pederba/ros2_ws/install/turtlebot3_cartographer:/home/pederba/ros2_ws/install/lab02_interfaces:/home/pederba/ros2_ws/install/dynamixel_sdk_examples:/home/pederba/ros2_ws/install/dynamixel_sdk_custom_interfaces:/home/pederba/ros2_ws/install/dynamixel_sdk:/home/pederba/ros2_ws/install/lab02_pkg_test:/home/pederba/ros2_ws/install/turtlebot3_teleop:/home/pederba/ros2_ws/install/turtlebot3_example:/home/pederba/ros2_ws/install/py_pubsub:/home/pederba/ros2_ws/install/lab03_pkg:/home/pederba/ros2_ws/install/lab02_pkg:/home/pederba/ros2_ws/install/lab01_pkg:/opt/ros/humble /usr/bin/cmake --build /home/pederba/ros2_ws/build/turtlebot3_bringup -- -j8 -l8
[10.691s] Invoking command in '/home/pederba/ros2_ws/build/turtlebot3_bringup': CMAKE_PREFIX_PATH=/home/pederba/ros2_ws/install/turtlebot3_description:/home/pederba/ros2_ws/install/turtlesim:/home/pederba/ros2_ws/install/turtlebot3:/home/pederba/ros2_ws/install/turtlebot3_simulations:/home/pederba/ros2_ws/install/turtlebot3_navigation2:/home/pederba/ros2_ws/install/turtlebot3_fake_node:/home/pederba/ros2_ws/install/turtlebot3_msgs:/home/pederba/ros2_ws/install/turtlebot3_hardware:/home/pederba/ros2_ws/install/turtlebot3_gazebo:/home/pederba/ros2_ws/install/turtlebot3_bringup:/home/pederba/ros2_ws/install/turtlebot3_cartographer:/home/pederba/ros2_ws/install/lab02_interfaces:/home/pederba/ros2_ws/install/dynamixel_sdk_examples:/home/pederba/ros2_ws/install/dynamixel_sdk_custom_interfaces:/home/pederba/ros2_ws/install/dynamixel_sdk:/home/pederba/ros2_ws/install/lab02_pkg_test:/home/pederba/ros2_ws/install/turtlebot3_teleop:/home/pederba/ros2_ws/install/turtlebot3_example:/home/pederba/ros2_ws/install/py_pubsub:/home/pederba/ros2_ws/install/lab03_pkg:/home/pederba/ros2_ws/install/lab02_pkg:/home/pederba/ros2_ws/install/lab01_pkg:/opt/ros/humble /usr/bin/cmake --install /home/pederba/ros2_ws/build/turtlebot3_bringup
[13.217s] -- Install configuration: ""
[13.218s] -- Installing: /home/pederba/ros2_ws/install/turtlebot3_bringup/share/turtlebot3_bringup/launch
[13.218s] -- Installing: /home/pederba/ros2_ws/install/turtlebot3_bringup/share/turtlebot3_bringup/launch/gazebo.launch.py
[13.218s] -- Installing: /home/pederba/ros2_ws/install/turtlebot3_bringup/share/turtlebot3_bringup/launch/lab03.launch.py
[13.218s] -- Installing: /home/pederba/ros2_ws/install/turtlebot3_bringup/share/turtlebot3_bringup/launch/hardware.launch.py
[13.218s] -- Installing: /home/pederba/ros2_ws/install/turtlebot3_bringup/share/turtlebot3_bringup/launch/fake.launch.py
[13.218s] -- Installing: /home/pederba/ros2_ws/install/turtlebot3_bringup/share/turtlebot3_bringup/launch/base.launch.py
[13.219s] -- Installing: /home/pederba/ros2_ws/install/turtlebot3_bringup/share/turtlebot3_bringup/config
[13.219s] -- Installing: /home/pederba/ros2_ws/install/turtlebot3_bringup/share/turtlebot3_bringup/config/burger
[13.219s] -- Installing: /home/pederba/ros2_ws/install/turtlebot3_bringup/share/turtlebot3_bringup/config/burger/twist_mux.yaml
[13.219s] -- Installing: /home/pederba/ros2_ws/install/turtlebot3_bringup/share/turtlebot3_bringup/config/burger/gazebo_controller_manager.yaml
[13.219s] -- Installing: /home/pederba/ros2_ws/install/turtlebot3_bringup/share/turtlebot3_bringup/config/burger/hardware_controller_manager.yaml
[13.219s] -- Installing: /home/pederba/ros2_ws/install/turtlebot3_bringup/share/turtlebot3_bringup/config/waffle_pi
[13.220s] -- Installing: /home/pederba/ros2_ws/install/turtlebot3_bringup/share/turtlebot3_bringup/config/waffle_pi/twist_mux.yaml
[13.220s] -- Installing: /home/pederba/ros2_ws/install/turtlebot3_bringup/share/turtlebot3_bringup/config/waffle_pi/gazebo_controller_manager.yaml
[13.220s] -- Installing: /home/pederba/ros2_ws/install/turtlebot3_bringup/share/turtlebot3_bringup/config/waffle_pi/hardware_controller_manager.yaml
[13.220s] -- Installing: /home/pederba/ros2_ws/install/turtlebot3_bringup/share/turtlebot3_bringup/script
[13.220s] -- Installing: /home/pederba/ros2_ws/install/turtlebot3_bringup/share/turtlebot3_bringup/script/99-turtlebot3-cdc.rules
[13.220s] -- Installing: /home/pederba/ros2_ws/install/turtlebot3_bringup/share/turtlebot3_bringup/script/create_udev_rules
[13.221s] -- Installing: /home/pederba/ros2_ws/install/turtlebot3_bringup/share/turtlebot3_bringup/worlds
[13.221s] -- Installing: /home/pederba/ros2_ws/install/turtlebot3_bringup/share/turtlebot3_bringup/worlds/lab03.world
[13.221s] -- Installing: /home/pederba/ros2_ws/install/turtlebot3_bringup/share/turtlebot3_bringup/worlds/empty_world.model
[13.221s] -- Installing: /home/pederba/ros2_ws/install/turtlebot3_bringup/share/turtlebot3_bringup/worlds/turtlebot3_world
[13.221s] -- Installing: /home/pederba/ros2_ws/install/turtlebot3_bringup/share/turtlebot3_bringup/worlds/turtlebot3_world/model-1_4.sdf
[13.222s] -- Installing: /home/pederba/ros2_ws/install/turtlebot3_bringup/share/turtlebot3_bringup/worlds/turtlebot3_world/model.sdf
[13.226s] -- Installing: /home/pederba/ros2_ws/install/turtlebot3_bringup/share/turtlebot3_bringup/worlds/turtlebot3_world/meshes
[13.226s] -- Installing: /home/pederba/ros2_ws/install/turtlebot3_bringup/share/turtlebot3_bringup/worlds/turtlebot3_world/meshes/wall.dae
[13.226s] -- Installing: /home/pederba/ros2_ws/install/turtlebot3_bringup/share/turtlebot3_bringup/worlds/turtlebot3_world/meshes/hexagon.dae
[13.226s] -- Installing: /home/pederba/ros2_ws/install/turtlebot3_bringup/share/turtlebot3_bringup/worlds/turtlebot3_world/model.config
[13.227s] -- Installing: /home/pederba/ros2_ws/install/turtlebot3_bringup/share/turtlebot3_bringup/worlds/turtlebot3_world.model
[13.227s] -- Installing: /home/pederba/ros2_ws/install/turtlebot3_bringup/share/turtlebot3_bringup/rviz
[13.227s] -- Installing: /home/pederba/ros2_ws/install/turtlebot3_bringup/share/turtlebot3_bringup/rviz/turtlebot3.rviz
[13.227s] -- Installing: /home/pederba/ros2_ws/install/turtlebot3_bringup/share/turtlebot3_bringup/environment/turtlebot3_bringup.dsv
[13.227s] -- Installing: /home/pederba/ros2_ws/install/turtlebot3_bringup/share/ament_index/resource_index/package_run_dependencies/turtlebot3_bringup
[13.227s] -- Installing: /home/pederba/ros2_ws/install/turtlebot3_bringup/share/ament_index/resource_index/parent_prefix_path/turtlebot3_bringup
[13.228s] -- Installing: /home/pederba/ros2_ws/install/turtlebot3_bringup/share/turtlebot3_bringup/environment/ament_prefix_path.sh
[13.228s] -- Installing: /home/pederba/ros2_ws/install/turtlebot3_bringup/share/turtlebot3_bringup/environment/ament_prefix_path.dsv
[13.228s] -- Installing: /home/pederba/ros2_ws/install/turtlebot3_bringup/share/turtlebot3_bringup/environment/path.sh
[13.228s] -- Installing: /home/pederba/ros2_ws/install/turtlebot3_bringup/share/turtlebot3_bringup/environment/path.dsv
[13.228s] -- Installing: /home/pederba/ros2_ws/install/turtlebot3_bringup/share/turtlebot3_bringup/local_setup.bash
[13.228s] -- Installing: /home/pederba/ros2_ws/install/turtlebot3_bringup/share/turtlebot3_bringup/local_setup.sh
[13.229s] -- Installing: /home/pederba/ros2_ws/install/turtlebot3_bringup/share/turtlebot3_bringup/local_setup.zsh
[13.229s] -- Installing: /home/pederba/ros2_ws/install/turtlebot3_bringup/share/turtlebot3_bringup/local_setup.dsv
[13.229s] -- Installing: /home/pederba/ros2_ws/install/turtlebot3_bringup/share/turtlebot3_bringup/package.dsv
[13.229s] -- Installing: /home/pederba/ros2_ws/install/turtlebot3_bringup/share/ament_index/resource_index/packages/turtlebot3_bringup
[13.229s] -- Installing: /home/pederba/ros2_ws/install/turtlebot3_bringup/share/turtlebot3_bringup/cmake/turtlebot3_bringupConfig.cmake
[13.229s] -- Installing: /home/pederba/ros2_ws/install/turtlebot3_bringup/share/turtlebot3_bringup/cmake/turtlebot3_bringupConfig-version.cmake
[13.230s] -- Installing: /home/pederba/ros2_ws/install/turtlebot3_bringup/share/turtlebot3_bringup/package.xml
[13.275s] Invoked command in '/home/pederba/ros2_ws/build/turtlebot3_bringup' returned '0': CMAKE_PREFIX_PATH=/home/pederba/ros2_ws/install/turtlebot3_description:/home/pederba/ros2_ws/install/turtlesim:/home/pederba/ros2_ws/install/turtlebot3:/home/pederba/ros2_ws/install/turtlebot3_simulations:/home/pederba/ros2_ws/install/turtlebot3_navigation2:/home/pederba/ros2_ws/install/turtlebot3_fake_node:/home/pederba/ros2_ws/install/turtlebot3_msgs:/home/pederba/ros2_ws/install/turtlebot3_hardware:/home/pederba/ros2_ws/install/turtlebot3_gazebo:/home/pederba/ros2_ws/install/turtlebot3_bringup:/home/pederba/ros2_ws/install/turtlebot3_cartographer:/home/pederba/ros2_ws/install/lab02_interfaces:/home/pederba/ros2_ws/install/dynamixel_sdk_examples:/home/pederba/ros2_ws/install/dynamixel_sdk_custom_interfaces:/home/pederba/ros2_ws/install/dynamixel_sdk:/home/pederba/ros2_ws/install/lab02_pkg_test:/home/pederba/ros2_ws/install/turtlebot3_teleop:/home/pederba/ros2_ws/install/turtlebot3_example:/home/pederba/ros2_ws/install/py_pubsub:/home/pederba/ros2_ws/install/lab03_pkg:/home/pederba/ros2_ws/install/lab02_pkg:/home/pederba/ros2_ws/install/lab01_pkg:/opt/ros/humble /usr/bin/cmake --install /home/pederba/ros2_ws/build/turtlebot3_bringup
