[1.782s] DEBUG:colcon:Command line arguments: ['/usr/bin/colcon', 'build', '--packages-select', 'lab01_pkg']
[1.782s] DEBUG:colcon:Parsed command line arguments: Namespace(log_base=None, log_level=None, verb_name='build', build_base='build', install_base='install', merge_install=False, symlink_install=False, test_result_base=None, continue_on_error=False, executor='parallel', parallel_workers=8, event_handlers=None, ignore_user_meta=False, metas=['./colcon.meta'], base_paths=['.'], packages_ignore=None, packages_ignore_regex=None, paths=None, packages_up_to=None, packages_up_to_regex=None, packages_above=None, packages_above_and_dependencies=None, packages_above_depth=None, packages_select_by_dep=None, packages_skip_by_dep=None, packages_skip_up_to=None, packages_select_build_failed=False, packages_skip_build_finished=False, packages_select_test_failures=False, packages_skip_test_passed=False, packages_select=['lab01_pkg'], packages_skip=None, packages_select_regex=None, packages_skip_regex=None, packages_start=None, packages_end=None, allow_overriding=[], cmake_args=None, cmake_target=None, cmake_target_skip_unavailable=False, cmake_clean_cache=False, cmake_clean_first=False, cmake_force_configure=False, ament_cmake_args=None, catkin_cmake_args=None, catkin_skip_building_tests=False, verb_parser=<colcon_defaults.argument_parser.defaults.DefaultArgumentsDecorator object at 0x7fd63bd1e290>, verb_extension=<colcon_core.verb.build.BuildVerb object at 0x7fd63bd1de10>, main=<bound method BuildVerb.main of <colcon_core.verb.build.BuildVerb object at 0x7fd63bd1de10>>)
[1.896s] Level 1:colcon.colcon_core.package_discovery:discover_packages(colcon_meta) check parameters
[1.896s] Level 1:colcon.colcon_core.package_discovery:discover_packages(recursive) check parameters
[1.896s] Level 1:colcon.colcon_core.package_discovery:discover_packages(ignore) check parameters
[1.896s] Level 1:colcon.colcon_core.package_discovery:discover_packages(path) check parameters
[1.896s] Level 1:colcon.colcon_core.package_discovery:discover_packages(colcon_meta) discover
[1.897s] Level 1:colcon.colcon_core.package_discovery:discover_packages(recursive) discover
[1.897s] INFO:colcon.colcon_core.package_discovery:Crawling recursively for packages in '/home/pederba/ros2_ws'
[1.897s] Level 1:colcon.colcon_core.package_identification:_identify(.) by extensions ['ignore', 'ignore_ament_install']
[1.897s] Level 1:colcon.colcon_core.package_identification:_identify(.) by extension 'ignore'
[1.897s] Level 1:colcon.colcon_core.package_identification:_identify(.) by extension 'ignore_ament_install'
[1.897s] Level 1:colcon.colcon_core.package_identification:_identify(.) by extensions ['colcon_pkg']
[1.897s] Level 1:colcon.colcon_core.package_identification:_identify(.) by extension 'colcon_pkg'
[1.897s] Level 1:colcon.colcon_core.package_identification:_identify(.) by extensions ['colcon_meta']
[1.898s] Level 1:colcon.colcon_core.package_identification:_identify(.) by extension 'colcon_meta'
[1.898s] Level 1:colcon.colcon_core.package_identification:_identify(.) by extensions ['ros']
[1.898s] Level 1:colcon.colcon_core.package_identification:_identify(.) by extension 'ros'
[1.921s] Level 1:colcon.colcon_core.package_identification:_identify(.) by extensions ['cmake', 'python']
[1.921s] Level 1:colcon.colcon_core.package_identification:_identify(.) by extension 'cmake'
[1.921s] Level 1:colcon.colcon_core.package_identification:_identify(.) by extension 'python'
[1.922s] Level 1:colcon.colcon_core.package_identification:_identify(.) by extensions ['python_setup_py']
[1.922s] Level 1:colcon.colcon_core.package_identification:_identify(.) by extension 'python_setup_py'
[1.922s] Level 1:colcon.colcon_core.package_identification:_identify(build) by extensions ['ignore', 'ignore_ament_install']
[1.922s] Level 1:colcon.colcon_core.package_identification:_identify(build) by extension 'ignore'
[1.922s] Level 1:colcon.colcon_core.package_identification:_identify(build) ignored
[1.922s] Level 1:colcon.colcon_core.package_identification:_identify(install) by extensions ['ignore', 'ignore_ament_install']
[1.923s] Level 1:colcon.colcon_core.package_identification:_identify(install) by extension 'ignore'
[1.923s] Level 1:colcon.colcon_core.package_identification:_identify(install) ignored
[1.923s] Level 1:colcon.colcon_core.package_identification:_identify(log) by extensions ['ignore', 'ignore_ament_install']
[1.923s] Level 1:colcon.colcon_core.package_identification:_identify(log) by extension 'ignore'
[1.923s] Level 1:colcon.colcon_core.package_identification:_identify(log) ignored
[1.923s] Level 1:colcon.colcon_core.package_identification:_identify(src) by extensions ['ignore', 'ignore_ament_install']
[1.923s] Level 1:colcon.colcon_core.package_identification:_identify(src) by extension 'ignore'
[1.923s] Level 1:colcon.colcon_core.package_identification:_identify(src) by extension 'ignore_ament_install'
[1.924s] Level 1:colcon.colcon_core.package_identification:_identify(src) by extensions ['colcon_pkg']
[1.924s] Level 1:colcon.colcon_core.package_identification:_identify(src) by extension 'colcon_pkg'
[1.924s] Level 1:colcon.colcon_core.package_identification:_identify(src) by extensions ['colcon_meta']
[1.924s] Level 1:colcon.colcon_core.package_identification:_identify(src) by extension 'colcon_meta'
[1.924s] Level 1:colcon.colcon_core.package_identification:_identify(src) by extensions ['ros']
[1.924s] Level 1:colcon.colcon_core.package_identification:_identify(src) by extension 'ros'
[1.924s] Level 1:colcon.colcon_core.package_identification:_identify(src) by extensions ['cmake', 'python']
[1.924s] Level 1:colcon.colcon_core.package_identification:_identify(src) by extension 'cmake'
[1.924s] Level 1:colcon.colcon_core.package_identification:_identify(src) by extension 'python'
[1.924s] Level 1:colcon.colcon_core.package_identification:_identify(src) by extensions ['python_setup_py']
[1.924s] Level 1:colcon.colcon_core.package_identification:_identify(src) by extension 'python_setup_py'
[1.925s] Level 1:colcon.colcon_core.package_identification:_identify(src/lab01_pkg) by extensions ['ignore', 'ignore_ament_install']
[1.925s] Level 1:colcon.colcon_core.package_identification:_identify(src/lab01_pkg) by extension 'ignore'
[1.925s] Level 1:colcon.colcon_core.package_identification:_identify(src/lab01_pkg) by extension 'ignore_ament_install'
[1.925s] Level 1:colcon.colcon_core.package_identification:_identify(src/lab01_pkg) by extensions ['colcon_pkg']
[1.925s] Level 1:colcon.colcon_core.package_identification:_identify(src/lab01_pkg) by extension 'colcon_pkg'
[1.925s] Level 1:colcon.colcon_core.package_identification:_identify(src/lab01_pkg) by extensions ['colcon_meta']
[1.925s] Level 1:colcon.colcon_core.package_identification:_identify(src/lab01_pkg) by extension 'colcon_meta'
[1.925s] Level 1:colcon.colcon_core.package_identification:_identify(src/lab01_pkg) by extensions ['ros']
[1.925s] Level 1:colcon.colcon_core.package_identification:_identify(src/lab01_pkg) by extension 'ros'
[1.929s] DEBUG:colcon.colcon_core.package_identification:Package 'src/lab01_pkg' with type 'ros.ament_python' and name 'lab01_pkg'
[1.929s] Level 1:colcon.colcon_core.package_identification:_identify(src/py_pubsub) by extensions ['ignore', 'ignore_ament_install']
[1.930s] Level 1:colcon.colcon_core.package_identification:_identify(src/py_pubsub) by extension 'ignore'
[1.930s] Level 1:colcon.colcon_core.package_identification:_identify(src/py_pubsub) by extension 'ignore_ament_install'
[1.930s] Level 1:colcon.colcon_core.package_identification:_identify(src/py_pubsub) by extensions ['colcon_pkg']
[1.930s] Level 1:colcon.colcon_core.package_identification:_identify(src/py_pubsub) by extension 'colcon_pkg'
[1.930s] Level 1:colcon.colcon_core.package_identification:_identify(src/py_pubsub) by extensions ['colcon_meta']
[1.930s] Level 1:colcon.colcon_core.package_identification:_identify(src/py_pubsub) by extension 'colcon_meta'
[1.930s] Level 1:colcon.colcon_core.package_identification:_identify(src/py_pubsub) by extensions ['ros']
[1.930s] Level 1:colcon.colcon_core.package_identification:_identify(src/py_pubsub) by extension 'ros'
[1.931s] DEBUG:colcon.colcon_core.package_identification:Package 'src/py_pubsub' with type 'ros.ament_python' and name 'py_pubsub'
[1.931s] Level 1:colcon.colcon_core.package_identification:_identify(src/ros_tutorials) by extensions ['ignore', 'ignore_ament_install']
[1.931s] Level 1:colcon.colcon_core.package_identification:_identify(src/ros_tutorials) by extension 'ignore'
[1.932s] Level 1:colcon.colcon_core.package_identification:_identify(src/ros_tutorials) by extension 'ignore_ament_install'
[1.932s] Level 1:colcon.colcon_core.package_identification:_identify(src/ros_tutorials) by extensions ['colcon_pkg']
[1.932s] Level 1:colcon.colcon_core.package_identification:_identify(src/ros_tutorials) by extension 'colcon_pkg'
[1.932s] Level 1:colcon.colcon_core.package_identification:_identify(src/ros_tutorials) by extensions ['colcon_meta']
[1.932s] Level 1:colcon.colcon_core.package_identification:_identify(src/ros_tutorials) by extension 'colcon_meta'
[1.932s] Level 1:colcon.colcon_core.package_identification:_identify(src/ros_tutorials) by extensions ['ros']
[1.932s] Level 1:colcon.colcon_core.package_identification:_identify(src/ros_tutorials) by extension 'ros'
[1.932s] Level 1:colcon.colcon_core.package_identification:_identify(src/ros_tutorials) by extensions ['cmake', 'python']
[1.932s] Level 1:colcon.colcon_core.package_identification:_identify(src/ros_tutorials) by extension 'cmake'
[1.932s] Level 1:colcon.colcon_core.package_identification:_identify(src/ros_tutorials) by extension 'python'
[1.932s] Level 1:colcon.colcon_core.package_identification:_identify(src/ros_tutorials) by extensions ['python_setup_py']
[1.932s] Level 1:colcon.colcon_core.package_identification:_identify(src/ros_tutorials) by extension 'python_setup_py'
[1.933s] Level 1:colcon.colcon_core.package_identification:_identify(src/ros_tutorials/ros_tutorials) by extensions ['ignore', 'ignore_ament_install']
[1.933s] Level 1:colcon.colcon_core.package_identification:_identify(src/ros_tutorials/ros_tutorials) by extension 'ignore'
[1.933s] Level 1:colcon.colcon_core.package_identification:_identify(src/ros_tutorials/ros_tutorials) ignored
[1.933s] Level 1:colcon.colcon_core.package_identification:_identify(src/ros_tutorials/roscpp_tutorials) by extensions ['ignore', 'ignore_ament_install']
[1.933s] Level 1:colcon.colcon_core.package_identification:_identify(src/ros_tutorials/roscpp_tutorials) by extension 'ignore'
[1.933s] Level 1:colcon.colcon_core.package_identification:_identify(src/ros_tutorials/roscpp_tutorials) ignored
[1.933s] Level 1:colcon.colcon_core.package_identification:_identify(src/ros_tutorials/rospy_tutorials) by extensions ['ignore', 'ignore_ament_install']
[1.934s] Level 1:colcon.colcon_core.package_identification:_identify(src/ros_tutorials/rospy_tutorials) by extension 'ignore'
[1.934s] Level 1:colcon.colcon_core.package_identification:_identify(src/ros_tutorials/rospy_tutorials) ignored
[1.934s] Level 1:colcon.colcon_core.package_identification:_identify(src/ros_tutorials/turtlesim) by extensions ['ignore', 'ignore_ament_install']
[1.934s] Level 1:colcon.colcon_core.package_identification:_identify(src/ros_tutorials/turtlesim) by extension 'ignore'
[1.934s] Level 1:colcon.colcon_core.package_identification:_identify(src/ros_tutorials/turtlesim) by extension 'ignore_ament_install'
[1.934s] Level 1:colcon.colcon_core.package_identification:_identify(src/ros_tutorials/turtlesim) by extensions ['colcon_pkg']
[1.934s] Level 1:colcon.colcon_core.package_identification:_identify(src/ros_tutorials/turtlesim) by extension 'colcon_pkg'
[1.935s] Level 1:colcon.colcon_core.package_identification:_identify(src/ros_tutorials/turtlesim) by extensions ['colcon_meta']
[1.935s] Level 1:colcon.colcon_core.package_identification:_identify(src/ros_tutorials/turtlesim) by extension 'colcon_meta'
[1.935s] Level 1:colcon.colcon_core.package_identification:_identify(src/ros_tutorials/turtlesim) by extensions ['ros']
[1.935s] Level 1:colcon.colcon_core.package_identification:_identify(src/ros_tutorials/turtlesim) by extension 'ros'
[1.937s] DEBUG:colcon.colcon_core.package_identification:Package 'src/ros_tutorials/turtlesim' with type 'ros.ament_cmake' and name 'turtlesim'
[1.937s] Level 1:colcon.colcon_core.package_discovery:discover_packages(recursive) using defaults
[1.937s] Level 1:colcon.colcon_core.package_discovery:discover_packages(ignore) discover
[1.937s] Level 1:colcon.colcon_core.package_discovery:discover_packages(ignore) using defaults
[1.937s] Level 1:colcon.colcon_core.package_discovery:discover_packages(path) discover
[1.937s] Level 1:colcon.colcon_core.package_discovery:discover_packages(path) using defaults
[2.058s] INFO:colcon.colcon_core.package_selection:Skipping not selected package 'py_pubsub' in 'src/py_pubsub'
[2.058s] INFO:colcon.colcon_core.package_selection:Skipping not selected package 'turtlesim' in 'src/ros_tutorials/turtlesim'
[2.115s] Level 1:colcon.colcon_core.package_discovery:discover_packages(prefix_path) check parameters
[2.115s] Level 1:colcon.colcon_core.package_discovery:discover_packages(prefix_path) discover
[2.178s] DEBUG:colcon.colcon_installed_package_information.package_discovery:Found 273 installed packages in /opt/ros/humble
[2.181s] Level 1:colcon.colcon_core.package_discovery:discover_packages(prefix_path) using defaults
[2.317s] Level 5:colcon.colcon_core.verb:set package 'lab01_pkg' build argument 'cmake_args' from command line to 'None'
[2.317s] Level 5:colcon.colcon_core.verb:set package 'lab01_pkg' build argument 'cmake_target' from command line to 'None'
[2.317s] Level 5:colcon.colcon_core.verb:set package 'lab01_pkg' build argument 'cmake_target_skip_unavailable' from command line to 'False'
[2.317s] Level 5:colcon.colcon_core.verb:set package 'lab01_pkg' build argument 'cmake_clean_cache' from command line to 'False'
[2.317s] Level 5:colcon.colcon_core.verb:set package 'lab01_pkg' build argument 'cmake_clean_first' from command line to 'False'
[2.317s] Level 5:colcon.colcon_core.verb:set package 'lab01_pkg' build argument 'cmake_force_configure' from command line to 'False'
[2.317s] Level 5:colcon.colcon_core.verb:set package 'lab01_pkg' build argument 'ament_cmake_args' from command line to 'None'
[2.317s] Level 5:colcon.colcon_core.verb:set package 'lab01_pkg' build argument 'catkin_cmake_args' from command line to 'None'
[2.317s] Level 5:colcon.colcon_core.verb:set package 'lab01_pkg' build argument 'catkin_skip_building_tests' from command line to 'False'
[2.317s] DEBUG:colcon.colcon_core.verb:Building package 'lab01_pkg' with the following arguments: {'ament_cmake_args': None, 'build_base': '/home/pederba/ros2_ws/build/lab01_pkg', 'catkin_cmake_args': None, 'catkin_skip_building_tests': False, 'cmake_args': None, 'cmake_clean_cache': False, 'cmake_clean_first': False, 'cmake_force_configure': False, 'cmake_target': None, 'cmake_target_skip_unavailable': False, 'install_base': '/home/pederba/ros2_ws/install/lab01_pkg', 'merge_install': False, 'path': '/home/pederba/ros2_ws/src/lab01_pkg', 'symlink_install': False, 'test_result_base': None}
[2.344s] INFO:colcon.colcon_core.executor:Executing jobs using 'parallel' executor
[2.373s] DEBUG:colcon.colcon_parallel_executor.executor.parallel:run_until_complete
[2.374s] INFO:colcon.colcon_ros.task.ament_python.build:Building ROS package in '/home/pederba/ros2_ws/src/lab01_pkg' with build type 'ament_python'
[2.374s] Level 1:colcon.colcon_core.shell:create_environment_hook('lab01_pkg', 'ament_prefix_path')
[2.412s] INFO:colcon.colcon_core.plugin_system:Skipping extension 'colcon_core.shell.bat': Not used on non-Windows systems
[2.413s] INFO:colcon.colcon_core.shell:Creating environment hook '/home/pederba/ros2_ws/install/lab01_pkg/share/lab01_pkg/hook/ament_prefix_path.ps1'
[2.414s] INFO:colcon.colcon_core.shell:Creating environment descriptor '/home/pederba/ros2_ws/install/lab01_pkg/share/lab01_pkg/hook/ament_prefix_path.dsv'
[2.414s] INFO:colcon.colcon_core.shell:Creating environment hook '/home/pederba/ros2_ws/install/lab01_pkg/share/lab01_pkg/hook/ament_prefix_path.sh'
[2.448s] INFO:colcon.colcon_core.shell:Skip shell extension 'powershell' for command environment: Not usable outside of PowerShell
[2.449s] DEBUG:colcon.colcon_core.shell:Skip shell extension 'dsv' for command environment
[2.924s] INFO:colcon.colcon_core.task.python.build:Building Python package in '/home/pederba/ros2_ws/src/lab01_pkg'
[2.972s] INFO:colcon.colcon_core.shell:Skip shell extension 'powershell' for command environment: Not usable outside of PowerShell
[2.972s] DEBUG:colcon.colcon_core.shell:Skip shell extension 'dsv' for command environment
[4.158s] DEBUG:colcon.colcon_core.event_handler.log_command:Invoking command in '/home/pederba/ros2_ws/src/lab01_pkg': PYTHONPATH=/home/pederba/ros2_ws/build/lab01_pkg/prefix_override:/home/pederba/ros2_ws/install/lab01_pkg/lib/python3.10/site-packages:${PYTHONPATH} /usr/bin/python3 setup.py egg_info --egg-base ../../build/lab01_pkg build --build-base /home/pederba/ros2_ws/build/lab01_pkg/build install --record /home/pederba/ros2_ws/build/lab01_pkg/install.log --single-version-externally-managed
[5.164s] DEBUG:colcon.colcon_core.event_handler.log_command:Invoked command in '/home/pederba/ros2_ws/src/lab01_pkg' returned '0': PYTHONPATH=/home/pederba/ros2_ws/build/lab01_pkg/prefix_override:/home/pederba/ros2_ws/install/lab01_pkg/lib/python3.10/site-packages:${PYTHONPATH} /usr/bin/python3 setup.py egg_info --egg-base ../../build/lab01_pkg build --build-base /home/pederba/ros2_ws/build/lab01_pkg/build install --record /home/pederba/ros2_ws/build/lab01_pkg/install.log --single-version-externally-managed
[5.217s] Level 1:colcon.colcon_core.environment:checking '/home/pederba/ros2_ws/install/lab01_pkg' for CMake module files
[5.219s] Level 1:colcon.colcon_core.environment:checking '/home/pederba/ros2_ws/install/lab01_pkg' for CMake config files
[5.221s] Level 1:colcon.colcon_core.environment:checking '/home/pederba/ros2_ws/install/lab01_pkg/lib'
[5.222s] Level 1:colcon.colcon_core.environment:checking '/home/pederba/ros2_ws/install/lab01_pkg/bin'
[5.222s] Level 1:colcon.colcon_core.environment:checking '/home/pederba/ros2_ws/install/lab01_pkg/lib/pkgconfig/lab01_pkg.pc'
[5.223s] Level 1:colcon.colcon_core.environment:checking '/home/pederba/ros2_ws/install/lab01_pkg/lib/python3.10/site-packages'
[5.223s] Level 1:colcon.colcon_core.shell:create_environment_hook('lab01_pkg', 'pythonpath')
[5.260s] INFO:colcon.colcon_core.shell:Creating environment hook '/home/pederba/ros2_ws/install/lab01_pkg/share/lab01_pkg/hook/pythonpath.ps1'
[5.261s] INFO:colcon.colcon_core.shell:Creating environment descriptor '/home/pederba/ros2_ws/install/lab01_pkg/share/lab01_pkg/hook/pythonpath.dsv'
[5.262s] INFO:colcon.colcon_core.shell:Creating environment hook '/home/pederba/ros2_ws/install/lab01_pkg/share/lab01_pkg/hook/pythonpath.sh'
[5.263s] Level 1:colcon.colcon_core.environment:checking '/home/pederba/ros2_ws/install/lab01_pkg/bin'
[5.263s] Level 1:colcon.colcon_core.environment:create_environment_scripts_only(lab01_pkg)
[5.291s] INFO:colcon.colcon_core.shell:Creating package script '/home/pederba/ros2_ws/install/lab01_pkg/share/lab01_pkg/package.ps1'
[5.293s] INFO:colcon.colcon_core.shell:Creating package descriptor '/home/pederba/ros2_ws/install/lab01_pkg/share/lab01_pkg/package.dsv'
[5.294s] INFO:colcon.colcon_core.shell:Creating package script '/home/pederba/ros2_ws/install/lab01_pkg/share/lab01_pkg/package.sh'
[5.295s] INFO:colcon.colcon_core.shell:Creating package script '/home/pederba/ros2_ws/install/lab01_pkg/share/lab01_pkg/package.bash'
[5.296s] INFO:colcon.colcon_core.shell:Creating package script '/home/pederba/ros2_ws/install/lab01_pkg/share/lab01_pkg/package.zsh'
[5.297s] Level 1:colcon.colcon_core.environment:create_file_with_runtime_dependencies(/home/pederba/ros2_ws/install/lab01_pkg/share/colcon-core/packages/lab01_pkg)
[5.298s] DEBUG:colcon.colcon_parallel_executor.executor.parallel:closing loop
[5.298s] DEBUG:colcon.colcon_parallel_executor.executor.parallel:loop closed
[5.298s] DEBUG:colcon.colcon_parallel_executor.executor.parallel:run_until_complete finished with '0'
[5.298s] DEBUG:colcon.colcon_core.event_reactor:joining thread
[5.375s] INFO:colcon.colcon_core.plugin_system:Skipping extension 'colcon_notification.desktop_notification.terminal_notifier': Not used on non-Darwin systems
[5.376s] INFO:colcon.colcon_core.plugin_system:Skipping extension 'colcon_notification.desktop_notification.win32': Not used on non-Windows systems
[5.376s] INFO:colcon.colcon_notification.desktop_notification:Sending desktop notification using 'notify2'
[5.401s] DEBUG:colcon.colcon_core.event_reactor:joined thread
[5.437s] INFO:colcon.colcon_core.shell:Creating prefix script '/home/pederba/ros2_ws/install/local_setup.ps1'
[5.440s] INFO:colcon.colcon_core.shell:Creating prefix util module '/home/pederba/ros2_ws/install/_local_setup_util_ps1.py'
[5.442s] INFO:colcon.colcon_core.shell:Creating prefix chain script '/home/pederba/ros2_ws/install/setup.ps1'
[5.475s] INFO:colcon.colcon_core.shell:Creating prefix script '/home/pederba/ros2_ws/install/local_setup.sh'
[5.477s] INFO:colcon.colcon_core.shell:Creating prefix util module '/home/pederba/ros2_ws/install/_local_setup_util_sh.py'
[5.478s] INFO:colcon.colcon_core.shell:Creating prefix chain script '/home/pederba/ros2_ws/install/setup.sh'
[5.510s] INFO:colcon.colcon_core.shell:Creating prefix script '/home/pederba/ros2_ws/install/local_setup.bash'
[5.511s] INFO:colcon.colcon_core.shell:Creating prefix chain script '/home/pederba/ros2_ws/install/setup.bash'
[5.541s] INFO:colcon.colcon_core.shell:Creating prefix script '/home/pederba/ros2_ws/install/local_setup.zsh'
[5.542s] INFO:colcon.colcon_core.shell:Creating prefix chain script '/home/pederba/ros2_ws/install/setup.zsh'
