[0.697s] Invoking command in '/home/pederba/ros2_ws/build/dynamixel_sdk': CMAKE_PREFIX_PATH=${CMAKE_PREFIX_PATH}:/home/pederba/ros2_ws/install/lab02_pkg_test:/home/pederba/ros2_ws/install/turtlebot3_teleop:/home/pederba/ros2_ws/install/turtlebot3_example:/home/pederba/ros2_ws/install/py_pubsub:/home/pederba/ros2_ws/install/lab02_pkg:/home/pederba/ros2_ws/install/lab01_pkg:/opt/ros/humble /usr/bin/cmake --build /home/pederba/ros2_ws/build/dynamixel_sdk -- -j8 -l8
[0.845s] [100%] Built target dynamixel_sdk
[0.893s] Invoked command in '/home/pederba/ros2_ws/build/dynamixel_sdk' returned '0': CMAKE_PREFIX_PATH=${CMAKE_PREFIX_PATH}:/home/pederba/ros2_ws/install/lab02_pkg_test:/home/pederba/ros2_ws/install/turtlebot3_teleop:/home/pederba/ros2_ws/install/turtlebot3_example:/home/pederba/ros2_ws/install/py_pubsub:/home/pederba/ros2_ws/install/lab02_pkg:/home/pederba/ros2_ws/install/lab01_pkg:/opt/ros/humble /usr/bin/cmake --build /home/pederba/ros2_ws/build/dynamixel_sdk -- -j8 -l8
[1.759s] Invoking command in '/home/pederba/ros2_ws/build/dynamixel_sdk': CMAKE_PREFIX_PATH=${CMAKE_PREFIX_PATH}:/home/pederba/ros2_ws/install/lab02_pkg_test:/home/pederba/ros2_ws/install/turtlebot3_teleop:/home/pederba/ros2_ws/install/turtlebot3_example:/home/pederba/ros2_ws/install/py_pubsub:/home/pederba/ros2_ws/install/lab02_pkg:/home/pederba/ros2_ws/install/lab01_pkg:/opt/ros/humble /usr/bin/cmake --install /home/pederba/ros2_ws/build/dynamixel_sdk
[1.944s] -- Install configuration: ""
[1.944s] -- Up-to-date: /home/pederba/ros2_ws/install/dynamixel_sdk/include/
[1.944s] -- Up-to-date: /home/pederba/ros2_ws/install/dynamixel_sdk/include//dynamixel_sdk
[1.944s] -- Up-to-date: /home/pederba/ros2_ws/install/dynamixel_sdk/include//dynamixel_sdk/protocol1_packet_handler.h
[1.945s] -- Up-to-date: /home/pederba/ros2_ws/install/dynamixel_sdk/include//dynamixel_sdk/group_bulk_read.h
[1.945s] -- Up-to-date: /home/pederba/ros2_ws/install/dynamixel_sdk/include//dynamixel_sdk/group_sync_write.h
[1.945s] -- Up-to-date: /home/pederba/ros2_ws/install/dynamixel_sdk/include//dynamixel_sdk/port_handler_windows.h
[1.945s] -- Up-to-date: /home/pederba/ros2_ws/install/dynamixel_sdk/include//dynamixel_sdk/group_sync_read.h
[1.945s] -- Up-to-date: /home/pederba/ros2_ws/install/dynamixel_sdk/include//dynamixel_sdk/group_bulk_write.h
[1.946s] -- Up-to-date: /home/pederba/ros2_ws/install/dynamixel_sdk/include//dynamixel_sdk/dynamixel_sdk.h
[1.946s] -- Up-to-date: /home/pederba/ros2_ws/install/dynamixel_sdk/include//dynamixel_sdk/protocol2_packet_handler.h
[1.946s] -- Up-to-date: /home/pederba/ros2_ws/install/dynamixel_sdk/include//dynamixel_sdk/port_handler_linux.h
[1.947s] -- Up-to-date: /home/pederba/ros2_ws/install/dynamixel_sdk/include//dynamixel_sdk/port_handler_arduino.h
[1.947s] -- Up-to-date: /home/pederba/ros2_ws/install/dynamixel_sdk/include//dynamixel_sdk/port_handler_mac.h
[1.947s] -- Up-to-date: /home/pederba/ros2_ws/install/dynamixel_sdk/include//dynamixel_sdk/port_handler.h
[1.947s] -- Up-to-date: /home/pederba/ros2_ws/install/dynamixel_sdk/include//dynamixel_sdk/packet_handler.h
[1.947s] -- Up-to-date: /home/pederba/ros2_ws/install/dynamixel_sdk/lib/libdynamixel_sdk.so
[1.947s] -- Up-to-date: /home/pederba/ros2_ws/install/dynamixel_sdk/share/dynamixel_sdk/environment/library_path.sh
[1.948s] -- Up-to-date: /home/pederba/ros2_ws/install/dynamixel_sdk/share/dynamixel_sdk/environment/library_path.dsv
[1.948s] -- Up-to-date: /home/pederba/ros2_ws/install/dynamixel_sdk/share/ament_index/resource_index/package_run_dependencies/dynamixel_sdk
[1.948s] -- Up-to-date: /home/pederba/ros2_ws/install/dynamixel_sdk/share/ament_index/resource_index/parent_prefix_path/dynamixel_sdk
[1.948s] -- Up-to-date: /home/pederba/ros2_ws/install/dynamixel_sdk/share/dynamixel_sdk/environment/ament_prefix_path.sh
[1.948s] -- Up-to-date: /home/pederba/ros2_ws/install/dynamixel_sdk/share/dynamixel_sdk/environment/ament_prefix_path.dsv
[1.949s] -- Up-to-date: /home/pederba/ros2_ws/install/dynamixel_sdk/share/dynamixel_sdk/environment/path.sh
[1.949s] -- Up-to-date: /home/pederba/ros2_ws/install/dynamixel_sdk/share/dynamixel_sdk/environment/path.dsv
[1.949s] -- Up-to-date: /home/pederba/ros2_ws/install/dynamixel_sdk/share/dynamixel_sdk/local_setup.bash
[1.950s] -- Up-to-date: /home/pederba/ros2_ws/install/dynamixel_sdk/share/dynamixel_sdk/local_setup.sh
[1.952s] -- Up-to-date: /home/pederba/ros2_ws/install/dynamixel_sdk/share/dynamixel_sdk/local_setup.zsh
[1.953s] -- Up-to-date: /home/pederba/ros2_ws/install/dynamixel_sdk/share/dynamixel_sdk/local_setup.dsv
[1.953s] -- Installing: /home/pederba/ros2_ws/install/dynamixel_sdk/share/dynamixel_sdk/package.dsv
[1.954s] -- Up-to-date: /home/pederba/ros2_ws/install/dynamixel_sdk/share/ament_index/resource_index/packages/dynamixel_sdk
[1.955s] -- Up-to-date: /home/pederba/ros2_ws/install/dynamixel_sdk/share/dynamixel_sdk/cmake/ament_cmake_export_include_directories-extras.cmake
[1.955s] -- Up-to-date: /home/pederba/ros2_ws/install/dynamixel_sdk/share/dynamixel_sdk/cmake/ament_cmake_export_libraries-extras.cmake
[1.956s] -- Up-to-date: /home/pederba/ros2_ws/install/dynamixel_sdk/share/dynamixel_sdk/cmake/dynamixel_sdkConfig.cmake
[1.967s] -- Up-to-date: /home/pederba/ros2_ws/install/dynamixel_sdk/share/dynamixel_sdk/cmake/dynamixel_sdkConfig-version.cmake
[1.967s] -- Up-to-date: /home/pederba/ros2_ws/install/dynamixel_sdk/share/dynamixel_sdk/package.xml
[2.386s] Invoked command in '/home/pederba/ros2_ws/build/dynamixel_sdk' returned '0': CMAKE_PREFIX_PATH=${CMAKE_PREFIX_PATH}:/home/pederba/ros2_ws/install/lab02_pkg_test:/home/pederba/ros2_ws/install/turtlebot3_teleop:/home/pederba/ros2_ws/install/turtlebot3_example:/home/pederba/ros2_ws/install/py_pubsub:/home/pederba/ros2_ws/install/lab02_pkg:/home/pederba/ros2_ws/install/lab01_pkg:/opt/ros/humble /usr/bin/cmake --install /home/pederba/ros2_ws/build/dynamixel_sdk
