[0.600s] Invoking command in '/home/pederba/ros2_ws/build/lab02_interfaces': CMAKE_PREFIX_PATH=${CMAKE_PREFIX_PATH}:/home/pederba/ros2_ws/install/lab02_pkg_test:/home/pederba/ros2_ws/install/turtlebot3_teleop:/home/pederba/ros2_ws/install/turtlebot3_example:/home/pederba/ros2_ws/install/py_pubsub:/home/pederba/ros2_ws/install/lab02_pkg:/home/pederba/ros2_ws/install/lab01_pkg:/opt/ros/humble /usr/bin/cmake --build /home/pederba/ros2_ws/build/lab02_interfaces -- -j8 -l8
[0.788s] [  9%] Built target lab02_interfaces__rosidl_generator_c
[0.813s] [ 12%] Built target lab02_interfaces__cpp
[0.890s] [ 12%] Built target ament_cmake_python_copy_lab02_interfaces
[1.001s] [ 22%] Built target lab02_interfaces__rosidl_typesupport_c
[1.032s] [ 32%] Built target lab02_interfaces__rosidl_typesupport_introspection_c
[1.064s] [ 41%] Built target lab02_interfaces__rosidl_typesupport_fastrtps_c
[1.108s] [ 51%] Built target lab02_interfaces__rosidl_typesupport_introspection_cpp
[1.120s] [ 61%] Built target lab02_interfaces__rosidl_typesupport_cpp
[1.149s] [ 70%] Built target lab02_interfaces__rosidl_typesupport_fastrtps_cpp
[1.248s] [ 70%] Built target lab02_interfaces
[1.310s] [ 74%] Built target lab02_interfaces__py
[1.387s] [ 80%] Built target lab02_interfaces__rosidl_generator_py
[1.492s] [ 87%] Built target lab02_interfaces__rosidl_typesupport_introspection_c__pyext
[1.516s] [ 93%] Built target lab02_interfaces__rosidl_typesupport_fastrtps_c__pyext
[1.525s] [100%] Built target lab02_interfaces__rosidl_typesupport_c__pyext
[1.749s] running egg_info
[1.796s] writing lab02_interfaces.egg-info/PKG-INFO
[1.802s] writing dependency_links to lab02_interfaces.egg-info/dependency_links.txt
[1.802s] writing top-level names to lab02_interfaces.egg-info/top_level.txt
[1.917s] reading manifest file 'lab02_interfaces.egg-info/SOURCES.txt'
[1.918s] writing manifest file 'lab02_interfaces.egg-info/SOURCES.txt'
[2.003s] [100%] Built target ament_cmake_python_build_lab02_interfaces_egg
[2.683s] Invoked command in '/home/pederba/ros2_ws/build/lab02_interfaces' returned '0': CMAKE_PREFIX_PATH=${CMAKE_PREFIX_PATH}:/home/pederba/ros2_ws/install/lab02_pkg_test:/home/pederba/ros2_ws/install/turtlebot3_teleop:/home/pederba/ros2_ws/install/turtlebot3_example:/home/pederba/ros2_ws/install/py_pubsub:/home/pederba/ros2_ws/install/lab02_pkg:/home/pederba/ros2_ws/install/lab01_pkg:/opt/ros/humble /usr/bin/cmake --build /home/pederba/ros2_ws/build/lab02_interfaces -- -j8 -l8
[4.343s] Invoking command in '/home/pederba/ros2_ws/build/lab02_interfaces': CMAKE_PREFIX_PATH=${CMAKE_PREFIX_PATH}:/home/pederba/ros2_ws/install/lab02_pkg_test:/home/pederba/ros2_ws/install/turtlebot3_teleop:/home/pederba/ros2_ws/install/turtlebot3_example:/home/pederba/ros2_ws/install/py_pubsub:/home/pederba/ros2_ws/install/lab02_pkg:/home/pederba/ros2_ws/install/lab01_pkg:/opt/ros/humble /usr/bin/cmake --install /home/pederba/ros2_ws/build/lab02_interfaces
[4.496s] -- Install configuration: ""
[4.496s] -- Up-to-date: /home/pederba/ros2_ws/install/lab02_interfaces/share/ament_index/resource_index/rosidl_interfaces/lab02_interfaces
[4.496s] -- Up-to-date: /home/pederba/ros2_ws/install/lab02_interfaces/include/lab02_interfaces/lab02_interfaces
[4.496s] -- Up-to-date: /home/pederba/ros2_ws/install/lab02_interfaces/include/lab02_interfaces/lab02_interfaces/srv
[4.497s] -- Up-to-date: /home/pederba/ros2_ws/install/lab02_interfaces/include/lab02_interfaces/lab02_interfaces/srv/cmd_move.h
[4.497s] -- Up-to-date: /home/pederba/ros2_ws/install/lab02_interfaces/include/lab02_interfaces/lab02_interfaces/srv/get_trajectory.h
[4.497s] -- Up-to-date: /home/pederba/ros2_ws/install/lab02_interfaces/include/lab02_interfaces/lab02_interfaces/srv/compute_trajectory.h
[4.497s] -- Up-to-date: /home/pederba/ros2_ws/install/lab02_interfaces/include/lab02_interfaces/lab02_interfaces/srv/detail
[4.500s] -- Up-to-date: /home/pederba/ros2_ws/install/lab02_interfaces/include/lab02_interfaces/lab02_interfaces/srv/detail/cmd_move__functions.c
[4.500s] -- Up-to-date: /home/pederba/ros2_ws/install/lab02_interfaces/include/lab02_interfaces/lab02_interfaces/srv/detail/compute_trajectory__type_support.h
[4.500s] -- Up-to-date: /home/pederba/ros2_ws/install/lab02_interfaces/include/lab02_interfaces/lab02_interfaces/srv/detail/get_trajectory__struct.h
[4.500s] -- Up-to-date: /home/pederba/ros2_ws/install/lab02_interfaces/include/lab02_interfaces/lab02_interfaces/srv/detail/compute_trajectory__struct.h
[4.501s] -- Up-to-date: /home/pederba/ros2_ws/install/lab02_interfaces/include/lab02_interfaces/lab02_interfaces/srv/detail/cmd_move__functions.h
[4.501s] -- Up-to-date: /home/pederba/ros2_ws/install/lab02_interfaces/include/lab02_interfaces/lab02_interfaces/srv/detail/compute_trajectory__functions.h
[4.501s] -- Up-to-date: /home/pederba/ros2_ws/install/lab02_interfaces/include/lab02_interfaces/lab02_interfaces/srv/detail/get_trajectory__functions.h
[4.501s] -- Up-to-date: /home/pederba/ros2_ws/install/lab02_interfaces/include/lab02_interfaces/lab02_interfaces/srv/detail/compute_trajectory__functions.c
[4.501s] -- Up-to-date: /home/pederba/ros2_ws/install/lab02_interfaces/include/lab02_interfaces/lab02_interfaces/srv/detail/cmd_move__struct.h
[4.501s] -- Up-to-date: /home/pederba/ros2_ws/install/lab02_interfaces/include/lab02_interfaces/lab02_interfaces/srv/detail/get_trajectory__type_support.h
[4.501s] -- Up-to-date: /home/pederba/ros2_ws/install/lab02_interfaces/include/lab02_interfaces/lab02_interfaces/srv/detail/cmd_move__type_support.h
[4.501s] -- Up-to-date: /home/pederba/ros2_ws/install/lab02_interfaces/include/lab02_interfaces/lab02_interfaces/srv/detail/get_trajectory__functions.c
[4.501s] -- Up-to-date: /home/pederba/ros2_ws/install/lab02_interfaces/include/lab02_interfaces/lab02_interfaces/msg
[4.501s] -- Up-to-date: /home/pederba/ros2_ws/install/lab02_interfaces/include/lab02_interfaces/lab02_interfaces/msg/rosidl_generator_c__visibility_control.h
[4.502s] -- Up-to-date: /home/pederba/ros2_ws/install/lab02_interfaces/share/lab02_interfaces/environment/library_path.sh
[4.502s] -- Up-to-date: /home/pederba/ros2_ws/install/lab02_interfaces/share/lab02_interfaces/environment/library_path.dsv
[4.502s] -- Up-to-date: /home/pederba/ros2_ws/install/lab02_interfaces/lib/liblab02_interfaces__rosidl_generator_c.so
[4.502s] -- Up-to-date: /home/pederba/ros2_ws/install/lab02_interfaces/include/lab02_interfaces/lab02_interfaces
[4.502s] -- Up-to-date: /home/pederba/ros2_ws/install/lab02_interfaces/include/lab02_interfaces/lab02_interfaces/srv
[4.502s] -- Up-to-date: /home/pederba/ros2_ws/install/lab02_interfaces/include/lab02_interfaces/lab02_interfaces/srv/detail
[4.502s] -- Up-to-date: /home/pederba/ros2_ws/install/lab02_interfaces/include/lab02_interfaces/lab02_interfaces/srv/detail/get_trajectory__rosidl_typesupport_fastrtps_c.h
[4.502s] -- Up-to-date: /home/pederba/ros2_ws/install/lab02_interfaces/include/lab02_interfaces/lab02_interfaces/srv/detail/cmd_move__rosidl_typesupport_fastrtps_c.h
[4.502s] -- Up-to-date: /home/pederba/ros2_ws/install/lab02_interfaces/include/lab02_interfaces/lab02_interfaces/srv/detail/compute_trajectory__rosidl_typesupport_fastrtps_c.h
[4.502s] -- Up-to-date: /home/pederba/ros2_ws/install/lab02_interfaces/include/lab02_interfaces/lab02_interfaces/msg
[4.503s] -- Up-to-date: /home/pederba/ros2_ws/install/lab02_interfaces/include/lab02_interfaces/lab02_interfaces/msg/rosidl_typesupport_fastrtps_c__visibility_control.h
[4.505s] -- Up-to-date: /home/pederba/ros2_ws/install/lab02_interfaces/lib/liblab02_interfaces__rosidl_typesupport_fastrtps_c.so
[4.506s] -- Up-to-date: /home/pederba/ros2_ws/install/lab02_interfaces/include/lab02_interfaces/lab02_interfaces
[4.506s] -- Up-to-date: /home/pederba/ros2_ws/install/lab02_interfaces/include/lab02_interfaces/lab02_interfaces/srv
[4.506s] -- Up-to-date: /home/pederba/ros2_ws/install/lab02_interfaces/include/lab02_interfaces/lab02_interfaces/srv/get_trajectory.hpp
[4.506s] -- Up-to-date: /home/pederba/ros2_ws/install/lab02_interfaces/include/lab02_interfaces/lab02_interfaces/srv/cmd_move.hpp
[4.506s] -- Up-to-date: /home/pederba/ros2_ws/install/lab02_interfaces/include/lab02_interfaces/lab02_interfaces/srv/compute_trajectory.hpp
[4.506s] -- Up-to-date: /home/pederba/ros2_ws/install/lab02_interfaces/include/lab02_interfaces/lab02_interfaces/srv/detail
[4.506s] -- Up-to-date: /home/pederba/ros2_ws/install/lab02_interfaces/include/lab02_interfaces/lab02_interfaces/srv/detail/cmd_move__builder.hpp
[4.506s] -- Up-to-date: /home/pederba/ros2_ws/install/lab02_interfaces/include/lab02_interfaces/lab02_interfaces/srv/detail/compute_trajectory__traits.hpp
[4.506s] -- Up-to-date: /home/pederba/ros2_ws/install/lab02_interfaces/include/lab02_interfaces/lab02_interfaces/srv/detail/compute_trajectory__struct.hpp
[4.506s] -- Up-to-date: /home/pederba/ros2_ws/install/lab02_interfaces/include/lab02_interfaces/lab02_interfaces/srv/detail/get_trajectory__struct.hpp
[4.507s] -- Up-to-date: /home/pederba/ros2_ws/install/lab02_interfaces/include/lab02_interfaces/lab02_interfaces/srv/detail/get_trajectory__builder.hpp
[4.507s] -- Up-to-date: /home/pederba/ros2_ws/install/lab02_interfaces/include/lab02_interfaces/lab02_interfaces/srv/detail/get_trajectory__traits.hpp
[4.507s] -- Up-to-date: /home/pederba/ros2_ws/install/lab02_interfaces/include/lab02_interfaces/lab02_interfaces/srv/detail/cmd_move__struct.hpp
[4.507s] -- Up-to-date: /home/pederba/ros2_ws/install/lab02_interfaces/include/lab02_interfaces/lab02_interfaces/srv/detail/cmd_move__traits.hpp
[4.507s] -- Up-to-date: /home/pederba/ros2_ws/install/lab02_interfaces/include/lab02_interfaces/lab02_interfaces/srv/detail/compute_trajectory__builder.hpp
[4.507s] -- Up-to-date: /home/pederba/ros2_ws/install/lab02_interfaces/include/lab02_interfaces/lab02_interfaces
[4.507s] -- Up-to-date: /home/pederba/ros2_ws/install/lab02_interfaces/include/lab02_interfaces/lab02_interfaces/srv
[4.507s] -- Up-to-date: /home/pederba/ros2_ws/install/lab02_interfaces/include/lab02_interfaces/lab02_interfaces/srv/detail
[4.508s] -- Up-to-date: /home/pederba/ros2_ws/install/lab02_interfaces/include/lab02_interfaces/lab02_interfaces/srv/detail/dds_fastrtps
[4.508s] -- Up-to-date: /home/pederba/ros2_ws/install/lab02_interfaces/include/lab02_interfaces/lab02_interfaces/srv/detail/cmd_move__rosidl_typesupport_fastrtps_cpp.hpp
[4.508s] -- Up-to-date: /home/pederba/ros2_ws/install/lab02_interfaces/include/lab02_interfaces/lab02_interfaces/srv/detail/get_trajectory__rosidl_typesupport_fastrtps_cpp.hpp
[4.508s] -- Up-to-date: /home/pederba/ros2_ws/install/lab02_interfaces/include/lab02_interfaces/lab02_interfaces/srv/detail/compute_trajectory__rosidl_typesupport_fastrtps_cpp.hpp
[4.508s] -- Up-to-date: /home/pederba/ros2_ws/install/lab02_interfaces/include/lab02_interfaces/lab02_interfaces/msg
[4.508s] -- Up-to-date: /home/pederba/ros2_ws/install/lab02_interfaces/include/lab02_interfaces/lab02_interfaces/msg/rosidl_typesupport_fastrtps_cpp__visibility_control.h
[4.508s] -- Up-to-date: /home/pederba/ros2_ws/install/lab02_interfaces/lib/liblab02_interfaces__rosidl_typesupport_fastrtps_cpp.so
[4.509s] -- Up-to-date: /home/pederba/ros2_ws/install/lab02_interfaces/include/lab02_interfaces/lab02_interfaces
[4.509s] -- Up-to-date: /home/pederba/ros2_ws/install/lab02_interfaces/include/lab02_interfaces/lab02_interfaces/srv
[4.509s] -- Up-to-date: /home/pederba/ros2_ws/install/lab02_interfaces/include/lab02_interfaces/lab02_interfaces/srv/detail
[4.509s] -- Up-to-date: /home/pederba/ros2_ws/install/lab02_interfaces/include/lab02_interfaces/lab02_interfaces/srv/detail/compute_trajectory__type_support.c
[4.509s] -- Up-to-date: /home/pederba/ros2_ws/install/lab02_interfaces/include/lab02_interfaces/lab02_interfaces/srv/detail/cmd_move__type_support.c
[4.509s] -- Up-to-date: /home/pederba/ros2_ws/install/lab02_interfaces/include/lab02_interfaces/lab02_interfaces/srv/detail/cmd_move__rosidl_typesupport_introspection_c.h
[4.509s] -- Up-to-date: /home/pederba/ros2_ws/install/lab02_interfaces/include/lab02_interfaces/lab02_interfaces/srv/detail/get_trajectory__rosidl_typesupport_introspection_c.h
[4.510s] -- Up-to-date: /home/pederba/ros2_ws/install/lab02_interfaces/include/lab02_interfaces/lab02_interfaces/srv/detail/get_trajectory__type_support.c
[4.510s] -- Up-to-date: /home/pederba/ros2_ws/install/lab02_interfaces/include/lab02_interfaces/lab02_interfaces/srv/detail/compute_trajectory__rosidl_typesupport_introspection_c.h
[4.510s] -- Up-to-date: /home/pederba/ros2_ws/install/lab02_interfaces/include/lab02_interfaces/lab02_interfaces/msg
[4.510s] -- Up-to-date: /home/pederba/ros2_ws/install/lab02_interfaces/include/lab02_interfaces/lab02_interfaces/msg/rosidl_typesupport_introspection_c__visibility_control.h
[4.510s] -- Up-to-date: /home/pederba/ros2_ws/install/lab02_interfaces/lib/liblab02_interfaces__rosidl_typesupport_introspection_c.so
[4.510s] -- Up-to-date: /home/pederba/ros2_ws/install/lab02_interfaces/lib/liblab02_interfaces__rosidl_typesupport_c.so
[4.527s] -- Up-to-date: /home/pederba/ros2_ws/install/lab02_interfaces/include/lab02_interfaces/lab02_interfaces
[4.528s] -- Up-to-date: /home/pederba/ros2_ws/install/lab02_interfaces/include/lab02_interfaces/lab02_interfaces/srv
[4.528s] -- Up-to-date: /home/pederba/ros2_ws/install/lab02_interfaces/include/lab02_interfaces/lab02_interfaces/srv/detail
[4.528s] -- Up-to-date: /home/pederba/ros2_ws/install/lab02_interfaces/include/lab02_interfaces/lab02_interfaces/srv/detail/get_trajectory__rosidl_typesupport_introspection_cpp.hpp
[4.528s] -- Up-to-date: /home/pederba/ros2_ws/install/lab02_interfaces/include/lab02_interfaces/lab02_interfaces/srv/detail/get_trajectory__type_support.cpp
[4.529s] -- Up-to-date: /home/pederba/ros2_ws/install/lab02_interfaces/include/lab02_interfaces/lab02_interfaces/srv/detail/cmd_move__type_support.cpp
[4.529s] -- Up-to-date: /home/pederba/ros2_ws/install/lab02_interfaces/include/lab02_interfaces/lab02_interfaces/srv/detail/cmd_move__rosidl_typesupport_introspection_cpp.hpp
[4.529s] -- Up-to-date: /home/pederba/ros2_ws/install/lab02_interfaces/include/lab02_interfaces/lab02_interfaces/srv/detail/compute_trajectory__rosidl_typesupport_introspection_cpp.hpp
[4.529s] -- Up-to-date: /home/pederba/ros2_ws/install/lab02_interfaces/include/lab02_interfaces/lab02_interfaces/srv/detail/compute_trajectory__type_support.cpp
[4.529s] -- Up-to-date: /home/pederba/ros2_ws/install/lab02_interfaces/lib/liblab02_interfaces__rosidl_typesupport_introspection_cpp.so
[4.529s] -- Up-to-date: /home/pederba/ros2_ws/install/lab02_interfaces/lib/liblab02_interfaces__rosidl_typesupport_cpp.so
[4.529s] -- Up-to-date: /home/pederba/ros2_ws/install/lab02_interfaces/share/lab02_interfaces/environment/pythonpath.sh
[4.529s] -- Up-to-date: /home/pederba/ros2_ws/install/lab02_interfaces/share/lab02_interfaces/environment/pythonpath.dsv
[4.530s] -- Up-to-date: /home/pederba/ros2_ws/install/lab02_interfaces/local/lib/python3.10/dist-packages/lab02_interfaces-0.0.0-py3.10.egg-info
[4.549s] -- Installing: /home/pederba/ros2_ws/install/lab02_interfaces/local/lib/python3.10/dist-packages/lab02_interfaces-0.0.0-py3.10.egg-info/dependency_links.txt
[4.550s] -- Installing: /home/pederba/ros2_ws/install/lab02_interfaces/local/lib/python3.10/dist-packages/lab02_interfaces-0.0.0-py3.10.egg-info/SOURCES.txt
[4.555s] -- Installing: /home/pederba/ros2_ws/install/lab02_interfaces/local/lib/python3.10/dist-packages/lab02_interfaces-0.0.0-py3.10.egg-info/PKG-INFO
[4.556s] -- Installing: /home/pederba/ros2_ws/install/lab02_interfaces/local/lib/python3.10/dist-packages/lab02_interfaces-0.0.0-py3.10.egg-info/top_level.txt
[4.556s] -- Up-to-date: /home/pederba/ros2_ws/install/lab02_interfaces/local/lib/python3.10/dist-packages/lab02_interfaces
[4.556s] -- Up-to-date: /home/pederba/ros2_ws/install/lab02_interfaces/local/lib/python3.10/dist-packages/lab02_interfaces/lab02_interfaces_s__rosidl_typesupport_introspection_c.cpython-310-x86_64-linux-gnu.so
[4.556s] -- Up-to-date: /home/pederba/ros2_ws/install/lab02_interfaces/local/lib/python3.10/dist-packages/lab02_interfaces/_lab02_interfaces_s.ep.rosidl_typesupport_fastrtps_c.c
[4.556s] -- Up-to-date: /home/pederba/ros2_ws/install/lab02_interfaces/local/lib/python3.10/dist-packages/lab02_interfaces/liblab02_interfaces__rosidl_generator_py.so
[4.556s] -- Up-to-date: /home/pederba/ros2_ws/install/lab02_interfaces/local/lib/python3.10/dist-packages/lab02_interfaces/lab02_interfaces_s__rosidl_typesupport_c.cpython-310-x86_64-linux-gnu.so
[4.557s] -- Up-to-date: /home/pederba/ros2_ws/install/lab02_interfaces/local/lib/python3.10/dist-packages/lab02_interfaces/lab02_interfaces_s__rosidl_typesupport_fastrtps_c.cpython-310-x86_64-linux-gnu.so
[4.557s] -- Up-to-date: /home/pederba/ros2_ws/install/lab02_interfaces/local/lib/python3.10/dist-packages/lab02_interfaces/srv
[4.557s] -- Up-to-date: /home/pederba/ros2_ws/install/lab02_interfaces/local/lib/python3.10/dist-packages/lab02_interfaces/srv/_compute_trajectory_s.c
[4.557s] -- Up-to-date: /home/pederba/ros2_ws/install/lab02_interfaces/local/lib/python3.10/dist-packages/lab02_interfaces/srv/_get_trajectory.py
[4.557s] -- Up-to-date: /home/pederba/ros2_ws/install/lab02_interfaces/local/lib/python3.10/dist-packages/lab02_interfaces/srv/_cmd_move_s.c
[4.557s] -- Up-to-date: /home/pederba/ros2_ws/install/lab02_interfaces/local/lib/python3.10/dist-packages/lab02_interfaces/srv/_get_trajectory_s.c
[4.558s] -- Up-to-date: /home/pederba/ros2_ws/install/lab02_interfaces/local/lib/python3.10/dist-packages/lab02_interfaces/srv/_cmd_move.py
[4.558s] -- Up-to-date: /home/pederba/ros2_ws/install/lab02_interfaces/local/lib/python3.10/dist-packages/lab02_interfaces/srv/_compute_trajectory.py
[4.558s] -- Up-to-date: /home/pederba/ros2_ws/install/lab02_interfaces/local/lib/python3.10/dist-packages/lab02_interfaces/srv/__init__.py
[4.558s] -- Up-to-date: /home/pederba/ros2_ws/install/lab02_interfaces/local/lib/python3.10/dist-packages/lab02_interfaces/_lab02_interfaces_s.ep.rosidl_typesupport_introspection_c.c
[4.558s] -- Up-to-date: /home/pederba/ros2_ws/install/lab02_interfaces/local/lib/python3.10/dist-packages/lab02_interfaces/__init__.py
[4.558s] -- Up-to-date: /home/pederba/ros2_ws/install/lab02_interfaces/local/lib/python3.10/dist-packages/lab02_interfaces/_lab02_interfaces_s.ep.rosidl_typesupport_c.c
[4.559s] Listing '/home/pederba/ros2_ws/install/lab02_interfaces/local/lib/python3.10/dist-packages/lab02_interfaces'...
[4.559s] Listing '/home/pederba/ros2_ws/install/lab02_interfaces/local/lib/python3.10/dist-packages/lab02_interfaces/srv'...
[4.561s] -- Up-to-date: /home/pederba/ros2_ws/install/lab02_interfaces/local/lib/python3.10/dist-packages/lab02_interfaces/lab02_interfaces_s__rosidl_typesupport_fastrtps_c.cpython-310-x86_64-linux-gnu.so
[4.561s] -- Up-to-date: /home/pederba/ros2_ws/install/lab02_interfaces/local/lib/python3.10/dist-packages/lab02_interfaces/lab02_interfaces_s__rosidl_typesupport_introspection_c.cpython-310-x86_64-linux-gnu.so
[4.561s] -- Up-to-date: /home/pederba/ros2_ws/install/lab02_interfaces/local/lib/python3.10/dist-packages/lab02_interfaces/lab02_interfaces_s__rosidl_typesupport_c.cpython-310-x86_64-linux-gnu.so
[4.562s] -- Up-to-date: /home/pederba/ros2_ws/install/lab02_interfaces/lib/liblab02_interfaces__rosidl_generator_py.so
[4.562s] -- Up-to-date: /home/pederba/ros2_ws/install/lab02_interfaces/share/lab02_interfaces/srv/GetTrajectory.idl
[4.562s] -- Up-to-date: /home/pederba/ros2_ws/install/lab02_interfaces/share/lab02_interfaces/srv/GetTrajectory.srv
[4.564s] -- Up-to-date: /home/pederba/ros2_ws/install/lab02_interfaces/share/lab02_interfaces/srv/GetTrajectory_Request.msg
[4.564s] -- Up-to-date: /home/pederba/ros2_ws/install/lab02_interfaces/share/lab02_interfaces/srv/GetTrajectory_Response.msg
[4.582s] -- Up-to-date: /home/pederba/ros2_ws/install/lab02_interfaces/share/ament_index/resource_index/package_run_dependencies/lab02_interfaces
[4.583s] -- Up-to-date: /home/pederba/ros2_ws/install/lab02_interfaces/share/ament_index/resource_index/parent_prefix_path/lab02_interfaces
[4.583s] -- Up-to-date: /home/pederba/ros2_ws/install/lab02_interfaces/share/lab02_interfaces/environment/ament_prefix_path.sh
[4.583s] -- Up-to-date: /home/pederba/ros2_ws/install/lab02_interfaces/share/lab02_interfaces/environment/ament_prefix_path.dsv
[4.583s] -- Up-to-date: /home/pederba/ros2_ws/install/lab02_interfaces/share/lab02_interfaces/environment/path.sh
[4.584s] -- Up-to-date: /home/pederba/ros2_ws/install/lab02_interfaces/share/lab02_interfaces/environment/path.dsv
[4.584s] -- Up-to-date: /home/pederba/ros2_ws/install/lab02_interfaces/share/lab02_interfaces/local_setup.bash
[4.584s] -- Up-to-date: /home/pederba/ros2_ws/install/lab02_interfaces/share/lab02_interfaces/local_setup.sh
[4.584s] -- Up-to-date: /home/pederba/ros2_ws/install/lab02_interfaces/share/lab02_interfaces/local_setup.zsh
[4.584s] -- Up-to-date: /home/pederba/ros2_ws/install/lab02_interfaces/share/lab02_interfaces/local_setup.dsv
[4.584s] -- Installing: /home/pederba/ros2_ws/install/lab02_interfaces/share/lab02_interfaces/package.dsv
[4.585s] -- Up-to-date: /home/pederba/ros2_ws/install/lab02_interfaces/share/ament_index/resource_index/packages/lab02_interfaces
[4.585s] -- Up-to-date: /home/pederba/ros2_ws/install/lab02_interfaces/share/lab02_interfaces/cmake/export_lab02_interfaces__rosidl_generator_cExport.cmake
[4.585s] -- Up-to-date: /home/pederba/ros2_ws/install/lab02_interfaces/share/lab02_interfaces/cmake/export_lab02_interfaces__rosidl_generator_cExport-noconfig.cmake
[4.585s] -- Up-to-date: /home/pederba/ros2_ws/install/lab02_interfaces/share/lab02_interfaces/cmake/export_lab02_interfaces__rosidl_typesupport_fastrtps_cExport.cmake
[4.585s] -- Up-to-date: /home/pederba/ros2_ws/install/lab02_interfaces/share/lab02_interfaces/cmake/export_lab02_interfaces__rosidl_typesupport_fastrtps_cExport-noconfig.cmake
[4.586s] -- Up-to-date: /home/pederba/ros2_ws/install/lab02_interfaces/share/lab02_interfaces/cmake/export_lab02_interfaces__rosidl_generator_cppExport.cmake
[4.586s] -- Up-to-date: /home/pederba/ros2_ws/install/lab02_interfaces/share/lab02_interfaces/cmake/export_lab02_interfaces__rosidl_typesupport_fastrtps_cppExport.cmake
[4.586s] -- Up-to-date: /home/pederba/ros2_ws/install/lab02_interfaces/share/lab02_interfaces/cmake/export_lab02_interfaces__rosidl_typesupport_fastrtps_cppExport-noconfig.cmake
[4.590s] -- Up-to-date: /home/pederba/ros2_ws/install/lab02_interfaces/share/lab02_interfaces/cmake/lab02_interfaces__rosidl_typesupport_introspection_cExport.cmake
[4.590s] -- Up-to-date: /home/pederba/ros2_ws/install/lab02_interfaces/share/lab02_interfaces/cmake/lab02_interfaces__rosidl_typesupport_introspection_cExport-noconfig.cmake
[4.591s] -- Up-to-date: /home/pederba/ros2_ws/install/lab02_interfaces/share/lab02_interfaces/cmake/lab02_interfaces__rosidl_typesupport_cExport.cmake
[4.591s] -- Up-to-date: /home/pederba/ros2_ws/install/lab02_interfaces/share/lab02_interfaces/cmake/lab02_interfaces__rosidl_typesupport_cExport-noconfig.cmake
[4.592s] -- Up-to-date: /home/pederba/ros2_ws/install/lab02_interfaces/share/lab02_interfaces/cmake/lab02_interfaces__rosidl_typesupport_introspection_cppExport.cmake
[4.592s] -- Up-to-date: /home/pederba/ros2_ws/install/lab02_interfaces/share/lab02_interfaces/cmake/lab02_interfaces__rosidl_typesupport_introspection_cppExport-noconfig.cmake
[4.593s] -- Up-to-date: /home/pederba/ros2_ws/install/lab02_interfaces/share/lab02_interfaces/cmake/lab02_interfaces__rosidl_typesupport_cppExport.cmake
[4.593s] -- Up-to-date: /home/pederba/ros2_ws/install/lab02_interfaces/share/lab02_interfaces/cmake/lab02_interfaces__rosidl_typesupport_cppExport-noconfig.cmake
[4.594s] -- Up-to-date: /home/pederba/ros2_ws/install/lab02_interfaces/share/lab02_interfaces/cmake/export_lab02_interfaces__rosidl_generator_pyExport.cmake
[4.594s] -- Up-to-date: /home/pederba/ros2_ws/install/lab02_interfaces/share/lab02_interfaces/cmake/export_lab02_interfaces__rosidl_generator_pyExport-noconfig.cmake
[4.595s] -- Up-to-date: /home/pederba/ros2_ws/install/lab02_interfaces/share/lab02_interfaces/cmake/rosidl_cmake-extras.cmake
[4.596s] -- Up-to-date: /home/pederba/ros2_ws/install/lab02_interfaces/share/lab02_interfaces/cmake/ament_cmake_export_include_directories-extras.cmake
[4.596s] -- Up-to-date: /home/pederba/ros2_ws/install/lab02_interfaces/share/lab02_interfaces/cmake/ament_cmake_export_libraries-extras.cmake
[4.597s] -- Up-to-date: /home/pederba/ros2_ws/install/lab02_interfaces/share/lab02_interfaces/cmake/ament_cmake_export_targets-extras.cmake
[4.597s] -- Up-to-date: /home/pederba/ros2_ws/install/lab02_interfaces/share/lab02_interfaces/cmake/rosidl_cmake_export_typesupport_targets-extras.cmake
[4.597s] -- Up-to-date: /home/pederba/ros2_ws/install/lab02_interfaces/share/lab02_interfaces/cmake/ament_cmake_export_dependencies-extras.cmake
[4.598s] -- Up-to-date: /home/pederba/ros2_ws/install/lab02_interfaces/share/lab02_interfaces/cmake/rosidl_cmake_export_typesupport_libraries-extras.cmake
[4.598s] -- Up-to-date: /home/pederba/ros2_ws/install/lab02_interfaces/share/lab02_interfaces/cmake/lab02_interfacesConfig.cmake
[4.598s] -- Up-to-date: /home/pederba/ros2_ws/install/lab02_interfaces/share/lab02_interfaces/cmake/lab02_interfacesConfig-version.cmake
[4.598s] -- Up-to-date: /home/pederba/ros2_ws/install/lab02_interfaces/share/lab02_interfaces/package.xml
[5.083s] Invoked command in '/home/pederba/ros2_ws/build/lab02_interfaces' returned '0': CMAKE_PREFIX_PATH=${CMAKE_PREFIX_PATH}:/home/pederba/ros2_ws/install/lab02_pkg_test:/home/pederba/ros2_ws/install/turtlebot3_teleop:/home/pederba/ros2_ws/install/turtlebot3_example:/home/pederba/ros2_ws/install/py_pubsub:/home/pederba/ros2_ws/install/lab02_pkg:/home/pederba/ros2_ws/install/lab01_pkg:/opt/ros/humble /usr/bin/cmake --install /home/pederba/ros2_ws/build/lab02_interfaces
