[5.856s] Invoking command in '/home/pederba/ros2_ws/src/py_pubsub': PYTHONPATH=/home/pederba/ros2_ws/build/py_pubsub/prefix_override:/home/pederba/ros2_ws/install/py_pubsub/lib/python3.10/site-packages:${PYTHONPATH} /usr/bin/python3 setup.py egg_info --egg-base ../../build/py_pubsub build --build-base /home/pederba/ros2_ws/build/py_pubsub/build install --record /home/pederba/ros2_ws/build/py_pubsub/install.log --single-version-externally-managed
[6.711s] running egg_info
[6.758s] writing ../../build/py_pubsub/py_pubsub.egg-info/PKG-INFO
[6.761s] writing dependency_links to ../../build/py_pubsub/py_pubsub.egg-info/dependency_links.txt
[6.762s] writing entry points to ../../build/py_pubsub/py_pubsub.egg-info/entry_points.txt
[6.763s] writing requirements to ../../build/py_pubsub/py_pubsub.egg-info/requires.txt
[6.763s] writing top-level names to ../../build/py_pubsub/py_pubsub.egg-info/top_level.txt
[6.882s] reading manifest file '../../build/py_pubsub/py_pubsub.egg-info/SOURCES.txt'
[6.885s] writing manifest file '../../build/py_pubsub/py_pubsub.egg-info/SOURCES.txt'
[6.887s] running build
[6.887s] running build_py
[6.888s] running install
[6.889s] /home/pederba/.local/lib/python3.10/site-packages/setuptools/_distutils/cmd.py:66: SetuptoolsDeprecationWarning: setup.py install is deprecated.
[6.890s] !!
[6.890s] 
[6.890s]         ********************************************************************************
[6.890s]         Please avoid running ``setup.py`` directly.
[6.890s]         Instead, use pypa/build, pypa/installer or other
[6.891s]         standards-based tools.
[6.891s] 
[6.891s]         See https://blog.ganssle.io/articles/2021/10/setup-py-deprecated.html for details.
[6.891s]         ********************************************************************************
[6.892s] 
[6.892s] !!
[6.892s]   self.initialize_options()
[6.906s] running install_lib
[6.969s] running install_data
[7.024s] running install_egg_info
[7.073s] removing '/home/pederba/ros2_ws/install/py_pubsub/lib/python3.10/site-packages/py_pubsub-0.0.0-py3.10.egg-info' (and everything under it)
[7.078s] Copying ../../build/py_pubsub/py_pubsub.egg-info to /home/pederba/ros2_ws/install/py_pubsub/lib/python3.10/site-packages/py_pubsub-0.0.0-py3.10.egg-info
[7.078s] running install_scripts
[7.498s] Installing listener script to /home/pederba/ros2_ws/install/py_pubsub/lib/py_pubsub
[7.498s] Installing talker script to /home/pederba/ros2_ws/install/py_pubsub/lib/py_pubsub
[7.498s] writing list of installed files to '/home/pederba/ros2_ws/build/py_pubsub/install.log'
[8.214s] Invoked command in '/home/pederba/ros2_ws/src/py_pubsub' returned '0': PYTHONPATH=/home/pederba/ros2_ws/build/py_pubsub/prefix_override:/home/pederba/ros2_ws/install/py_pubsub/lib/python3.10/site-packages:${PYTHONPATH} /usr/bin/python3 setup.py egg_info --egg-base ../../build/py_pubsub build --build-base /home/pederba/ros2_ws/build/py_pubsub/build install --record /home/pederba/ros2_ws/build/py_pubsub/install.log --single-version-externally-managed
