[5.174s] Invoking command in '/home/pederba/ros2_ws/src/py_pubsub': PYTHONPATH=/home/pederba/ros2_ws/build/py_pubsub/prefix_override:/home/pederba/ros2_ws/install/py_pubsub/lib/python3.10/site-packages:${PYTHONPATH} /usr/bin/python3 setup.py egg_info --egg-base ../../build/py_pubsub build --build-base /home/pederba/ros2_ws/build/py_pubsub/build install --record /home/pederba/ros2_ws/build/py_pubsub/install.log --single-version-externally-managed
[5.665s] running egg_info
[5.692s] writing ../../build/py_pubsub/py_pubsub.egg-info/PKG-INFO
[5.696s] writing dependency_links to ../../build/py_pubsub/py_pubsub.egg-info/dependency_links.txt
[5.697s] writing entry points to ../../build/py_pubsub/py_pubsub.egg-info/entry_points.txt
[5.697s] writing requirements to ../../build/py_pubsub/py_pubsub.egg-info/requires.txt
[5.698s] writing top-level names to ../../build/py_pubsub/py_pubsub.egg-info/top_level.txt
[5.756s] reading manifest file '../../build/py_pubsub/py_pubsub.egg-info/SOURCES.txt'
[5.758s] writing manifest file '../../build/py_pubsub/py_pubsub.egg-info/SOURCES.txt'
[5.758s] running build
[5.759s] running build_py
[5.760s] running install
[5.762s] /home/pederba/.local/lib/python3.10/site-packages/setuptools/_distutils/cmd.py:66: SetuptoolsDeprecationWarning: setup.py install is deprecated.
[5.762s] !!
[5.762s] 
[5.762s]         ********************************************************************************
[5.762s]         Please avoid running ``setup.py`` directly.
[5.762s]         Instead, use pypa/build, pypa/installer or other
[5.763s]         standards-based tools.
[5.763s] 
[5.763s]         See https://blog.ganssle.io/articles/2021/10/setup-py-deprecated.html for details.
[5.763s]         ********************************************************************************
[5.764s] 
[5.764s] !!
[5.765s]   self.initialize_options()
[5.773s] running install_lib
[5.813s] running install_data
[5.840s] running install_egg_info
[5.874s] removing '/home/pederba/ros2_ws/install/py_pubsub/lib/python3.10/site-packages/py_pubsub-0.0.0-py3.10.egg-info' (and everything under it)
[5.875s] Copying ../../build/py_pubsub/py_pubsub.egg-info to /home/pederba/ros2_ws/install/py_pubsub/lib/python3.10/site-packages/py_pubsub-0.0.0-py3.10.egg-info
[5.877s] running install_scripts
[6.131s] Installing listener script to /home/pederba/ros2_ws/install/py_pubsub/lib/py_pubsub
[6.131s] Installing talker script to /home/pederba/ros2_ws/install/py_pubsub/lib/py_pubsub
[6.132s] writing list of installed files to '/home/pederba/ros2_ws/build/py_pubsub/install.log'
[6.375s] Invoked command in '/home/pederba/ros2_ws/src/py_pubsub' returned '0': PYTHONPATH=/home/pederba/ros2_ws/build/py_pubsub/prefix_override:/home/pederba/ros2_ws/install/py_pubsub/lib/python3.10/site-packages:${PYTHONPATH} /usr/bin/python3 setup.py egg_info --egg-base ../../build/py_pubsub build --build-base /home/pederba/ros2_ws/build/py_pubsub/build install --record /home/pederba/ros2_ws/build/py_pubsub/install.log --single-version-externally-managed
