[1.809s] Invoking command in '/home/pederba/ros2_ws/src/lab01_pkg': PYTHONPATH=/home/pederba/ros2_ws/build/lab01_pkg/prefix_override:/home/pederba/ros2_ws/install/lab01_pkg/lib/python3.10/site-packages:${PYTHONPATH} /usr/bin/python3 setup.py egg_info --egg-base ../../build/lab01_pkg build --build-base /home/pederba/ros2_ws/build/lab01_pkg/build install --record /home/pederba/ros2_ws/build/lab01_pkg/install.log --single-version-externally-managed
[2.205s] running egg_info
[2.234s] writing ../../build/lab01_pkg/lab01_pkg.egg-info/PKG-INFO
[2.234s] writing dependency_links to ../../build/lab01_pkg/lab01_pkg.egg-info/dependency_links.txt
[2.235s] writing entry points to ../../build/lab01_pkg/lab01_pkg.egg-info/entry_points.txt
[2.235s] writing requirements to ../../build/lab01_pkg/lab01_pkg.egg-info/requires.txt
[2.236s] writing top-level names to ../../build/lab01_pkg/lab01_pkg.egg-info/top_level.txt
[2.294s] reading manifest file '../../build/lab01_pkg/lab01_pkg.egg-info/SOURCES.txt'
[2.296s] writing manifest file '../../build/lab01_pkg/lab01_pkg.egg-info/SOURCES.txt'
[2.296s] running build
[2.296s] running build_py
[2.296s] copying lab01_pkg/localization.py -> /home/pederba/ros2_ws/build/lab01_pkg/build/lib/lab01_pkg
[2.297s] running install
[2.297s] /home/pederba/.local/lib/python3.10/site-packages/setuptools/_distutils/cmd.py:66: SetuptoolsDeprecationWarning: setup.py install is deprecated.
[2.298s] !!
[2.298s] 
[2.298s]         ********************************************************************************
[2.298s]         Please avoid running ``setup.py`` directly.
[2.298s]         Instead, use pypa/build, pypa/installer or other
[2.298s]         standards-based tools.
[2.298s] 
[2.298s]         See https://blog.ganssle.io/articles/2021/10/setup-py-deprecated.html for details.
[2.299s]         ********************************************************************************
[2.299s] 
[2.299s] !!
[2.299s]   self.initialize_options()
[2.306s] running install_lib
[2.336s] copying /home/pederba/ros2_ws/build/lab01_pkg/build/lib/lab01_pkg/localization.py -> /home/pederba/ros2_ws/install/lab01_pkg/lib/python3.10/site-packages/lab01_pkg
[2.337s] byte-compiling /home/pederba/ros2_ws/install/lab01_pkg/lib/python3.10/site-packages/lab01_pkg/localization.py to localization.cpython-310.pyc
[2.339s] running install_data
[2.367s] running install_egg_info
[2.397s] removing '/home/pederba/ros2_ws/install/lab01_pkg/lib/python3.10/site-packages/lab01_pkg-0.0.0-py3.10.egg-info' (and everything under it)
[2.398s] Copying ../../build/lab01_pkg/lab01_pkg.egg-info to /home/pederba/ros2_ws/install/lab01_pkg/lib/python3.10/site-packages/lab01_pkg-0.0.0-py3.10.egg-info
[2.400s] running install_scripts
[2.677s] Installing controller script to /home/pederba/ros2_ws/install/lab01_pkg/lib/lab01_pkg
[2.677s] Installing localization script to /home/pederba/ros2_ws/install/lab01_pkg/lib/lab01_pkg
[2.677s] writing list of installed files to '/home/pederba/ros2_ws/build/lab01_pkg/install.log'
[2.735s] Invoked command in '/home/pederba/ros2_ws/src/lab01_pkg' returned '0': PYTHONPATH=/home/pederba/ros2_ws/build/lab01_pkg/prefix_override:/home/pederba/ros2_ws/install/lab01_pkg/lib/python3.10/site-packages:${PYTHONPATH} /usr/bin/python3 setup.py egg_info --egg-base ../../build/lab01_pkg build --build-base /home/pederba/ros2_ws/build/lab01_pkg/build install --record /home/pederba/ros2_ws/build/lab01_pkg/install.log --single-version-externally-managed
