[1.210s] Invoking command in '/home/pederba/ros2_ws/build/dynamixel_sdk': CMAKE_PREFIX_PATH=${CMAKE_PREFIX_PATH}:/home/pederba/ros2_ws/install/turtlebot3_teleop:/home/pederba/ros2_ws/install/turtlebot3_example:/home/pederba/ros2_ws/install/py_pubsub:/home/pederba/ros2_ws/install/lab02_pkg:/home/pederba/ros2_ws/install/lab01_pkg:/opt/ros/humble /usr/bin/cmake --build /home/pederba/ros2_ws/build/dynamixel_sdk -- -j8 -l8
[1.504s] [100%] Built target dynamixel_sdk
[1.571s] Invoked command in '/home/pederba/ros2_ws/build/dynamixel_sdk' returned '0': CMAKE_PREFIX_PATH=${CMAKE_PREFIX_PATH}:/home/pederba/ros2_ws/install/turtlebot3_teleop:/home/pederba/ros2_ws/install/turtlebot3_example:/home/pederba/ros2_ws/install/py_pubsub:/home/pederba/ros2_ws/install/lab02_pkg:/home/pederba/ros2_ws/install/lab01_pkg:/opt/ros/humble /usr/bin/cmake --build /home/pederba/ros2_ws/build/dynamixel_sdk -- -j8 -l8
[2.743s] Invoking command in '/home/pederba/ros2_ws/build/dynamixel_sdk': CMAKE_PREFIX_PATH=${CMAKE_PREFIX_PATH}:/home/pederba/ros2_ws/install/turtlebot3_teleop:/home/pederba/ros2_ws/install/turtlebot3_example:/home/pederba/ros2_ws/install/py_pubsub:/home/pederba/ros2_ws/install/lab02_pkg:/home/pederba/ros2_ws/install/lab01_pkg:/opt/ros/humble /usr/bin/cmake --install /home/pederba/ros2_ws/build/dynamixel_sdk
[3.203s] -- Install configuration: ""
[3.203s] -- Up-to-date: /home/pederba/ros2_ws/install/dynamixel_sdk/include/
[3.204s] -- Up-to-date: /home/pederba/ros2_ws/install/dynamixel_sdk/include//dynamixel_sdk
[3.204s] -- Up-to-date: /home/pederba/ros2_ws/install/dynamixel_sdk/include//dynamixel_sdk/protocol1_packet_handler.h
[3.205s] -- Up-to-date: /home/pederba/ros2_ws/install/dynamixel_sdk/include//dynamixel_sdk/group_bulk_read.h
[3.205s] -- Up-to-date: /home/pederba/ros2_ws/install/dynamixel_sdk/include//dynamixel_sdk/group_sync_write.h
[3.205s] -- Up-to-date: /home/pederba/ros2_ws/install/dynamixel_sdk/include//dynamixel_sdk/port_handler_windows.h
[3.206s] -- Up-to-date: /home/pederba/ros2_ws/install/dynamixel_sdk/include//dynamixel_sdk/group_sync_read.h
[3.206s] -- Up-to-date: /home/pederba/ros2_ws/install/dynamixel_sdk/include//dynamixel_sdk/group_bulk_write.h
[3.207s] -- Up-to-date: /home/pederba/ros2_ws/install/dynamixel_sdk/include//dynamixel_sdk/dynamixel_sdk.h
[3.207s] -- Up-to-date: /home/pederba/ros2_ws/install/dynamixel_sdk/include//dynamixel_sdk/protocol2_packet_handler.h
[3.207s] -- Up-to-date: /home/pederba/ros2_ws/install/dynamixel_sdk/include//dynamixel_sdk/port_handler_linux.h
[3.208s] -- Up-to-date: /home/pederba/ros2_ws/install/dynamixel_sdk/include//dynamixel_sdk/port_handler_arduino.h
[3.208s] -- Up-to-date: /home/pederba/ros2_ws/install/dynamixel_sdk/include//dynamixel_sdk/port_handler_mac.h
[3.209s] -- Up-to-date: /home/pederba/ros2_ws/install/dynamixel_sdk/include//dynamixel_sdk/port_handler.h
[3.209s] -- Up-to-date: /home/pederba/ros2_ws/install/dynamixel_sdk/include//dynamixel_sdk/packet_handler.h
[3.209s] -- Up-to-date: /home/pederba/ros2_ws/install/dynamixel_sdk/lib/libdynamixel_sdk.so
[3.211s] -- Up-to-date: /home/pederba/ros2_ws/install/dynamixel_sdk/share/dynamixel_sdk/environment/library_path.sh
[3.211s] -- Up-to-date: /home/pederba/ros2_ws/install/dynamixel_sdk/share/dynamixel_sdk/environment/library_path.dsv
[3.211s] -- Up-to-date: /home/pederba/ros2_ws/install/dynamixel_sdk/share/ament_index/resource_index/package_run_dependencies/dynamixel_sdk
[3.212s] -- Up-to-date: /home/pederba/ros2_ws/install/dynamixel_sdk/share/ament_index/resource_index/parent_prefix_path/dynamixel_sdk
[3.212s] -- Up-to-date: /home/pederba/ros2_ws/install/dynamixel_sdk/share/dynamixel_sdk/environment/ament_prefix_path.sh
[3.213s] -- Up-to-date: /home/pederba/ros2_ws/install/dynamixel_sdk/share/dynamixel_sdk/environment/ament_prefix_path.dsv
[3.213s] -- Up-to-date: /home/pederba/ros2_ws/install/dynamixel_sdk/share/dynamixel_sdk/environment/path.sh
[3.214s] -- Up-to-date: /home/pederba/ros2_ws/install/dynamixel_sdk/share/dynamixel_sdk/environment/path.dsv
[3.214s] -- Up-to-date: /home/pederba/ros2_ws/install/dynamixel_sdk/share/dynamixel_sdk/local_setup.bash
[3.214s] -- Up-to-date: /home/pederba/ros2_ws/install/dynamixel_sdk/share/dynamixel_sdk/local_setup.sh
[3.215s] -- Up-to-date: /home/pederba/ros2_ws/install/dynamixel_sdk/share/dynamixel_sdk/local_setup.zsh
[3.215s] -- Up-to-date: /home/pederba/ros2_ws/install/dynamixel_sdk/share/dynamixel_sdk/local_setup.dsv
[3.215s] -- Installing: /home/pederba/ros2_ws/install/dynamixel_sdk/share/dynamixel_sdk/package.dsv
[3.216s] -- Up-to-date: /home/pederba/ros2_ws/install/dynamixel_sdk/share/ament_index/resource_index/packages/dynamixel_sdk
[3.216s] -- Up-to-date: /home/pederba/ros2_ws/install/dynamixel_sdk/share/dynamixel_sdk/cmake/ament_cmake_export_include_directories-extras.cmake
[3.216s] -- Up-to-date: /home/pederba/ros2_ws/install/dynamixel_sdk/share/dynamixel_sdk/cmake/ament_cmake_export_libraries-extras.cmake
[3.217s] -- Up-to-date: /home/pederba/ros2_ws/install/dynamixel_sdk/share/dynamixel_sdk/cmake/dynamixel_sdkConfig.cmake
[3.217s] -- Up-to-date: /home/pederba/ros2_ws/install/dynamixel_sdk/share/dynamixel_sdk/cmake/dynamixel_sdkConfig-version.cmake
[3.218s] -- Up-to-date: /home/pederba/ros2_ws/install/dynamixel_sdk/share/dynamixel_sdk/package.xml
[3.688s] Invoked command in '/home/pederba/ros2_ws/build/dynamixel_sdk' returned '0': CMAKE_PREFIX_PATH=${CMAKE_PREFIX_PATH}:/home/pederba/ros2_ws/install/turtlebot3_teleop:/home/pederba/ros2_ws/install/turtlebot3_example:/home/pederba/ros2_ws/install/py_pubsub:/home/pederba/ros2_ws/install/lab02_pkg:/home/pederba/ros2_ws/install/lab01_pkg:/opt/ros/humble /usr/bin/cmake --install /home/pederba/ros2_ws/build/dynamixel_sdk
