[4.469s] Invoking command in '/home/pederba/ros2_ws/src/lab01_pkg': PYTHONPATH=/home/pederba/ros2_ws/build/lab01_pkg/prefix_override:/home/pederba/ros2_ws/install/lab01_pkg/lib/python3.10/site-packages:${PYTHONPATH} /usr/bin/python3 setup.py egg_info --egg-base ../../build/lab01_pkg build --build-base /home/pederba/ros2_ws/build/lab01_pkg/build install --record /home/pederba/ros2_ws/build/lab01_pkg/install.log --single-version-externally-managed
[5.379s] /home/pederba/.local/lib/python3.10/site-packages/setuptools/_distutils/cmd.py:66: SetuptoolsDeprecationWarning: setup.py install is deprecated.
[5.380s] !!
[5.380s] 
[5.380s]         ********************************************************************************
[5.380s]         Please avoid running ``setup.py`` directly.
[5.380s]         Instead, use pypa/build, pypa/installer or other
[5.380s]         standards-based tools.
[5.381s] 
[5.381s]         See https://blog.ganssle.io/articles/2021/10/setup-py-deprecated.html for details.
[5.381s]         ********************************************************************************
[5.381s] 
[5.381s] !!
[5.381s]   self.initialize_options()
[5.381s] running egg_info
[5.382s] writing ../../build/lab01_pkg/lab01_pkg.egg-info/PKG-INFO
[5.382s] writing dependency_links to ../../build/lab01_pkg/lab01_pkg.egg-info/dependency_links.txt
[5.382s] writing entry points to ../../build/lab01_pkg/lab01_pkg.egg-info/entry_points.txt
[5.382s] writing requirements to ../../build/lab01_pkg/lab01_pkg.egg-info/requires.txt
[5.382s] writing top-level names to ../../build/lab01_pkg/lab01_pkg.egg-info/top_level.txt
[5.383s] reading manifest file '../../build/lab01_pkg/lab01_pkg.egg-info/SOURCES.txt'
[5.383s] writing manifest file '../../build/lab01_pkg/lab01_pkg.egg-info/SOURCES.txt'
[5.383s] running build
[5.383s] running build_py
[5.383s] running install
[5.383s] running install_lib
[5.384s] running install_data
[5.384s] running install_egg_info
[5.396s] removing '/home/pederba/ros2_ws/install/lab01_pkg/lib/python3.10/site-packages/lab01_pkg-0.0.0-py3.10.egg-info' (and everything under it)
[5.397s] Copying ../../build/lab01_pkg/lab01_pkg.egg-info to /home/pederba/ros2_ws/install/lab01_pkg/lib/python3.10/site-packages/lab01_pkg-0.0.0-py3.10.egg-info
[5.397s] running install_scripts
[5.825s] Installing controller script to /home/pederba/ros2_ws/install/lab01_pkg/lib/lab01_pkg
[5.825s] Installing controller_reset script to /home/pederba/ros2_ws/install/lab01_pkg/lib/lab01_pkg
[5.826s] Installing localization script to /home/pederba/ros2_ws/install/lab01_pkg/lib/lab01_pkg
[5.826s] Installing localization_reset script to /home/pederba/ros2_ws/install/lab01_pkg/lib/lab01_pkg
[5.826s] Installing reset script to /home/pederba/ros2_ws/install/lab01_pkg/lib/lab01_pkg
[5.827s] writing list of installed files to '/home/pederba/ros2_ws/build/lab01_pkg/install.log'
[6.428s] Invoked command in '/home/pederba/ros2_ws/src/lab01_pkg' returned '0': PYTHONPATH=/home/pederba/ros2_ws/build/lab01_pkg/prefix_override:/home/pederba/ros2_ws/install/lab01_pkg/lib/python3.10/site-packages:${PYTHONPATH} /usr/bin/python3 setup.py egg_info --egg-base ../../build/lab01_pkg build --build-base /home/pederba/ros2_ws/build/lab01_pkg/build install --record /home/pederba/ros2_ws/build/lab01_pkg/install.log --single-version-externally-managed
