[2.611s] Invoking command in '/home/pederba/ros2_ws/src/lab05/lab05_pkg': PYTHONPATH=/home/pederba/ros2_ws/build/lab05_pkg/prefix_override:/home/pederba/ros2_ws/install/lab05_pkg/lib/python3.10/site-packages:${PYTHONPATH} /usr/bin/python3 setup.py egg_info --egg-base ../../../build/lab05_pkg build --build-base /home/pederba/ros2_ws/build/lab05_pkg/build install --record /home/pederba/ros2_ws/build/lab05_pkg/install.log --single-version-externally-managed
[3.468s] running egg_info
[3.510s] writing ../../../build/lab05_pkg/lab05_pkg.egg-info/PKG-INFO
[3.510s] writing dependency_links to ../../../build/lab05_pkg/lab05_pkg.egg-info/dependency_links.txt
[3.511s] writing entry points to ../../../build/lab05_pkg/lab05_pkg.egg-info/entry_points.txt
[3.511s] writing requirements to ../../../build/lab05_pkg/lab05_pkg.egg-info/requires.txt
[3.511s] writing top-level names to ../../../build/lab05_pkg/lab05_pkg.egg-info/top_level.txt
[3.597s] reading manifest file '../../../build/lab05_pkg/lab05_pkg.egg-info/SOURCES.txt'
[3.599s] writing manifest file '../../../build/lab05_pkg/lab05_pkg.egg-info/SOURCES.txt'
[3.599s] running build
[3.599s] running build_py
[3.599s] running install
[3.600s] /home/pederba/.local/lib/python3.10/site-packages/setuptools/command/install.py:34: SetuptoolsDeprecationWarning: setup.py install is deprecated. Use build and pip and other standards-based tools.
[3.600s]   warnings.warn(
[3.609s] running install_lib
[3.648s] running install_data
[3.690s] running install_egg_info
[3.728s] removing '/home/pederba/ros2_ws/install/lab05_pkg/lib/python3.10/site-packages/lab05_pkg-0.0.0-py3.10.egg-info' (and everything under it)
[3.728s] Copying ../../../build/lab05_pkg/lab05_pkg.egg-info to /home/pederba/ros2_ws/install/lab05_pkg/lib/python3.10/site-packages/lab05_pkg-0.0.0-py3.10.egg-info
[3.730s] running install_scripts
[3.885s] Installing recorder script to /home/pederba/ros2_ws/install/lab05_pkg/lib/lab05_pkg
[3.885s] writing list of installed files to '/home/pederba/ros2_ws/build/lab05_pkg/install.log'
[4.001s] Invoked command in '/home/pederba/ros2_ws/src/lab05/lab05_pkg' returned '0': PYTHONPATH=/home/pederba/ros2_ws/build/lab05_pkg/prefix_override:/home/pederba/ros2_ws/install/lab05_pkg/lib/python3.10/site-packages:${PYTHONPATH} /usr/bin/python3 setup.py egg_info --egg-base ../../../build/lab05_pkg build --build-base /home/pederba/ros2_ws/build/lab05_pkg/build install --record /home/pederba/ros2_ws/build/lab05_pkg/install.log --single-version-externally-managed
