[4.129s] Invoking command in '/home/pederba/ros2_ws/src/lab03_pkg': PYTHONPATH=/home/pederba/ros2_ws/build/lab03_pkg/prefix_override:/home/pederba/ros2_ws/install/lab03_pkg/lib/python3.10/site-packages:${PYTHONPATH} /usr/bin/python3 setup.py egg_info --egg-base ../../build/lab03_pkg build --build-base /home/pederba/ros2_ws/build/lab03_pkg/build install --record /home/pederba/ros2_ws/build/lab03_pkg/install.log --single-version-externally-managed
[4.613s] running egg_info
[4.644s] writing ../../build/lab03_pkg/lab03_pkg.egg-info/PKG-INFO
[4.645s] writing dependency_links to ../../build/lab03_pkg/lab03_pkg.egg-info/dependency_links.txt
[4.646s] writing entry points to ../../build/lab03_pkg/lab03_pkg.egg-info/entry_points.txt
[4.646s] writing requirements to ../../build/lab03_pkg/lab03_pkg.egg-info/requires.txt
[4.647s] writing top-level names to ../../build/lab03_pkg/lab03_pkg.egg-info/top_level.txt
[4.710s] reading manifest file '../../build/lab03_pkg/lab03_pkg.egg-info/SOURCES.txt'
[4.711s] writing manifest file '../../build/lab03_pkg/lab03_pkg.egg-info/SOURCES.txt'
[4.711s] running build
[4.712s] running build_py
[4.712s] running install
[4.713s] /home/pederba/.local/lib/python3.10/site-packages/setuptools/_distutils/cmd.py:66: SetuptoolsDeprecationWarning: setup.py install is deprecated.
[4.713s] !!
[4.713s] 
[4.713s]         ********************************************************************************
[4.713s]         Please avoid running ``setup.py`` directly.
[4.713s]         Instead, use pypa/build, pypa/installer or other
[4.714s]         standards-based tools.
[4.714s] 
[4.714s]         See https://blog.ganssle.io/articles/2021/10/setup-py-deprecated.html for details.
[4.714s]         ********************************************************************************
[4.714s] 
[4.714s] !!
[4.715s]   self.initialize_options()
[4.721s] running install_lib
[4.756s] running install_data
[4.792s] creating /home/pederba/ros2_ws/install/lab03_pkg/share/lab03_pkg/launch
[4.792s] copying launch/controller.launch.py -> /home/pederba/ros2_ws/install/lab03_pkg/share/lab03_pkg/launch
[4.793s] running install_egg_info
[4.837s] removing '/home/pederba/ros2_ws/install/lab03_pkg/lib/python3.10/site-packages/lab03_pkg-0.0.0-py3.10.egg-info' (and everything under it)
[4.843s] Copying ../../build/lab03_pkg/lab03_pkg.egg-info to /home/pederba/ros2_ws/install/lab03_pkg/lib/python3.10/site-packages/lab03_pkg-0.0.0-py3.10.egg-info
[4.858s] running install_scripts
[5.153s] Installing controller script to /home/pederba/ros2_ws/install/lab03_pkg/lib/lab03_pkg
[5.153s] writing list of installed files to '/home/pederba/ros2_ws/build/lab03_pkg/install.log'
[5.321s] Invoked command in '/home/pederba/ros2_ws/src/lab03_pkg' returned '0': PYTHONPATH=/home/pederba/ros2_ws/build/lab03_pkg/prefix_override:/home/pederba/ros2_ws/install/lab03_pkg/lib/python3.10/site-packages:${PYTHONPATH} /usr/bin/python3 setup.py egg_info --egg-base ../../build/lab03_pkg build --build-base /home/pederba/ros2_ws/build/lab03_pkg/build install --record /home/pederba/ros2_ws/build/lab03_pkg/install.log --single-version-externally-managed
