[1.523s] Invoking command in '/home/pederba/ros2_ws/build/turtlesim': CMAKE_PREFIX_PATH=${CMAKE_PREFIX_PATH}:/home/pederba/ros2_ws/install/lab02_pkg_test:/home/pederba/ros2_ws/install/turtlebot3_teleop:/home/pederba/ros2_ws/install/turtlebot3_example:/home/pederba/ros2_ws/install/py_pubsub:/home/pederba/ros2_ws/install/lab02_pkg:/home/pederba/ros2_ws/install/lab01_pkg:/opt/ros/humble /usr/bin/cmake --build /home/pederba/ros2_ws/build/turtlesim -- -j8 -l8
[1.873s] [  1%] Built target turtlesim__cpp
[1.873s] [ 11%] Built target turtlesim__rosidl_generator_c
[1.873s] [ 11%] Built target ament_cmake_python_copy_turtlesim
[1.874s] [ 21%] Built target turtlesim__rosidl_typesupport_fastrtps_cpp
[1.874s] [ 31%] Built target turtlesim__rosidl_typesupport_cpp
[1.912s] [ 41%] Built target turtlesim__rosidl_typesupport_introspection_cpp
[1.932s] [ 51%] Built target turtlesim__rosidl_typesupport_introspection_c
[1.937s] [ 61%] Built target turtlesim__rosidl_typesupport_fastrtps_c
[1.977s] [ 71%] Built target turtlesim__rosidl_typesupport_c
[2.089s] [ 73%] Built target turtle_teleop_key
[2.100s] [ 79%] Built target turtlesim_node
[2.119s] [ 81%] Built target mimic
[2.129s] [ 83%] Built target draw_square
[2.166s] [ 83%] Built target turtlesim
[2.305s] [ 84%] Built target turtlesim__py
[2.386s] [ 93%] Built target turtlesim__rosidl_generator_py
[2.486s] running egg_info
[2.494s] [ 95%] Built target turtlesim__rosidl_typesupport_fastrtps_c__pyext
[2.525s] [ 97%] Built target turtlesim__rosidl_typesupport_introspection_c__pyext
[2.553s] writing turtlesim.egg-info/PKG-INFO
[2.555s] writing dependency_links to turtlesim.egg-info/dependency_links.txt
[2.556s] writing top-level names to turtlesim.egg-info/top_level.txt
[2.589s] [100%] Built target turtlesim__rosidl_typesupport_c__pyext
[2.700s] reading manifest file 'turtlesim.egg-info/SOURCES.txt'
[2.700s] writing manifest file 'turtlesim.egg-info/SOURCES.txt'
[2.800s] [100%] Built target ament_cmake_python_build_turtlesim_egg
[3.901s] Invoked command in '/home/pederba/ros2_ws/build/turtlesim' returned '0': CMAKE_PREFIX_PATH=${CMAKE_PREFIX_PATH}:/home/pederba/ros2_ws/install/lab02_pkg_test:/home/pederba/ros2_ws/install/turtlebot3_teleop:/home/pederba/ros2_ws/install/turtlebot3_example:/home/pederba/ros2_ws/install/py_pubsub:/home/pederba/ros2_ws/install/lab02_pkg:/home/pederba/ros2_ws/install/lab01_pkg:/opt/ros/humble /usr/bin/cmake --build /home/pederba/ros2_ws/build/turtlesim -- -j8 -l8
[5.434s] Invoking command in '/home/pederba/ros2_ws/build/turtlesim': CMAKE_PREFIX_PATH=${CMAKE_PREFIX_PATH}:/home/pederba/ros2_ws/install/lab02_pkg_test:/home/pederba/ros2_ws/install/turtlebot3_teleop:/home/pederba/ros2_ws/install/turtlebot3_example:/home/pederba/ros2_ws/install/py_pubsub:/home/pederba/ros2_ws/install/lab02_pkg:/home/pederba/ros2_ws/install/lab01_pkg:/opt/ros/humble /usr/bin/cmake --install /home/pederba/ros2_ws/build/turtlesim
[5.461s] -- Install configuration: ""
[5.467s] -- Up-to-date: /home/pederba/ros2_ws/install/turtlesim/share/ament_index/resource_index/rosidl_interfaces/turtlesim
[5.468s] -- Up-to-date: /home/pederba/ros2_ws/install/turtlesim/include/turtlesim/turtlesim
[5.469s] -- Up-to-date: /home/pederba/ros2_ws/install/turtlesim/include/turtlesim/turtlesim/srv
[5.470s] -- Up-to-date: /home/pederba/ros2_ws/install/turtlesim/include/turtlesim/turtlesim/srv/teleport_relative.h
[5.470s] -- Up-to-date: /home/pederba/ros2_ws/install/turtlesim/include/turtlesim/turtlesim/srv/teleport_absolute.h
[5.470s] -- Up-to-date: /home/pederba/ros2_ws/install/turtlesim/include/turtlesim/turtlesim/srv/spawn.h
[5.471s] -- Up-to-date: /home/pederba/ros2_ws/install/turtlesim/include/turtlesim/turtlesim/srv/set_pen.h
[5.471s] -- Up-to-date: /home/pederba/ros2_ws/install/turtlesim/include/turtlesim/turtlesim/srv/kill.h
[5.471s] -- Up-to-date: /home/pederba/ros2_ws/install/turtlesim/include/turtlesim/turtlesim/srv/detail
[5.472s] -- Up-to-date: /home/pederba/ros2_ws/install/turtlesim/include/turtlesim/turtlesim/srv/detail/teleport_absolute__functions.h
[5.472s] -- Up-to-date: /home/pederba/ros2_ws/install/turtlesim/include/turtlesim/turtlesim/srv/detail/set_pen__functions.c
[5.473s] -- Up-to-date: /home/pederba/ros2_ws/install/turtlesim/include/turtlesim/turtlesim/srv/detail/teleport_absolute__functions.c
[5.473s] -- Up-to-date: /home/pederba/ros2_ws/install/turtlesim/include/turtlesim/turtlesim/srv/detail/teleport_relative__functions.c
[5.474s] -- Up-to-date: /home/pederba/ros2_ws/install/turtlesim/include/turtlesim/turtlesim/srv/detail/teleport_relative__functions.h
[5.474s] -- Up-to-date: /home/pederba/ros2_ws/install/turtlesim/include/turtlesim/turtlesim/srv/detail/spawn__struct.h
[5.475s] -- Up-to-date: /home/pederba/ros2_ws/install/turtlesim/include/turtlesim/turtlesim/srv/detail/teleport_relative__type_support.h
[5.475s] -- Up-to-date: /home/pederba/ros2_ws/install/turtlesim/include/turtlesim/turtlesim/srv/detail/spawn__functions.h
[5.476s] -- Up-to-date: /home/pederba/ros2_ws/install/turtlesim/include/turtlesim/turtlesim/srv/detail/teleport_relative__struct.h
[5.476s] -- Up-to-date: /home/pederba/ros2_ws/install/turtlesim/include/turtlesim/turtlesim/srv/detail/set_pen__type_support.h
[5.477s] -- Up-to-date: /home/pederba/ros2_ws/install/turtlesim/include/turtlesim/turtlesim/srv/detail/teleport_absolute__struct.h
[5.477s] -- Up-to-date: /home/pederba/ros2_ws/install/turtlesim/include/turtlesim/turtlesim/srv/detail/kill__struct.h
[5.478s] -- Up-to-date: /home/pederba/ros2_ws/install/turtlesim/include/turtlesim/turtlesim/srv/detail/spawn__functions.c
[5.478s] -- Up-to-date: /home/pederba/ros2_ws/install/turtlesim/include/turtlesim/turtlesim/srv/detail/teleport_absolute__type_support.h
[5.479s] -- Up-to-date: /home/pederba/ros2_ws/install/turtlesim/include/turtlesim/turtlesim/srv/detail/set_pen__functions.h
[5.480s] -- Up-to-date: /home/pederba/ros2_ws/install/turtlesim/include/turtlesim/turtlesim/srv/detail/kill__functions.c
[5.481s] -- Up-to-date: /home/pederba/ros2_ws/install/turtlesim/include/turtlesim/turtlesim/srv/detail/kill__type_support.h
[5.481s] -- Up-to-date: /home/pederba/ros2_ws/install/turtlesim/include/turtlesim/turtlesim/srv/detail/kill__functions.h
[5.481s] -- Up-to-date: /home/pederba/ros2_ws/install/turtlesim/include/turtlesim/turtlesim/srv/detail/spawn__type_support.h
[5.482s] -- Up-to-date: /home/pederba/ros2_ws/install/turtlesim/include/turtlesim/turtlesim/srv/detail/set_pen__struct.h
[5.483s] -- Up-to-date: /home/pederba/ros2_ws/install/turtlesim/include/turtlesim/turtlesim/msg
[5.484s] -- Up-to-date: /home/pederba/ros2_ws/install/turtlesim/include/turtlesim/turtlesim/msg/rosidl_generator_c__visibility_control.h
[5.485s] -- Up-to-date: /home/pederba/ros2_ws/install/turtlesim/include/turtlesim/turtlesim/msg/pose.h
[5.485s] -- Up-to-date: /home/pederba/ros2_ws/install/turtlesim/include/turtlesim/turtlesim/msg/detail
[5.486s] -- Up-to-date: /home/pederba/ros2_ws/install/turtlesim/include/turtlesim/turtlesim/msg/detail/pose__type_support.h
[5.486s] -- Up-to-date: /home/pederba/ros2_ws/install/turtlesim/include/turtlesim/turtlesim/msg/detail/pose__functions.c
[5.486s] -- Up-to-date: /home/pederba/ros2_ws/install/turtlesim/include/turtlesim/turtlesim/msg/detail/color__functions.c
[5.487s] -- Up-to-date: /home/pederba/ros2_ws/install/turtlesim/include/turtlesim/turtlesim/msg/detail/color__type_support.h
[5.487s] -- Up-to-date: /home/pederba/ros2_ws/install/turtlesim/include/turtlesim/turtlesim/msg/detail/pose__struct.h
[5.488s] -- Up-to-date: /home/pederba/ros2_ws/install/turtlesim/include/turtlesim/turtlesim/msg/detail/pose__functions.h
[5.488s] -- Up-to-date: /home/pederba/ros2_ws/install/turtlesim/include/turtlesim/turtlesim/msg/detail/color__functions.h
[5.489s] -- Up-to-date: /home/pederba/ros2_ws/install/turtlesim/include/turtlesim/turtlesim/msg/detail/color__struct.h
[5.489s] -- Up-to-date: /home/pederba/ros2_ws/install/turtlesim/include/turtlesim/turtlesim/msg/color.h
[5.490s] -- Up-to-date: /home/pederba/ros2_ws/install/turtlesim/include/turtlesim/turtlesim/action
[5.492s] -- Up-to-date: /home/pederba/ros2_ws/install/turtlesim/include/turtlesim/turtlesim/action/rotate_absolute.h
[5.492s] -- Up-to-date: /home/pederba/ros2_ws/install/turtlesim/include/turtlesim/turtlesim/action/detail
[5.493s] -- Up-to-date: /home/pederba/ros2_ws/install/turtlesim/include/turtlesim/turtlesim/action/detail/rotate_absolute__type_support.h
[5.493s] -- Up-to-date: /home/pederba/ros2_ws/install/turtlesim/include/turtlesim/turtlesim/action/detail/rotate_absolute__struct.h
[5.493s] -- Up-to-date: /home/pederba/ros2_ws/install/turtlesim/include/turtlesim/turtlesim/action/detail/rotate_absolute__functions.h
[5.494s] -- Up-to-date: /home/pederba/ros2_ws/install/turtlesim/include/turtlesim/turtlesim/action/detail/rotate_absolute__functions.c
[5.495s] -- Up-to-date: /home/pederba/ros2_ws/install/turtlesim/share/turtlesim/environment/library_path.sh
[5.495s] -- Up-to-date: /home/pederba/ros2_ws/install/turtlesim/share/turtlesim/environment/library_path.dsv
[5.496s] -- Up-to-date: /home/pederba/ros2_ws/install/turtlesim/lib/libturtlesim__rosidl_generator_c.so
[5.496s] -- Up-to-date: /home/pederba/ros2_ws/install/turtlesim/include/turtlesim/turtlesim
[5.497s] -- Up-to-date: /home/pederba/ros2_ws/install/turtlesim/include/turtlesim/turtlesim/srv
[5.497s] -- Up-to-date: /home/pederba/ros2_ws/install/turtlesim/include/turtlesim/turtlesim/srv/detail
[5.497s] -- Up-to-date: /home/pederba/ros2_ws/install/turtlesim/include/turtlesim/turtlesim/srv/detail/spawn__rosidl_typesupport_fastrtps_c.h
[5.498s] -- Up-to-date: /home/pederba/ros2_ws/install/turtlesim/include/turtlesim/turtlesim/srv/detail/teleport_absolute__rosidl_typesupport_fastrtps_c.h
[5.498s] -- Up-to-date: /home/pederba/ros2_ws/install/turtlesim/include/turtlesim/turtlesim/srv/detail/kill__rosidl_typesupport_fastrtps_c.h
[5.498s] -- Up-to-date: /home/pederba/ros2_ws/install/turtlesim/include/turtlesim/turtlesim/srv/detail/set_pen__rosidl_typesupport_fastrtps_c.h
[5.499s] -- Up-to-date: /home/pederba/ros2_ws/install/turtlesim/include/turtlesim/turtlesim/srv/detail/teleport_relative__rosidl_typesupport_fastrtps_c.h
[5.499s] -- Up-to-date: /home/pederba/ros2_ws/install/turtlesim/include/turtlesim/turtlesim/msg
[5.500s] -- Up-to-date: /home/pederba/ros2_ws/install/turtlesim/include/turtlesim/turtlesim/msg/rosidl_typesupport_fastrtps_c__visibility_control.h
[5.500s] -- Up-to-date: /home/pederba/ros2_ws/install/turtlesim/include/turtlesim/turtlesim/msg/detail
[5.500s] -- Up-to-date: /home/pederba/ros2_ws/install/turtlesim/include/turtlesim/turtlesim/msg/detail/pose__rosidl_typesupport_fastrtps_c.h
[5.501s] -- Up-to-date: /home/pederba/ros2_ws/install/turtlesim/include/turtlesim/turtlesim/msg/detail/color__rosidl_typesupport_fastrtps_c.h
[5.501s] -- Up-to-date: /home/pederba/ros2_ws/install/turtlesim/include/turtlesim/turtlesim/action
[5.502s] -- Up-to-date: /home/pederba/ros2_ws/install/turtlesim/include/turtlesim/turtlesim/action/detail
[5.502s] -- Up-to-date: /home/pederba/ros2_ws/install/turtlesim/include/turtlesim/turtlesim/action/detail/rotate_absolute__rosidl_typesupport_fastrtps_c.h
[5.502s] -- Up-to-date: /home/pederba/ros2_ws/install/turtlesim/lib/libturtlesim__rosidl_typesupport_fastrtps_c.so
[5.503s] -- Up-to-date: /home/pederba/ros2_ws/install/turtlesim/include/turtlesim/turtlesim
[5.504s] -- Up-to-date: /home/pederba/ros2_ws/install/turtlesim/include/turtlesim/turtlesim/srv
[5.504s] -- Up-to-date: /home/pederba/ros2_ws/install/turtlesim/include/turtlesim/turtlesim/srv/kill.hpp
[5.505s] -- Up-to-date: /home/pederba/ros2_ws/install/turtlesim/include/turtlesim/turtlesim/srv/spawn.hpp
[5.505s] -- Up-to-date: /home/pederba/ros2_ws/install/turtlesim/include/turtlesim/turtlesim/srv/set_pen.hpp
[5.505s] -- Up-to-date: /home/pederba/ros2_ws/install/turtlesim/include/turtlesim/turtlesim/srv/teleport_absolute.hpp
[5.505s] -- Up-to-date: /home/pederba/ros2_ws/install/turtlesim/include/turtlesim/turtlesim/srv/teleport_relative.hpp
[5.506s] -- Up-to-date: /home/pederba/ros2_ws/install/turtlesim/include/turtlesim/turtlesim/srv/detail
[5.506s] -- Up-to-date: /home/pederba/ros2_ws/install/turtlesim/include/turtlesim/turtlesim/srv/detail/teleport_relative__traits.hpp
[5.506s] -- Up-to-date: /home/pederba/ros2_ws/install/turtlesim/include/turtlesim/turtlesim/srv/detail/set_pen__struct.hpp
[5.507s] -- Up-to-date: /home/pederba/ros2_ws/install/turtlesim/include/turtlesim/turtlesim/srv/detail/teleport_absolute__struct.hpp
[5.507s] -- Up-to-date: /home/pederba/ros2_ws/install/turtlesim/include/turtlesim/turtlesim/srv/detail/kill__traits.hpp
[5.507s] -- Up-to-date: /home/pederba/ros2_ws/install/turtlesim/include/turtlesim/turtlesim/srv/detail/set_pen__traits.hpp
[5.507s] -- Up-to-date: /home/pederba/ros2_ws/install/turtlesim/include/turtlesim/turtlesim/srv/detail/teleport_relative__struct.hpp
[5.508s] -- Up-to-date: /home/pederba/ros2_ws/install/turtlesim/include/turtlesim/turtlesim/srv/detail/kill__builder.hpp
[5.508s] -- Up-to-date: /home/pederba/ros2_ws/install/turtlesim/include/turtlesim/turtlesim/srv/detail/set_pen__builder.hpp
[5.508s] -- Up-to-date: /home/pederba/ros2_ws/install/turtlesim/include/turtlesim/turtlesim/srv/detail/kill__struct.hpp
[5.509s] -- Up-to-date: /home/pederba/ros2_ws/install/turtlesim/include/turtlesim/turtlesim/srv/detail/teleport_relative__builder.hpp
[5.509s] -- Up-to-date: /home/pederba/ros2_ws/install/turtlesim/include/turtlesim/turtlesim/srv/detail/teleport_absolute__builder.hpp
[5.510s] -- Up-to-date: /home/pederba/ros2_ws/install/turtlesim/include/turtlesim/turtlesim/srv/detail/spawn__traits.hpp
[5.510s] -- Up-to-date: /home/pederba/ros2_ws/install/turtlesim/include/turtlesim/turtlesim/srv/detail/teleport_absolute__traits.hpp
[5.510s] -- Up-to-date: /home/pederba/ros2_ws/install/turtlesim/include/turtlesim/turtlesim/srv/detail/spawn__builder.hpp
[5.511s] -- Up-to-date: /home/pederba/ros2_ws/install/turtlesim/include/turtlesim/turtlesim/srv/detail/spawn__struct.hpp
[5.511s] -- Up-to-date: /home/pederba/ros2_ws/install/turtlesim/include/turtlesim/turtlesim/msg
[5.512s] -- Up-to-date: /home/pederba/ros2_ws/install/turtlesim/include/turtlesim/turtlesim/msg/pose.hpp
[5.512s] -- Up-to-date: /home/pederba/ros2_ws/install/turtlesim/include/turtlesim/turtlesim/msg/color.hpp
[5.512s] -- Up-to-date: /home/pederba/ros2_ws/install/turtlesim/include/turtlesim/turtlesim/msg/detail
[5.513s] -- Up-to-date: /home/pederba/ros2_ws/install/turtlesim/include/turtlesim/turtlesim/msg/detail/color__builder.hpp
[5.513s] -- Up-to-date: /home/pederba/ros2_ws/install/turtlesim/include/turtlesim/turtlesim/msg/detail/color__traits.hpp
[5.513s] -- Up-to-date: /home/pederba/ros2_ws/install/turtlesim/include/turtlesim/turtlesim/msg/detail/pose__traits.hpp
[5.514s] -- Up-to-date: /home/pederba/ros2_ws/install/turtlesim/include/turtlesim/turtlesim/msg/detail/color__struct.hpp
[5.514s] -- Up-to-date: /home/pederba/ros2_ws/install/turtlesim/include/turtlesim/turtlesim/msg/detail/pose__builder.hpp
[5.515s] -- Up-to-date: /home/pederba/ros2_ws/install/turtlesim/include/turtlesim/turtlesim/msg/detail/pose__struct.hpp
[5.515s] -- Up-to-date: /home/pederba/ros2_ws/install/turtlesim/include/turtlesim/turtlesim/action
[5.516s] -- Up-to-date: /home/pederba/ros2_ws/install/turtlesim/include/turtlesim/turtlesim/action/rotate_absolute.hpp
[5.516s] -- Up-to-date: /home/pederba/ros2_ws/install/turtlesim/include/turtlesim/turtlesim/action/detail
[5.517s] -- Up-to-date: /home/pederba/ros2_ws/install/turtlesim/include/turtlesim/turtlesim/action/detail/rotate_absolute__traits.hpp
[5.517s] -- Up-to-date: /home/pederba/ros2_ws/install/turtlesim/include/turtlesim/turtlesim/action/detail/rotate_absolute__builder.hpp
[5.517s] -- Up-to-date: /home/pederba/ros2_ws/install/turtlesim/include/turtlesim/turtlesim/action/detail/rotate_absolute__struct.hpp
[5.518s] -- Up-to-date: /home/pederba/ros2_ws/install/turtlesim/include/turtlesim/turtlesim
[5.518s] -- Up-to-date: /home/pederba/ros2_ws/install/turtlesim/include/turtlesim/turtlesim/srv
[5.519s] -- Up-to-date: /home/pederba/ros2_ws/install/turtlesim/include/turtlesim/turtlesim/srv/detail
[5.519s] -- Up-to-date: /home/pederba/ros2_ws/install/turtlesim/include/turtlesim/turtlesim/srv/detail/dds_fastrtps
[5.520s] -- Up-to-date: /home/pederba/ros2_ws/install/turtlesim/include/turtlesim/turtlesim/srv/detail/set_pen__rosidl_typesupport_fastrtps_cpp.hpp
[5.521s] -- Up-to-date: /home/pederba/ros2_ws/install/turtlesim/include/turtlesim/turtlesim/srv/detail/spawn__rosidl_typesupport_fastrtps_cpp.hpp
[5.523s] -- Up-to-date: /home/pederba/ros2_ws/install/turtlesim/include/turtlesim/turtlesim/srv/detail/teleport_absolute__rosidl_typesupport_fastrtps_cpp.hpp
[5.524s] -- Up-to-date: /home/pederba/ros2_ws/install/turtlesim/include/turtlesim/turtlesim/srv/detail/teleport_relative__rosidl_typesupport_fastrtps_cpp.hpp
[5.524s] -- Up-to-date: /home/pederba/ros2_ws/install/turtlesim/include/turtlesim/turtlesim/srv/detail/kill__rosidl_typesupport_fastrtps_cpp.hpp
[5.524s] -- Up-to-date: /home/pederba/ros2_ws/install/turtlesim/include/turtlesim/turtlesim/msg
[5.525s] -- Up-to-date: /home/pederba/ros2_ws/install/turtlesim/include/turtlesim/turtlesim/msg/rosidl_typesupport_fastrtps_cpp__visibility_control.h
[5.526s] -- Up-to-date: /home/pederba/ros2_ws/install/turtlesim/include/turtlesim/turtlesim/msg/detail
[5.526s] -- Up-to-date: /home/pederba/ros2_ws/install/turtlesim/include/turtlesim/turtlesim/msg/detail/dds_fastrtps
[5.527s] -- Up-to-date: /home/pederba/ros2_ws/install/turtlesim/include/turtlesim/turtlesim/msg/detail/color__rosidl_typesupport_fastrtps_cpp.hpp
[5.527s] -- Up-to-date: /home/pederba/ros2_ws/install/turtlesim/include/turtlesim/turtlesim/msg/detail/pose__rosidl_typesupport_fastrtps_cpp.hpp
[5.527s] -- Up-to-date: /home/pederba/ros2_ws/install/turtlesim/include/turtlesim/turtlesim/action
[5.528s] -- Up-to-date: /home/pederba/ros2_ws/install/turtlesim/include/turtlesim/turtlesim/action/detail
[5.528s] -- Up-to-date: /home/pederba/ros2_ws/install/turtlesim/include/turtlesim/turtlesim/action/detail/dds_fastrtps
[5.529s] -- Up-to-date: /home/pederba/ros2_ws/install/turtlesim/include/turtlesim/turtlesim/action/detail/rotate_absolute__rosidl_typesupport_fastrtps_cpp.hpp
[5.529s] -- Up-to-date: /home/pederba/ros2_ws/install/turtlesim/lib/libturtlesim__rosidl_typesupport_fastrtps_cpp.so
[5.530s] -- Up-to-date: /home/pederba/ros2_ws/install/turtlesim/include/turtlesim/turtlesim
[5.530s] -- Up-to-date: /home/pederba/ros2_ws/install/turtlesim/include/turtlesim/turtlesim/srv
[5.531s] -- Up-to-date: /home/pederba/ros2_ws/install/turtlesim/include/turtlesim/turtlesim/srv/detail
[5.531s] -- Up-to-date: /home/pederba/ros2_ws/install/turtlesim/include/turtlesim/turtlesim/srv/detail/set_pen__type_support.c
[5.532s] -- Up-to-date: /home/pederba/ros2_ws/install/turtlesim/include/turtlesim/turtlesim/srv/detail/spawn__rosidl_typesupport_introspection_c.h
[5.532s] -- Up-to-date: /home/pederba/ros2_ws/install/turtlesim/include/turtlesim/turtlesim/srv/detail/teleport_relative__type_support.c
[5.532s] -- Up-to-date: /home/pederba/ros2_ws/install/turtlesim/include/turtlesim/turtlesim/srv/detail/spawn__type_support.c
[5.533s] -- Up-to-date: /home/pederba/ros2_ws/install/turtlesim/include/turtlesim/turtlesim/srv/detail/set_pen__rosidl_typesupport_introspection_c.h
[5.534s] -- Up-to-date: /home/pederba/ros2_ws/install/turtlesim/include/turtlesim/turtlesim/srv/detail/kill__rosidl_typesupport_introspection_c.h
[5.534s] -- Up-to-date: /home/pederba/ros2_ws/install/turtlesim/include/turtlesim/turtlesim/srv/detail/kill__type_support.c
[5.534s] -- Up-to-date: /home/pederba/ros2_ws/install/turtlesim/include/turtlesim/turtlesim/srv/detail/teleport_relative__rosidl_typesupport_introspection_c.h
[5.535s] -- Up-to-date: /home/pederba/ros2_ws/install/turtlesim/include/turtlesim/turtlesim/srv/detail/teleport_absolute__rosidl_typesupport_introspection_c.h
[5.535s] -- Up-to-date: /home/pederba/ros2_ws/install/turtlesim/include/turtlesim/turtlesim/srv/detail/teleport_absolute__type_support.c
[5.535s] -- Up-to-date: /home/pederba/ros2_ws/install/turtlesim/include/turtlesim/turtlesim/msg
[5.536s] -- Up-to-date: /home/pederba/ros2_ws/install/turtlesim/include/turtlesim/turtlesim/msg/rosidl_typesupport_introspection_c__visibility_control.h
[5.536s] -- Up-to-date: /home/pederba/ros2_ws/install/turtlesim/include/turtlesim/turtlesim/msg/detail
[5.536s] -- Up-to-date: /home/pederba/ros2_ws/install/turtlesim/include/turtlesim/turtlesim/msg/detail/color__rosidl_typesupport_introspection_c.h
[5.537s] -- Up-to-date: /home/pederba/ros2_ws/install/turtlesim/include/turtlesim/turtlesim/msg/detail/pose__type_support.c
[5.537s] -- Up-to-date: /home/pederba/ros2_ws/install/turtlesim/include/turtlesim/turtlesim/msg/detail/color__type_support.c
[5.538s] -- Up-to-date: /home/pederba/ros2_ws/install/turtlesim/include/turtlesim/turtlesim/msg/detail/pose__rosidl_typesupport_introspection_c.h
[5.538s] -- Up-to-date: /home/pederba/ros2_ws/install/turtlesim/include/turtlesim/turtlesim/action
[5.538s] -- Up-to-date: /home/pederba/ros2_ws/install/turtlesim/include/turtlesim/turtlesim/action/detail
[5.539s] -- Up-to-date: /home/pederba/ros2_ws/install/turtlesim/include/turtlesim/turtlesim/action/detail/rotate_absolute__type_support.c
[5.539s] -- Up-to-date: /home/pederba/ros2_ws/install/turtlesim/include/turtlesim/turtlesim/action/detail/rotate_absolute__rosidl_typesupport_introspection_c.h
[5.540s] -- Up-to-date: /home/pederba/ros2_ws/install/turtlesim/lib/libturtlesim__rosidl_typesupport_introspection_c.so
[5.541s] -- Up-to-date: /home/pederba/ros2_ws/install/turtlesim/lib/libturtlesim__rosidl_typesupport_c.so
[5.541s] -- Up-to-date: /home/pederba/ros2_ws/install/turtlesim/include/turtlesim/turtlesim
[5.541s] -- Up-to-date: /home/pederba/ros2_ws/install/turtlesim/include/turtlesim/turtlesim/srv
[5.542s] -- Up-to-date: /home/pederba/ros2_ws/install/turtlesim/include/turtlesim/turtlesim/srv/detail
[5.542s] -- Up-to-date: /home/pederba/ros2_ws/install/turtlesim/include/turtlesim/turtlesim/srv/detail/set_pen__rosidl_typesupport_introspection_cpp.hpp
[5.543s] -- Up-to-date: /home/pederba/ros2_ws/install/turtlesim/include/turtlesim/turtlesim/srv/detail/spawn__rosidl_typesupport_introspection_cpp.hpp
[5.543s] -- Up-to-date: /home/pederba/ros2_ws/install/turtlesim/include/turtlesim/turtlesim/srv/detail/kill__rosidl_typesupport_introspection_cpp.hpp
[5.543s] -- Up-to-date: /home/pederba/ros2_ws/install/turtlesim/include/turtlesim/turtlesim/srv/detail/teleport_relative__type_support.cpp
[5.544s] -- Up-to-date: /home/pederba/ros2_ws/install/turtlesim/include/turtlesim/turtlesim/srv/detail/kill__type_support.cpp
[5.544s] -- Up-to-date: /home/pederba/ros2_ws/install/turtlesim/include/turtlesim/turtlesim/srv/detail/teleport_relative__rosidl_typesupport_introspection_cpp.hpp
[5.545s] -- Up-to-date: /home/pederba/ros2_ws/install/turtlesim/include/turtlesim/turtlesim/srv/detail/spawn__type_support.cpp
[5.548s] -- Up-to-date: /home/pederba/ros2_ws/install/turtlesim/include/turtlesim/turtlesim/srv/detail/set_pen__type_support.cpp
[5.549s] -- Up-to-date: /home/pederba/ros2_ws/install/turtlesim/include/turtlesim/turtlesim/srv/detail/teleport_absolute__rosidl_typesupport_introspection_cpp.hpp
[5.549s] -- Up-to-date: /home/pederba/ros2_ws/install/turtlesim/include/turtlesim/turtlesim/srv/detail/teleport_absolute__type_support.cpp
[5.549s] -- Up-to-date: /home/pederba/ros2_ws/install/turtlesim/include/turtlesim/turtlesim/msg
[5.549s] -- Up-to-date: /home/pederba/ros2_ws/install/turtlesim/include/turtlesim/turtlesim/msg/detail
[5.549s] -- Up-to-date: /home/pederba/ros2_ws/install/turtlesim/include/turtlesim/turtlesim/msg/detail/pose__rosidl_typesupport_introspection_cpp.hpp
[5.550s] -- Up-to-date: /home/pederba/ros2_ws/install/turtlesim/include/turtlesim/turtlesim/msg/detail/color__rosidl_typesupport_introspection_cpp.hpp
[5.550s] -- Up-to-date: /home/pederba/ros2_ws/install/turtlesim/include/turtlesim/turtlesim/msg/detail/pose__type_support.cpp
[5.550s] -- Up-to-date: /home/pederba/ros2_ws/install/turtlesim/include/turtlesim/turtlesim/msg/detail/color__type_support.cpp
[5.550s] -- Up-to-date: /home/pederba/ros2_ws/install/turtlesim/include/turtlesim/turtlesim/action
[5.550s] -- Up-to-date: /home/pederba/ros2_ws/install/turtlesim/include/turtlesim/turtlesim/action/detail
[5.551s] -- Up-to-date: /home/pederba/ros2_ws/install/turtlesim/include/turtlesim/turtlesim/action/detail/rotate_absolute__rosidl_typesupport_introspection_cpp.hpp
[5.551s] -- Up-to-date: /home/pederba/ros2_ws/install/turtlesim/include/turtlesim/turtlesim/action/detail/rotate_absolute__type_support.cpp
[5.551s] -- Up-to-date: /home/pederba/ros2_ws/install/turtlesim/lib/libturtlesim__rosidl_typesupport_introspection_cpp.so
[5.551s] -- Up-to-date: /home/pederba/ros2_ws/install/turtlesim/lib/libturtlesim__rosidl_typesupport_cpp.so
[5.551s] -- Up-to-date: /home/pederba/ros2_ws/install/turtlesim/share/turtlesim/environment/pythonpath.sh
[5.552s] -- Up-to-date: /home/pederba/ros2_ws/install/turtlesim/share/turtlesim/environment/pythonpath.dsv
[5.552s] -- Up-to-date: /home/pederba/ros2_ws/install/turtlesim/local/lib/python3.10/dist-packages/turtlesim-1.4.2-py3.10.egg-info
[5.552s] -- Installing: /home/pederba/ros2_ws/install/turtlesim/local/lib/python3.10/dist-packages/turtlesim-1.4.2-py3.10.egg-info/dependency_links.txt
[5.552s] -- Installing: /home/pederba/ros2_ws/install/turtlesim/local/lib/python3.10/dist-packages/turtlesim-1.4.2-py3.10.egg-info/SOURCES.txt
[5.553s] -- Installing: /home/pederba/ros2_ws/install/turtlesim/local/lib/python3.10/dist-packages/turtlesim-1.4.2-py3.10.egg-info/PKG-INFO
[5.554s] -- Installing: /home/pederba/ros2_ws/install/turtlesim/local/lib/python3.10/dist-packages/turtlesim-1.4.2-py3.10.egg-info/top_level.txt
[5.554s] -- Up-to-date: /home/pederba/ros2_ws/install/turtlesim/local/lib/python3.10/dist-packages/turtlesim
[5.554s] -- Up-to-date: /home/pederba/ros2_ws/install/turtlesim/local/lib/python3.10/dist-packages/turtlesim/turtlesim_s__rosidl_typesupport_fastrtps_c.cpython-310-x86_64-linux-gnu.so
[5.554s] -- Up-to-date: /home/pederba/ros2_ws/install/turtlesim/local/lib/python3.10/dist-packages/turtlesim/libturtlesim__rosidl_generator_py.so
[5.555s] -- Up-to-date: /home/pederba/ros2_ws/install/turtlesim/local/lib/python3.10/dist-packages/turtlesim/_turtlesim_s.ep.rosidl_typesupport_c.c
[5.555s] -- Up-to-date: /home/pederba/ros2_ws/install/turtlesim/local/lib/python3.10/dist-packages/turtlesim/turtlesim_s__rosidl_typesupport_introspection_c.cpython-310-x86_64-linux-gnu.so
[5.555s] -- Up-to-date: /home/pederba/ros2_ws/install/turtlesim/local/lib/python3.10/dist-packages/turtlesim/_turtlesim_s.ep.rosidl_typesupport_introspection_c.c
[5.555s] -- Up-to-date: /home/pederba/ros2_ws/install/turtlesim/local/lib/python3.10/dist-packages/turtlesim/srv
[5.555s] -- Up-to-date: /home/pederba/ros2_ws/install/turtlesim/local/lib/python3.10/dist-packages/turtlesim/srv/_set_pen.py
[5.556s] -- Up-to-date: /home/pederba/ros2_ws/install/turtlesim/local/lib/python3.10/dist-packages/turtlesim/srv/_spawn.py
[5.556s] -- Up-to-date: /home/pederba/ros2_ws/install/turtlesim/local/lib/python3.10/dist-packages/turtlesim/srv/_set_pen_s.c
[5.556s] -- Up-to-date: /home/pederba/ros2_ws/install/turtlesim/local/lib/python3.10/dist-packages/turtlesim/srv/_kill.py
[5.557s] -- Up-to-date: /home/pederba/ros2_ws/install/turtlesim/local/lib/python3.10/dist-packages/turtlesim/srv/_kill_s.c
[5.557s] -- Up-to-date: /home/pederba/ros2_ws/install/turtlesim/local/lib/python3.10/dist-packages/turtlesim/srv/_teleport_absolute_s.c
[5.557s] -- Up-to-date: /home/pederba/ros2_ws/install/turtlesim/local/lib/python3.10/dist-packages/turtlesim/srv/_teleport_absolute.py
[5.558s] -- Up-to-date: /home/pederba/ros2_ws/install/turtlesim/local/lib/python3.10/dist-packages/turtlesim/srv/_teleport_relative_s.c
[5.558s] -- Up-to-date: /home/pederba/ros2_ws/install/turtlesim/local/lib/python3.10/dist-packages/turtlesim/srv/__init__.py
[5.559s] -- Up-to-date: /home/pederba/ros2_ws/install/turtlesim/local/lib/python3.10/dist-packages/turtlesim/srv/_teleport_relative.py
[5.559s] -- Up-to-date: /home/pederba/ros2_ws/install/turtlesim/local/lib/python3.10/dist-packages/turtlesim/srv/_spawn_s.c
[5.560s] -- Up-to-date: /home/pederba/ros2_ws/install/turtlesim/local/lib/python3.10/dist-packages/turtlesim/turtlesim_s__rosidl_typesupport_c.cpython-310-x86_64-linux-gnu.so
[5.561s] -- Up-to-date: /home/pederba/ros2_ws/install/turtlesim/local/lib/python3.10/dist-packages/turtlesim/msg
[5.562s] -- Up-to-date: /home/pederba/ros2_ws/install/turtlesim/local/lib/python3.10/dist-packages/turtlesim/msg/_color.py
[5.562s] -- Up-to-date: /home/pederba/ros2_ws/install/turtlesim/local/lib/python3.10/dist-packages/turtlesim/msg/_pose_s.c
[5.563s] -- Up-to-date: /home/pederba/ros2_ws/install/turtlesim/local/lib/python3.10/dist-packages/turtlesim/msg/__init__.py
[5.564s] -- Up-to-date: /home/pederba/ros2_ws/install/turtlesim/local/lib/python3.10/dist-packages/turtlesim/msg/_color_s.c
[5.564s] -- Up-to-date: /home/pederba/ros2_ws/install/turtlesim/local/lib/python3.10/dist-packages/turtlesim/msg/_pose.py
[5.564s] -- Up-to-date: /home/pederba/ros2_ws/install/turtlesim/local/lib/python3.10/dist-packages/turtlesim/__init__.py
[5.564s] -- Up-to-date: /home/pederba/ros2_ws/install/turtlesim/local/lib/python3.10/dist-packages/turtlesim/_turtlesim_s.ep.rosidl_typesupport_fastrtps_c.c
[5.565s] -- Up-to-date: /home/pederba/ros2_ws/install/turtlesim/local/lib/python3.10/dist-packages/turtlesim/action
[5.566s] -- Up-to-date: /home/pederba/ros2_ws/install/turtlesim/local/lib/python3.10/dist-packages/turtlesim/action/_rotate_absolute.py
[5.566s] -- Up-to-date: /home/pederba/ros2_ws/install/turtlesim/local/lib/python3.10/dist-packages/turtlesim/action/__init__.py
[5.567s] -- Up-to-date: /home/pederba/ros2_ws/install/turtlesim/local/lib/python3.10/dist-packages/turtlesim/action/_rotate_absolute_s.c
[5.593s] Listing '/home/pederba/ros2_ws/install/turtlesim/local/lib/python3.10/dist-packages/turtlesim'...
[5.594s] Listing '/home/pederba/ros2_ws/install/turtlesim/local/lib/python3.10/dist-packages/turtlesim/action'...
[5.594s] Listing '/home/pederba/ros2_ws/install/turtlesim/local/lib/python3.10/dist-packages/turtlesim/msg'...
[5.595s] Listing '/home/pederba/ros2_ws/install/turtlesim/local/lib/python3.10/dist-packages/turtlesim/srv'...
[5.604s] -- Up-to-date: /home/pederba/ros2_ws/install/turtlesim/local/lib/python3.10/dist-packages/turtlesim/turtlesim_s__rosidl_typesupport_fastrtps_c.cpython-310-x86_64-linux-gnu.so
[5.605s] -- Up-to-date: /home/pederba/ros2_ws/install/turtlesim/local/lib/python3.10/dist-packages/turtlesim/turtlesim_s__rosidl_typesupport_introspection_c.cpython-310-x86_64-linux-gnu.so
[5.606s] -- Up-to-date: /home/pederba/ros2_ws/install/turtlesim/local/lib/python3.10/dist-packages/turtlesim/turtlesim_s__rosidl_typesupport_c.cpython-310-x86_64-linux-gnu.so
[5.607s] -- Up-to-date: /home/pederba/ros2_ws/install/turtlesim/lib/libturtlesim__rosidl_generator_py.so
[5.608s] -- Up-to-date: /home/pederba/ros2_ws/install/turtlesim/share/turtlesim/action/RotateAbsolute.idl
[5.608s] -- Up-to-date: /home/pederba/ros2_ws/install/turtlesim/share/turtlesim/msg/Color.idl
[5.609s] -- Up-to-date: /home/pederba/ros2_ws/install/turtlesim/share/turtlesim/msg/Pose.idl
[5.609s] -- Up-to-date: /home/pederba/ros2_ws/install/turtlesim/share/turtlesim/srv/Kill.idl
[5.611s] -- Up-to-date: /home/pederba/ros2_ws/install/turtlesim/share/turtlesim/srv/SetPen.idl
[5.611s] -- Up-to-date: /home/pederba/ros2_ws/install/turtlesim/share/turtlesim/srv/Spawn.idl
[5.612s] -- Up-to-date: /home/pederba/ros2_ws/install/turtlesim/share/turtlesim/srv/TeleportAbsolute.idl
[5.612s] -- Up-to-date: /home/pederba/ros2_ws/install/turtlesim/share/turtlesim/srv/TeleportRelative.idl
[5.613s] -- Up-to-date: /home/pederba/ros2_ws/install/turtlesim/share/turtlesim/action/RotateAbsolute.action
[5.614s] -- Up-to-date: /home/pederba/ros2_ws/install/turtlesim/share/turtlesim/msg/Color.msg
[5.614s] -- Up-to-date: /home/pederba/ros2_ws/install/turtlesim/share/turtlesim/msg/Pose.msg
[5.615s] -- Up-to-date: /home/pederba/ros2_ws/install/turtlesim/share/turtlesim/srv/Kill.srv
[5.615s] -- Up-to-date: /home/pederba/ros2_ws/install/turtlesim/share/turtlesim/srv/Kill_Request.msg
[5.616s] -- Up-to-date: /home/pederba/ros2_ws/install/turtlesim/share/turtlesim/srv/Kill_Response.msg
[5.616s] -- Up-to-date: /home/pederba/ros2_ws/install/turtlesim/share/turtlesim/srv/SetPen.srv
[5.617s] -- Up-to-date: /home/pederba/ros2_ws/install/turtlesim/share/turtlesim/srv/SetPen_Request.msg
[5.618s] -- Up-to-date: /home/pederba/ros2_ws/install/turtlesim/share/turtlesim/srv/SetPen_Response.msg
[5.618s] -- Up-to-date: /home/pederba/ros2_ws/install/turtlesim/share/turtlesim/srv/Spawn.srv
[5.619s] -- Up-to-date: /home/pederba/ros2_ws/install/turtlesim/share/turtlesim/srv/Spawn_Request.msg
[5.620s] -- Up-to-date: /home/pederba/ros2_ws/install/turtlesim/share/turtlesim/srv/Spawn_Response.msg
[5.620s] -- Up-to-date: /home/pederba/ros2_ws/install/turtlesim/share/turtlesim/srv/TeleportAbsolute.srv
[5.621s] -- Up-to-date: /home/pederba/ros2_ws/install/turtlesim/share/turtlesim/srv/TeleportAbsolute_Request.msg
[5.621s] -- Up-to-date: /home/pederba/ros2_ws/install/turtlesim/share/turtlesim/srv/TeleportAbsolute_Response.msg
[5.622s] -- Up-to-date: /home/pederba/ros2_ws/install/turtlesim/share/turtlesim/srv/TeleportRelative.srv
[5.623s] -- Up-to-date: /home/pederba/ros2_ws/install/turtlesim/share/turtlesim/srv/TeleportRelative_Request.msg
[5.623s] -- Up-to-date: /home/pederba/ros2_ws/install/turtlesim/share/turtlesim/srv/TeleportRelative_Response.msg
[5.624s] -- Up-to-date: /home/pederba/ros2_ws/install/turtlesim/lib/turtlesim/turtlesim_node
[5.625s] -- Up-to-date: /home/pederba/ros2_ws/install/turtlesim/lib/turtlesim/turtle_teleop_key
[5.625s] -- Up-to-date: /home/pederba/ros2_ws/install/turtlesim/lib/turtlesim/draw_square
[5.626s] -- Up-to-date: /home/pederba/ros2_ws/install/turtlesim/lib/turtlesim/mimic
[5.626s] -- Up-to-date: /home/pederba/ros2_ws/install/turtlesim/share/turtlesim/images
[5.627s] -- Up-to-date: /home/pederba/ros2_ws/install/turtlesim/share/turtlesim/images/bouncy.png
[5.628s] -- Up-to-date: /home/pederba/ros2_ws/install/turtlesim/share/turtlesim/images/crystal.png
[5.628s] -- Up-to-date: /home/pederba/ros2_ws/install/turtlesim/share/turtlesim/images/galactic.png
[5.628s] -- Up-to-date: /home/pederba/ros2_ws/install/turtlesim/share/turtlesim/images/dashing.png
[5.629s] -- Up-to-date: /home/pederba/ros2_ws/install/turtlesim/share/turtlesim/images/rolling.png
[5.629s] -- Up-to-date: /home/pederba/ros2_ws/install/turtlesim/share/turtlesim/images/eloquent.png
[5.629s] -- Up-to-date: /home/pederba/ros2_ws/install/turtlesim/share/turtlesim/images/foxy.png
[5.630s] -- Up-to-date: /home/pederba/ros2_ws/install/turtlesim/share/turtlesim/images/ardent.png
[5.630s] -- Up-to-date: /home/pederba/ros2_ws/install/turtlesim/share/turtlesim/images/humble.png
[5.630s] -- Up-to-date: /home/pederba/ros2_ws/install/turtlesim/share/turtlesim/launch
[5.631s] -- Up-to-date: /home/pederba/ros2_ws/install/turtlesim/share/turtlesim/launch/multisim.launch.py
[5.632s] -- Up-to-date: /home/pederba/ros2_ws/install/turtlesim/share/ament_index/resource_index/package_run_dependencies/turtlesim
[5.632s] -- Up-to-date: /home/pederba/ros2_ws/install/turtlesim/share/ament_index/resource_index/parent_prefix_path/turtlesim
[5.632s] -- Up-to-date: /home/pederba/ros2_ws/install/turtlesim/share/turtlesim/environment/ament_prefix_path.sh
[5.633s] -- Up-to-date: /home/pederba/ros2_ws/install/turtlesim/share/turtlesim/environment/ament_prefix_path.dsv
[5.633s] -- Up-to-date: /home/pederba/ros2_ws/install/turtlesim/share/turtlesim/environment/path.sh
[5.634s] -- Up-to-date: /home/pederba/ros2_ws/install/turtlesim/share/turtlesim/environment/path.dsv
[5.634s] -- Up-to-date: /home/pederba/ros2_ws/install/turtlesim/share/turtlesim/local_setup.bash
[5.635s] -- Up-to-date: /home/pederba/ros2_ws/install/turtlesim/share/turtlesim/local_setup.sh
[5.635s] -- Up-to-date: /home/pederba/ros2_ws/install/turtlesim/share/turtlesim/local_setup.zsh
[5.636s] -- Up-to-date: /home/pederba/ros2_ws/install/turtlesim/share/turtlesim/local_setup.dsv
[5.636s] -- Installing: /home/pederba/ros2_ws/install/turtlesim/share/turtlesim/package.dsv
[5.637s] -- Up-to-date: /home/pederba/ros2_ws/install/turtlesim/share/ament_index/resource_index/packages/turtlesim
[5.637s] -- Up-to-date: /home/pederba/ros2_ws/install/turtlesim/share/turtlesim/cmake/export_turtlesim__rosidl_generator_cExport.cmake
[5.637s] -- Up-to-date: /home/pederba/ros2_ws/install/turtlesim/share/turtlesim/cmake/export_turtlesim__rosidl_generator_cExport-noconfig.cmake
[5.638s] -- Up-to-date: /home/pederba/ros2_ws/install/turtlesim/share/turtlesim/cmake/export_turtlesim__rosidl_typesupport_fastrtps_cExport.cmake
[5.638s] -- Up-to-date: /home/pederba/ros2_ws/install/turtlesim/share/turtlesim/cmake/export_turtlesim__rosidl_typesupport_fastrtps_cExport-noconfig.cmake
[5.638s] -- Up-to-date: /home/pederba/ros2_ws/install/turtlesim/share/turtlesim/cmake/export_turtlesim__rosidl_generator_cppExport.cmake
[5.639s] -- Up-to-date: /home/pederba/ros2_ws/install/turtlesim/share/turtlesim/cmake/export_turtlesim__rosidl_typesupport_fastrtps_cppExport.cmake
[5.639s] -- Up-to-date: /home/pederba/ros2_ws/install/turtlesim/share/turtlesim/cmake/export_turtlesim__rosidl_typesupport_fastrtps_cppExport-noconfig.cmake
[5.639s] -- Up-to-date: /home/pederba/ros2_ws/install/turtlesim/share/turtlesim/cmake/turtlesim__rosidl_typesupport_introspection_cExport.cmake
[5.641s] -- Up-to-date: /home/pederba/ros2_ws/install/turtlesim/share/turtlesim/cmake/turtlesim__rosidl_typesupport_introspection_cExport-noconfig.cmake
[5.641s] -- Up-to-date: /home/pederba/ros2_ws/install/turtlesim/share/turtlesim/cmake/turtlesim__rosidl_typesupport_cExport.cmake
[5.642s] -- Up-to-date: /home/pederba/ros2_ws/install/turtlesim/share/turtlesim/cmake/turtlesim__rosidl_typesupport_cExport-noconfig.cmake
[5.642s] -- Up-to-date: /home/pederba/ros2_ws/install/turtlesim/share/turtlesim/cmake/turtlesim__rosidl_typesupport_introspection_cppExport.cmake
[5.642s] -- Up-to-date: /home/pederba/ros2_ws/install/turtlesim/share/turtlesim/cmake/turtlesim__rosidl_typesupport_introspection_cppExport-noconfig.cmake
[5.643s] -- Up-to-date: /home/pederba/ros2_ws/install/turtlesim/share/turtlesim/cmake/turtlesim__rosidl_typesupport_cppExport.cmake
[5.643s] -- Up-to-date: /home/pederba/ros2_ws/install/turtlesim/share/turtlesim/cmake/turtlesim__rosidl_typesupport_cppExport-noconfig.cmake
[5.643s] -- Up-to-date: /home/pederba/ros2_ws/install/turtlesim/share/turtlesim/cmake/export_turtlesim__rosidl_generator_pyExport.cmake
[5.644s] -- Up-to-date: /home/pederba/ros2_ws/install/turtlesim/share/turtlesim/cmake/export_turtlesim__rosidl_generator_pyExport-noconfig.cmake
[5.644s] -- Up-to-date: /home/pederba/ros2_ws/install/turtlesim/share/turtlesim/cmake/rosidl_cmake-extras.cmake
[5.644s] -- Up-to-date: /home/pederba/ros2_ws/install/turtlesim/share/turtlesim/cmake/ament_cmake_export_dependencies-extras.cmake
[5.645s] -- Up-to-date: /home/pederba/ros2_ws/install/turtlesim/share/turtlesim/cmake/ament_cmake_export_include_directories-extras.cmake
[5.646s] -- Up-to-date: /home/pederba/ros2_ws/install/turtlesim/share/turtlesim/cmake/ament_cmake_export_libraries-extras.cmake
[5.647s] -- Up-to-date: /home/pederba/ros2_ws/install/turtlesim/share/turtlesim/cmake/ament_cmake_export_targets-extras.cmake
[5.647s] -- Up-to-date: /home/pederba/ros2_ws/install/turtlesim/share/turtlesim/cmake/rosidl_cmake_export_typesupport_targets-extras.cmake
[5.648s] -- Up-to-date: /home/pederba/ros2_ws/install/turtlesim/share/turtlesim/cmake/rosidl_cmake_export_typesupport_libraries-extras.cmake
[5.648s] -- Up-to-date: /home/pederba/ros2_ws/install/turtlesim/share/turtlesim/cmake/turtlesimConfig.cmake
[5.649s] -- Up-to-date: /home/pederba/ros2_ws/install/turtlesim/share/turtlesim/cmake/turtlesimConfig-version.cmake
[5.649s] -- Up-to-date: /home/pederba/ros2_ws/install/turtlesim/share/turtlesim/package.xml
[6.041s] Invoked command in '/home/pederba/ros2_ws/build/turtlesim' returned '0': CMAKE_PREFIX_PATH=${CMAKE_PREFIX_PATH}:/home/pederba/ros2_ws/install/lab02_pkg_test:/home/pederba/ros2_ws/install/turtlebot3_teleop:/home/pederba/ros2_ws/install/turtlebot3_example:/home/pederba/ros2_ws/install/py_pubsub:/home/pederba/ros2_ws/install/lab02_pkg:/home/pederba/ros2_ws/install/lab01_pkg:/opt/ros/humble /usr/bin/cmake --install /home/pederba/ros2_ws/build/turtlesim
