[1.363s] DEBUG:colcon:Command line arguments: ['/usr/bin/colcon', 'build', '--packages-select', 'lab02_pkg_test']
[1.364s] DEBUG:colcon:Parsed command line arguments: Namespace(log_base=None, log_level=None, verb_name='build', build_base='build', install_base='install', merge_install=False, symlink_install=False, test_result_base=None, continue_on_error=False, executor='parallel', parallel_workers=8, event_handlers=None, ignore_user_meta=False, metas=['./colcon.meta'], base_paths=['.'], packages_ignore=None, packages_ignore_regex=None, paths=None, packages_up_to=None, packages_up_to_regex=None, packages_above=None, packages_above_and_dependencies=None, packages_above_depth=None, packages_select_by_dep=None, packages_skip_by_dep=None, packages_skip_up_to=None, packages_select_build_failed=False, packages_skip_build_finished=False, packages_select_test_failures=False, packages_skip_test_passed=False, packages_select=['lab02_pkg_test'], packages_skip=None, packages_select_regex=None, packages_skip_regex=None, packages_start=None, packages_end=None, allow_overriding=[], cmake_args=None, cmake_target=None, cmake_target_skip_unavailable=False, cmake_clean_cache=False, cmake_clean_first=False, cmake_force_configure=False, ament_cmake_args=None, catkin_cmake_args=None, catkin_skip_building_tests=False, verb_parser=<colcon_defaults.argument_parser.defaults.DefaultArgumentsDecorator object at 0x7f5e78a64b20>, verb_extension=<colcon_core.verb.build.BuildVerb object at 0x7f5e78a646a0>, main=<bound method BuildVerb.main of <colcon_core.verb.build.BuildVerb object at 0x7f5e78a646a0>>)
[1.432s] Level 1:colcon.colcon_core.package_discovery:discover_packages(colcon_meta) check parameters
[1.432s] Level 1:colcon.colcon_core.package_discovery:discover_packages(recursive) check parameters
[1.432s] Level 1:colcon.colcon_core.package_discovery:discover_packages(ignore) check parameters
[1.432s] Level 1:colcon.colcon_core.package_discovery:discover_packages(path) check parameters
[1.432s] Level 1:colcon.colcon_core.package_discovery:discover_packages(colcon_meta) discover
[1.433s] Level 1:colcon.colcon_core.package_discovery:discover_packages(recursive) discover
[1.433s] INFO:colcon.colcon_core.package_discovery:Crawling recursively for packages in '/home/pederba/ros2_ws'
[1.433s] Level 1:colcon.colcon_core.package_identification:_identify(.) by extensions ['ignore', 'ignore_ament_install']
[1.433s] Level 1:colcon.colcon_core.package_identification:_identify(.) by extension 'ignore'
[1.433s] Level 1:colcon.colcon_core.package_identification:_identify(.) by extension 'ignore_ament_install'
[1.433s] Level 1:colcon.colcon_core.package_identification:_identify(.) by extensions ['colcon_pkg']
[1.433s] Level 1:colcon.colcon_core.package_identification:_identify(.) by extension 'colcon_pkg'
[1.433s] Level 1:colcon.colcon_core.package_identification:_identify(.) by extensions ['colcon_meta']
[1.433s] Level 1:colcon.colcon_core.package_identification:_identify(.) by extension 'colcon_meta'
[1.433s] Level 1:colcon.colcon_core.package_identification:_identify(.) by extensions ['ros']
[1.433s] Level 1:colcon.colcon_core.package_identification:_identify(.) by extension 'ros'
[1.451s] Level 1:colcon.colcon_core.package_identification:_identify(.) by extensions ['cmake', 'python']
[1.451s] Level 1:colcon.colcon_core.package_identification:_identify(.) by extension 'cmake'
[1.451s] Level 1:colcon.colcon_core.package_identification:_identify(.) by extension 'python'
[1.451s] Level 1:colcon.colcon_core.package_identification:_identify(.) by extensions ['python_setup_py']
[1.451s] Level 1:colcon.colcon_core.package_identification:_identify(.) by extension 'python_setup_py'
[1.451s] Level 1:colcon.colcon_core.package_identification:_identify(build) by extensions ['ignore', 'ignore_ament_install']
[1.451s] Level 1:colcon.colcon_core.package_identification:_identify(build) by extension 'ignore'
[1.451s] Level 1:colcon.colcon_core.package_identification:_identify(build) ignored
[1.452s] Level 1:colcon.colcon_core.package_identification:_identify(install) by extensions ['ignore', 'ignore_ament_install']
[1.452s] Level 1:colcon.colcon_core.package_identification:_identify(install) by extension 'ignore'
[1.452s] Level 1:colcon.colcon_core.package_identification:_identify(install) ignored
[1.452s] Level 1:colcon.colcon_core.package_identification:_identify(log) by extensions ['ignore', 'ignore_ament_install']
[1.452s] Level 1:colcon.colcon_core.package_identification:_identify(log) by extension 'ignore'
[1.452s] Level 1:colcon.colcon_core.package_identification:_identify(log) ignored
[1.452s] Level 1:colcon.colcon_core.package_identification:_identify(src) by extensions ['ignore', 'ignore_ament_install']
[1.452s] Level 1:colcon.colcon_core.package_identification:_identify(src) by extension 'ignore'
[1.452s] Level 1:colcon.colcon_core.package_identification:_identify(src) by extension 'ignore_ament_install'
[1.452s] Level 1:colcon.colcon_core.package_identification:_identify(src) by extensions ['colcon_pkg']
[1.452s] Level 1:colcon.colcon_core.package_identification:_identify(src) by extension 'colcon_pkg'
[1.452s] Level 1:colcon.colcon_core.package_identification:_identify(src) by extensions ['colcon_meta']
[1.452s] Level 1:colcon.colcon_core.package_identification:_identify(src) by extension 'colcon_meta'
[1.452s] Level 1:colcon.colcon_core.package_identification:_identify(src) by extensions ['ros']
[1.453s] Level 1:colcon.colcon_core.package_identification:_identify(src) by extension 'ros'
[1.453s] Level 1:colcon.colcon_core.package_identification:_identify(src) by extensions ['cmake', 'python']
[1.453s] Level 1:colcon.colcon_core.package_identification:_identify(src) by extension 'cmake'
[1.453s] Level 1:colcon.colcon_core.package_identification:_identify(src) by extension 'python'
[1.453s] Level 1:colcon.colcon_core.package_identification:_identify(src) by extensions ['python_setup_py']
[1.453s] Level 1:colcon.colcon_core.package_identification:_identify(src) by extension 'python_setup_py'
[1.453s] Level 1:colcon.colcon_core.package_identification:_identify(src/lab01_pkg) by extensions ['ignore', 'ignore_ament_install']
[1.453s] Level 1:colcon.colcon_core.package_identification:_identify(src/lab01_pkg) by extension 'ignore'
[1.453s] Level 1:colcon.colcon_core.package_identification:_identify(src/lab01_pkg) by extension 'ignore_ament_install'
[1.453s] Level 1:colcon.colcon_core.package_identification:_identify(src/lab01_pkg) by extensions ['colcon_pkg']
[1.453s] Level 1:colcon.colcon_core.package_identification:_identify(src/lab01_pkg) by extension 'colcon_pkg'
[1.453s] Level 1:colcon.colcon_core.package_identification:_identify(src/lab01_pkg) by extensions ['colcon_meta']
[1.453s] Level 1:colcon.colcon_core.package_identification:_identify(src/lab01_pkg) by extension 'colcon_meta'
[1.453s] Level 1:colcon.colcon_core.package_identification:_identify(src/lab01_pkg) by extensions ['ros']
[1.453s] Level 1:colcon.colcon_core.package_identification:_identify(src/lab01_pkg) by extension 'ros'
[1.456s] DEBUG:colcon.colcon_core.package_identification:Package 'src/lab01_pkg' with type 'ros.ament_python' and name 'lab01_pkg'
[1.456s] Level 1:colcon.colcon_core.package_identification:_identify(src/lab02_interfaces) by extensions ['ignore', 'ignore_ament_install']
[1.456s] Level 1:colcon.colcon_core.package_identification:_identify(src/lab02_interfaces) by extension 'ignore'
[1.456s] Level 1:colcon.colcon_core.package_identification:_identify(src/lab02_interfaces) by extension 'ignore_ament_install'
[1.456s] Level 1:colcon.colcon_core.package_identification:_identify(src/lab02_interfaces) by extensions ['colcon_pkg']
[1.456s] Level 1:colcon.colcon_core.package_identification:_identify(src/lab02_interfaces) by extension 'colcon_pkg'
[1.457s] Level 1:colcon.colcon_core.package_identification:_identify(src/lab02_interfaces) by extensions ['colcon_meta']
[1.457s] Level 1:colcon.colcon_core.package_identification:_identify(src/lab02_interfaces) by extension 'colcon_meta'
[1.457s] Level 1:colcon.colcon_core.package_identification:_identify(src/lab02_interfaces) by extensions ['ros']
[1.457s] Level 1:colcon.colcon_core.package_identification:_identify(src/lab02_interfaces) by extension 'ros'
[1.457s] DEBUG:colcon.colcon_core.package_identification:Package 'src/lab02_interfaces' with type 'ros.ament_cmake' and name 'lab02_interfaces'
[1.457s] Level 1:colcon.colcon_core.package_identification:_identify(src/lab02_pkg_test) by extensions ['ignore', 'ignore_ament_install']
[1.457s] Level 1:colcon.colcon_core.package_identification:_identify(src/lab02_pkg_test) by extension 'ignore'
[1.458s] Level 1:colcon.colcon_core.package_identification:_identify(src/lab02_pkg_test) by extension 'ignore_ament_install'
[1.458s] Level 1:colcon.colcon_core.package_identification:_identify(src/lab02_pkg_test) by extensions ['colcon_pkg']
[1.458s] Level 1:colcon.colcon_core.package_identification:_identify(src/lab02_pkg_test) by extension 'colcon_pkg'
[1.458s] Level 1:colcon.colcon_core.package_identification:_identify(src/lab02_pkg_test) by extensions ['colcon_meta']
[1.458s] Level 1:colcon.colcon_core.package_identification:_identify(src/lab02_pkg_test) by extension 'colcon_meta'
[1.458s] Level 1:colcon.colcon_core.package_identification:_identify(src/lab02_pkg_test) by extensions ['ros']
[1.458s] Level 1:colcon.colcon_core.package_identification:_identify(src/lab02_pkg_test) by extension 'ros'
[1.459s] DEBUG:colcon.colcon_core.package_identification:Package 'src/lab02_pkg_test' with type 'ros.ament_python' and name 'lab02_pkg_test'
[1.459s] Level 1:colcon.colcon_core.package_identification:_identify(src/py_pubsub) by extensions ['ignore', 'ignore_ament_install']
[1.459s] Level 1:colcon.colcon_core.package_identification:_identify(src/py_pubsub) by extension 'ignore'
[1.459s] Level 1:colcon.colcon_core.package_identification:_identify(src/py_pubsub) by extension 'ignore_ament_install'
[1.459s] Level 1:colcon.colcon_core.package_identification:_identify(src/py_pubsub) by extensions ['colcon_pkg']
[1.459s] Level 1:colcon.colcon_core.package_identification:_identify(src/py_pubsub) by extension 'colcon_pkg'
[1.459s] Level 1:colcon.colcon_core.package_identification:_identify(src/py_pubsub) by extensions ['colcon_meta']
[1.459s] Level 1:colcon.colcon_core.package_identification:_identify(src/py_pubsub) by extension 'colcon_meta'
[1.459s] Level 1:colcon.colcon_core.package_identification:_identify(src/py_pubsub) by extensions ['ros']
[1.459s] Level 1:colcon.colcon_core.package_identification:_identify(src/py_pubsub) by extension 'ros'
[1.460s] DEBUG:colcon.colcon_core.package_identification:Package 'src/py_pubsub' with type 'ros.ament_python' and name 'py_pubsub'
[1.460s] Level 1:colcon.colcon_core.package_identification:_identify(src/ros_tutorials) by extensions ['ignore', 'ignore_ament_install']
[1.460s] Level 1:colcon.colcon_core.package_identification:_identify(src/ros_tutorials) by extension 'ignore'
[1.460s] Level 1:colcon.colcon_core.package_identification:_identify(src/ros_tutorials) by extension 'ignore_ament_install'
[1.460s] Level 1:colcon.colcon_core.package_identification:_identify(src/ros_tutorials) by extensions ['colcon_pkg']
[1.460s] Level 1:colcon.colcon_core.package_identification:_identify(src/ros_tutorials) by extension 'colcon_pkg'
[1.460s] Level 1:colcon.colcon_core.package_identification:_identify(src/ros_tutorials) by extensions ['colcon_meta']
[1.460s] Level 1:colcon.colcon_core.package_identification:_identify(src/ros_tutorials) by extension 'colcon_meta'
[1.460s] Level 1:colcon.colcon_core.package_identification:_identify(src/ros_tutorials) by extensions ['ros']
[1.460s] Level 1:colcon.colcon_core.package_identification:_identify(src/ros_tutorials) by extension 'ros'
[1.460s] Level 1:colcon.colcon_core.package_identification:_identify(src/ros_tutorials) by extensions ['cmake', 'python']
[1.461s] Level 1:colcon.colcon_core.package_identification:_identify(src/ros_tutorials) by extension 'cmake'
[1.461s] Level 1:colcon.colcon_core.package_identification:_identify(src/ros_tutorials) by extension 'python'
[1.461s] Level 1:colcon.colcon_core.package_identification:_identify(src/ros_tutorials) by extensions ['python_setup_py']
[1.461s] Level 1:colcon.colcon_core.package_identification:_identify(src/ros_tutorials) by extension 'python_setup_py'
[1.461s] Level 1:colcon.colcon_core.package_identification:_identify(src/ros_tutorials/ros_tutorials) by extensions ['ignore', 'ignore_ament_install']
[1.461s] Level 1:colcon.colcon_core.package_identification:_identify(src/ros_tutorials/ros_tutorials) by extension 'ignore'
[1.461s] Level 1:colcon.colcon_core.package_identification:_identify(src/ros_tutorials/ros_tutorials) ignored
[1.461s] Level 1:colcon.colcon_core.package_identification:_identify(src/ros_tutorials/roscpp_tutorials) by extensions ['ignore', 'ignore_ament_install']
[1.461s] Level 1:colcon.colcon_core.package_identification:_identify(src/ros_tutorials/roscpp_tutorials) by extension 'ignore'
[1.461s] Level 1:colcon.colcon_core.package_identification:_identify(src/ros_tutorials/roscpp_tutorials) ignored
[1.461s] Level 1:colcon.colcon_core.package_identification:_identify(src/ros_tutorials/rospy_tutorials) by extensions ['ignore', 'ignore_ament_install']
[1.461s] Level 1:colcon.colcon_core.package_identification:_identify(src/ros_tutorials/rospy_tutorials) by extension 'ignore'
[1.461s] Level 1:colcon.colcon_core.package_identification:_identify(src/ros_tutorials/rospy_tutorials) ignored
[1.462s] Level 1:colcon.colcon_core.package_identification:_identify(src/ros_tutorials/turtlesim) by extensions ['ignore', 'ignore_ament_install']
[1.462s] Level 1:colcon.colcon_core.package_identification:_identify(src/ros_tutorials/turtlesim) by extension 'ignore'
[1.462s] Level 1:colcon.colcon_core.package_identification:_identify(src/ros_tutorials/turtlesim) by extension 'ignore_ament_install'
[1.462s] Level 1:colcon.colcon_core.package_identification:_identify(src/ros_tutorials/turtlesim) by extensions ['colcon_pkg']
[1.462s] Level 1:colcon.colcon_core.package_identification:_identify(src/ros_tutorials/turtlesim) by extension 'colcon_pkg'
[1.462s] Level 1:colcon.colcon_core.package_identification:_identify(src/ros_tutorials/turtlesim) by extensions ['colcon_meta']
[1.462s] Level 1:colcon.colcon_core.package_identification:_identify(src/ros_tutorials/turtlesim) by extension 'colcon_meta'
[1.462s] Level 1:colcon.colcon_core.package_identification:_identify(src/ros_tutorials/turtlesim) by extensions ['ros']
[1.462s] Level 1:colcon.colcon_core.package_identification:_identify(src/ros_tutorials/turtlesim) by extension 'ros'
[1.463s] DEBUG:colcon.colcon_core.package_identification:Package 'src/ros_tutorials/turtlesim' with type 'ros.ament_cmake' and name 'turtlesim'
[1.463s] Level 1:colcon.colcon_core.package_identification:_identify(src/turtlebot3) by extensions ['ignore', 'ignore_ament_install']
[1.463s] Level 1:colcon.colcon_core.package_identification:_identify(src/turtlebot3) by extension 'ignore'
[1.464s] Level 1:colcon.colcon_core.package_identification:_identify(src/turtlebot3) by extension 'ignore_ament_install'
[1.464s] Level 1:colcon.colcon_core.package_identification:_identify(src/turtlebot3) by extensions ['colcon_pkg']
[1.464s] Level 1:colcon.colcon_core.package_identification:_identify(src/turtlebot3) by extension 'colcon_pkg'
[1.464s] Level 1:colcon.colcon_core.package_identification:_identify(src/turtlebot3) by extensions ['colcon_meta']
[1.464s] Level 1:colcon.colcon_core.package_identification:_identify(src/turtlebot3) by extension 'colcon_meta'
[1.464s] Level 1:colcon.colcon_core.package_identification:_identify(src/turtlebot3) by extensions ['ros']
[1.464s] Level 1:colcon.colcon_core.package_identification:_identify(src/turtlebot3) by extension 'ros'
[1.464s] Level 1:colcon.colcon_core.package_identification:_identify(src/turtlebot3) by extensions ['cmake', 'python']
[1.464s] Level 1:colcon.colcon_core.package_identification:_identify(src/turtlebot3) by extension 'cmake'
[1.464s] Level 1:colcon.colcon_core.package_identification:_identify(src/turtlebot3) by extension 'python'
[1.464s] Level 1:colcon.colcon_core.package_identification:_identify(src/turtlebot3) by extensions ['python_setup_py']
[1.464s] Level 1:colcon.colcon_core.package_identification:_identify(src/turtlebot3) by extension 'python_setup_py'
[1.464s] Level 1:colcon.colcon_core.package_identification:_identify(src/turtlebot3/turtlebot3) by extensions ['ignore', 'ignore_ament_install']
[1.464s] Level 1:colcon.colcon_core.package_identification:_identify(src/turtlebot3/turtlebot3) by extension 'ignore'
[1.464s] Level 1:colcon.colcon_core.package_identification:_identify(src/turtlebot3/turtlebot3) by extension 'ignore_ament_install'
[1.464s] Level 1:colcon.colcon_core.package_identification:_identify(src/turtlebot3/turtlebot3) by extensions ['colcon_pkg']
[1.464s] Level 1:colcon.colcon_core.package_identification:_identify(src/turtlebot3/turtlebot3) by extension 'colcon_pkg'
[1.465s] Level 1:colcon.colcon_core.package_identification:_identify(src/turtlebot3/turtlebot3) by extensions ['colcon_meta']
[1.465s] Level 1:colcon.colcon_core.package_identification:_identify(src/turtlebot3/turtlebot3) by extension 'colcon_meta'
[1.465s] Level 1:colcon.colcon_core.package_identification:_identify(src/turtlebot3/turtlebot3) by extensions ['ros']
[1.465s] Level 1:colcon.colcon_core.package_identification:_identify(src/turtlebot3/turtlebot3) by extension 'ros'
[1.465s] DEBUG:colcon.colcon_core.package_identification:Package 'src/turtlebot3/turtlebot3' with type 'ros.ament_cmake' and name 'turtlebot3'
[1.465s] Level 1:colcon.colcon_core.package_identification:_identify(src/turtlebot3/turtlebot3_bringup) by extensions ['ignore', 'ignore_ament_install']
[1.466s] Level 1:colcon.colcon_core.package_identification:_identify(src/turtlebot3/turtlebot3_bringup) by extension 'ignore'
[1.466s] Level 1:colcon.colcon_core.package_identification:_identify(src/turtlebot3/turtlebot3_bringup) by extension 'ignore_ament_install'
[1.466s] Level 1:colcon.colcon_core.package_identification:_identify(src/turtlebot3/turtlebot3_bringup) by extensions ['colcon_pkg']
[1.466s] Level 1:colcon.colcon_core.package_identification:_identify(src/turtlebot3/turtlebot3_bringup) by extension 'colcon_pkg'
[1.466s] Level 1:colcon.colcon_core.package_identification:_identify(src/turtlebot3/turtlebot3_bringup) by extensions ['colcon_meta']
[1.466s] Level 1:colcon.colcon_core.package_identification:_identify(src/turtlebot3/turtlebot3_bringup) by extension 'colcon_meta'
[1.466s] Level 1:colcon.colcon_core.package_identification:_identify(src/turtlebot3/turtlebot3_bringup) by extensions ['ros']
[1.466s] Level 1:colcon.colcon_core.package_identification:_identify(src/turtlebot3/turtlebot3_bringup) by extension 'ros'
[1.467s] DEBUG:colcon.colcon_core.package_identification:Package 'src/turtlebot3/turtlebot3_bringup' with type 'ros.ament_cmake' and name 'turtlebot3_bringup'
[1.467s] Level 1:colcon.colcon_core.package_identification:_identify(src/turtlebot3/turtlebot3_cartographer) by extensions ['ignore', 'ignore_ament_install']
[1.467s] Level 1:colcon.colcon_core.package_identification:_identify(src/turtlebot3/turtlebot3_cartographer) by extension 'ignore'
[1.467s] Level 1:colcon.colcon_core.package_identification:_identify(src/turtlebot3/turtlebot3_cartographer) by extension 'ignore_ament_install'
[1.467s] Level 1:colcon.colcon_core.package_identification:_identify(src/turtlebot3/turtlebot3_cartographer) by extensions ['colcon_pkg']
[1.467s] Level 1:colcon.colcon_core.package_identification:_identify(src/turtlebot3/turtlebot3_cartographer) by extension 'colcon_pkg'
[1.467s] Level 1:colcon.colcon_core.package_identification:_identify(src/turtlebot3/turtlebot3_cartographer) by extensions ['colcon_meta']
[1.467s] Level 1:colcon.colcon_core.package_identification:_identify(src/turtlebot3/turtlebot3_cartographer) by extension 'colcon_meta'
[1.467s] Level 1:colcon.colcon_core.package_identification:_identify(src/turtlebot3/turtlebot3_cartographer) by extensions ['ros']
[1.467s] Level 1:colcon.colcon_core.package_identification:_identify(src/turtlebot3/turtlebot3_cartographer) by extension 'ros'
[1.468s] DEBUG:colcon.colcon_core.package_identification:Package 'src/turtlebot3/turtlebot3_cartographer' with type 'ros.ament_cmake' and name 'turtlebot3_cartographer'
[1.468s] Level 1:colcon.colcon_core.package_identification:_identify(src/turtlebot3/turtlebot3_description) by extensions ['ignore', 'ignore_ament_install']
[1.468s] Level 1:colcon.colcon_core.package_identification:_identify(src/turtlebot3/turtlebot3_description) by extension 'ignore'
[1.468s] Level 1:colcon.colcon_core.package_identification:_identify(src/turtlebot3/turtlebot3_description) by extension 'ignore_ament_install'
[1.468s] Level 1:colcon.colcon_core.package_identification:_identify(src/turtlebot3/turtlebot3_description) by extensions ['colcon_pkg']
[1.468s] Level 1:colcon.colcon_core.package_identification:_identify(src/turtlebot3/turtlebot3_description) by extension 'colcon_pkg'
[1.468s] Level 1:colcon.colcon_core.package_identification:_identify(src/turtlebot3/turtlebot3_description) by extensions ['colcon_meta']
[1.468s] Level 1:colcon.colcon_core.package_identification:_identify(src/turtlebot3/turtlebot3_description) by extension 'colcon_meta'
[1.468s] Level 1:colcon.colcon_core.package_identification:_identify(src/turtlebot3/turtlebot3_description) by extensions ['ros']
[1.468s] Level 1:colcon.colcon_core.package_identification:_identify(src/turtlebot3/turtlebot3_description) by extension 'ros'
[1.469s] DEBUG:colcon.colcon_core.package_identification:Package 'src/turtlebot3/turtlebot3_description' with type 'ros.ament_cmake' and name 'turtlebot3_description'
[1.469s] Level 1:colcon.colcon_core.package_identification:_identify(src/turtlebot3/turtlebot3_example) by extensions ['ignore', 'ignore_ament_install']
[1.469s] Level 1:colcon.colcon_core.package_identification:_identify(src/turtlebot3/turtlebot3_example) by extension 'ignore'
[1.469s] Level 1:colcon.colcon_core.package_identification:_identify(src/turtlebot3/turtlebot3_example) by extension 'ignore_ament_install'
[1.469s] Level 1:colcon.colcon_core.package_identification:_identify(src/turtlebot3/turtlebot3_example) by extensions ['colcon_pkg']
[1.469s] Level 1:colcon.colcon_core.package_identification:_identify(src/turtlebot3/turtlebot3_example) by extension 'colcon_pkg'
[1.469s] Level 1:colcon.colcon_core.package_identification:_identify(src/turtlebot3/turtlebot3_example) by extensions ['colcon_meta']
[1.469s] Level 1:colcon.colcon_core.package_identification:_identify(src/turtlebot3/turtlebot3_example) by extension 'colcon_meta'
[1.469s] Level 1:colcon.colcon_core.package_identification:_identify(src/turtlebot3/turtlebot3_example) by extensions ['ros']
[1.469s] Level 1:colcon.colcon_core.package_identification:_identify(src/turtlebot3/turtlebot3_example) by extension 'ros'
[1.470s] DEBUG:colcon.colcon_core.package_identification:Package 'src/turtlebot3/turtlebot3_example' with type 'ros.ament_python' and name 'turtlebot3_example'
[1.471s] Level 1:colcon.colcon_core.package_identification:_identify(src/turtlebot3/turtlebot3_hardware) by extensions ['ignore', 'ignore_ament_install']
[1.471s] Level 1:colcon.colcon_core.package_identification:_identify(src/turtlebot3/turtlebot3_hardware) by extension 'ignore'
[1.471s] Level 1:colcon.colcon_core.package_identification:_identify(src/turtlebot3/turtlebot3_hardware) by extension 'ignore_ament_install'
[1.471s] Level 1:colcon.colcon_core.package_identification:_identify(src/turtlebot3/turtlebot3_hardware) by extensions ['colcon_pkg']
[1.471s] Level 1:colcon.colcon_core.package_identification:_identify(src/turtlebot3/turtlebot3_hardware) by extension 'colcon_pkg'
[1.471s] Level 1:colcon.colcon_core.package_identification:_identify(src/turtlebot3/turtlebot3_hardware) by extensions ['colcon_meta']
[1.471s] Level 1:colcon.colcon_core.package_identification:_identify(src/turtlebot3/turtlebot3_hardware) by extension 'colcon_meta'
[1.471s] Level 1:colcon.colcon_core.package_identification:_identify(src/turtlebot3/turtlebot3_hardware) by extensions ['ros']
[1.471s] Level 1:colcon.colcon_core.package_identification:_identify(src/turtlebot3/turtlebot3_hardware) by extension 'ros'
[1.472s] DEBUG:colcon.colcon_core.package_identification:Package 'src/turtlebot3/turtlebot3_hardware' with type 'ros.ament_cmake' and name 'turtlebot3_hardware'
[1.472s] Level 1:colcon.colcon_core.package_identification:_identify(src/turtlebot3/turtlebot3_msgs) by extensions ['ignore', 'ignore_ament_install']
[1.472s] Level 1:colcon.colcon_core.package_identification:_identify(src/turtlebot3/turtlebot3_msgs) by extension 'ignore'
[1.472s] Level 1:colcon.colcon_core.package_identification:_identify(src/turtlebot3/turtlebot3_msgs) by extension 'ignore_ament_install'
[1.472s] Level 1:colcon.colcon_core.package_identification:_identify(src/turtlebot3/turtlebot3_msgs) by extensions ['colcon_pkg']
[1.472s] Level 1:colcon.colcon_core.package_identification:_identify(src/turtlebot3/turtlebot3_msgs) by extension 'colcon_pkg'
[1.472s] Level 1:colcon.colcon_core.package_identification:_identify(src/turtlebot3/turtlebot3_msgs) by extensions ['colcon_meta']
[1.473s] Level 1:colcon.colcon_core.package_identification:_identify(src/turtlebot3/turtlebot3_msgs) by extension 'colcon_meta'
[1.473s] Level 1:colcon.colcon_core.package_identification:_identify(src/turtlebot3/turtlebot3_msgs) by extensions ['ros']
[1.473s] Level 1:colcon.colcon_core.package_identification:_identify(src/turtlebot3/turtlebot3_msgs) by extension 'ros'
[1.473s] DEBUG:colcon.colcon_core.package_identification:Package 'src/turtlebot3/turtlebot3_msgs' with type 'ros.ament_cmake' and name 'turtlebot3_msgs'
[1.474s] Level 1:colcon.colcon_core.package_identification:_identify(src/turtlebot3/turtlebot3_navigation2) by extensions ['ignore', 'ignore_ament_install']
[1.474s] Level 1:colcon.colcon_core.package_identification:_identify(src/turtlebot3/turtlebot3_navigation2) by extension 'ignore'
[1.474s] Level 1:colcon.colcon_core.package_identification:_identify(src/turtlebot3/turtlebot3_navigation2) by extension 'ignore_ament_install'
[1.474s] Level 1:colcon.colcon_core.package_identification:_identify(src/turtlebot3/turtlebot3_navigation2) by extensions ['colcon_pkg']
[1.474s] Level 1:colcon.colcon_core.package_identification:_identify(src/turtlebot3/turtlebot3_navigation2) by extension 'colcon_pkg'
[1.474s] Level 1:colcon.colcon_core.package_identification:_identify(src/turtlebot3/turtlebot3_navigation2) by extensions ['colcon_meta']
[1.474s] Level 1:colcon.colcon_core.package_identification:_identify(src/turtlebot3/turtlebot3_navigation2) by extension 'colcon_meta'
[1.474s] Level 1:colcon.colcon_core.package_identification:_identify(src/turtlebot3/turtlebot3_navigation2) by extensions ['ros']
[1.474s] Level 1:colcon.colcon_core.package_identification:_identify(src/turtlebot3/turtlebot3_navigation2) by extension 'ros'
[1.475s] DEBUG:colcon.colcon_core.package_identification:Package 'src/turtlebot3/turtlebot3_navigation2' with type 'ros.ament_cmake' and name 'turtlebot3_navigation2'
[1.475s] Level 1:colcon.colcon_core.package_identification:_identify(src/turtlebot3/turtlebot3_simulations) by extensions ['ignore', 'ignore_ament_install']
[1.475s] Level 1:colcon.colcon_core.package_identification:_identify(src/turtlebot3/turtlebot3_simulations) by extension 'ignore'
[1.475s] Level 1:colcon.colcon_core.package_identification:_identify(src/turtlebot3/turtlebot3_simulations) by extension 'ignore_ament_install'
[1.475s] Level 1:colcon.colcon_core.package_identification:_identify(src/turtlebot3/turtlebot3_simulations) by extensions ['colcon_pkg']
[1.475s] Level 1:colcon.colcon_core.package_identification:_identify(src/turtlebot3/turtlebot3_simulations) by extension 'colcon_pkg'
[1.475s] Level 1:colcon.colcon_core.package_identification:_identify(src/turtlebot3/turtlebot3_simulations) by extensions ['colcon_meta']
[1.475s] Level 1:colcon.colcon_core.package_identification:_identify(src/turtlebot3/turtlebot3_simulations) by extension 'colcon_meta'
[1.475s] Level 1:colcon.colcon_core.package_identification:_identify(src/turtlebot3/turtlebot3_simulations) by extensions ['ros']
[1.475s] Level 1:colcon.colcon_core.package_identification:_identify(src/turtlebot3/turtlebot3_simulations) by extension 'ros'
[1.475s] Level 1:colcon.colcon_core.package_identification:_identify(src/turtlebot3/turtlebot3_simulations) by extensions ['cmake', 'python']
[1.475s] Level 1:colcon.colcon_core.package_identification:_identify(src/turtlebot3/turtlebot3_simulations) by extension 'cmake'
[1.475s] Level 1:colcon.colcon_core.package_identification:_identify(src/turtlebot3/turtlebot3_simulations) by extension 'python'
[1.475s] Level 1:colcon.colcon_core.package_identification:_identify(src/turtlebot3/turtlebot3_simulations) by extensions ['python_setup_py']
[1.475s] Level 1:colcon.colcon_core.package_identification:_identify(src/turtlebot3/turtlebot3_simulations) by extension 'python_setup_py'
[1.476s] Level 1:colcon.colcon_core.package_identification:_identify(src/turtlebot3/turtlebot3_simulations/turtlebot3_fake_node) by extensions ['ignore', 'ignore_ament_install']
[1.476s] Level 1:colcon.colcon_core.package_identification:_identify(src/turtlebot3/turtlebot3_simulations/turtlebot3_fake_node) by extension 'ignore'
[1.476s] Level 1:colcon.colcon_core.package_identification:_identify(src/turtlebot3/turtlebot3_simulations/turtlebot3_fake_node) by extension 'ignore_ament_install'
[1.476s] Level 1:colcon.colcon_core.package_identification:_identify(src/turtlebot3/turtlebot3_simulations/turtlebot3_fake_node) by extensions ['colcon_pkg']
[1.476s] Level 1:colcon.colcon_core.package_identification:_identify(src/turtlebot3/turtlebot3_simulations/turtlebot3_fake_node) by extension 'colcon_pkg'
[1.476s] Level 1:colcon.colcon_core.package_identification:_identify(src/turtlebot3/turtlebot3_simulations/turtlebot3_fake_node) by extensions ['colcon_meta']
[1.476s] Level 1:colcon.colcon_core.package_identification:_identify(src/turtlebot3/turtlebot3_simulations/turtlebot3_fake_node) by extension 'colcon_meta'
[1.476s] Level 1:colcon.colcon_core.package_identification:_identify(src/turtlebot3/turtlebot3_simulations/turtlebot3_fake_node) by extensions ['ros']
[1.476s] Level 1:colcon.colcon_core.package_identification:_identify(src/turtlebot3/turtlebot3_simulations/turtlebot3_fake_node) by extension 'ros'
[1.477s] DEBUG:colcon.colcon_core.package_identification:Package 'src/turtlebot3/turtlebot3_simulations/turtlebot3_fake_node' with type 'ros.ament_cmake' and name 'turtlebot3_fake_node'
[1.477s] Level 1:colcon.colcon_core.package_identification:_identify(src/turtlebot3/turtlebot3_simulations/turtlebot3_gazebo) by extensions ['ignore', 'ignore_ament_install']
[1.478s] Level 1:colcon.colcon_core.package_identification:_identify(src/turtlebot3/turtlebot3_simulations/turtlebot3_gazebo) by extension 'ignore'
[1.478s] Level 1:colcon.colcon_core.package_identification:_identify(src/turtlebot3/turtlebot3_simulations/turtlebot3_gazebo) by extension 'ignore_ament_install'
[1.478s] Level 1:colcon.colcon_core.package_identification:_identify(src/turtlebot3/turtlebot3_simulations/turtlebot3_gazebo) by extensions ['colcon_pkg']
[1.478s] Level 1:colcon.colcon_core.package_identification:_identify(src/turtlebot3/turtlebot3_simulations/turtlebot3_gazebo) by extension 'colcon_pkg'
[1.478s] Level 1:colcon.colcon_core.package_identification:_identify(src/turtlebot3/turtlebot3_simulations/turtlebot3_gazebo) by extensions ['colcon_meta']
[1.478s] Level 1:colcon.colcon_core.package_identification:_identify(src/turtlebot3/turtlebot3_simulations/turtlebot3_gazebo) by extension 'colcon_meta'
[1.478s] Level 1:colcon.colcon_core.package_identification:_identify(src/turtlebot3/turtlebot3_simulations/turtlebot3_gazebo) by extensions ['ros']
[1.478s] Level 1:colcon.colcon_core.package_identification:_identify(src/turtlebot3/turtlebot3_simulations/turtlebot3_gazebo) by extension 'ros'
[1.479s] DEBUG:colcon.colcon_core.package_identification:Package 'src/turtlebot3/turtlebot3_simulations/turtlebot3_gazebo' with type 'ros.ament_cmake' and name 'turtlebot3_gazebo'
[1.479s] Level 1:colcon.colcon_core.package_identification:_identify(src/turtlebot3/turtlebot3_simulations/turtlebot3_simulations) by extensions ['ignore', 'ignore_ament_install']
[1.479s] Level 1:colcon.colcon_core.package_identification:_identify(src/turtlebot3/turtlebot3_simulations/turtlebot3_simulations) by extension 'ignore'
[1.479s] Level 1:colcon.colcon_core.package_identification:_identify(src/turtlebot3/turtlebot3_simulations/turtlebot3_simulations) by extension 'ignore_ament_install'
[1.479s] Level 1:colcon.colcon_core.package_identification:_identify(src/turtlebot3/turtlebot3_simulations/turtlebot3_simulations) by extensions ['colcon_pkg']
[1.479s] Level 1:colcon.colcon_core.package_identification:_identify(src/turtlebot3/turtlebot3_simulations/turtlebot3_simulations) by extension 'colcon_pkg'
[1.479s] Level 1:colcon.colcon_core.package_identification:_identify(src/turtlebot3/turtlebot3_simulations/turtlebot3_simulations) by extensions ['colcon_meta']
[1.479s] Level 1:colcon.colcon_core.package_identification:_identify(src/turtlebot3/turtlebot3_simulations/turtlebot3_simulations) by extension 'colcon_meta'
[1.479s] Level 1:colcon.colcon_core.package_identification:_identify(src/turtlebot3/turtlebot3_simulations/turtlebot3_simulations) by extensions ['ros']
[1.480s] Level 1:colcon.colcon_core.package_identification:_identify(src/turtlebot3/turtlebot3_simulations/turtlebot3_simulations) by extension 'ros'
[1.480s] DEBUG:colcon.colcon_core.package_identification:Package 'src/turtlebot3/turtlebot3_simulations/turtlebot3_simulations' with type 'ros.ament_cmake' and name 'turtlebot3_simulations'
[1.480s] Level 1:colcon.colcon_core.package_identification:_identify(src/turtlebot3/turtlebot3_teleop) by extensions ['ignore', 'ignore_ament_install']
[1.480s] Level 1:colcon.colcon_core.package_identification:_identify(src/turtlebot3/turtlebot3_teleop) by extension 'ignore'
[1.480s] Level 1:colcon.colcon_core.package_identification:_identify(src/turtlebot3/turtlebot3_teleop) by extension 'ignore_ament_install'
[1.481s] Level 1:colcon.colcon_core.package_identification:_identify(src/turtlebot3/turtlebot3_teleop) by extensions ['colcon_pkg']
[1.481s] Level 1:colcon.colcon_core.package_identification:_identify(src/turtlebot3/turtlebot3_teleop) by extension 'colcon_pkg'
[1.481s] Level 1:colcon.colcon_core.package_identification:_identify(src/turtlebot3/turtlebot3_teleop) by extensions ['colcon_meta']
[1.481s] Level 1:colcon.colcon_core.package_identification:_identify(src/turtlebot3/turtlebot3_teleop) by extension 'colcon_meta'
[1.481s] Level 1:colcon.colcon_core.package_identification:_identify(src/turtlebot3/turtlebot3_teleop) by extensions ['ros']
[1.481s] Level 1:colcon.colcon_core.package_identification:_identify(src/turtlebot3/turtlebot3_teleop) by extension 'ros'
[1.481s] DEBUG:colcon.colcon_core.package_identification:Package 'src/turtlebot3/turtlebot3_teleop' with type 'ros.ament_python' and name 'turtlebot3_teleop'
[1.481s] Level 1:colcon.colcon_core.package_identification:_identify(src/turtlebot3/utils) by extensions ['ignore', 'ignore_ament_install']
[1.482s] Level 1:colcon.colcon_core.package_identification:_identify(src/turtlebot3/utils) by extension 'ignore'
[1.482s] Level 1:colcon.colcon_core.package_identification:_identify(src/turtlebot3/utils) by extension 'ignore_ament_install'
[1.482s] Level 1:colcon.colcon_core.package_identification:_identify(src/turtlebot3/utils) by extensions ['colcon_pkg']
[1.482s] Level 1:colcon.colcon_core.package_identification:_identify(src/turtlebot3/utils) by extension 'colcon_pkg'
[1.482s] Level 1:colcon.colcon_core.package_identification:_identify(src/turtlebot3/utils) by extensions ['colcon_meta']
[1.482s] Level 1:colcon.colcon_core.package_identification:_identify(src/turtlebot3/utils) by extension 'colcon_meta'
[1.482s] Level 1:colcon.colcon_core.package_identification:_identify(src/turtlebot3/utils) by extensions ['ros']
[1.482s] Level 1:colcon.colcon_core.package_identification:_identify(src/turtlebot3/utils) by extension 'ros'
[1.482s] Level 1:colcon.colcon_core.package_identification:_identify(src/turtlebot3/utils) by extensions ['cmake', 'python']
[1.482s] Level 1:colcon.colcon_core.package_identification:_identify(src/turtlebot3/utils) by extension 'cmake'
[1.482s] Level 1:colcon.colcon_core.package_identification:_identify(src/turtlebot3/utils) by extension 'python'
[1.482s] Level 1:colcon.colcon_core.package_identification:_identify(src/turtlebot3/utils) by extensions ['python_setup_py']
[1.482s] Level 1:colcon.colcon_core.package_identification:_identify(src/turtlebot3/utils) by extension 'python_setup_py'
[1.482s] Level 1:colcon.colcon_core.package_identification:_identify(src/turtlebot3/utils/DynamixelSDK) by extensions ['ignore', 'ignore_ament_install']
[1.482s] Level 1:colcon.colcon_core.package_identification:_identify(src/turtlebot3/utils/DynamixelSDK) by extension 'ignore'
[1.482s] Level 1:colcon.colcon_core.package_identification:_identify(src/turtlebot3/utils/DynamixelSDK) by extension 'ignore_ament_install'
[1.482s] Level 1:colcon.colcon_core.package_identification:_identify(src/turtlebot3/utils/DynamixelSDK) by extensions ['colcon_pkg']
[1.483s] Level 1:colcon.colcon_core.package_identification:_identify(src/turtlebot3/utils/DynamixelSDK) by extension 'colcon_pkg'
[1.483s] Level 1:colcon.colcon_core.package_identification:_identify(src/turtlebot3/utils/DynamixelSDK) by extensions ['colcon_meta']
[1.483s] Level 1:colcon.colcon_core.package_identification:_identify(src/turtlebot3/utils/DynamixelSDK) by extension 'colcon_meta'
[1.483s] Level 1:colcon.colcon_core.package_identification:_identify(src/turtlebot3/utils/DynamixelSDK) by extensions ['ros']
[1.483s] Level 1:colcon.colcon_core.package_identification:_identify(src/turtlebot3/utils/DynamixelSDK) by extension 'ros'
[1.483s] Level 1:colcon.colcon_core.package_identification:_identify(src/turtlebot3/utils/DynamixelSDK) by extensions ['cmake', 'python']
[1.483s] Level 1:colcon.colcon_core.package_identification:_identify(src/turtlebot3/utils/DynamixelSDK) by extension 'cmake'
[1.483s] Level 1:colcon.colcon_core.package_identification:_identify(src/turtlebot3/utils/DynamixelSDK) by extension 'python'
[1.483s] Level 1:colcon.colcon_core.package_identification:_identify(src/turtlebot3/utils/DynamixelSDK) by extensions ['python_setup_py']
[1.483s] Level 1:colcon.colcon_core.package_identification:_identify(src/turtlebot3/utils/DynamixelSDK) by extension 'python_setup_py'
[1.483s] Level 1:colcon.colcon_core.package_identification:_identify(src/turtlebot3/utils/DynamixelSDK/dynamixel_sdk) by extensions ['ignore', 'ignore_ament_install']
[1.483s] Level 1:colcon.colcon_core.package_identification:_identify(src/turtlebot3/utils/DynamixelSDK/dynamixel_sdk) by extension 'ignore'
[1.483s] Level 1:colcon.colcon_core.package_identification:_identify(src/turtlebot3/utils/DynamixelSDK/dynamixel_sdk) by extension 'ignore_ament_install'
[1.483s] Level 1:colcon.colcon_core.package_identification:_identify(src/turtlebot3/utils/DynamixelSDK/dynamixel_sdk) by extensions ['colcon_pkg']
[1.483s] Level 1:colcon.colcon_core.package_identification:_identify(src/turtlebot3/utils/DynamixelSDK/dynamixel_sdk) by extension 'colcon_pkg'
[1.483s] Level 1:colcon.colcon_core.package_identification:_identify(src/turtlebot3/utils/DynamixelSDK/dynamixel_sdk) by extensions ['colcon_meta']
[1.483s] Level 1:colcon.colcon_core.package_identification:_identify(src/turtlebot3/utils/DynamixelSDK/dynamixel_sdk) by extension 'colcon_meta'
[1.484s] Level 1:colcon.colcon_core.package_identification:_identify(src/turtlebot3/utils/DynamixelSDK/dynamixel_sdk) by extensions ['ros']
[1.484s] Level 1:colcon.colcon_core.package_identification:_identify(src/turtlebot3/utils/DynamixelSDK/dynamixel_sdk) by extension 'ros'
[1.484s] DEBUG:colcon.colcon_core.package_identification:Package 'src/turtlebot3/utils/DynamixelSDK/dynamixel_sdk' with type 'ros.ament_cmake' and name 'dynamixel_sdk'
[1.484s] Level 1:colcon.colcon_core.package_identification:_identify(src/turtlebot3/utils/DynamixelSDK/dynamixel_sdk_custom_interfaces) by extensions ['ignore', 'ignore_ament_install']
[1.484s] Level 1:colcon.colcon_core.package_identification:_identify(src/turtlebot3/utils/DynamixelSDK/dynamixel_sdk_custom_interfaces) by extension 'ignore'
[1.484s] Level 1:colcon.colcon_core.package_identification:_identify(src/turtlebot3/utils/DynamixelSDK/dynamixel_sdk_custom_interfaces) by extension 'ignore_ament_install'
[1.485s] Level 1:colcon.colcon_core.package_identification:_identify(src/turtlebot3/utils/DynamixelSDK/dynamixel_sdk_custom_interfaces) by extensions ['colcon_pkg']
[1.485s] Level 1:colcon.colcon_core.package_identification:_identify(src/turtlebot3/utils/DynamixelSDK/dynamixel_sdk_custom_interfaces) by extension 'colcon_pkg'
[1.485s] Level 1:colcon.colcon_core.package_identification:_identify(src/turtlebot3/utils/DynamixelSDK/dynamixel_sdk_custom_interfaces) by extensions ['colcon_meta']
[1.485s] Level 1:colcon.colcon_core.package_identification:_identify(src/turtlebot3/utils/DynamixelSDK/dynamixel_sdk_custom_interfaces) by extension 'colcon_meta'
[1.485s] Level 1:colcon.colcon_core.package_identification:_identify(src/turtlebot3/utils/DynamixelSDK/dynamixel_sdk_custom_interfaces) by extensions ['ros']
[1.485s] Level 1:colcon.colcon_core.package_identification:_identify(src/turtlebot3/utils/DynamixelSDK/dynamixel_sdk_custom_interfaces) by extension 'ros'
[1.485s] DEBUG:colcon.colcon_core.package_identification:Package 'src/turtlebot3/utils/DynamixelSDK/dynamixel_sdk_custom_interfaces' with type 'ros.ament_cmake' and name 'dynamixel_sdk_custom_interfaces'
[1.485s] Level 1:colcon.colcon_core.package_identification:_identify(src/turtlebot3/utils/DynamixelSDK/dynamixel_sdk_examples) by extensions ['ignore', 'ignore_ament_install']
[1.486s] Level 1:colcon.colcon_core.package_identification:_identify(src/turtlebot3/utils/DynamixelSDK/dynamixel_sdk_examples) by extension 'ignore'
[1.486s] Level 1:colcon.colcon_core.package_identification:_identify(src/turtlebot3/utils/DynamixelSDK/dynamixel_sdk_examples) by extension 'ignore_ament_install'
[1.486s] Level 1:colcon.colcon_core.package_identification:_identify(src/turtlebot3/utils/DynamixelSDK/dynamixel_sdk_examples) by extensions ['colcon_pkg']
[1.486s] Level 1:colcon.colcon_core.package_identification:_identify(src/turtlebot3/utils/DynamixelSDK/dynamixel_sdk_examples) by extension 'colcon_pkg'
[1.486s] Level 1:colcon.colcon_core.package_identification:_identify(src/turtlebot3/utils/DynamixelSDK/dynamixel_sdk_examples) by extensions ['colcon_meta']
[1.486s] Level 1:colcon.colcon_core.package_identification:_identify(src/turtlebot3/utils/DynamixelSDK/dynamixel_sdk_examples) by extension 'colcon_meta'
[1.486s] Level 1:colcon.colcon_core.package_identification:_identify(src/turtlebot3/utils/DynamixelSDK/dynamixel_sdk_examples) by extensions ['ros']
[1.486s] Level 1:colcon.colcon_core.package_identification:_identify(src/turtlebot3/utils/DynamixelSDK/dynamixel_sdk_examples) by extension 'ros'
[1.487s] DEBUG:colcon.colcon_core.package_identification:Package 'src/turtlebot3/utils/DynamixelSDK/dynamixel_sdk_examples' with type 'ros.ament_cmake' and name 'dynamixel_sdk_examples'
[1.487s] Level 1:colcon.colcon_core.package_discovery:discover_packages(recursive) using defaults
[1.487s] Level 1:colcon.colcon_core.package_discovery:discover_packages(ignore) discover
[1.487s] Level 1:colcon.colcon_core.package_discovery:discover_packages(ignore) using defaults
[1.487s] Level 1:colcon.colcon_core.package_discovery:discover_packages(path) discover
[1.487s] Level 1:colcon.colcon_core.package_discovery:discover_packages(path) using defaults
[1.569s] INFO:colcon.colcon_core.package_selection:Skipping not selected package 'dynamixel_sdk' in 'src/turtlebot3/utils/DynamixelSDK/dynamixel_sdk'
[1.569s] INFO:colcon.colcon_core.package_selection:Skipping not selected package 'dynamixel_sdk_custom_interfaces' in 'src/turtlebot3/utils/DynamixelSDK/dynamixel_sdk_custom_interfaces'
[1.569s] INFO:colcon.colcon_core.package_selection:Skipping not selected package 'lab01_pkg' in 'src/lab01_pkg'
[1.570s] INFO:colcon.colcon_core.package_selection:Skipping not selected package 'lab02_interfaces' in 'src/lab02_interfaces'
[1.570s] INFO:colcon.colcon_core.package_selection:Skipping not selected package 'py_pubsub' in 'src/py_pubsub'
[1.570s] INFO:colcon.colcon_core.package_selection:Skipping not selected package 'turtlebot3_cartographer' in 'src/turtlebot3/turtlebot3_cartographer'
[1.570s] INFO:colcon.colcon_core.package_selection:Skipping not selected package 'turtlebot3_description' in 'src/turtlebot3/turtlebot3_description'
[1.570s] INFO:colcon.colcon_core.package_selection:Skipping not selected package 'turtlebot3_gazebo' in 'src/turtlebot3/turtlebot3_simulations/turtlebot3_gazebo'
[1.570s] INFO:colcon.colcon_core.package_selection:Skipping not selected package 'turtlebot3_msgs' in 'src/turtlebot3/turtlebot3_msgs'
[1.570s] INFO:colcon.colcon_core.package_selection:Skipping not selected package 'turtlebot3_navigation2' in 'src/turtlebot3/turtlebot3_navigation2'
[1.570s] INFO:colcon.colcon_core.package_selection:Skipping not selected package 'turtlebot3_teleop' in 'src/turtlebot3/turtlebot3_teleop'
[1.570s] INFO:colcon.colcon_core.package_selection:Skipping not selected package 'turtlesim' in 'src/ros_tutorials/turtlesim'
[1.570s] INFO:colcon.colcon_core.package_selection:Skipping not selected package 'dynamixel_sdk_examples' in 'src/turtlebot3/utils/DynamixelSDK/dynamixel_sdk_examples'
[1.570s] INFO:colcon.colcon_core.package_selection:Skipping not selected package 'turtlebot3_bringup' in 'src/turtlebot3/turtlebot3_bringup'
[1.570s] INFO:colcon.colcon_core.package_selection:Skipping not selected package 'turtlebot3_example' in 'src/turtlebot3/turtlebot3_example'
[1.570s] INFO:colcon.colcon_core.package_selection:Skipping not selected package 'turtlebot3_fake_node' in 'src/turtlebot3/turtlebot3_simulations/turtlebot3_fake_node'
[1.570s] INFO:colcon.colcon_core.package_selection:Skipping not selected package 'turtlebot3_hardware' in 'src/turtlebot3/turtlebot3_hardware'
[1.570s] INFO:colcon.colcon_core.package_selection:Skipping not selected package 'turtlebot3' in 'src/turtlebot3/turtlebot3'
[1.570s] INFO:colcon.colcon_core.package_selection:Skipping not selected package 'turtlebot3_simulations' in 'src/turtlebot3/turtlebot3_simulations/turtlebot3_simulations'
[1.612s] Level 1:colcon.colcon_core.package_discovery:discover_packages(prefix_path) check parameters
[1.612s] Level 1:colcon.colcon_core.package_discovery:discover_packages(prefix_path) discover
[1.654s] DEBUG:colcon.colcon_installed_package_information.package_discovery:Found 21 installed packages in /home/pederba/ros2_ws/install
[1.677s] DEBUG:colcon.colcon_installed_package_information.package_discovery:Found 373 installed packages in /opt/ros/humble
[1.679s] Level 1:colcon.colcon_core.package_discovery:discover_packages(prefix_path) using defaults
[1.811s] Level 5:colcon.colcon_core.verb:set package 'lab02_pkg_test' build argument 'cmake_args' from command line to 'None'
[1.811s] Level 5:colcon.colcon_core.verb:set package 'lab02_pkg_test' build argument 'cmake_target' from command line to 'None'
[1.811s] Level 5:colcon.colcon_core.verb:set package 'lab02_pkg_test' build argument 'cmake_target_skip_unavailable' from command line to 'False'
[1.811s] Level 5:colcon.colcon_core.verb:set package 'lab02_pkg_test' build argument 'cmake_clean_cache' from command line to 'False'
[1.811s] Level 5:colcon.colcon_core.verb:set package 'lab02_pkg_test' build argument 'cmake_clean_first' from command line to 'False'
[1.811s] Level 5:colcon.colcon_core.verb:set package 'lab02_pkg_test' build argument 'cmake_force_configure' from command line to 'False'
[1.811s] Level 5:colcon.colcon_core.verb:set package 'lab02_pkg_test' build argument 'ament_cmake_args' from command line to 'None'
[1.811s] Level 5:colcon.colcon_core.verb:set package 'lab02_pkg_test' build argument 'catkin_cmake_args' from command line to 'None'
[1.811s] Level 5:colcon.colcon_core.verb:set package 'lab02_pkg_test' build argument 'catkin_skip_building_tests' from command line to 'False'
[1.811s] DEBUG:colcon.colcon_core.verb:Building package 'lab02_pkg_test' with the following arguments: {'ament_cmake_args': None, 'build_base': '/home/pederba/ros2_ws/build/lab02_pkg_test', 'catkin_cmake_args': None, 'catkin_skip_building_tests': False, 'cmake_args': None, 'cmake_clean_cache': False, 'cmake_clean_first': False, 'cmake_force_configure': False, 'cmake_target': None, 'cmake_target_skip_unavailable': False, 'install_base': '/home/pederba/ros2_ws/install/lab02_pkg_test', 'merge_install': False, 'path': '/home/pederba/ros2_ws/src/lab02_pkg_test', 'symlink_install': False, 'test_result_base': None}
[1.833s] INFO:colcon.colcon_core.executor:Executing jobs using 'parallel' executor
[1.854s] DEBUG:colcon.colcon_parallel_executor.executor.parallel:run_until_complete
[1.855s] INFO:colcon.colcon_ros.task.ament_python.build:Building ROS package in '/home/pederba/ros2_ws/src/lab02_pkg_test' with build type 'ament_python'
[1.855s] Level 1:colcon.colcon_core.shell:create_environment_hook('lab02_pkg_test', 'ament_prefix_path')
[1.879s] INFO:colcon.colcon_core.plugin_system:Skipping extension 'colcon_core.shell.bat': Not used on non-Windows systems
[1.880s] INFO:colcon.colcon_core.shell:Creating environment hook '/home/pederba/ros2_ws/install/lab02_pkg_test/share/lab02_pkg_test/hook/ament_prefix_path.ps1'
[1.880s] INFO:colcon.colcon_core.shell:Creating environment descriptor '/home/pederba/ros2_ws/install/lab02_pkg_test/share/lab02_pkg_test/hook/ament_prefix_path.dsv'
[1.881s] INFO:colcon.colcon_core.shell:Creating environment hook '/home/pederba/ros2_ws/install/lab02_pkg_test/share/lab02_pkg_test/hook/ament_prefix_path.sh'
[1.903s] INFO:colcon.colcon_core.shell:Skip shell extension 'powershell' for command environment: Not usable outside of PowerShell
[1.903s] DEBUG:colcon.colcon_core.shell:Skip shell extension 'dsv' for command environment
[2.297s] INFO:colcon.colcon_core.task.python.build:Building Python package in '/home/pederba/ros2_ws/src/lab02_pkg_test'
[2.354s] INFO:colcon.colcon_core.shell:Skip shell extension 'powershell' for command environment: Not usable outside of PowerShell
[2.354s] DEBUG:colcon.colcon_core.shell:Skip shell extension 'dsv' for command environment
[3.240s] DEBUG:colcon.colcon_core.event_handler.log_command:Invoking command in '/home/pederba/ros2_ws/src/lab02_pkg_test': CMAKE_PREFIX_PATH=/home/pederba/ros2_ws/install/turtlesim:/home/pederba/ros2_ws/install/lab02_interfaces:/home/pederba/ros2_ws/install/turtlebot3:/home/pederba/ros2_ws/install/turtlebot3_simulations:/home/pederba/ros2_ws/install/turtlebot3_navigation2:/home/pederba/ros2_ws/install/turtlebot3_fake_node:/home/pederba/ros2_ws/install/turtlebot3_msgs:/home/pederba/ros2_ws/install/turtlebot3_hardware:/home/pederba/ros2_ws/install/turtlebot3_gazebo:/home/pederba/ros2_ws/install/turtlebot3_bringup:/home/pederba/ros2_ws/install/turtlebot3_description:/home/pederba/ros2_ws/install/turtlebot3_cartographer:/home/pederba/ros2_ws/install/dynamixel_sdk_examples:/home/pederba/ros2_ws/install/dynamixel_sdk_custom_interfaces:/home/pederba/ros2_ws/install/dynamixel_sdk LD_LIBRARY_PATH=/home/pederba/ros2_ws/install/turtlesim/lib:/home/pederba/ros2_ws/install/lab02_interfaces/lib:/home/pederba/ros2_ws/install/turtlebot3_msgs/lib:/home/pederba/ros2_ws/install/turtlebot3_hardware/lib:/home/pederba/ros2_ws/install/dynamixel_sdk_custom_interfaces/lib:/home/pederba/ros2_ws/install/dynamixel_sdk/lib:/usr/lib/x86_64-linux-gnu/gazebo-11/plugins:/opt/ros/humble/opt/rviz_ogre_vendor/lib:/opt/ros/humble/lib/x86_64-linux-gnu:/opt/ros/humble/lib PYTHONPATH=/home/pederba/ros2_ws/build/lab02_pkg_test/prefix_override:/home/pederba/ros2_ws/install/lab02_pkg_test/lib/python3.10/site-packages:${PYTHONPATH} /usr/bin/python3 setup.py egg_info --egg-base ../../build/lab02_pkg_test build --build-base /home/pederba/ros2_ws/build/lab02_pkg_test/build install --record /home/pederba/ros2_ws/build/lab02_pkg_test/install.log --single-version-externally-managed
[3.953s] DEBUG:colcon.colcon_core.event_handler.log_command:Invoked command in '/home/pederba/ros2_ws/src/lab02_pkg_test' returned '0': CMAKE_PREFIX_PATH=/home/pederba/ros2_ws/install/turtlesim:/home/pederba/ros2_ws/install/lab02_interfaces:/home/pederba/ros2_ws/install/turtlebot3:/home/pederba/ros2_ws/install/turtlebot3_simulations:/home/pederba/ros2_ws/install/turtlebot3_navigation2:/home/pederba/ros2_ws/install/turtlebot3_fake_node:/home/pederba/ros2_ws/install/turtlebot3_msgs:/home/pederba/ros2_ws/install/turtlebot3_hardware:/home/pederba/ros2_ws/install/turtlebot3_gazebo:/home/pederba/ros2_ws/install/turtlebot3_bringup:/home/pederba/ros2_ws/install/turtlebot3_description:/home/pederba/ros2_ws/install/turtlebot3_cartographer:/home/pederba/ros2_ws/install/dynamixel_sdk_examples:/home/pederba/ros2_ws/install/dynamixel_sdk_custom_interfaces:/home/pederba/ros2_ws/install/dynamixel_sdk LD_LIBRARY_PATH=/home/pederba/ros2_ws/install/turtlesim/lib:/home/pederba/ros2_ws/install/lab02_interfaces/lib:/home/pederba/ros2_ws/install/turtlebot3_msgs/lib:/home/pederba/ros2_ws/install/turtlebot3_hardware/lib:/home/pederba/ros2_ws/install/dynamixel_sdk_custom_interfaces/lib:/home/pederba/ros2_ws/install/dynamixel_sdk/lib:/usr/lib/x86_64-linux-gnu/gazebo-11/plugins:/opt/ros/humble/opt/rviz_ogre_vendor/lib:/opt/ros/humble/lib/x86_64-linux-gnu:/opt/ros/humble/lib PYTHONPATH=/home/pederba/ros2_ws/build/lab02_pkg_test/prefix_override:/home/pederba/ros2_ws/install/lab02_pkg_test/lib/python3.10/site-packages:${PYTHONPATH} /usr/bin/python3 setup.py egg_info --egg-base ../../build/lab02_pkg_test build --build-base /home/pederba/ros2_ws/build/lab02_pkg_test/build install --record /home/pederba/ros2_ws/build/lab02_pkg_test/install.log --single-version-externally-managed
[3.982s] Level 1:colcon.colcon_core.environment:checking '/home/pederba/ros2_ws/install/lab02_pkg_test' for CMake module files
[3.983s] Level 1:colcon.colcon_core.environment:checking '/home/pederba/ros2_ws/install/lab02_pkg_test' for CMake config files
[3.985s] Level 1:colcon.colcon_core.environment:checking '/home/pederba/ros2_ws/install/lab02_pkg_test/lib'
[3.986s] Level 1:colcon.colcon_core.environment:checking '/home/pederba/ros2_ws/install/lab02_pkg_test/bin'
[3.986s] Level 1:colcon.colcon_core.environment:checking '/home/pederba/ros2_ws/install/lab02_pkg_test/lib/pkgconfig/lab02_pkg_test.pc'
[3.986s] Level 1:colcon.colcon_core.environment:checking '/home/pederba/ros2_ws/install/lab02_pkg_test/lib/python3.10/site-packages'
[3.986s] Level 1:colcon.colcon_core.shell:create_environment_hook('lab02_pkg_test', 'pythonpath')
[4.010s] INFO:colcon.colcon_core.shell:Creating environment hook '/home/pederba/ros2_ws/install/lab02_pkg_test/share/lab02_pkg_test/hook/pythonpath.ps1'
[4.010s] INFO:colcon.colcon_core.shell:Creating environment descriptor '/home/pederba/ros2_ws/install/lab02_pkg_test/share/lab02_pkg_test/hook/pythonpath.dsv'
[4.010s] INFO:colcon.colcon_core.shell:Creating environment hook '/home/pederba/ros2_ws/install/lab02_pkg_test/share/lab02_pkg_test/hook/pythonpath.sh'
[4.011s] Level 1:colcon.colcon_core.environment:checking '/home/pederba/ros2_ws/install/lab02_pkg_test/bin'
[4.011s] Level 1:colcon.colcon_core.environment:create_environment_scripts_only(lab02_pkg_test)
[4.033s] INFO:colcon.colcon_core.shell:Creating package script '/home/pederba/ros2_ws/install/lab02_pkg_test/share/lab02_pkg_test/package.ps1'
[4.034s] INFO:colcon.colcon_core.shell:Creating package descriptor '/home/pederba/ros2_ws/install/lab02_pkg_test/share/lab02_pkg_test/package.dsv'
[4.035s] INFO:colcon.colcon_core.shell:Creating package script '/home/pederba/ros2_ws/install/lab02_pkg_test/share/lab02_pkg_test/package.sh'
[4.036s] INFO:colcon.colcon_core.shell:Creating package script '/home/pederba/ros2_ws/install/lab02_pkg_test/share/lab02_pkg_test/package.bash'
[4.036s] INFO:colcon.colcon_core.shell:Creating package script '/home/pederba/ros2_ws/install/lab02_pkg_test/share/lab02_pkg_test/package.zsh'
[4.037s] Level 1:colcon.colcon_core.environment:create_file_with_runtime_dependencies(/home/pederba/ros2_ws/install/lab02_pkg_test/share/colcon-core/packages/lab02_pkg_test)
[4.038s] DEBUG:colcon.colcon_parallel_executor.executor.parallel:closing loop
[4.038s] DEBUG:colcon.colcon_parallel_executor.executor.parallel:loop closed
[4.038s] DEBUG:colcon.colcon_parallel_executor.executor.parallel:run_until_complete finished with '0'
[4.038s] DEBUG:colcon.colcon_core.event_reactor:joining thread
[4.067s] INFO:colcon.colcon_core.plugin_system:Skipping extension 'colcon_notification.desktop_notification.terminal_notifier': Not used on non-Darwin systems
[4.067s] INFO:colcon.colcon_core.plugin_system:Skipping extension 'colcon_notification.desktop_notification.win32': Not used on non-Windows systems
[4.067s] INFO:colcon.colcon_notification.desktop_notification:Sending desktop notification using 'notify2'
[4.081s] DEBUG:colcon.colcon_core.event_reactor:joined thread
[4.108s] INFO:colcon.colcon_core.shell:Creating prefix script '/home/pederba/ros2_ws/install/local_setup.ps1'
[4.109s] INFO:colcon.colcon_core.shell:Creating prefix util module '/home/pederba/ros2_ws/install/_local_setup_util_ps1.py'
[4.111s] INFO:colcon.colcon_core.shell:Creating prefix chain script '/home/pederba/ros2_ws/install/setup.ps1'
[4.136s] INFO:colcon.colcon_core.shell:Creating prefix script '/home/pederba/ros2_ws/install/local_setup.sh'
[4.137s] INFO:colcon.colcon_core.shell:Creating prefix util module '/home/pederba/ros2_ws/install/_local_setup_util_sh.py'
[4.137s] INFO:colcon.colcon_core.shell:Creating prefix chain script '/home/pederba/ros2_ws/install/setup.sh'
[4.161s] INFO:colcon.colcon_core.shell:Creating prefix script '/home/pederba/ros2_ws/install/local_setup.bash'
[4.162s] INFO:colcon.colcon_core.shell:Creating prefix chain script '/home/pederba/ros2_ws/install/setup.bash'
[4.185s] INFO:colcon.colcon_core.shell:Creating prefix script '/home/pederba/ros2_ws/install/local_setup.zsh'
[4.185s] INFO:colcon.colcon_core.shell:Creating prefix chain script '/home/pederba/ros2_ws/install/setup.zsh'
