[0.170s] Invoking command in '/home/pederba/ros2_ws/build/turtlebot3_navigation2': CMAKE_PREFIX_PATH=${CMAKE_PREFIX_PATH}:/home/pederba/ros2_ws/install/lab02_pkg_test:/home/pederba/ros2_ws/install/turtlebot3_teleop:/home/pederba/ros2_ws/install/turtlebot3_example:/home/pederba/ros2_ws/install/py_pubsub:/home/pederba/ros2_ws/install/lab03_pkg:/home/pederba/ros2_ws/install/lab02_pkg:/home/pederba/ros2_ws/install/lab01_pkg:/opt/ros/humble /usr/bin/cmake --build /home/pederba/ros2_ws/build/turtlebot3_navigation2 -- -j8 -l8
[0.944s] -- Found ament_cmake: 1.3.5 (/opt/ros/humble/share/ament_cmake/cmake)
[0.944s] -- Override CMake install command with custom implementation using symlinks instead of copying resources
[0.944s] -- Configuring done
[0.944s] -- Generating done
[0.944s] -- Build files have been written to: /home/pederba/ros2_ws/build/turtlebot3_navigation2
[0.951s] Invoked command in '/home/pederba/ros2_ws/build/turtlebot3_navigation2' returned '0': CMAKE_PREFIX_PATH=${CMAKE_PREFIX_PATH}:/home/pederba/ros2_ws/install/lab02_pkg_test:/home/pederba/ros2_ws/install/turtlebot3_teleop:/home/pederba/ros2_ws/install/turtlebot3_example:/home/pederba/ros2_ws/install/py_pubsub:/home/pederba/ros2_ws/install/lab03_pkg:/home/pederba/ros2_ws/install/lab02_pkg:/home/pederba/ros2_ws/install/lab01_pkg:/opt/ros/humble /usr/bin/cmake --build /home/pederba/ros2_ws/build/turtlebot3_navigation2 -- -j8 -l8
[1.074s] Invoking command in '/home/pederba/ros2_ws/build/turtlebot3_navigation2': CMAKE_PREFIX_PATH=${CMAKE_PREFIX_PATH}:/home/pederba/ros2_ws/install/lab02_pkg_test:/home/pederba/ros2_ws/install/turtlebot3_teleop:/home/pederba/ros2_ws/install/turtlebot3_example:/home/pederba/ros2_ws/install/py_pubsub:/home/pederba/ros2_ws/install/lab03_pkg:/home/pederba/ros2_ws/install/lab02_pkg:/home/pederba/ros2_ws/install/lab01_pkg:/opt/ros/humble /usr/bin/cmake --install /home/pederba/ros2_ws/build/turtlebot3_navigation2
[1.094s] -- Install configuration: ""
[1.094s] -- Execute custom install script
[1.094s] -- Up-to-date symlink: /home/pederba/ros2_ws/install/turtlebot3_navigation2/share/turtlebot3_navigation2/launch/navigation2.launch.py
[1.095s] -- Up-to-date symlink: /home/pederba/ros2_ws/install/turtlebot3_navigation2/share/turtlebot3_navigation2/launch/navigation2_use_sim_time.launch.py
[1.096s] -- Up-to-date symlink: /home/pederba/ros2_ws/install/turtlebot3_navigation2/share/turtlebot3_navigation2/map/turtlebot3_world.pgm
[1.096s] -- Up-to-date symlink: /home/pederba/ros2_ws/install/turtlebot3_navigation2/share/turtlebot3_navigation2/map/turtlebot3_world.yaml
[1.101s] -- Up-to-date symlink: /home/pederba/ros2_ws/install/turtlebot3_navigation2/share/turtlebot3_navigation2/param/burger.yaml
[1.101s] -- Up-to-date symlink: /home/pederba/ros2_ws/install/turtlebot3_navigation2/share/turtlebot3_navigation2/param/burger_use_sim_time.yaml
[1.101s] -- Up-to-date symlink: /home/pederba/ros2_ws/install/turtlebot3_navigation2/share/turtlebot3_navigation2/param/waffle_pi.yaml
[1.104s] -- Up-to-date symlink: /home/pederba/ros2_ws/install/turtlebot3_navigation2/share/turtlebot3_navigation2/param/waffle_pi_use_sim_time.yaml
[1.104s] -- Up-to-date symlink: /home/pederba/ros2_ws/install/turtlebot3_navigation2/share/turtlebot3_navigation2/rviz/navigation2.rviz
[1.105s] -- Up-to-date symlink: /home/pederba/ros2_ws/install/turtlebot3_navigation2/share/ament_index/resource_index/package_run_dependencies/turtlebot3_navigation2
[1.106s] -- Up-to-date symlink: /home/pederba/ros2_ws/install/turtlebot3_navigation2/share/ament_index/resource_index/parent_prefix_path/turtlebot3_navigation2
[1.121s] -- Up-to-date symlink: /home/pederba/ros2_ws/install/turtlebot3_navigation2/share/turtlebot3_navigation2/environment/ament_prefix_path.sh
[1.122s] -- Up-to-date symlink: /home/pederba/ros2_ws/install/turtlebot3_navigation2/share/turtlebot3_navigation2/environment/ament_prefix_path.dsv
[1.122s] -- Up-to-date symlink: /home/pederba/ros2_ws/install/turtlebot3_navigation2/share/turtlebot3_navigation2/environment/path.sh
[1.122s] -- Up-to-date symlink: /home/pederba/ros2_ws/install/turtlebot3_navigation2/share/turtlebot3_navigation2/environment/path.dsv
[1.122s] -- Up-to-date symlink: /home/pederba/ros2_ws/install/turtlebot3_navigation2/share/turtlebot3_navigation2/local_setup.bash
[1.122s] -- Up-to-date symlink: /home/pederba/ros2_ws/install/turtlebot3_navigation2/share/turtlebot3_navigation2/local_setup.sh
[1.122s] -- Up-to-date symlink: /home/pederba/ros2_ws/install/turtlebot3_navigation2/share/turtlebot3_navigation2/local_setup.zsh
[1.123s] -- Up-to-date symlink: /home/pederba/ros2_ws/install/turtlebot3_navigation2/share/turtlebot3_navigation2/local_setup.dsv
[1.123s] -- Symlinking: /home/pederba/ros2_ws/install/turtlebot3_navigation2/share/turtlebot3_navigation2/package.dsv
[1.149s] -- Up-to-date symlink: /home/pederba/ros2_ws/install/turtlebot3_navigation2/share/ament_index/resource_index/packages/turtlebot3_navigation2
[1.149s] -- Up-to-date symlink: /home/pederba/ros2_ws/install/turtlebot3_navigation2/share/turtlebot3_navigation2/cmake/turtlebot3_navigation2Config.cmake
[1.149s] -- Up-to-date symlink: /home/pederba/ros2_ws/install/turtlebot3_navigation2/share/turtlebot3_navigation2/cmake/turtlebot3_navigation2Config-version.cmake
[1.150s] -- Up-to-date symlink: /home/pederba/ros2_ws/install/turtlebot3_navigation2/share/turtlebot3_navigation2/package.xml
[1.274s] Invoked command in '/home/pederba/ros2_ws/build/turtlebot3_navigation2' returned '0': CMAKE_PREFIX_PATH=${CMAKE_PREFIX_PATH}:/home/pederba/ros2_ws/install/lab02_pkg_test:/home/pederba/ros2_ws/install/turtlebot3_teleop:/home/pederba/ros2_ws/install/turtlebot3_example:/home/pederba/ros2_ws/install/py_pubsub:/home/pederba/ros2_ws/install/lab03_pkg:/home/pederba/ros2_ws/install/lab02_pkg:/home/pederba/ros2_ws/install/lab01_pkg:/opt/ros/humble /usr/bin/cmake --install /home/pederba/ros2_ws/build/turtlebot3_navigation2
