[4.795s] Invoking command in '/home/pederba/ros2_ws/src/turtlebot3/turtlebot3_teleop': PYTHONPATH=/home/pederba/ros2_ws/build/turtlebot3_teleop/prefix_override:/home/pederba/ros2_ws/install/turtlebot3_teleop/lib/python3.10/site-packages:${PYTHONPATH} /usr/bin/python3 setup.py egg_info --egg-base ../../../build/turtlebot3_teleop build --build-base /home/pederba/ros2_ws/build/turtlebot3_teleop/build install --record /home/pederba/ros2_ws/build/turtlebot3_teleop/install.log --single-version-externally-managed
[5.611s] /home/pederba/.local/lib/python3.10/site-packages/setuptools/_distutils/cmd.py:66: SetuptoolsDeprecationWarning: setup.py install is deprecated.
[5.611s] !!
[5.613s] 
[5.614s]         ********************************************************************************
[5.615s]         Please avoid running ``setup.py`` directly.
[5.615s]         Instead, use pypa/build, pypa/installer or other
[5.616s]         standards-based tools.
[5.616s] 
[5.616s]         See https://blog.ganssle.io/articles/2021/10/setup-py-deprecated.html for details.
[5.616s]         ********************************************************************************
[5.616s] 
[5.616s] !!
[5.617s]   self.initialize_options()
[5.617s] running egg_info
[5.617s] writing ../../../build/turtlebot3_teleop/turtlebot3_teleop.egg-info/PKG-INFO
[5.617s] writing dependency_links to ../../../build/turtlebot3_teleop/turtlebot3_teleop.egg-info/dependency_links.txt
[5.618s] writing entry points to ../../../build/turtlebot3_teleop/turtlebot3_teleop.egg-info/entry_points.txt
[5.618s] writing requirements to ../../../build/turtlebot3_teleop/turtlebot3_teleop.egg-info/requires.txt
[5.619s] writing top-level names to ../../../build/turtlebot3_teleop/turtlebot3_teleop.egg-info/top_level.txt
[5.619s] reading manifest file '../../../build/turtlebot3_teleop/turtlebot3_teleop.egg-info/SOURCES.txt'
[5.619s] writing manifest file '../../../build/turtlebot3_teleop/turtlebot3_teleop.egg-info/SOURCES.txt'
[5.620s] running build
[5.620s] running build_py
[5.620s] running install
[5.621s] running install_lib
[5.621s] running install_data
[5.622s] running install_egg_info
[5.622s] removing '/home/pederba/ros2_ws/install/turtlebot3_teleop/lib/python3.10/site-packages/turtlebot3_teleop-2.1.5-py3.10.egg-info' (and everything under it)
[5.622s] Copying ../../../build/turtlebot3_teleop/turtlebot3_teleop.egg-info to /home/pederba/ros2_ws/install/turtlebot3_teleop/lib/python3.10/site-packages/turtlebot3_teleop-2.1.5-py3.10.egg-info
[5.622s] running install_scripts
[5.889s] Installing teleop_keyboard script to /home/pederba/ros2_ws/install/turtlebot3_teleop/lib/turtlebot3_teleop
[5.891s] writing list of installed files to '/home/pederba/ros2_ws/build/turtlebot3_teleop/install.log'
[7.196s] Invoked command in '/home/pederba/ros2_ws/src/turtlebot3/turtlebot3_teleop' returned '0': PYTHONPATH=/home/pederba/ros2_ws/build/turtlebot3_teleop/prefix_override:/home/pederba/ros2_ws/install/turtlebot3_teleop/lib/python3.10/site-packages:${PYTHONPATH} /usr/bin/python3 setup.py egg_info --egg-base ../../../build/turtlebot3_teleop build --build-base /home/pederba/ros2_ws/build/turtlebot3_teleop/build install --record /home/pederba/ros2_ws/build/turtlebot3_teleop/install.log --single-version-externally-managed
