[2.265s] Invoking command in '/home/pederba/ros2_ws/build/turtlebot3_bringup': CMAKE_PREFIX_PATH=/home/pederba/ros2_ws/install/turtlebot3_description:/home/pederba/ros2_ws/install/turtlesim:/home/pederba/ros2_ws/install/turtlebot3:/home/pederba/ros2_ws/install/turtlebot3_simulations:/home/pederba/ros2_ws/install/turtlebot3_navigation2:/home/pederba/ros2_ws/install/turtlebot3_fake_node:/home/pederba/ros2_ws/install/turtlebot3_msgs:/home/pederba/ros2_ws/install/turtlebot3_hardware:/home/pederba/ros2_ws/install/turtlebot3_gazebo:/home/pederba/ros2_ws/install/turtlebot3_bringup:/home/pederba/ros2_ws/install/turtlebot3_cartographer:/home/pederba/ros2_ws/install/lab02_interfaces:/home/pederba/ros2_ws/install/dynamixel_sdk_examples:/home/pederba/ros2_ws/install/dynamixel_sdk_custom_interfaces:/home/pederba/ros2_ws/install/dynamixel_sdk:/home/pederba/ros2_ws/install/turtlebot3_teleop:/home/pederba/ros2_ws/install/turtlebot3_example:/home/pederba/ros2_ws/install/py_pubsub:/home/pederba/ros2_ws/install/lab02_pkg:/home/pederba/ros2_ws/install/lab01_pkg:/opt/ros/humble /usr/bin/cmake --build /home/pederba/ros2_ws/build/turtlebot3_bringup -- -j8 -l8
[3.252s] Invoked command in '/home/pederba/ros2_ws/build/turtlebot3_bringup' returned '0': CMAKE_PREFIX_PATH=/home/pederba/ros2_ws/install/turtlebot3_description:/home/pederba/ros2_ws/install/turtlesim:/home/pederba/ros2_ws/install/turtlebot3:/home/pederba/ros2_ws/install/turtlebot3_simulations:/home/pederba/ros2_ws/install/turtlebot3_navigation2:/home/pederba/ros2_ws/install/turtlebot3_fake_node:/home/pederba/ros2_ws/install/turtlebot3_msgs:/home/pederba/ros2_ws/install/turtlebot3_hardware:/home/pederba/ros2_ws/install/turtlebot3_gazebo:/home/pederba/ros2_ws/install/turtlebot3_bringup:/home/pederba/ros2_ws/install/turtlebot3_cartographer:/home/pederba/ros2_ws/install/lab02_interfaces:/home/pederba/ros2_ws/install/dynamixel_sdk_examples:/home/pederba/ros2_ws/install/dynamixel_sdk_custom_interfaces:/home/pederba/ros2_ws/install/dynamixel_sdk:/home/pederba/ros2_ws/install/turtlebot3_teleop:/home/pederba/ros2_ws/install/turtlebot3_example:/home/pederba/ros2_ws/install/py_pubsub:/home/pederba/ros2_ws/install/lab02_pkg:/home/pederba/ros2_ws/install/lab01_pkg:/opt/ros/humble /usr/bin/cmake --build /home/pederba/ros2_ws/build/turtlebot3_bringup -- -j8 -l8
[4.818s] Invoking command in '/home/pederba/ros2_ws/build/turtlebot3_bringup': CMAKE_PREFIX_PATH=/home/pederba/ros2_ws/install/turtlebot3_description:/home/pederba/ros2_ws/install/turtlesim:/home/pederba/ros2_ws/install/turtlebot3:/home/pederba/ros2_ws/install/turtlebot3_simulations:/home/pederba/ros2_ws/install/turtlebot3_navigation2:/home/pederba/ros2_ws/install/turtlebot3_fake_node:/home/pederba/ros2_ws/install/turtlebot3_msgs:/home/pederba/ros2_ws/install/turtlebot3_hardware:/home/pederba/ros2_ws/install/turtlebot3_gazebo:/home/pederba/ros2_ws/install/turtlebot3_bringup:/home/pederba/ros2_ws/install/turtlebot3_cartographer:/home/pederba/ros2_ws/install/lab02_interfaces:/home/pederba/ros2_ws/install/dynamixel_sdk_examples:/home/pederba/ros2_ws/install/dynamixel_sdk_custom_interfaces:/home/pederba/ros2_ws/install/dynamixel_sdk:/home/pederba/ros2_ws/install/turtlebot3_teleop:/home/pederba/ros2_ws/install/turtlebot3_example:/home/pederba/ros2_ws/install/py_pubsub:/home/pederba/ros2_ws/install/lab02_pkg:/home/pederba/ros2_ws/install/lab01_pkg:/opt/ros/humble /usr/bin/cmake --install /home/pederba/ros2_ws/build/turtlebot3_bringup
[4.842s] -- Install configuration: ""
[4.843s] -- Up-to-date: /home/pederba/ros2_ws/install/turtlebot3_bringup/share/turtlebot3_bringup/launch
[4.843s] -- Up-to-date: /home/pederba/ros2_ws/install/turtlebot3_bringup/share/turtlebot3_bringup/launch/gazebo.launch.py
[4.845s] -- Up-to-date: /home/pederba/ros2_ws/install/turtlebot3_bringup/share/turtlebot3_bringup/launch/lab03.launch.py
[4.846s] -- Up-to-date: /home/pederba/ros2_ws/install/turtlebot3_bringup/share/turtlebot3_bringup/launch/hardware.launch.py
[4.846s] -- Up-to-date: /home/pederba/ros2_ws/install/turtlebot3_bringup/share/turtlebot3_bringup/launch/fake.launch.py
[4.847s] -- Up-to-date: /home/pederba/ros2_ws/install/turtlebot3_bringup/share/turtlebot3_bringup/launch/base.launch.py
[4.847s] -- Up-to-date: /home/pederba/ros2_ws/install/turtlebot3_bringup/share/turtlebot3_bringup/config
[4.849s] -- Up-to-date: /home/pederba/ros2_ws/install/turtlebot3_bringup/share/turtlebot3_bringup/config/burger
[4.849s] -- Up-to-date: /home/pederba/ros2_ws/install/turtlebot3_bringup/share/turtlebot3_bringup/config/burger/twist_mux.yaml
[4.850s] -- Up-to-date: /home/pederba/ros2_ws/install/turtlebot3_bringup/share/turtlebot3_bringup/config/burger/gazebo_controller_manager.yaml
[4.850s] -- Up-to-date: /home/pederba/ros2_ws/install/turtlebot3_bringup/share/turtlebot3_bringup/config/burger/hardware_controller_manager.yaml
[4.851s] -- Up-to-date: /home/pederba/ros2_ws/install/turtlebot3_bringup/share/turtlebot3_bringup/config/waffle_pi
[4.852s] -- Up-to-date: /home/pederba/ros2_ws/install/turtlebot3_bringup/share/turtlebot3_bringup/config/waffle_pi/twist_mux.yaml
[4.852s] -- Up-to-date: /home/pederba/ros2_ws/install/turtlebot3_bringup/share/turtlebot3_bringup/config/waffle_pi/gazebo_controller_manager.yaml
[4.853s] -- Up-to-date: /home/pederba/ros2_ws/install/turtlebot3_bringup/share/turtlebot3_bringup/config/waffle_pi/hardware_controller_manager.yaml
[4.853s] -- Up-to-date: /home/pederba/ros2_ws/install/turtlebot3_bringup/share/turtlebot3_bringup/script
[4.853s] -- Up-to-date: /home/pederba/ros2_ws/install/turtlebot3_bringup/share/turtlebot3_bringup/script/99-turtlebot3-cdc.rules
[4.854s] -- Up-to-date: /home/pederba/ros2_ws/install/turtlebot3_bringup/share/turtlebot3_bringup/script/create_udev_rules
[4.854s] -- Up-to-date: /home/pederba/ros2_ws/install/turtlebot3_bringup/share/turtlebot3_bringup/worlds
[4.854s] -- Up-to-date: /home/pederba/ros2_ws/install/turtlebot3_bringup/share/turtlebot3_bringup/worlds/lab03.world
[4.855s] -- Up-to-date: /home/pederba/ros2_ws/install/turtlebot3_bringup/share/turtlebot3_bringup/worlds/empty_world.model
[4.855s] -- Up-to-date: /home/pederba/ros2_ws/install/turtlebot3_bringup/share/turtlebot3_bringup/worlds/turtlebot3_world
[4.855s] -- Up-to-date: /home/pederba/ros2_ws/install/turtlebot3_bringup/share/turtlebot3_bringup/worlds/turtlebot3_world/model-1_4.sdf
[4.855s] -- Up-to-date: /home/pederba/ros2_ws/install/turtlebot3_bringup/share/turtlebot3_bringup/worlds/turtlebot3_world/model.sdf
[4.855s] -- Up-to-date: /home/pederba/ros2_ws/install/turtlebot3_bringup/share/turtlebot3_bringup/worlds/turtlebot3_world/meshes
[4.855s] -- Up-to-date: /home/pederba/ros2_ws/install/turtlebot3_bringup/share/turtlebot3_bringup/worlds/turtlebot3_world/meshes/wall.dae
[4.855s] -- Up-to-date: /home/pederba/ros2_ws/install/turtlebot3_bringup/share/turtlebot3_bringup/worlds/turtlebot3_world/meshes/hexagon.dae
[4.855s] -- Up-to-date: /home/pederba/ros2_ws/install/turtlebot3_bringup/share/turtlebot3_bringup/worlds/turtlebot3_world/model.config
[4.856s] -- Up-to-date: /home/pederba/ros2_ws/install/turtlebot3_bringup/share/turtlebot3_bringup/worlds/turtlebot3_world.model
[4.856s] -- Up-to-date: /home/pederba/ros2_ws/install/turtlebot3_bringup/share/turtlebot3_bringup/rviz
[4.856s] -- Up-to-date: /home/pederba/ros2_ws/install/turtlebot3_bringup/share/turtlebot3_bringup/rviz/turtlebot3.rviz
[4.856s] -- Up-to-date: /home/pederba/ros2_ws/install/turtlebot3_bringup/share/turtlebot3_bringup/environment/turtlebot3_bringup.dsv
[4.856s] -- Up-to-date: /home/pederba/ros2_ws/install/turtlebot3_bringup/share/ament_index/resource_index/package_run_dependencies/turtlebot3_bringup
[4.856s] -- Up-to-date: /home/pederba/ros2_ws/install/turtlebot3_bringup/share/ament_index/resource_index/parent_prefix_path/turtlebot3_bringup
[4.857s] -- Up-to-date: /home/pederba/ros2_ws/install/turtlebot3_bringup/share/turtlebot3_bringup/environment/ament_prefix_path.sh
[4.857s] -- Up-to-date: /home/pederba/ros2_ws/install/turtlebot3_bringup/share/turtlebot3_bringup/environment/ament_prefix_path.dsv
[4.857s] -- Up-to-date: /home/pederba/ros2_ws/install/turtlebot3_bringup/share/turtlebot3_bringup/environment/path.sh
[4.857s] -- Up-to-date: /home/pederba/ros2_ws/install/turtlebot3_bringup/share/turtlebot3_bringup/environment/path.dsv
[4.857s] -- Up-to-date: /home/pederba/ros2_ws/install/turtlebot3_bringup/share/turtlebot3_bringup/local_setup.bash
[4.858s] -- Up-to-date: /home/pederba/ros2_ws/install/turtlebot3_bringup/share/turtlebot3_bringup/local_setup.sh
[4.858s] -- Up-to-date: /home/pederba/ros2_ws/install/turtlebot3_bringup/share/turtlebot3_bringup/local_setup.zsh
[4.858s] -- Up-to-date: /home/pederba/ros2_ws/install/turtlebot3_bringup/share/turtlebot3_bringup/local_setup.dsv
[4.858s] -- Installing: /home/pederba/ros2_ws/install/turtlebot3_bringup/share/turtlebot3_bringup/package.dsv
[4.858s] -- Up-to-date: /home/pederba/ros2_ws/install/turtlebot3_bringup/share/ament_index/resource_index/packages/turtlebot3_bringup
[4.858s] -- Up-to-date: /home/pederba/ros2_ws/install/turtlebot3_bringup/share/turtlebot3_bringup/cmake/turtlebot3_bringupConfig.cmake
[4.859s] -- Up-to-date: /home/pederba/ros2_ws/install/turtlebot3_bringup/share/turtlebot3_bringup/cmake/turtlebot3_bringupConfig-version.cmake
[4.859s] -- Up-to-date: /home/pederba/ros2_ws/install/turtlebot3_bringup/share/turtlebot3_bringup/package.xml
[5.931s] Invoked command in '/home/pederba/ros2_ws/build/turtlebot3_bringup' returned '0': CMAKE_PREFIX_PATH=/home/pederba/ros2_ws/install/turtlebot3_description:/home/pederba/ros2_ws/install/turtlesim:/home/pederba/ros2_ws/install/turtlebot3:/home/pederba/ros2_ws/install/turtlebot3_simulations:/home/pederba/ros2_ws/install/turtlebot3_navigation2:/home/pederba/ros2_ws/install/turtlebot3_fake_node:/home/pederba/ros2_ws/install/turtlebot3_msgs:/home/pederba/ros2_ws/install/turtlebot3_hardware:/home/pederba/ros2_ws/install/turtlebot3_gazebo:/home/pederba/ros2_ws/install/turtlebot3_bringup:/home/pederba/ros2_ws/install/turtlebot3_cartographer:/home/pederba/ros2_ws/install/lab02_interfaces:/home/pederba/ros2_ws/install/dynamixel_sdk_examples:/home/pederba/ros2_ws/install/dynamixel_sdk_custom_interfaces:/home/pederba/ros2_ws/install/dynamixel_sdk:/home/pederba/ros2_ws/install/turtlebot3_teleop:/home/pederba/ros2_ws/install/turtlebot3_example:/home/pederba/ros2_ws/install/py_pubsub:/home/pederba/ros2_ws/install/lab02_pkg:/home/pederba/ros2_ws/install/lab01_pkg:/opt/ros/humble /usr/bin/cmake --install /home/pederba/ros2_ws/build/turtlebot3_bringup
