[1.818s] Invoking command in '/home/pederba/ros2_ws/src/lab03_pkg': PYTHONPATH=/home/pederba/ros2_ws/build/lab03_pkg/prefix_override:/home/pederba/ros2_ws/install/lab03_pkg/lib/python3.10/site-packages:${PYTHONPATH} /usr/bin/python3 setup.py egg_info --egg-base ../../build/lab03_pkg build --build-base /home/pederba/ros2_ws/build/lab03_pkg/build install --record /home/pederba/ros2_ws/build/lab03_pkg/install.log --single-version-externally-managed
[2.322s] running egg_info
[2.351s] writing ../../build/lab03_pkg/lab03_pkg.egg-info/PKG-INFO
[2.352s] writing dependency_links to ../../build/lab03_pkg/lab03_pkg.egg-info/dependency_links.txt
[2.352s] writing entry points to ../../build/lab03_pkg/lab03_pkg.egg-info/entry_points.txt
[2.353s] writing requirements to ../../build/lab03_pkg/lab03_pkg.egg-info/requires.txt
[2.353s] writing top-level names to ../../build/lab03_pkg/lab03_pkg.egg-info/top_level.txt
[2.409s] reading manifest file '../../build/lab03_pkg/lab03_pkg.egg-info/SOURCES.txt'
[2.411s] writing manifest file '../../build/lab03_pkg/lab03_pkg.egg-info/SOURCES.txt'
[2.411s] running build
[2.412s] running build_py
[2.412s] copying lab03_pkg/controller.py -> /home/pederba/ros2_ws/build/lab03_pkg/build/lib/lab03_pkg
[2.412s] running install
[2.412s] /home/pederba/.local/lib/python3.10/site-packages/setuptools/_distutils/cmd.py:66: SetuptoolsDeprecationWarning: setup.py install is deprecated.
[2.413s] !!
[2.413s] 
[2.413s]         ********************************************************************************
[2.413s]         Please avoid running ``setup.py`` directly.
[2.413s]         Instead, use pypa/build, pypa/installer or other
[2.413s]         standards-based tools.
[2.414s] 
[2.414s]         See https://blog.ganssle.io/articles/2021/10/setup-py-deprecated.html for details.
[2.414s]         ********************************************************************************
[2.414s] 
[2.414s] !!
[2.414s]   self.initialize_options()
[2.423s] running install_lib
[2.453s] copying /home/pederba/ros2_ws/build/lab03_pkg/build/lib/lab03_pkg/controller.py -> /home/pederba/ros2_ws/install/lab03_pkg/lib/python3.10/site-packages/lab03_pkg
[2.455s] byte-compiling /home/pederba/ros2_ws/install/lab03_pkg/lib/python3.10/site-packages/lab03_pkg/controller.py to controller.cpython-310.pyc
[2.458s] running install_data
[2.489s] running install_egg_info
[2.524s] removing '/home/pederba/ros2_ws/install/lab03_pkg/lib/python3.10/site-packages/lab03_pkg-0.0.0-py3.10.egg-info' (and everything under it)
[2.524s] Copying ../../build/lab03_pkg/lab03_pkg.egg-info to /home/pederba/ros2_ws/install/lab03_pkg/lib/python3.10/site-packages/lab03_pkg-0.0.0-py3.10.egg-info
[2.527s] running install_scripts
[2.816s] Installing controller script to /home/pederba/ros2_ws/install/lab03_pkg/lib/lab03_pkg
[2.816s] writing list of installed files to '/home/pederba/ros2_ws/build/lab03_pkg/install.log'
[2.885s] Invoked command in '/home/pederba/ros2_ws/src/lab03_pkg' returned '0': PYTHONPATH=/home/pederba/ros2_ws/build/lab03_pkg/prefix_override:/home/pederba/ros2_ws/install/lab03_pkg/lib/python3.10/site-packages:${PYTHONPATH} /usr/bin/python3 setup.py egg_info --egg-base ../../build/lab03_pkg build --build-base /home/pederba/ros2_ws/build/lab03_pkg/build install --record /home/pederba/ros2_ws/build/lab03_pkg/install.log --single-version-externally-managed
