[1.594s] Invoking command in '/home/pederba/ros2_ws/src/lab03_pkg': PYTHONPATH=/home/pederba/ros2_ws/build/lab03_pkg/prefix_override:/home/pederba/ros2_ws/install/lab03_pkg/lib/python3.10/site-packages:${PYTHONPATH} /usr/bin/python3 setup.py egg_info --egg-base ../../build/lab03_pkg build --build-base /home/pederba/ros2_ws/build/lab03_pkg/build install --record /home/pederba/ros2_ws/build/lab03_pkg/install.log --single-version-externally-managed
[1.956s] running egg_info
[1.981s] writing ../../build/lab03_pkg/lab03_pkg.egg-info/PKG-INFO
[1.982s] writing dependency_links to ../../build/lab03_pkg/lab03_pkg.egg-info/dependency_links.txt
[1.982s] writing entry points to ../../build/lab03_pkg/lab03_pkg.egg-info/entry_points.txt
[1.982s] writing requirements to ../../build/lab03_pkg/lab03_pkg.egg-info/requires.txt
[1.982s] writing top-level names to ../../build/lab03_pkg/lab03_pkg.egg-info/top_level.txt
[2.034s] reading manifest file '../../build/lab03_pkg/lab03_pkg.egg-info/SOURCES.txt'
[2.035s] writing manifest file '../../build/lab03_pkg/lab03_pkg.egg-info/SOURCES.txt'
[2.035s] running build
[2.035s] running build_py
[2.036s] running install
[2.036s] /home/pederba/.local/lib/python3.10/site-packages/setuptools/_distutils/cmd.py:66: SetuptoolsDeprecationWarning: setup.py install is deprecated.
[2.036s] !!
[2.037s] 
[2.037s]         ********************************************************************************
[2.037s]         Please avoid running ``setup.py`` directly.
[2.037s]         Instead, use pypa/build, pypa/installer or other
[2.037s]         standards-based tools.
[2.037s] 
[2.037s]         See https://blog.ganssle.io/articles/2021/10/setup-py-deprecated.html for details.
[2.038s]         ********************************************************************************
[2.038s] 
[2.038s] !!
[2.038s]   self.initialize_options()
[2.044s] running install_lib
[2.070s] running install_data
[2.096s] copying config/controller_params.yaml -> /home/pederba/ros2_ws/install/lab03_pkg/share/lab03_pkg/config
[2.096s] running install_egg_info
[2.125s] removing '/home/pederba/ros2_ws/install/lab03_pkg/lib/python3.10/site-packages/lab03_pkg-0.0.0-py3.10.egg-info' (and everything under it)
[2.125s] Copying ../../build/lab03_pkg/lab03_pkg.egg-info to /home/pederba/ros2_ws/install/lab03_pkg/lib/python3.10/site-packages/lab03_pkg-0.0.0-py3.10.egg-info
[2.127s] running install_scripts
[2.378s] Installing controller script to /home/pederba/ros2_ws/install/lab03_pkg/lib/lab03_pkg
[2.378s] writing list of installed files to '/home/pederba/ros2_ws/build/lab03_pkg/install.log'
[2.441s] Invoked command in '/home/pederba/ros2_ws/src/lab03_pkg' returned '0': PYTHONPATH=/home/pederba/ros2_ws/build/lab03_pkg/prefix_override:/home/pederba/ros2_ws/install/lab03_pkg/lib/python3.10/site-packages:${PYTHONPATH} /usr/bin/python3 setup.py egg_info --egg-base ../../build/lab03_pkg build --build-base /home/pederba/ros2_ws/build/lab03_pkg/build install --record /home/pederba/ros2_ws/build/lab03_pkg/install.log --single-version-externally-managed
