[0.667s] Invoking command in '/home/pederba/ros2_ws/build/lab02_interfaces': CMAKE_PREFIX_PATH=${CMAKE_PREFIX_PATH}:/home/pederba/ros2_ws/install/lab02_pkg_test:/home/pederba/ros2_ws/install/turtlebot3_teleop:/home/pederba/ros2_ws/install/turtlebot3_example:/home/pederba/ros2_ws/install/py_pubsub:/home/pederba/ros2_ws/install/lab02_pkg:/home/pederba/ros2_ws/install/lab01_pkg:/opt/ros/humble /usr/bin/cmake --build /home/pederba/ros2_ws/build/lab02_interfaces -- -j8 -l8
[0.868s] [  3%] Built target lab02_interfaces__cpp
[0.893s] [ 12%] Built target lab02_interfaces__rosidl_generator_c
[1.019s] [ 22%] Built target lab02_interfaces__rosidl_typesupport_cpp
[1.035s] [ 22%] Built target ament_cmake_python_copy_lab02_interfaces
[1.122s] [ 32%] Built target lab02_interfaces__rosidl_typesupport_fastrtps_cpp
[1.122s] [ 41%] Built target lab02_interfaces__rosidl_typesupport_introspection_cpp
[1.279s] [ 51%] Built target lab02_interfaces__rosidl_typesupport_introspection_c
[1.311s] [ 61%] Built target lab02_interfaces__rosidl_typesupport_fastrtps_c
[1.318s] [ 70%] Built target lab02_interfaces__rosidl_typesupport_c
[1.444s] [ 70%] Built target lab02_interfaces
[1.554s] [ 74%] Built target lab02_interfaces__py
[1.711s] [ 80%] Built target lab02_interfaces__rosidl_generator_py
[1.864s] [ 87%] Built target lab02_interfaces__rosidl_typesupport_fastrtps_c__pyext
[1.865s] [ 93%] Built target lab02_interfaces__rosidl_typesupport_introspection_c__pyext
[1.889s] [100%] Built target lab02_interfaces__rosidl_typesupport_c__pyext
[2.020s] running egg_info
[2.047s] writing lab02_interfaces.egg-info/PKG-INFO
[2.049s] writing dependency_links to lab02_interfaces.egg-info/dependency_links.txt
[2.050s] writing top-level names to lab02_interfaces.egg-info/top_level.txt
[2.231s] reading manifest file 'lab02_interfaces.egg-info/SOURCES.txt'
[2.234s] writing manifest file 'lab02_interfaces.egg-info/SOURCES.txt'
[2.324s] [100%] Built target ament_cmake_python_build_lab02_interfaces_egg
[3.098s] Invoked command in '/home/pederba/ros2_ws/build/lab02_interfaces' returned '0': CMAKE_PREFIX_PATH=${CMAKE_PREFIX_PATH}:/home/pederba/ros2_ws/install/lab02_pkg_test:/home/pederba/ros2_ws/install/turtlebot3_teleop:/home/pederba/ros2_ws/install/turtlebot3_example:/home/pederba/ros2_ws/install/py_pubsub:/home/pederba/ros2_ws/install/lab02_pkg:/home/pederba/ros2_ws/install/lab01_pkg:/opt/ros/humble /usr/bin/cmake --build /home/pederba/ros2_ws/build/lab02_interfaces -- -j8 -l8
[4.875s] Invoking command in '/home/pederba/ros2_ws/build/lab02_interfaces': CMAKE_PREFIX_PATH=${CMAKE_PREFIX_PATH}:/home/pederba/ros2_ws/install/lab02_pkg_test:/home/pederba/ros2_ws/install/turtlebot3_teleop:/home/pederba/ros2_ws/install/turtlebot3_example:/home/pederba/ros2_ws/install/py_pubsub:/home/pederba/ros2_ws/install/lab02_pkg:/home/pederba/ros2_ws/install/lab01_pkg:/opt/ros/humble /usr/bin/cmake --install /home/pederba/ros2_ws/build/lab02_interfaces
[4.897s] -- Install configuration: ""
[4.899s] -- Up-to-date: /home/pederba/ros2_ws/install/lab02_interfaces/share/ament_index/resource_index/rosidl_interfaces/lab02_interfaces
[4.902s] -- Up-to-date: /home/pederba/ros2_ws/install/lab02_interfaces/include/lab02_interfaces/lab02_interfaces
[4.904s] -- Up-to-date: /home/pederba/ros2_ws/install/lab02_interfaces/include/lab02_interfaces/lab02_interfaces/srv
[4.905s] -- Up-to-date: /home/pederba/ros2_ws/install/lab02_interfaces/include/lab02_interfaces/lab02_interfaces/srv/cmd_move.h
[4.907s] -- Up-to-date: /home/pederba/ros2_ws/install/lab02_interfaces/include/lab02_interfaces/lab02_interfaces/srv/get_trajectory.h
[4.909s] -- Up-to-date: /home/pederba/ros2_ws/install/lab02_interfaces/include/lab02_interfaces/lab02_interfaces/srv/compute_trajectory.h
[4.910s] -- Up-to-date: /home/pederba/ros2_ws/install/lab02_interfaces/include/lab02_interfaces/lab02_interfaces/srv/detail
[4.911s] -- Up-to-date: /home/pederba/ros2_ws/install/lab02_interfaces/include/lab02_interfaces/lab02_interfaces/srv/detail/cmd_move__functions.c
[4.913s] -- Up-to-date: /home/pederba/ros2_ws/install/lab02_interfaces/include/lab02_interfaces/lab02_interfaces/srv/detail/compute_trajectory__type_support.h
[4.914s] -- Up-to-date: /home/pederba/ros2_ws/install/lab02_interfaces/include/lab02_interfaces/lab02_interfaces/srv/detail/get_trajectory__struct.h
[4.915s] -- Up-to-date: /home/pederba/ros2_ws/install/lab02_interfaces/include/lab02_interfaces/lab02_interfaces/srv/detail/compute_trajectory__struct.h
[4.916s] -- Up-to-date: /home/pederba/ros2_ws/install/lab02_interfaces/include/lab02_interfaces/lab02_interfaces/srv/detail/cmd_move__functions.h
[4.917s] -- Up-to-date: /home/pederba/ros2_ws/install/lab02_interfaces/include/lab02_interfaces/lab02_interfaces/srv/detail/compute_trajectory__functions.h
[4.918s] -- Up-to-date: /home/pederba/ros2_ws/install/lab02_interfaces/include/lab02_interfaces/lab02_interfaces/srv/detail/get_trajectory__functions.h
[4.918s] -- Up-to-date: /home/pederba/ros2_ws/install/lab02_interfaces/include/lab02_interfaces/lab02_interfaces/srv/detail/compute_trajectory__functions.c
[4.919s] -- Up-to-date: /home/pederba/ros2_ws/install/lab02_interfaces/include/lab02_interfaces/lab02_interfaces/srv/detail/cmd_move__struct.h
[4.920s] -- Up-to-date: /home/pederba/ros2_ws/install/lab02_interfaces/include/lab02_interfaces/lab02_interfaces/srv/detail/get_trajectory__type_support.h
[4.921s] -- Up-to-date: /home/pederba/ros2_ws/install/lab02_interfaces/include/lab02_interfaces/lab02_interfaces/srv/detail/cmd_move__type_support.h
[4.921s] -- Up-to-date: /home/pederba/ros2_ws/install/lab02_interfaces/include/lab02_interfaces/lab02_interfaces/srv/detail/get_trajectory__functions.c
[4.922s] -- Up-to-date: /home/pederba/ros2_ws/install/lab02_interfaces/include/lab02_interfaces/lab02_interfaces/msg
[4.922s] -- Up-to-date: /home/pederba/ros2_ws/install/lab02_interfaces/include/lab02_interfaces/lab02_interfaces/msg/rosidl_generator_c__visibility_control.h
[4.923s] -- Up-to-date: /home/pederba/ros2_ws/install/lab02_interfaces/share/lab02_interfaces/environment/library_path.sh
[4.923s] -- Up-to-date: /home/pederba/ros2_ws/install/lab02_interfaces/share/lab02_interfaces/environment/library_path.dsv
[4.924s] -- Up-to-date: /home/pederba/ros2_ws/install/lab02_interfaces/lib/liblab02_interfaces__rosidl_generator_c.so
[4.924s] -- Up-to-date: /home/pederba/ros2_ws/install/lab02_interfaces/include/lab02_interfaces/lab02_interfaces
[4.925s] -- Up-to-date: /home/pederba/ros2_ws/install/lab02_interfaces/include/lab02_interfaces/lab02_interfaces/srv
[4.925s] -- Up-to-date: /home/pederba/ros2_ws/install/lab02_interfaces/include/lab02_interfaces/lab02_interfaces/srv/detail
[4.925s] -- Up-to-date: /home/pederba/ros2_ws/install/lab02_interfaces/include/lab02_interfaces/lab02_interfaces/srv/detail/get_trajectory__rosidl_typesupport_fastrtps_c.h
[4.926s] -- Up-to-date: /home/pederba/ros2_ws/install/lab02_interfaces/include/lab02_interfaces/lab02_interfaces/srv/detail/cmd_move__rosidl_typesupport_fastrtps_c.h
[4.926s] -- Up-to-date: /home/pederba/ros2_ws/install/lab02_interfaces/include/lab02_interfaces/lab02_interfaces/srv/detail/compute_trajectory__rosidl_typesupport_fastrtps_c.h
[4.926s] -- Up-to-date: /home/pederba/ros2_ws/install/lab02_interfaces/include/lab02_interfaces/lab02_interfaces/msg
[4.926s] -- Up-to-date: /home/pederba/ros2_ws/install/lab02_interfaces/include/lab02_interfaces/lab02_interfaces/msg/rosidl_typesupport_fastrtps_c__visibility_control.h
[4.926s] -- Up-to-date: /home/pederba/ros2_ws/install/lab02_interfaces/lib/liblab02_interfaces__rosidl_typesupport_fastrtps_c.so
[4.926s] -- Up-to-date: /home/pederba/ros2_ws/install/lab02_interfaces/include/lab02_interfaces/lab02_interfaces
[4.927s] -- Up-to-date: /home/pederba/ros2_ws/install/lab02_interfaces/include/lab02_interfaces/lab02_interfaces/srv
[4.927s] -- Up-to-date: /home/pederba/ros2_ws/install/lab02_interfaces/include/lab02_interfaces/lab02_interfaces/srv/get_trajectory.hpp
[4.927s] -- Up-to-date: /home/pederba/ros2_ws/install/lab02_interfaces/include/lab02_interfaces/lab02_interfaces/srv/cmd_move.hpp
[4.927s] -- Up-to-date: /home/pederba/ros2_ws/install/lab02_interfaces/include/lab02_interfaces/lab02_interfaces/srv/compute_trajectory.hpp
[4.930s] -- Up-to-date: /home/pederba/ros2_ws/install/lab02_interfaces/include/lab02_interfaces/lab02_interfaces/srv/detail
[4.931s] -- Up-to-date: /home/pederba/ros2_ws/install/lab02_interfaces/include/lab02_interfaces/lab02_interfaces/srv/detail/cmd_move__builder.hpp
[4.931s] -- Up-to-date: /home/pederba/ros2_ws/install/lab02_interfaces/include/lab02_interfaces/lab02_interfaces/srv/detail/compute_trajectory__traits.hpp
[4.931s] -- Up-to-date: /home/pederba/ros2_ws/install/lab02_interfaces/include/lab02_interfaces/lab02_interfaces/srv/detail/compute_trajectory__struct.hpp
[4.931s] -- Up-to-date: /home/pederba/ros2_ws/install/lab02_interfaces/include/lab02_interfaces/lab02_interfaces/srv/detail/get_trajectory__struct.hpp
[4.931s] -- Up-to-date: /home/pederba/ros2_ws/install/lab02_interfaces/include/lab02_interfaces/lab02_interfaces/srv/detail/get_trajectory__builder.hpp
[4.931s] -- Up-to-date: /home/pederba/ros2_ws/install/lab02_interfaces/include/lab02_interfaces/lab02_interfaces/srv/detail/get_trajectory__traits.hpp
[4.932s] -- Up-to-date: /home/pederba/ros2_ws/install/lab02_interfaces/include/lab02_interfaces/lab02_interfaces/srv/detail/cmd_move__struct.hpp
[4.932s] -- Up-to-date: /home/pederba/ros2_ws/install/lab02_interfaces/include/lab02_interfaces/lab02_interfaces/srv/detail/cmd_move__traits.hpp
[4.932s] -- Up-to-date: /home/pederba/ros2_ws/install/lab02_interfaces/include/lab02_interfaces/lab02_interfaces/srv/detail/compute_trajectory__builder.hpp
[4.932s] -- Up-to-date: /home/pederba/ros2_ws/install/lab02_interfaces/include/lab02_interfaces/lab02_interfaces
[4.932s] -- Up-to-date: /home/pederba/ros2_ws/install/lab02_interfaces/include/lab02_interfaces/lab02_interfaces/srv
[4.933s] -- Up-to-date: /home/pederba/ros2_ws/install/lab02_interfaces/include/lab02_interfaces/lab02_interfaces/srv/detail
[4.933s] -- Up-to-date: /home/pederba/ros2_ws/install/lab02_interfaces/include/lab02_interfaces/lab02_interfaces/srv/detail/dds_fastrtps
[4.935s] -- Up-to-date: /home/pederba/ros2_ws/install/lab02_interfaces/include/lab02_interfaces/lab02_interfaces/srv/detail/cmd_move__rosidl_typesupport_fastrtps_cpp.hpp
[4.935s] -- Up-to-date: /home/pederba/ros2_ws/install/lab02_interfaces/include/lab02_interfaces/lab02_interfaces/srv/detail/get_trajectory__rosidl_typesupport_fastrtps_cpp.hpp
[4.935s] -- Up-to-date: /home/pederba/ros2_ws/install/lab02_interfaces/include/lab02_interfaces/lab02_interfaces/srv/detail/compute_trajectory__rosidl_typesupport_fastrtps_cpp.hpp
[4.935s] -- Up-to-date: /home/pederba/ros2_ws/install/lab02_interfaces/include/lab02_interfaces/lab02_interfaces/msg
[4.936s] -- Up-to-date: /home/pederba/ros2_ws/install/lab02_interfaces/include/lab02_interfaces/lab02_interfaces/msg/rosidl_typesupport_fastrtps_cpp__visibility_control.h
[4.936s] -- Up-to-date: /home/pederba/ros2_ws/install/lab02_interfaces/lib/liblab02_interfaces__rosidl_typesupport_fastrtps_cpp.so
[4.936s] -- Up-to-date: /home/pederba/ros2_ws/install/lab02_interfaces/include/lab02_interfaces/lab02_interfaces
[4.939s] -- Up-to-date: /home/pederba/ros2_ws/install/lab02_interfaces/include/lab02_interfaces/lab02_interfaces/srv
[4.939s] -- Up-to-date: /home/pederba/ros2_ws/install/lab02_interfaces/include/lab02_interfaces/lab02_interfaces/srv/detail
[4.939s] -- Up-to-date: /home/pederba/ros2_ws/install/lab02_interfaces/include/lab02_interfaces/lab02_interfaces/srv/detail/compute_trajectory__type_support.c
[4.939s] -- Up-to-date: /home/pederba/ros2_ws/install/lab02_interfaces/include/lab02_interfaces/lab02_interfaces/srv/detail/cmd_move__type_support.c
[4.940s] -- Up-to-date: /home/pederba/ros2_ws/install/lab02_interfaces/include/lab02_interfaces/lab02_interfaces/srv/detail/cmd_move__rosidl_typesupport_introspection_c.h
[4.940s] -- Up-to-date: /home/pederba/ros2_ws/install/lab02_interfaces/include/lab02_interfaces/lab02_interfaces/srv/detail/get_trajectory__rosidl_typesupport_introspection_c.h
[4.940s] -- Up-to-date: /home/pederba/ros2_ws/install/lab02_interfaces/include/lab02_interfaces/lab02_interfaces/srv/detail/get_trajectory__type_support.c
[4.940s] -- Up-to-date: /home/pederba/ros2_ws/install/lab02_interfaces/include/lab02_interfaces/lab02_interfaces/srv/detail/compute_trajectory__rosidl_typesupport_introspection_c.h
[4.940s] -- Up-to-date: /home/pederba/ros2_ws/install/lab02_interfaces/include/lab02_interfaces/lab02_interfaces/msg
[4.941s] -- Up-to-date: /home/pederba/ros2_ws/install/lab02_interfaces/include/lab02_interfaces/lab02_interfaces/msg/rosidl_typesupport_introspection_c__visibility_control.h
[4.961s] -- Up-to-date: /home/pederba/ros2_ws/install/lab02_interfaces/lib/liblab02_interfaces__rosidl_typesupport_introspection_c.so
[4.962s] -- Up-to-date: /home/pederba/ros2_ws/install/lab02_interfaces/lib/liblab02_interfaces__rosidl_typesupport_c.so
[4.964s] -- Up-to-date: /home/pederba/ros2_ws/install/lab02_interfaces/include/lab02_interfaces/lab02_interfaces
[4.965s] -- Up-to-date: /home/pederba/ros2_ws/install/lab02_interfaces/include/lab02_interfaces/lab02_interfaces/srv
[4.965s] -- Up-to-date: /home/pederba/ros2_ws/install/lab02_interfaces/include/lab02_interfaces/lab02_interfaces/srv/detail
[4.965s] -- Up-to-date: /home/pederba/ros2_ws/install/lab02_interfaces/include/lab02_interfaces/lab02_interfaces/srv/detail/get_trajectory__rosidl_typesupport_introspection_cpp.hpp
[4.965s] -- Up-to-date: /home/pederba/ros2_ws/install/lab02_interfaces/include/lab02_interfaces/lab02_interfaces/srv/detail/get_trajectory__type_support.cpp
[4.965s] -- Up-to-date: /home/pederba/ros2_ws/install/lab02_interfaces/include/lab02_interfaces/lab02_interfaces/srv/detail/cmd_move__type_support.cpp
[4.966s] -- Up-to-date: /home/pederba/ros2_ws/install/lab02_interfaces/include/lab02_interfaces/lab02_interfaces/srv/detail/cmd_move__rosidl_typesupport_introspection_cpp.hpp
[4.966s] -- Up-to-date: /home/pederba/ros2_ws/install/lab02_interfaces/include/lab02_interfaces/lab02_interfaces/srv/detail/compute_trajectory__rosidl_typesupport_introspection_cpp.hpp
[4.966s] -- Up-to-date: /home/pederba/ros2_ws/install/lab02_interfaces/include/lab02_interfaces/lab02_interfaces/srv/detail/compute_trajectory__type_support.cpp
[4.967s] -- Up-to-date: /home/pederba/ros2_ws/install/lab02_interfaces/lib/liblab02_interfaces__rosidl_typesupport_introspection_cpp.so
[4.968s] -- Up-to-date: /home/pederba/ros2_ws/install/lab02_interfaces/lib/liblab02_interfaces__rosidl_typesupport_cpp.so
[4.968s] -- Up-to-date: /home/pederba/ros2_ws/install/lab02_interfaces/share/lab02_interfaces/environment/pythonpath.sh
[4.968s] -- Up-to-date: /home/pederba/ros2_ws/install/lab02_interfaces/share/lab02_interfaces/environment/pythonpath.dsv
[4.969s] -- Up-to-date: /home/pederba/ros2_ws/install/lab02_interfaces/local/lib/python3.10/dist-packages/lab02_interfaces-0.0.0-py3.10.egg-info
[4.969s] -- Installing: /home/pederba/ros2_ws/install/lab02_interfaces/local/lib/python3.10/dist-packages/lab02_interfaces-0.0.0-py3.10.egg-info/dependency_links.txt
[4.969s] -- Installing: /home/pederba/ros2_ws/install/lab02_interfaces/local/lib/python3.10/dist-packages/lab02_interfaces-0.0.0-py3.10.egg-info/SOURCES.txt
[4.970s] -- Installing: /home/pederba/ros2_ws/install/lab02_interfaces/local/lib/python3.10/dist-packages/lab02_interfaces-0.0.0-py3.10.egg-info/PKG-INFO
[4.970s] -- Installing: /home/pederba/ros2_ws/install/lab02_interfaces/local/lib/python3.10/dist-packages/lab02_interfaces-0.0.0-py3.10.egg-info/top_level.txt
[4.971s] -- Up-to-date: /home/pederba/ros2_ws/install/lab02_interfaces/local/lib/python3.10/dist-packages/lab02_interfaces
[4.971s] -- Up-to-date: /home/pederba/ros2_ws/install/lab02_interfaces/local/lib/python3.10/dist-packages/lab02_interfaces/lab02_interfaces_s__rosidl_typesupport_introspection_c.cpython-310-x86_64-linux-gnu.so
[4.971s] -- Up-to-date: /home/pederba/ros2_ws/install/lab02_interfaces/local/lib/python3.10/dist-packages/lab02_interfaces/_lab02_interfaces_s.ep.rosidl_typesupport_fastrtps_c.c
[4.971s] -- Up-to-date: /home/pederba/ros2_ws/install/lab02_interfaces/local/lib/python3.10/dist-packages/lab02_interfaces/liblab02_interfaces__rosidl_generator_py.so
[4.971s] -- Up-to-date: /home/pederba/ros2_ws/install/lab02_interfaces/local/lib/python3.10/dist-packages/lab02_interfaces/lab02_interfaces_s__rosidl_typesupport_c.cpython-310-x86_64-linux-gnu.so
[4.972s] -- Up-to-date: /home/pederba/ros2_ws/install/lab02_interfaces/local/lib/python3.10/dist-packages/lab02_interfaces/lab02_interfaces_s__rosidl_typesupport_fastrtps_c.cpython-310-x86_64-linux-gnu.so
[4.972s] -- Up-to-date: /home/pederba/ros2_ws/install/lab02_interfaces/local/lib/python3.10/dist-packages/lab02_interfaces/srv
[4.972s] -- Up-to-date: /home/pederba/ros2_ws/install/lab02_interfaces/local/lib/python3.10/dist-packages/lab02_interfaces/srv/_compute_trajectory_s.c
[4.972s] -- Up-to-date: /home/pederba/ros2_ws/install/lab02_interfaces/local/lib/python3.10/dist-packages/lab02_interfaces/srv/_get_trajectory.py
[4.972s] -- Up-to-date: /home/pederba/ros2_ws/install/lab02_interfaces/local/lib/python3.10/dist-packages/lab02_interfaces/srv/_cmd_move_s.c
[4.972s] -- Up-to-date: /home/pederba/ros2_ws/install/lab02_interfaces/local/lib/python3.10/dist-packages/lab02_interfaces/srv/_get_trajectory_s.c
[4.972s] -- Up-to-date: /home/pederba/ros2_ws/install/lab02_interfaces/local/lib/python3.10/dist-packages/lab02_interfaces/srv/_cmd_move.py
[4.994s] -- Up-to-date: /home/pederba/ros2_ws/install/lab02_interfaces/local/lib/python3.10/dist-packages/lab02_interfaces/srv/_compute_trajectory.py
[4.998s] -- Up-to-date: /home/pederba/ros2_ws/install/lab02_interfaces/local/lib/python3.10/dist-packages/lab02_interfaces/srv/__init__.py
[4.998s] -- Up-to-date: /home/pederba/ros2_ws/install/lab02_interfaces/local/lib/python3.10/dist-packages/lab02_interfaces/_lab02_interfaces_s.ep.rosidl_typesupport_introspection_c.c
[4.999s] -- Up-to-date: /home/pederba/ros2_ws/install/lab02_interfaces/local/lib/python3.10/dist-packages/lab02_interfaces/__init__.py
[5.001s] -- Up-to-date: /home/pederba/ros2_ws/install/lab02_interfaces/local/lib/python3.10/dist-packages/lab02_interfaces/_lab02_interfaces_s.ep.rosidl_typesupport_c.c
[5.107s] Listing '/home/pederba/ros2_ws/install/lab02_interfaces/local/lib/python3.10/dist-packages/lab02_interfaces'...
[5.107s] Listing '/home/pederba/ros2_ws/install/lab02_interfaces/local/lib/python3.10/dist-packages/lab02_interfaces/srv'...
[5.127s] -- Up-to-date: /home/pederba/ros2_ws/install/lab02_interfaces/local/lib/python3.10/dist-packages/lab02_interfaces/lab02_interfaces_s__rosidl_typesupport_fastrtps_c.cpython-310-x86_64-linux-gnu.so
[5.127s] -- Up-to-date: /home/pederba/ros2_ws/install/lab02_interfaces/local/lib/python3.10/dist-packages/lab02_interfaces/lab02_interfaces_s__rosidl_typesupport_introspection_c.cpython-310-x86_64-linux-gnu.so
[5.127s] -- Up-to-date: /home/pederba/ros2_ws/install/lab02_interfaces/local/lib/python3.10/dist-packages/lab02_interfaces/lab02_interfaces_s__rosidl_typesupport_c.cpython-310-x86_64-linux-gnu.so
[5.127s] -- Up-to-date: /home/pederba/ros2_ws/install/lab02_interfaces/lib/liblab02_interfaces__rosidl_generator_py.so
[5.127s] -- Up-to-date: /home/pederba/ros2_ws/install/lab02_interfaces/share/lab02_interfaces/srv/GetTrajectory.idl
[5.128s] -- Up-to-date: /home/pederba/ros2_ws/install/lab02_interfaces/share/lab02_interfaces/srv/GetTrajectory.srv
[5.128s] -- Up-to-date: /home/pederba/ros2_ws/install/lab02_interfaces/share/lab02_interfaces/srv/GetTrajectory_Request.msg
[5.128s] -- Up-to-date: /home/pederba/ros2_ws/install/lab02_interfaces/share/lab02_interfaces/srv/GetTrajectory_Response.msg
[5.128s] -- Up-to-date: /home/pederba/ros2_ws/install/lab02_interfaces/share/ament_index/resource_index/package_run_dependencies/lab02_interfaces
[5.128s] -- Up-to-date: /home/pederba/ros2_ws/install/lab02_interfaces/share/ament_index/resource_index/parent_prefix_path/lab02_interfaces
[5.129s] -- Up-to-date: /home/pederba/ros2_ws/install/lab02_interfaces/share/lab02_interfaces/environment/ament_prefix_path.sh
[5.129s] -- Up-to-date: /home/pederba/ros2_ws/install/lab02_interfaces/share/lab02_interfaces/environment/ament_prefix_path.dsv
[5.129s] -- Up-to-date: /home/pederba/ros2_ws/install/lab02_interfaces/share/lab02_interfaces/environment/path.sh
[5.129s] -- Up-to-date: /home/pederba/ros2_ws/install/lab02_interfaces/share/lab02_interfaces/environment/path.dsv
[5.129s] -- Up-to-date: /home/pederba/ros2_ws/install/lab02_interfaces/share/lab02_interfaces/local_setup.bash
[5.130s] -- Up-to-date: /home/pederba/ros2_ws/install/lab02_interfaces/share/lab02_interfaces/local_setup.sh
[5.130s] -- Up-to-date: /home/pederba/ros2_ws/install/lab02_interfaces/share/lab02_interfaces/local_setup.zsh
[5.130s] -- Up-to-date: /home/pederba/ros2_ws/install/lab02_interfaces/share/lab02_interfaces/local_setup.dsv
[5.130s] -- Installing: /home/pederba/ros2_ws/install/lab02_interfaces/share/lab02_interfaces/package.dsv
[5.130s] -- Up-to-date: /home/pederba/ros2_ws/install/lab02_interfaces/share/ament_index/resource_index/packages/lab02_interfaces
[5.131s] -- Up-to-date: /home/pederba/ros2_ws/install/lab02_interfaces/share/lab02_interfaces/cmake/export_lab02_interfaces__rosidl_generator_cExport.cmake
[5.131s] -- Up-to-date: /home/pederba/ros2_ws/install/lab02_interfaces/share/lab02_interfaces/cmake/export_lab02_interfaces__rosidl_generator_cExport-noconfig.cmake
[5.131s] -- Up-to-date: /home/pederba/ros2_ws/install/lab02_interfaces/share/lab02_interfaces/cmake/export_lab02_interfaces__rosidl_typesupport_fastrtps_cExport.cmake
[5.131s] -- Up-to-date: /home/pederba/ros2_ws/install/lab02_interfaces/share/lab02_interfaces/cmake/export_lab02_interfaces__rosidl_typesupport_fastrtps_cExport-noconfig.cmake
[5.131s] -- Up-to-date: /home/pederba/ros2_ws/install/lab02_interfaces/share/lab02_interfaces/cmake/export_lab02_interfaces__rosidl_generator_cppExport.cmake
[5.131s] -- Up-to-date: /home/pederba/ros2_ws/install/lab02_interfaces/share/lab02_interfaces/cmake/export_lab02_interfaces__rosidl_typesupport_fastrtps_cppExport.cmake
[5.132s] -- Up-to-date: /home/pederba/ros2_ws/install/lab02_interfaces/share/lab02_interfaces/cmake/export_lab02_interfaces__rosidl_typesupport_fastrtps_cppExport-noconfig.cmake
[5.132s] -- Up-to-date: /home/pederba/ros2_ws/install/lab02_interfaces/share/lab02_interfaces/cmake/lab02_interfaces__rosidl_typesupport_introspection_cExport.cmake
[5.132s] -- Up-to-date: /home/pederba/ros2_ws/install/lab02_interfaces/share/lab02_interfaces/cmake/lab02_interfaces__rosidl_typesupport_introspection_cExport-noconfig.cmake
[5.132s] -- Up-to-date: /home/pederba/ros2_ws/install/lab02_interfaces/share/lab02_interfaces/cmake/lab02_interfaces__rosidl_typesupport_cExport.cmake
[5.132s] -- Up-to-date: /home/pederba/ros2_ws/install/lab02_interfaces/share/lab02_interfaces/cmake/lab02_interfaces__rosidl_typesupport_cExport-noconfig.cmake
[5.133s] -- Up-to-date: /home/pederba/ros2_ws/install/lab02_interfaces/share/lab02_interfaces/cmake/lab02_interfaces__rosidl_typesupport_introspection_cppExport.cmake
[5.133s] -- Up-to-date: /home/pederba/ros2_ws/install/lab02_interfaces/share/lab02_interfaces/cmake/lab02_interfaces__rosidl_typesupport_introspection_cppExport-noconfig.cmake
[5.133s] -- Up-to-date: /home/pederba/ros2_ws/install/lab02_interfaces/share/lab02_interfaces/cmake/lab02_interfaces__rosidl_typesupport_cppExport.cmake
[5.134s] -- Up-to-date: /home/pederba/ros2_ws/install/lab02_interfaces/share/lab02_interfaces/cmake/lab02_interfaces__rosidl_typesupport_cppExport-noconfig.cmake
[5.134s] -- Up-to-date: /home/pederba/ros2_ws/install/lab02_interfaces/share/lab02_interfaces/cmake/export_lab02_interfaces__rosidl_generator_pyExport.cmake
[5.134s] -- Up-to-date: /home/pederba/ros2_ws/install/lab02_interfaces/share/lab02_interfaces/cmake/export_lab02_interfaces__rosidl_generator_pyExport-noconfig.cmake
[5.135s] -- Up-to-date: /home/pederba/ros2_ws/install/lab02_interfaces/share/lab02_interfaces/cmake/rosidl_cmake-extras.cmake
[5.135s] -- Up-to-date: /home/pederba/ros2_ws/install/lab02_interfaces/share/lab02_interfaces/cmake/ament_cmake_export_include_directories-extras.cmake
[5.135s] -- Up-to-date: /home/pederba/ros2_ws/install/lab02_interfaces/share/lab02_interfaces/cmake/ament_cmake_export_libraries-extras.cmake
[5.135s] -- Up-to-date: /home/pederba/ros2_ws/install/lab02_interfaces/share/lab02_interfaces/cmake/ament_cmake_export_targets-extras.cmake
[5.135s] -- Up-to-date: /home/pederba/ros2_ws/install/lab02_interfaces/share/lab02_interfaces/cmake/rosidl_cmake_export_typesupport_targets-extras.cmake
[5.136s] -- Up-to-date: /home/pederba/ros2_ws/install/lab02_interfaces/share/lab02_interfaces/cmake/ament_cmake_export_dependencies-extras.cmake
[5.136s] -- Up-to-date: /home/pederba/ros2_ws/install/lab02_interfaces/share/lab02_interfaces/cmake/rosidl_cmake_export_typesupport_libraries-extras.cmake
[5.136s] -- Up-to-date: /home/pederba/ros2_ws/install/lab02_interfaces/share/lab02_interfaces/cmake/lab02_interfacesConfig.cmake
[5.136s] -- Up-to-date: /home/pederba/ros2_ws/install/lab02_interfaces/share/lab02_interfaces/cmake/lab02_interfacesConfig-version.cmake
[5.136s] -- Up-to-date: /home/pederba/ros2_ws/install/lab02_interfaces/share/lab02_interfaces/package.xml
[6.184s] Invoked command in '/home/pederba/ros2_ws/build/lab02_interfaces' returned '0': CMAKE_PREFIX_PATH=${CMAKE_PREFIX_PATH}:/home/pederba/ros2_ws/install/lab02_pkg_test:/home/pederba/ros2_ws/install/turtlebot3_teleop:/home/pederba/ros2_ws/install/turtlebot3_example:/home/pederba/ros2_ws/install/py_pubsub:/home/pederba/ros2_ws/install/lab02_pkg:/home/pederba/ros2_ws/install/lab01_pkg:/opt/ros/humble /usr/bin/cmake --install /home/pederba/ros2_ws/build/lab02_interfaces
