[2.360s] Invoking command in '/home/pederba/ros2_ws/src/lab03_pkg': PYTHONPATH=/home/pederba/ros2_ws/build/lab03_pkg/prefix_override:/home/pederba/ros2_ws/install/lab03_pkg/lib/python3.10/site-packages:${PYTHONPATH} /usr/bin/python3 setup.py egg_info --egg-base ../../build/lab03_pkg build --build-base /home/pederba/ros2_ws/build/lab03_pkg/build install --record /home/pederba/ros2_ws/build/lab03_pkg/install.log --single-version-externally-managed
[2.900s] running egg_info
[2.937s] writing ../../build/lab03_pkg/lab03_pkg.egg-info/PKG-INFO
[2.938s] writing dependency_links to ../../build/lab03_pkg/lab03_pkg.egg-info/dependency_links.txt
[2.939s] writing entry points to ../../build/lab03_pkg/lab03_pkg.egg-info/entry_points.txt
[2.939s] writing requirements to ../../build/lab03_pkg/lab03_pkg.egg-info/requires.txt
[2.940s] writing top-level names to ../../build/lab03_pkg/lab03_pkg.egg-info/top_level.txt
[3.016s] reading manifest file '../../build/lab03_pkg/lab03_pkg.egg-info/SOURCES.txt'
[3.018s] writing manifest file '../../build/lab03_pkg/lab03_pkg.egg-info/SOURCES.txt'
[3.019s] running build
[3.019s] running build_py
[3.019s] copying lab03_pkg/controller.py -> /home/pederba/ros2_ws/build/lab03_pkg/build/lib/lab03_pkg
[3.020s] running install
[3.021s] /home/pederba/.local/lib/python3.10/site-packages/setuptools/_distutils/cmd.py:66: SetuptoolsDeprecationWarning: setup.py install is deprecated.
[3.021s] !!
[3.021s] 
[3.022s]         ********************************************************************************
[3.022s]         Please avoid running ``setup.py`` directly.
[3.022s]         Instead, use pypa/build, pypa/installer or other
[3.022s]         standards-based tools.
[3.022s] 
[3.022s]         See https://blog.ganssle.io/articles/2021/10/setup-py-deprecated.html for details.
[3.022s]         ********************************************************************************
[3.023s] 
[3.023s] !!
[3.023s]   self.initialize_options()
[3.035s] running install_lib
[3.074s] copying /home/pederba/ros2_ws/build/lab03_pkg/build/lib/lab03_pkg/controller.py -> /home/pederba/ros2_ws/install/lab03_pkg/lib/python3.10/site-packages/lab03_pkg
[3.077s] byte-compiling /home/pederba/ros2_ws/install/lab03_pkg/lib/python3.10/site-packages/lab03_pkg/controller.py to controller.cpython-310.pyc
[3.080s]   File "/home/pederba/ros2_ws/install/lab03_pkg/lib/python3.10/site-packages/lab03_pkg/controller.py", line 155
[3.080s]     self.goal_heading = (-60 - np.mean(midpoints)) * np.pi/180 + self.pose[2] + 
[3.081s]                                                                                 ^
[3.081s] SyntaxError: invalid syntax
[3.081s] 
[3.081s] running install_data
[3.119s] running install_egg_info
[3.161s] removing '/home/pederba/ros2_ws/install/lab03_pkg/lib/python3.10/site-packages/lab03_pkg-0.0.0-py3.10.egg-info' (and everything under it)
[3.162s] Copying ../../build/lab03_pkg/lab03_pkg.egg-info to /home/pederba/ros2_ws/install/lab03_pkg/lib/python3.10/site-packages/lab03_pkg-0.0.0-py3.10.egg-info
[3.164s] running install_scripts
[3.519s] Installing controller script to /home/pederba/ros2_ws/install/lab03_pkg/lib/lab03_pkg
[3.520s] writing list of installed files to '/home/pederba/ros2_ws/build/lab03_pkg/install.log'
[3.602s] Invoked command in '/home/pederba/ros2_ws/src/lab03_pkg' returned '0': PYTHONPATH=/home/pederba/ros2_ws/build/lab03_pkg/prefix_override:/home/pederba/ros2_ws/install/lab03_pkg/lib/python3.10/site-packages:${PYTHONPATH} /usr/bin/python3 setup.py egg_info --egg-base ../../build/lab03_pkg build --build-base /home/pederba/ros2_ws/build/lab03_pkg/build install --record /home/pederba/ros2_ws/build/lab03_pkg/install.log --single-version-externally-managed
