[1.314s] Invoking command in '/home/pederba/ros2_ws/build/turtlesim': CMAKE_PREFIX_PATH=${CMAKE_PREFIX_PATH}:/home/pederba/ros2_ws/install/lab02_pkg_test:/home/pederba/ros2_ws/install/turtlebot3_teleop:/home/pederba/ros2_ws/install/turtlebot3_example:/home/pederba/ros2_ws/install/py_pubsub:/home/pederba/ros2_ws/install/lab03_pkg:/home/pederba/ros2_ws/install/lab01_pkg:/opt/ros/humble /usr/bin/cmake --build /home/pederba/ros2_ws/build/turtlesim -- -j8 -l8
[1.580s] [  1%] Built target turtlesim__cpp
[1.581s] [ 11%] Built target turtlesim__rosidl_generator_c
[1.581s] [ 21%] Built target turtlesim__rosidl_typesupport_fastrtps_cpp
[1.581s] [ 21%] Built target ament_cmake_python_copy_turtlesim
[1.581s] [ 31%] Built target turtlesim__rosidl_typesupport_introspection_cpp
[1.581s] [ 41%] Built target turtlesim__rosidl_typesupport_fastrtps_c
[1.581s] [ 51%] Built target turtlesim__rosidl_typesupport_cpp
[1.581s] [ 61%] Built target turtlesim__rosidl_typesupport_introspection_c
[1.582s] [ 71%] Built target turtlesim__rosidl_typesupport_c
[1.653s] [ 73%] Built target mimic
[1.691s] [ 79%] Built target turtlesim_node
[1.692s] [ 79%] Built target turtlesim
[1.712s] [ 81%] Built target draw_square
[1.713s] [ 83%] Built target turtle_teleop_key
[1.755s] [ 84%] Built target turtlesim__py
[1.814s] [ 93%] Built target turtlesim__rosidl_generator_py
[1.878s] [ 95%] Built target turtlesim__rosidl_typesupport_fastrtps_c__pyext
[1.880s] [ 97%] Built target turtlesim__rosidl_typesupport_introspection_c__pyext
[1.885s] [100%] Built target turtlesim__rosidl_typesupport_c__pyext
[2.101s] running egg_info
[2.112s] writing turtlesim.egg-info/PKG-INFO
[2.112s] writing dependency_links to turtlesim.egg-info/dependency_links.txt
[2.113s] writing top-level names to turtlesim.egg-info/top_level.txt
[2.213s] reading manifest file 'turtlesim.egg-info/SOURCES.txt'
[2.216s] writing manifest file 'turtlesim.egg-info/SOURCES.txt'
[2.282s] [100%] Built target ament_cmake_python_build_turtlesim_egg
[3.001s] Invoked command in '/home/pederba/ros2_ws/build/turtlesim' returned '0': CMAKE_PREFIX_PATH=${CMAKE_PREFIX_PATH}:/home/pederba/ros2_ws/install/lab02_pkg_test:/home/pederba/ros2_ws/install/turtlebot3_teleop:/home/pederba/ros2_ws/install/turtlebot3_example:/home/pederba/ros2_ws/install/py_pubsub:/home/pederba/ros2_ws/install/lab03_pkg:/home/pederba/ros2_ws/install/lab01_pkg:/opt/ros/humble /usr/bin/cmake --build /home/pederba/ros2_ws/build/turtlesim -- -j8 -l8
[5.460s] Invoking command in '/home/pederba/ros2_ws/build/turtlesim': CMAKE_PREFIX_PATH=${CMAKE_PREFIX_PATH}:/home/pederba/ros2_ws/install/lab02_pkg_test:/home/pederba/ros2_ws/install/turtlebot3_teleop:/home/pederba/ros2_ws/install/turtlebot3_example:/home/pederba/ros2_ws/install/py_pubsub:/home/pederba/ros2_ws/install/lab03_pkg:/home/pederba/ros2_ws/install/lab01_pkg:/opt/ros/humble /usr/bin/cmake --install /home/pederba/ros2_ws/build/turtlesim
[5.593s] -- Install configuration: ""
[5.593s] -- Up-to-date: /home/pederba/ros2_ws/install/turtlesim/share/ament_index/resource_index/rosidl_interfaces/turtlesim
[5.593s] -- Up-to-date: /home/pederba/ros2_ws/install/turtlesim/include/turtlesim/turtlesim
[5.594s] -- Up-to-date: /home/pederba/ros2_ws/install/turtlesim/include/turtlesim/turtlesim/srv
[5.594s] -- Up-to-date: /home/pederba/ros2_ws/install/turtlesim/include/turtlesim/turtlesim/srv/teleport_relative.h
[5.594s] -- Up-to-date: /home/pederba/ros2_ws/install/turtlesim/include/turtlesim/turtlesim/srv/teleport_absolute.h
[5.594s] -- Up-to-date: /home/pederba/ros2_ws/install/turtlesim/include/turtlesim/turtlesim/srv/spawn.h
[5.594s] -- Up-to-date: /home/pederba/ros2_ws/install/turtlesim/include/turtlesim/turtlesim/srv/set_pen.h
[5.594s] -- Up-to-date: /home/pederba/ros2_ws/install/turtlesim/include/turtlesim/turtlesim/srv/kill.h
[5.594s] -- Up-to-date: /home/pederba/ros2_ws/install/turtlesim/include/turtlesim/turtlesim/srv/detail
[5.594s] -- Up-to-date: /home/pederba/ros2_ws/install/turtlesim/include/turtlesim/turtlesim/srv/detail/teleport_absolute__functions.h
[5.595s] -- Up-to-date: /home/pederba/ros2_ws/install/turtlesim/include/turtlesim/turtlesim/srv/detail/set_pen__functions.c
[5.595s] -- Up-to-date: /home/pederba/ros2_ws/install/turtlesim/include/turtlesim/turtlesim/srv/detail/teleport_absolute__functions.c
[5.595s] -- Up-to-date: /home/pederba/ros2_ws/install/turtlesim/include/turtlesim/turtlesim/srv/detail/teleport_relative__functions.c
[5.595s] -- Up-to-date: /home/pederba/ros2_ws/install/turtlesim/include/turtlesim/turtlesim/srv/detail/teleport_relative__functions.h
[5.595s] -- Up-to-date: /home/pederba/ros2_ws/install/turtlesim/include/turtlesim/turtlesim/srv/detail/spawn__struct.h
[5.595s] -- Up-to-date: /home/pederba/ros2_ws/install/turtlesim/include/turtlesim/turtlesim/srv/detail/teleport_relative__type_support.h
[5.595s] -- Up-to-date: /home/pederba/ros2_ws/install/turtlesim/include/turtlesim/turtlesim/srv/detail/spawn__functions.h
[5.595s] -- Up-to-date: /home/pederba/ros2_ws/install/turtlesim/include/turtlesim/turtlesim/srv/detail/teleport_relative__struct.h
[5.596s] -- Up-to-date: /home/pederba/ros2_ws/install/turtlesim/include/turtlesim/turtlesim/srv/detail/set_pen__type_support.h
[5.596s] -- Up-to-date: /home/pederba/ros2_ws/install/turtlesim/include/turtlesim/turtlesim/srv/detail/teleport_absolute__struct.h
[5.596s] -- Up-to-date: /home/pederba/ros2_ws/install/turtlesim/include/turtlesim/turtlesim/srv/detail/kill__struct.h
[5.596s] -- Up-to-date: /home/pederba/ros2_ws/install/turtlesim/include/turtlesim/turtlesim/srv/detail/spawn__functions.c
[5.596s] -- Up-to-date: /home/pederba/ros2_ws/install/turtlesim/include/turtlesim/turtlesim/srv/detail/teleport_absolute__type_support.h
[5.596s] -- Up-to-date: /home/pederba/ros2_ws/install/turtlesim/include/turtlesim/turtlesim/srv/detail/set_pen__functions.h
[5.596s] -- Up-to-date: /home/pederba/ros2_ws/install/turtlesim/include/turtlesim/turtlesim/srv/detail/kill__functions.c
[5.597s] -- Up-to-date: /home/pederba/ros2_ws/install/turtlesim/include/turtlesim/turtlesim/srv/detail/kill__type_support.h
[5.597s] -- Up-to-date: /home/pederba/ros2_ws/install/turtlesim/include/turtlesim/turtlesim/srv/detail/kill__functions.h
[5.597s] -- Up-to-date: /home/pederba/ros2_ws/install/turtlesim/include/turtlesim/turtlesim/srv/detail/spawn__type_support.h
[5.597s] -- Up-to-date: /home/pederba/ros2_ws/install/turtlesim/include/turtlesim/turtlesim/srv/detail/set_pen__struct.h
[5.597s] -- Up-to-date: /home/pederba/ros2_ws/install/turtlesim/include/turtlesim/turtlesim/msg
[5.597s] -- Up-to-date: /home/pederba/ros2_ws/install/turtlesim/include/turtlesim/turtlesim/msg/rosidl_generator_c__visibility_control.h
[5.598s] -- Up-to-date: /home/pederba/ros2_ws/install/turtlesim/include/turtlesim/turtlesim/msg/pose.h
[5.598s] -- Up-to-date: /home/pederba/ros2_ws/install/turtlesim/include/turtlesim/turtlesim/msg/detail
[5.599s] -- Up-to-date: /home/pederba/ros2_ws/install/turtlesim/include/turtlesim/turtlesim/msg/detail/pose__type_support.h
[5.599s] -- Up-to-date: /home/pederba/ros2_ws/install/turtlesim/include/turtlesim/turtlesim/msg/detail/pose__functions.c
[5.599s] -- Up-to-date: /home/pederba/ros2_ws/install/turtlesim/include/turtlesim/turtlesim/msg/detail/color__functions.c
[5.599s] -- Up-to-date: /home/pederba/ros2_ws/install/turtlesim/include/turtlesim/turtlesim/msg/detail/color__type_support.h
[5.599s] -- Up-to-date: /home/pederba/ros2_ws/install/turtlesim/include/turtlesim/turtlesim/msg/detail/pose__struct.h
[5.600s] -- Up-to-date: /home/pederba/ros2_ws/install/turtlesim/include/turtlesim/turtlesim/msg/detail/pose__functions.h
[5.600s] -- Up-to-date: /home/pederba/ros2_ws/install/turtlesim/include/turtlesim/turtlesim/msg/detail/color__functions.h
[5.600s] -- Up-to-date: /home/pederba/ros2_ws/install/turtlesim/include/turtlesim/turtlesim/msg/detail/color__struct.h
[5.600s] -- Up-to-date: /home/pederba/ros2_ws/install/turtlesim/include/turtlesim/turtlesim/msg/color.h
[5.600s] -- Up-to-date: /home/pederba/ros2_ws/install/turtlesim/include/turtlesim/turtlesim/action
[5.600s] -- Up-to-date: /home/pederba/ros2_ws/install/turtlesim/include/turtlesim/turtlesim/action/rotate_absolute.h
[5.601s] -- Up-to-date: /home/pederba/ros2_ws/install/turtlesim/include/turtlesim/turtlesim/action/detail
[5.601s] -- Up-to-date: /home/pederba/ros2_ws/install/turtlesim/include/turtlesim/turtlesim/action/detail/rotate_absolute__type_support.h
[5.601s] -- Up-to-date: /home/pederba/ros2_ws/install/turtlesim/include/turtlesim/turtlesim/action/detail/rotate_absolute__struct.h
[5.601s] -- Up-to-date: /home/pederba/ros2_ws/install/turtlesim/include/turtlesim/turtlesim/action/detail/rotate_absolute__functions.h
[5.601s] -- Up-to-date: /home/pederba/ros2_ws/install/turtlesim/include/turtlesim/turtlesim/action/detail/rotate_absolute__functions.c
[5.601s] -- Up-to-date: /home/pederba/ros2_ws/install/turtlesim/share/turtlesim/environment/library_path.sh
[5.601s] -- Up-to-date: /home/pederba/ros2_ws/install/turtlesim/share/turtlesim/environment/library_path.dsv
[5.601s] -- Up-to-date: /home/pederba/ros2_ws/install/turtlesim/lib/libturtlesim__rosidl_generator_c.so
[5.602s] -- Up-to-date: /home/pederba/ros2_ws/install/turtlesim/include/turtlesim/turtlesim
[5.602s] -- Up-to-date: /home/pederba/ros2_ws/install/turtlesim/include/turtlesim/turtlesim/srv
[5.602s] -- Up-to-date: /home/pederba/ros2_ws/install/turtlesim/include/turtlesim/turtlesim/srv/detail
[5.603s] -- Up-to-date: /home/pederba/ros2_ws/install/turtlesim/include/turtlesim/turtlesim/srv/detail/spawn__rosidl_typesupport_fastrtps_c.h
[5.603s] -- Up-to-date: /home/pederba/ros2_ws/install/turtlesim/include/turtlesim/turtlesim/srv/detail/teleport_absolute__rosidl_typesupport_fastrtps_c.h
[5.603s] -- Up-to-date: /home/pederba/ros2_ws/install/turtlesim/include/turtlesim/turtlesim/srv/detail/kill__rosidl_typesupport_fastrtps_c.h
[5.603s] -- Up-to-date: /home/pederba/ros2_ws/install/turtlesim/include/turtlesim/turtlesim/srv/detail/set_pen__rosidl_typesupport_fastrtps_c.h
[5.603s] -- Up-to-date: /home/pederba/ros2_ws/install/turtlesim/include/turtlesim/turtlesim/srv/detail/teleport_relative__rosidl_typesupport_fastrtps_c.h
[5.603s] -- Up-to-date: /home/pederba/ros2_ws/install/turtlesim/include/turtlesim/turtlesim/msg
[5.603s] -- Up-to-date: /home/pederba/ros2_ws/install/turtlesim/include/turtlesim/turtlesim/msg/rosidl_typesupport_fastrtps_c__visibility_control.h
[5.603s] -- Up-to-date: /home/pederba/ros2_ws/install/turtlesim/include/turtlesim/turtlesim/msg/detail
[5.604s] -- Up-to-date: /home/pederba/ros2_ws/install/turtlesim/include/turtlesim/turtlesim/msg/detail/pose__rosidl_typesupport_fastrtps_c.h
[5.604s] -- Up-to-date: /home/pederba/ros2_ws/install/turtlesim/include/turtlesim/turtlesim/msg/detail/color__rosidl_typesupport_fastrtps_c.h
[5.604s] -- Up-to-date: /home/pederba/ros2_ws/install/turtlesim/include/turtlesim/turtlesim/action
[5.604s] -- Up-to-date: /home/pederba/ros2_ws/install/turtlesim/include/turtlesim/turtlesim/action/detail
[5.604s] -- Up-to-date: /home/pederba/ros2_ws/install/turtlesim/include/turtlesim/turtlesim/action/detail/rotate_absolute__rosidl_typesupport_fastrtps_c.h
[5.604s] -- Up-to-date: /home/pederba/ros2_ws/install/turtlesim/lib/libturtlesim__rosidl_typesupport_fastrtps_c.so
[5.604s] -- Up-to-date: /home/pederba/ros2_ws/install/turtlesim/include/turtlesim/turtlesim
[5.605s] -- Up-to-date: /home/pederba/ros2_ws/install/turtlesim/include/turtlesim/turtlesim/srv
[5.605s] -- Up-to-date: /home/pederba/ros2_ws/install/turtlesim/include/turtlesim/turtlesim/srv/kill.hpp
[5.605s] -- Up-to-date: /home/pederba/ros2_ws/install/turtlesim/include/turtlesim/turtlesim/srv/spawn.hpp
[5.605s] -- Up-to-date: /home/pederba/ros2_ws/install/turtlesim/include/turtlesim/turtlesim/srv/set_pen.hpp
[5.605s] -- Up-to-date: /home/pederba/ros2_ws/install/turtlesim/include/turtlesim/turtlesim/srv/teleport_absolute.hpp
[5.606s] -- Up-to-date: /home/pederba/ros2_ws/install/turtlesim/include/turtlesim/turtlesim/srv/teleport_relative.hpp
[5.606s] -- Up-to-date: /home/pederba/ros2_ws/install/turtlesim/include/turtlesim/turtlesim/srv/detail
[5.606s] -- Up-to-date: /home/pederba/ros2_ws/install/turtlesim/include/turtlesim/turtlesim/srv/detail/teleport_relative__traits.hpp
[5.606s] -- Up-to-date: /home/pederba/ros2_ws/install/turtlesim/include/turtlesim/turtlesim/srv/detail/set_pen__struct.hpp
[5.607s] -- Up-to-date: /home/pederba/ros2_ws/install/turtlesim/include/turtlesim/turtlesim/srv/detail/teleport_absolute__struct.hpp
[5.607s] -- Up-to-date: /home/pederba/ros2_ws/install/turtlesim/include/turtlesim/turtlesim/srv/detail/kill__traits.hpp
[5.608s] -- Up-to-date: /home/pederba/ros2_ws/install/turtlesim/include/turtlesim/turtlesim/srv/detail/set_pen__traits.hpp
[5.608s] -- Up-to-date: /home/pederba/ros2_ws/install/turtlesim/include/turtlesim/turtlesim/srv/detail/teleport_relative__struct.hpp
[5.608s] -- Up-to-date: /home/pederba/ros2_ws/install/turtlesim/include/turtlesim/turtlesim/srv/detail/kill__builder.hpp
[5.608s] -- Up-to-date: /home/pederba/ros2_ws/install/turtlesim/include/turtlesim/turtlesim/srv/detail/set_pen__builder.hpp
[5.608s] -- Up-to-date: /home/pederba/ros2_ws/install/turtlesim/include/turtlesim/turtlesim/srv/detail/kill__struct.hpp
[5.608s] -- Up-to-date: /home/pederba/ros2_ws/install/turtlesim/include/turtlesim/turtlesim/srv/detail/teleport_relative__builder.hpp
[5.608s] -- Up-to-date: /home/pederba/ros2_ws/install/turtlesim/include/turtlesim/turtlesim/srv/detail/teleport_absolute__builder.hpp
[5.608s] -- Up-to-date: /home/pederba/ros2_ws/install/turtlesim/include/turtlesim/turtlesim/srv/detail/spawn__traits.hpp
[5.609s] -- Up-to-date: /home/pederba/ros2_ws/install/turtlesim/include/turtlesim/turtlesim/srv/detail/teleport_absolute__traits.hpp
[5.609s] -- Up-to-date: /home/pederba/ros2_ws/install/turtlesim/include/turtlesim/turtlesim/srv/detail/spawn__builder.hpp
[5.609s] -- Up-to-date: /home/pederba/ros2_ws/install/turtlesim/include/turtlesim/turtlesim/srv/detail/spawn__struct.hpp
[5.609s] -- Up-to-date: /home/pederba/ros2_ws/install/turtlesim/include/turtlesim/turtlesim/msg
[5.609s] -- Up-to-date: /home/pederba/ros2_ws/install/turtlesim/include/turtlesim/turtlesim/msg/pose.hpp
[5.609s] -- Up-to-date: /home/pederba/ros2_ws/install/turtlesim/include/turtlesim/turtlesim/msg/color.hpp
[5.609s] -- Up-to-date: /home/pederba/ros2_ws/install/turtlesim/include/turtlesim/turtlesim/msg/detail
[5.609s] -- Up-to-date: /home/pederba/ros2_ws/install/turtlesim/include/turtlesim/turtlesim/msg/detail/color__builder.hpp
[5.610s] -- Up-to-date: /home/pederba/ros2_ws/install/turtlesim/include/turtlesim/turtlesim/msg/detail/color__traits.hpp
[5.610s] -- Up-to-date: /home/pederba/ros2_ws/install/turtlesim/include/turtlesim/turtlesim/msg/detail/pose__traits.hpp
[5.610s] -- Up-to-date: /home/pederba/ros2_ws/install/turtlesim/include/turtlesim/turtlesim/msg/detail/color__struct.hpp
[5.610s] -- Up-to-date: /home/pederba/ros2_ws/install/turtlesim/include/turtlesim/turtlesim/msg/detail/pose__builder.hpp
[5.610s] -- Up-to-date: /home/pederba/ros2_ws/install/turtlesim/include/turtlesim/turtlesim/msg/detail/pose__struct.hpp
[5.610s] -- Up-to-date: /home/pederba/ros2_ws/install/turtlesim/include/turtlesim/turtlesim/action
[5.610s] -- Up-to-date: /home/pederba/ros2_ws/install/turtlesim/include/turtlesim/turtlesim/action/rotate_absolute.hpp
[5.611s] -- Up-to-date: /home/pederba/ros2_ws/install/turtlesim/include/turtlesim/turtlesim/action/detail
[5.611s] -- Up-to-date: /home/pederba/ros2_ws/install/turtlesim/include/turtlesim/turtlesim/action/detail/rotate_absolute__traits.hpp
[5.611s] -- Up-to-date: /home/pederba/ros2_ws/install/turtlesim/include/turtlesim/turtlesim/action/detail/rotate_absolute__builder.hpp
[5.611s] -- Up-to-date: /home/pederba/ros2_ws/install/turtlesim/include/turtlesim/turtlesim/action/detail/rotate_absolute__struct.hpp
[5.611s] -- Up-to-date: /home/pederba/ros2_ws/install/turtlesim/include/turtlesim/turtlesim
[5.611s] -- Up-to-date: /home/pederba/ros2_ws/install/turtlesim/include/turtlesim/turtlesim/srv
[5.611s] -- Up-to-date: /home/pederba/ros2_ws/install/turtlesim/include/turtlesim/turtlesim/srv/detail
[5.612s] -- Up-to-date: /home/pederba/ros2_ws/install/turtlesim/include/turtlesim/turtlesim/srv/detail/dds_fastrtps
[5.612s] -- Up-to-date: /home/pederba/ros2_ws/install/turtlesim/include/turtlesim/turtlesim/srv/detail/set_pen__rosidl_typesupport_fastrtps_cpp.hpp
[5.612s] -- Up-to-date: /home/pederba/ros2_ws/install/turtlesim/include/turtlesim/turtlesim/srv/detail/spawn__rosidl_typesupport_fastrtps_cpp.hpp
[5.612s] -- Up-to-date: /home/pederba/ros2_ws/install/turtlesim/include/turtlesim/turtlesim/srv/detail/teleport_absolute__rosidl_typesupport_fastrtps_cpp.hpp
[5.612s] -- Up-to-date: /home/pederba/ros2_ws/install/turtlesim/include/turtlesim/turtlesim/srv/detail/teleport_relative__rosidl_typesupport_fastrtps_cpp.hpp
[5.612s] -- Up-to-date: /home/pederba/ros2_ws/install/turtlesim/include/turtlesim/turtlesim/srv/detail/kill__rosidl_typesupport_fastrtps_cpp.hpp
[5.612s] -- Up-to-date: /home/pederba/ros2_ws/install/turtlesim/include/turtlesim/turtlesim/msg
[5.612s] -- Up-to-date: /home/pederba/ros2_ws/install/turtlesim/include/turtlesim/turtlesim/msg/rosidl_typesupport_fastrtps_cpp__visibility_control.h
[5.613s] -- Up-to-date: /home/pederba/ros2_ws/install/turtlesim/include/turtlesim/turtlesim/msg/detail
[5.613s] -- Up-to-date: /home/pederba/ros2_ws/install/turtlesim/include/turtlesim/turtlesim/msg/detail/dds_fastrtps
[5.613s] -- Up-to-date: /home/pederba/ros2_ws/install/turtlesim/include/turtlesim/turtlesim/msg/detail/color__rosidl_typesupport_fastrtps_cpp.hpp
[5.613s] -- Up-to-date: /home/pederba/ros2_ws/install/turtlesim/include/turtlesim/turtlesim/msg/detail/pose__rosidl_typesupport_fastrtps_cpp.hpp
[5.613s] -- Up-to-date: /home/pederba/ros2_ws/install/turtlesim/include/turtlesim/turtlesim/action
[5.613s] -- Up-to-date: /home/pederba/ros2_ws/install/turtlesim/include/turtlesim/turtlesim/action/detail
[5.613s] -- Up-to-date: /home/pederba/ros2_ws/install/turtlesim/include/turtlesim/turtlesim/action/detail/dds_fastrtps
[5.614s] -- Up-to-date: /home/pederba/ros2_ws/install/turtlesim/include/turtlesim/turtlesim/action/detail/rotate_absolute__rosidl_typesupport_fastrtps_cpp.hpp
[5.614s] -- Up-to-date: /home/pederba/ros2_ws/install/turtlesim/lib/libturtlesim__rosidl_typesupport_fastrtps_cpp.so
[5.614s] -- Up-to-date: /home/pederba/ros2_ws/install/turtlesim/include/turtlesim/turtlesim
[5.614s] -- Up-to-date: /home/pederba/ros2_ws/install/turtlesim/include/turtlesim/turtlesim/srv
[5.614s] -- Up-to-date: /home/pederba/ros2_ws/install/turtlesim/include/turtlesim/turtlesim/srv/detail
[5.614s] -- Up-to-date: /home/pederba/ros2_ws/install/turtlesim/include/turtlesim/turtlesim/srv/detail/set_pen__type_support.c
[5.614s] -- Up-to-date: /home/pederba/ros2_ws/install/turtlesim/include/turtlesim/turtlesim/srv/detail/spawn__rosidl_typesupport_introspection_c.h
[5.614s] -- Up-to-date: /home/pederba/ros2_ws/install/turtlesim/include/turtlesim/turtlesim/srv/detail/teleport_relative__type_support.c
[5.615s] -- Up-to-date: /home/pederba/ros2_ws/install/turtlesim/include/turtlesim/turtlesim/srv/detail/spawn__type_support.c
[5.615s] -- Up-to-date: /home/pederba/ros2_ws/install/turtlesim/include/turtlesim/turtlesim/srv/detail/set_pen__rosidl_typesupport_introspection_c.h
[5.615s] -- Up-to-date: /home/pederba/ros2_ws/install/turtlesim/include/turtlesim/turtlesim/srv/detail/kill__rosidl_typesupport_introspection_c.h
[5.615s] -- Up-to-date: /home/pederba/ros2_ws/install/turtlesim/include/turtlesim/turtlesim/srv/detail/kill__type_support.c
[5.615s] -- Up-to-date: /home/pederba/ros2_ws/install/turtlesim/include/turtlesim/turtlesim/srv/detail/teleport_relative__rosidl_typesupport_introspection_c.h
[5.615s] -- Up-to-date: /home/pederba/ros2_ws/install/turtlesim/include/turtlesim/turtlesim/srv/detail/teleport_absolute__rosidl_typesupport_introspection_c.h
[5.615s] -- Up-to-date: /home/pederba/ros2_ws/install/turtlesim/include/turtlesim/turtlesim/srv/detail/teleport_absolute__type_support.c
[5.615s] -- Up-to-date: /home/pederba/ros2_ws/install/turtlesim/include/turtlesim/turtlesim/msg
[5.616s] -- Up-to-date: /home/pederba/ros2_ws/install/turtlesim/include/turtlesim/turtlesim/msg/rosidl_typesupport_introspection_c__visibility_control.h
[5.616s] -- Up-to-date: /home/pederba/ros2_ws/install/turtlesim/include/turtlesim/turtlesim/msg/detail
[5.616s] -- Up-to-date: /home/pederba/ros2_ws/install/turtlesim/include/turtlesim/turtlesim/msg/detail/color__rosidl_typesupport_introspection_c.h
[5.616s] -- Up-to-date: /home/pederba/ros2_ws/install/turtlesim/include/turtlesim/turtlesim/msg/detail/pose__type_support.c
[5.616s] -- Up-to-date: /home/pederba/ros2_ws/install/turtlesim/include/turtlesim/turtlesim/msg/detail/color__type_support.c
[5.616s] -- Up-to-date: /home/pederba/ros2_ws/install/turtlesim/include/turtlesim/turtlesim/msg/detail/pose__rosidl_typesupport_introspection_c.h
[5.617s] -- Up-to-date: /home/pederba/ros2_ws/install/turtlesim/include/turtlesim/turtlesim/action
[5.617s] -- Up-to-date: /home/pederba/ros2_ws/install/turtlesim/include/turtlesim/turtlesim/action/detail
[5.617s] -- Up-to-date: /home/pederba/ros2_ws/install/turtlesim/include/turtlesim/turtlesim/action/detail/rotate_absolute__type_support.c
[5.617s] -- Up-to-date: /home/pederba/ros2_ws/install/turtlesim/include/turtlesim/turtlesim/action/detail/rotate_absolute__rosidl_typesupport_introspection_c.h
[5.617s] -- Up-to-date: /home/pederba/ros2_ws/install/turtlesim/lib/libturtlesim__rosidl_typesupport_introspection_c.so
[5.617s] -- Up-to-date: /home/pederba/ros2_ws/install/turtlesim/lib/libturtlesim__rosidl_typesupport_c.so
[5.618s] -- Up-to-date: /home/pederba/ros2_ws/install/turtlesim/include/turtlesim/turtlesim
[5.618s] -- Up-to-date: /home/pederba/ros2_ws/install/turtlesim/include/turtlesim/turtlesim/srv
[5.618s] -- Up-to-date: /home/pederba/ros2_ws/install/turtlesim/include/turtlesim/turtlesim/srv/detail
[5.618s] -- Up-to-date: /home/pederba/ros2_ws/install/turtlesim/include/turtlesim/turtlesim/srv/detail/set_pen__rosidl_typesupport_introspection_cpp.hpp
[5.618s] -- Up-to-date: /home/pederba/ros2_ws/install/turtlesim/include/turtlesim/turtlesim/srv/detail/spawn__rosidl_typesupport_introspection_cpp.hpp
[5.635s] -- Up-to-date: /home/pederba/ros2_ws/install/turtlesim/include/turtlesim/turtlesim/srv/detail/kill__rosidl_typesupport_introspection_cpp.hpp
[5.636s] -- Up-to-date: /home/pederba/ros2_ws/install/turtlesim/include/turtlesim/turtlesim/srv/detail/teleport_relative__type_support.cpp
[5.636s] -- Up-to-date: /home/pederba/ros2_ws/install/turtlesim/include/turtlesim/turtlesim/srv/detail/kill__type_support.cpp
[5.636s] -- Up-to-date: /home/pederba/ros2_ws/install/turtlesim/include/turtlesim/turtlesim/srv/detail/teleport_relative__rosidl_typesupport_introspection_cpp.hpp
[5.637s] -- Up-to-date: /home/pederba/ros2_ws/install/turtlesim/include/turtlesim/turtlesim/srv/detail/spawn__type_support.cpp
[5.637s] -- Up-to-date: /home/pederba/ros2_ws/install/turtlesim/include/turtlesim/turtlesim/srv/detail/set_pen__type_support.cpp
[5.637s] -- Up-to-date: /home/pederba/ros2_ws/install/turtlesim/include/turtlesim/turtlesim/srv/detail/teleport_absolute__rosidl_typesupport_introspection_cpp.hpp
[5.637s] -- Up-to-date: /home/pederba/ros2_ws/install/turtlesim/include/turtlesim/turtlesim/srv/detail/teleport_absolute__type_support.cpp
[5.637s] -- Up-to-date: /home/pederba/ros2_ws/install/turtlesim/include/turtlesim/turtlesim/msg
[5.637s] -- Up-to-date: /home/pederba/ros2_ws/install/turtlesim/include/turtlesim/turtlesim/msg/detail
[5.638s] -- Up-to-date: /home/pederba/ros2_ws/install/turtlesim/include/turtlesim/turtlesim/msg/detail/pose__rosidl_typesupport_introspection_cpp.hpp
[5.638s] -- Up-to-date: /home/pederba/ros2_ws/install/turtlesim/include/turtlesim/turtlesim/msg/detail/color__rosidl_typesupport_introspection_cpp.hpp
[5.638s] -- Up-to-date: /home/pederba/ros2_ws/install/turtlesim/include/turtlesim/turtlesim/msg/detail/pose__type_support.cpp
[5.638s] -- Up-to-date: /home/pederba/ros2_ws/install/turtlesim/include/turtlesim/turtlesim/msg/detail/color__type_support.cpp
[5.638s] -- Up-to-date: /home/pederba/ros2_ws/install/turtlesim/include/turtlesim/turtlesim/action
[5.639s] -- Up-to-date: /home/pederba/ros2_ws/install/turtlesim/include/turtlesim/turtlesim/action/detail
[5.639s] -- Up-to-date: /home/pederba/ros2_ws/install/turtlesim/include/turtlesim/turtlesim/action/detail/rotate_absolute__rosidl_typesupport_introspection_cpp.hpp
[5.639s] -- Up-to-date: /home/pederba/ros2_ws/install/turtlesim/include/turtlesim/turtlesim/action/detail/rotate_absolute__type_support.cpp
[5.639s] -- Up-to-date: /home/pederba/ros2_ws/install/turtlesim/lib/libturtlesim__rosidl_typesupport_introspection_cpp.so
[5.639s] -- Up-to-date: /home/pederba/ros2_ws/install/turtlesim/lib/libturtlesim__rosidl_typesupport_cpp.so
[5.639s] -- Up-to-date: /home/pederba/ros2_ws/install/turtlesim/share/turtlesim/environment/pythonpath.sh
[5.639s] -- Up-to-date: /home/pederba/ros2_ws/install/turtlesim/share/turtlesim/environment/pythonpath.dsv
[5.640s] -- Up-to-date: /home/pederba/ros2_ws/install/turtlesim/local/lib/python3.10/dist-packages/turtlesim-1.4.2-py3.10.egg-info
[5.640s] -- Installing: /home/pederba/ros2_ws/install/turtlesim/local/lib/python3.10/dist-packages/turtlesim-1.4.2-py3.10.egg-info/dependency_links.txt
[5.640s] -- Installing: /home/pederba/ros2_ws/install/turtlesim/local/lib/python3.10/dist-packages/turtlesim-1.4.2-py3.10.egg-info/SOURCES.txt
[5.640s] -- Installing: /home/pederba/ros2_ws/install/turtlesim/local/lib/python3.10/dist-packages/turtlesim-1.4.2-py3.10.egg-info/PKG-INFO
[5.640s] -- Installing: /home/pederba/ros2_ws/install/turtlesim/local/lib/python3.10/dist-packages/turtlesim-1.4.2-py3.10.egg-info/top_level.txt
[5.640s] -- Up-to-date: /home/pederba/ros2_ws/install/turtlesim/local/lib/python3.10/dist-packages/turtlesim
[5.641s] -- Up-to-date: /home/pederba/ros2_ws/install/turtlesim/local/lib/python3.10/dist-packages/turtlesim/turtlesim_s__rosidl_typesupport_fastrtps_c.cpython-310-x86_64-linux-gnu.so
[5.641s] -- Up-to-date: /home/pederba/ros2_ws/install/turtlesim/local/lib/python3.10/dist-packages/turtlesim/libturtlesim__rosidl_generator_py.so
[5.642s] -- Up-to-date: /home/pederba/ros2_ws/install/turtlesim/local/lib/python3.10/dist-packages/turtlesim/_turtlesim_s.ep.rosidl_typesupport_c.c
[5.642s] -- Up-to-date: /home/pederba/ros2_ws/install/turtlesim/local/lib/python3.10/dist-packages/turtlesim/turtlesim_s__rosidl_typesupport_introspection_c.cpython-310-x86_64-linux-gnu.so
[5.642s] -- Up-to-date: /home/pederba/ros2_ws/install/turtlesim/local/lib/python3.10/dist-packages/turtlesim/_turtlesim_s.ep.rosidl_typesupport_introspection_c.c
[5.642s] -- Up-to-date: /home/pederba/ros2_ws/install/turtlesim/local/lib/python3.10/dist-packages/turtlesim/srv
[5.642s] -- Up-to-date: /home/pederba/ros2_ws/install/turtlesim/local/lib/python3.10/dist-packages/turtlesim/srv/_set_pen.py
[5.642s] -- Up-to-date: /home/pederba/ros2_ws/install/turtlesim/local/lib/python3.10/dist-packages/turtlesim/srv/_spawn.py
[5.642s] -- Up-to-date: /home/pederba/ros2_ws/install/turtlesim/local/lib/python3.10/dist-packages/turtlesim/srv/_set_pen_s.c
[5.643s] -- Up-to-date: /home/pederba/ros2_ws/install/turtlesim/local/lib/python3.10/dist-packages/turtlesim/srv/_kill.py
[5.647s] -- Up-to-date: /home/pederba/ros2_ws/install/turtlesim/local/lib/python3.10/dist-packages/turtlesim/srv/_kill_s.c
[5.648s] -- Up-to-date: /home/pederba/ros2_ws/install/turtlesim/local/lib/python3.10/dist-packages/turtlesim/srv/_teleport_absolute_s.c
[5.648s] -- Up-to-date: /home/pederba/ros2_ws/install/turtlesim/local/lib/python3.10/dist-packages/turtlesim/srv/_teleport_absolute.py
[5.649s] -- Up-to-date: /home/pederba/ros2_ws/install/turtlesim/local/lib/python3.10/dist-packages/turtlesim/srv/_teleport_relative_s.c
[5.649s] -- Up-to-date: /home/pederba/ros2_ws/install/turtlesim/local/lib/python3.10/dist-packages/turtlesim/srv/__init__.py
[5.649s] -- Up-to-date: /home/pederba/ros2_ws/install/turtlesim/local/lib/python3.10/dist-packages/turtlesim/srv/_teleport_relative.py
[5.649s] -- Up-to-date: /home/pederba/ros2_ws/install/turtlesim/local/lib/python3.10/dist-packages/turtlesim/srv/_spawn_s.c
[5.649s] -- Up-to-date: /home/pederba/ros2_ws/install/turtlesim/local/lib/python3.10/dist-packages/turtlesim/turtlesim_s__rosidl_typesupport_c.cpython-310-x86_64-linux-gnu.so
[5.650s] -- Up-to-date: /home/pederba/ros2_ws/install/turtlesim/local/lib/python3.10/dist-packages/turtlesim/msg
[5.650s] -- Up-to-date: /home/pederba/ros2_ws/install/turtlesim/local/lib/python3.10/dist-packages/turtlesim/msg/_color.py
[5.650s] -- Up-to-date: /home/pederba/ros2_ws/install/turtlesim/local/lib/python3.10/dist-packages/turtlesim/msg/_pose_s.c
[5.650s] -- Up-to-date: /home/pederba/ros2_ws/install/turtlesim/local/lib/python3.10/dist-packages/turtlesim/msg/__init__.py
[5.650s] -- Up-to-date: /home/pederba/ros2_ws/install/turtlesim/local/lib/python3.10/dist-packages/turtlesim/msg/_color_s.c
[5.650s] -- Up-to-date: /home/pederba/ros2_ws/install/turtlesim/local/lib/python3.10/dist-packages/turtlesim/msg/_pose.py
[5.651s] -- Up-to-date: /home/pederba/ros2_ws/install/turtlesim/local/lib/python3.10/dist-packages/turtlesim/__init__.py
[5.651s] -- Up-to-date: /home/pederba/ros2_ws/install/turtlesim/local/lib/python3.10/dist-packages/turtlesim/_turtlesim_s.ep.rosidl_typesupport_fastrtps_c.c
[5.651s] -- Up-to-date: /home/pederba/ros2_ws/install/turtlesim/local/lib/python3.10/dist-packages/turtlesim/action
[5.651s] -- Up-to-date: /home/pederba/ros2_ws/install/turtlesim/local/lib/python3.10/dist-packages/turtlesim/action/_rotate_absolute.py
[5.651s] -- Up-to-date: /home/pederba/ros2_ws/install/turtlesim/local/lib/python3.10/dist-packages/turtlesim/action/__init__.py
[5.651s] -- Up-to-date: /home/pederba/ros2_ws/install/turtlesim/local/lib/python3.10/dist-packages/turtlesim/action/_rotate_absolute_s.c
[5.704s] Listing '/home/pederba/ros2_ws/install/turtlesim/local/lib/python3.10/dist-packages/turtlesim'...
[5.704s] Listing '/home/pederba/ros2_ws/install/turtlesim/local/lib/python3.10/dist-packages/turtlesim/action'...
[5.704s] Listing '/home/pederba/ros2_ws/install/turtlesim/local/lib/python3.10/dist-packages/turtlesim/msg'...
[5.705s] Listing '/home/pederba/ros2_ws/install/turtlesim/local/lib/python3.10/dist-packages/turtlesim/srv'...
[5.718s] -- Up-to-date: /home/pederba/ros2_ws/install/turtlesim/local/lib/python3.10/dist-packages/turtlesim/turtlesim_s__rosidl_typesupport_fastrtps_c.cpython-310-x86_64-linux-gnu.so
[5.720s] -- Up-to-date: /home/pederba/ros2_ws/install/turtlesim/local/lib/python3.10/dist-packages/turtlesim/turtlesim_s__rosidl_typesupport_introspection_c.cpython-310-x86_64-linux-gnu.so
[5.722s] -- Up-to-date: /home/pederba/ros2_ws/install/turtlesim/local/lib/python3.10/dist-packages/turtlesim/turtlesim_s__rosidl_typesupport_c.cpython-310-x86_64-linux-gnu.so
[5.723s] -- Up-to-date: /home/pederba/ros2_ws/install/turtlesim/lib/libturtlesim__rosidl_generator_py.so
[5.724s] -- Up-to-date: /home/pederba/ros2_ws/install/turtlesim/share/turtlesim/action/RotateAbsolute.idl
[5.724s] -- Up-to-date: /home/pederba/ros2_ws/install/turtlesim/share/turtlesim/msg/Color.idl
[5.725s] -- Up-to-date: /home/pederba/ros2_ws/install/turtlesim/share/turtlesim/msg/Pose.idl
[5.725s] -- Up-to-date: /home/pederba/ros2_ws/install/turtlesim/share/turtlesim/srv/Kill.idl
[5.725s] -- Up-to-date: /home/pederba/ros2_ws/install/turtlesim/share/turtlesim/srv/SetPen.idl
[5.725s] -- Up-to-date: /home/pederba/ros2_ws/install/turtlesim/share/turtlesim/srv/Spawn.idl
[5.726s] -- Up-to-date: /home/pederba/ros2_ws/install/turtlesim/share/turtlesim/srv/TeleportAbsolute.idl
[5.727s] -- Up-to-date: /home/pederba/ros2_ws/install/turtlesim/share/turtlesim/srv/TeleportRelative.idl
[5.727s] -- Up-to-date: /home/pederba/ros2_ws/install/turtlesim/share/turtlesim/action/RotateAbsolute.action
[5.727s] -- Up-to-date: /home/pederba/ros2_ws/install/turtlesim/share/turtlesim/msg/Color.msg
[5.730s] -- Up-to-date: /home/pederba/ros2_ws/install/turtlesim/share/turtlesim/msg/Pose.msg
[5.730s] -- Up-to-date: /home/pederba/ros2_ws/install/turtlesim/share/turtlesim/srv/Kill.srv
[5.731s] -- Up-to-date: /home/pederba/ros2_ws/install/turtlesim/share/turtlesim/srv/Kill_Request.msg
[5.731s] -- Up-to-date: /home/pederba/ros2_ws/install/turtlesim/share/turtlesim/srv/Kill_Response.msg
[5.731s] -- Up-to-date: /home/pederba/ros2_ws/install/turtlesim/share/turtlesim/srv/SetPen.srv
[5.732s] -- Up-to-date: /home/pederba/ros2_ws/install/turtlesim/share/turtlesim/srv/SetPen_Request.msg
[5.732s] -- Up-to-date: /home/pederba/ros2_ws/install/turtlesim/share/turtlesim/srv/SetPen_Response.msg
[5.733s] -- Up-to-date: /home/pederba/ros2_ws/install/turtlesim/share/turtlesim/srv/Spawn.srv
[5.733s] -- Up-to-date: /home/pederba/ros2_ws/install/turtlesim/share/turtlesim/srv/Spawn_Request.msg
[5.733s] -- Up-to-date: /home/pederba/ros2_ws/install/turtlesim/share/turtlesim/srv/Spawn_Response.msg
[5.733s] -- Up-to-date: /home/pederba/ros2_ws/install/turtlesim/share/turtlesim/srv/TeleportAbsolute.srv
[5.734s] -- Up-to-date: /home/pederba/ros2_ws/install/turtlesim/share/turtlesim/srv/TeleportAbsolute_Request.msg
[5.734s] -- Up-to-date: /home/pederba/ros2_ws/install/turtlesim/share/turtlesim/srv/TeleportAbsolute_Response.msg
[5.734s] -- Up-to-date: /home/pederba/ros2_ws/install/turtlesim/share/turtlesim/srv/TeleportRelative.srv
[5.743s] -- Up-to-date: /home/pederba/ros2_ws/install/turtlesim/share/turtlesim/srv/TeleportRelative_Request.msg
[5.744s] -- Up-to-date: /home/pederba/ros2_ws/install/turtlesim/share/turtlesim/srv/TeleportRelative_Response.msg
[5.747s] -- Up-to-date: /home/pederba/ros2_ws/install/turtlesim/lib/turtlesim/turtlesim_node
[5.748s] -- Up-to-date: /home/pederba/ros2_ws/install/turtlesim/lib/turtlesim/turtle_teleop_key
[5.749s] -- Up-to-date: /home/pederba/ros2_ws/install/turtlesim/lib/turtlesim/draw_square
[5.750s] -- Up-to-date: /home/pederba/ros2_ws/install/turtlesim/lib/turtlesim/mimic
[5.751s] -- Up-to-date: /home/pederba/ros2_ws/install/turtlesim/share/turtlesim/images
[5.752s] -- Up-to-date: /home/pederba/ros2_ws/install/turtlesim/share/turtlesim/images/bouncy.png
[5.753s] -- Up-to-date: /home/pederba/ros2_ws/install/turtlesim/share/turtlesim/images/crystal.png
[5.753s] -- Up-to-date: /home/pederba/ros2_ws/install/turtlesim/share/turtlesim/images/galactic.png
[5.753s] -- Up-to-date: /home/pederba/ros2_ws/install/turtlesim/share/turtlesim/images/dashing.png
[5.753s] -- Up-to-date: /home/pederba/ros2_ws/install/turtlesim/share/turtlesim/images/rolling.png
[5.754s] -- Up-to-date: /home/pederba/ros2_ws/install/turtlesim/share/turtlesim/images/eloquent.png
[5.754s] -- Up-to-date: /home/pederba/ros2_ws/install/turtlesim/share/turtlesim/images/foxy.png
[5.754s] -- Up-to-date: /home/pederba/ros2_ws/install/turtlesim/share/turtlesim/images/ardent.png
[5.754s] -- Up-to-date: /home/pederba/ros2_ws/install/turtlesim/share/turtlesim/images/humble.png
[5.755s] -- Up-to-date: /home/pederba/ros2_ws/install/turtlesim/share/turtlesim/launch
[5.755s] -- Up-to-date: /home/pederba/ros2_ws/install/turtlesim/share/turtlesim/launch/multisim.launch.py
[5.755s] -- Up-to-date: /home/pederba/ros2_ws/install/turtlesim/share/ament_index/resource_index/package_run_dependencies/turtlesim
[5.755s] -- Up-to-date: /home/pederba/ros2_ws/install/turtlesim/share/ament_index/resource_index/parent_prefix_path/turtlesim
[5.755s] -- Installing: /home/pederba/ros2_ws/install/turtlesim/share/turtlesim/environment/ament_prefix_path.sh
[5.755s] -- Up-to-date: /home/pederba/ros2_ws/install/turtlesim/share/turtlesim/environment/ament_prefix_path.dsv
[5.756s] -- Installing: /home/pederba/ros2_ws/install/turtlesim/share/turtlesim/environment/path.sh
[5.756s] -- Up-to-date: /home/pederba/ros2_ws/install/turtlesim/share/turtlesim/environment/path.dsv
[5.756s] -- Up-to-date: /home/pederba/ros2_ws/install/turtlesim/share/turtlesim/local_setup.bash
[5.756s] -- Up-to-date: /home/pederba/ros2_ws/install/turtlesim/share/turtlesim/local_setup.sh
[5.756s] -- Up-to-date: /home/pederba/ros2_ws/install/turtlesim/share/turtlesim/local_setup.zsh
[5.757s] -- Up-to-date: /home/pederba/ros2_ws/install/turtlesim/share/turtlesim/local_setup.dsv
[5.757s] -- Installing: /home/pederba/ros2_ws/install/turtlesim/share/turtlesim/package.dsv
[5.757s] -- Up-to-date: /home/pederba/ros2_ws/install/turtlesim/share/ament_index/resource_index/packages/turtlesim
[5.757s] -- Up-to-date: /home/pederba/ros2_ws/install/turtlesim/share/turtlesim/cmake/export_turtlesim__rosidl_generator_cExport.cmake
[5.757s] -- Up-to-date: /home/pederba/ros2_ws/install/turtlesim/share/turtlesim/cmake/export_turtlesim__rosidl_generator_cExport-noconfig.cmake
[5.762s] -- Up-to-date: /home/pederba/ros2_ws/install/turtlesim/share/turtlesim/cmake/export_turtlesim__rosidl_typesupport_fastrtps_cExport.cmake
[5.763s] -- Up-to-date: /home/pederba/ros2_ws/install/turtlesim/share/turtlesim/cmake/export_turtlesim__rosidl_typesupport_fastrtps_cExport-noconfig.cmake
[5.764s] -- Up-to-date: /home/pederba/ros2_ws/install/turtlesim/share/turtlesim/cmake/export_turtlesim__rosidl_generator_cppExport.cmake
[5.765s] -- Up-to-date: /home/pederba/ros2_ws/install/turtlesim/share/turtlesim/cmake/export_turtlesim__rosidl_typesupport_fastrtps_cppExport.cmake
[5.766s] -- Up-to-date: /home/pederba/ros2_ws/install/turtlesim/share/turtlesim/cmake/export_turtlesim__rosidl_typesupport_fastrtps_cppExport-noconfig.cmake
[5.770s] -- Up-to-date: /home/pederba/ros2_ws/install/turtlesim/share/turtlesim/cmake/turtlesim__rosidl_typesupport_introspection_cExport.cmake
[5.771s] -- Up-to-date: /home/pederba/ros2_ws/install/turtlesim/share/turtlesim/cmake/turtlesim__rosidl_typesupport_introspection_cExport-noconfig.cmake
[5.772s] -- Up-to-date: /home/pederba/ros2_ws/install/turtlesim/share/turtlesim/cmake/turtlesim__rosidl_typesupport_cExport.cmake
[5.773s] -- Up-to-date: /home/pederba/ros2_ws/install/turtlesim/share/turtlesim/cmake/turtlesim__rosidl_typesupport_cExport-noconfig.cmake
[5.774s] -- Up-to-date: /home/pederba/ros2_ws/install/turtlesim/share/turtlesim/cmake/turtlesim__rosidl_typesupport_introspection_cppExport.cmake
[5.774s] -- Up-to-date: /home/pederba/ros2_ws/install/turtlesim/share/turtlesim/cmake/turtlesim__rosidl_typesupport_introspection_cppExport-noconfig.cmake
[5.775s] -- Up-to-date: /home/pederba/ros2_ws/install/turtlesim/share/turtlesim/cmake/turtlesim__rosidl_typesupport_cppExport.cmake
[5.776s] -- Up-to-date: /home/pederba/ros2_ws/install/turtlesim/share/turtlesim/cmake/turtlesim__rosidl_typesupport_cppExport-noconfig.cmake
[5.776s] -- Up-to-date: /home/pederba/ros2_ws/install/turtlesim/share/turtlesim/cmake/export_turtlesim__rosidl_generator_pyExport.cmake
[5.776s] -- Up-to-date: /home/pederba/ros2_ws/install/turtlesim/share/turtlesim/cmake/export_turtlesim__rosidl_generator_pyExport-noconfig.cmake
[5.780s] -- Up-to-date: /home/pederba/ros2_ws/install/turtlesim/share/turtlesim/cmake/rosidl_cmake-extras.cmake
[5.780s] -- Up-to-date: /home/pederba/ros2_ws/install/turtlesim/share/turtlesim/cmake/ament_cmake_export_dependencies-extras.cmake
[5.780s] -- Up-to-date: /home/pederba/ros2_ws/install/turtlesim/share/turtlesim/cmake/ament_cmake_export_include_directories-extras.cmake
[5.780s] -- Up-to-date: /home/pederba/ros2_ws/install/turtlesim/share/turtlesim/cmake/ament_cmake_export_libraries-extras.cmake
[5.781s] -- Up-to-date: /home/pederba/ros2_ws/install/turtlesim/share/turtlesim/cmake/ament_cmake_export_targets-extras.cmake
[5.781s] -- Up-to-date: /home/pederba/ros2_ws/install/turtlesim/share/turtlesim/cmake/rosidl_cmake_export_typesupport_targets-extras.cmake
[5.781s] -- Up-to-date: /home/pederba/ros2_ws/install/turtlesim/share/turtlesim/cmake/rosidl_cmake_export_typesupport_libraries-extras.cmake
[5.781s] -- Up-to-date: /home/pederba/ros2_ws/install/turtlesim/share/turtlesim/cmake/turtlesimConfig.cmake
[5.781s] -- Up-to-date: /home/pederba/ros2_ws/install/turtlesim/share/turtlesim/cmake/turtlesimConfig-version.cmake
[5.781s] -- Up-to-date: /home/pederba/ros2_ws/install/turtlesim/share/turtlesim/package.xml
[7.142s] Invoked command in '/home/pederba/ros2_ws/build/turtlesim' returned '0': CMAKE_PREFIX_PATH=${CMAKE_PREFIX_PATH}:/home/pederba/ros2_ws/install/lab02_pkg_test:/home/pederba/ros2_ws/install/turtlebot3_teleop:/home/pederba/ros2_ws/install/turtlebot3_example:/home/pederba/ros2_ws/install/py_pubsub:/home/pederba/ros2_ws/install/lab03_pkg:/home/pederba/ros2_ws/install/lab01_pkg:/opt/ros/humble /usr/bin/cmake --install /home/pederba/ros2_ws/build/turtlesim
