[1.297s] Invoking command in '/home/pederba/ros2_ws/build/turtlesim': CMAKE_PREFIX_PATH=${CMAKE_PREFIX_PATH}:/home/pederba/ros2_ws/install/lab02_pkg_test:/home/pederba/ros2_ws/install/turtlebot3_teleop:/home/pederba/ros2_ws/install/turtlebot3_example:/home/pederba/ros2_ws/install/py_pubsub:/home/pederba/ros2_ws/install/lab02_pkg:/home/pederba/ros2_ws/install/lab01_pkg:/opt/ros/humble /usr/bin/cmake --build /home/pederba/ros2_ws/build/turtlesim -- -j8 -l8
[1.517s] [  1%] Built target turtlesim__cpp
[1.552s] [ 11%] Built target turtlesim__rosidl_generator_c
[1.570s] [ 11%] Built target ament_cmake_python_copy_turtlesim
[1.696s] [ 21%] Built target turtlesim__rosidl_typesupport_introspection_cpp
[1.706s] [ 31%] Built target turtlesim__rosidl_typesupport_fastrtps_c
[1.721s] [ 41%] Built target turtlesim__rosidl_typesupport_fastrtps_cpp
[1.728s] [ 51%] Built target turtlesim__rosidl_typesupport_cpp
[1.753s] [ 61%] Built target turtlesim__rosidl_typesupport_c
[1.760s] [ 71%] Built target turtlesim__rosidl_typesupport_introspection_c
[1.871s] [ 77%] Built target turtlesim_node
[1.896s] [ 79%] Built target draw_square
[1.920s] [ 81%] Built target mimic
[1.951s] [ 83%] Built target turtle_teleop_key
[1.975s] [ 83%] Built target turtlesim
[2.040s] [ 84%] Built target turtlesim__py
[2.119s] [ 93%] Built target turtlesim__rosidl_generator_py
[2.207s] [ 95%] Built target turtlesim__rosidl_typesupport_fastrtps_c__pyext
[2.222s] [ 97%] Built target turtlesim__rosidl_typesupport_c__pyext
[2.232s] [100%] Built target turtlesim__rosidl_typesupport_introspection_c__pyext
[2.403s] running egg_info
[2.439s] writing turtlesim.egg-info/PKG-INFO
[2.440s] writing dependency_links to turtlesim.egg-info/dependency_links.txt
[2.440s] writing top-level names to turtlesim.egg-info/top_level.txt
[2.557s] reading manifest file 'turtlesim.egg-info/SOURCES.txt'
[2.558s] writing manifest file 'turtlesim.egg-info/SOURCES.txt'
[2.626s] [100%] Built target ament_cmake_python_build_turtlesim_egg
[3.521s] Invoked command in '/home/pederba/ros2_ws/build/turtlesim' returned '0': CMAKE_PREFIX_PATH=${CMAKE_PREFIX_PATH}:/home/pederba/ros2_ws/install/lab02_pkg_test:/home/pederba/ros2_ws/install/turtlebot3_teleop:/home/pederba/ros2_ws/install/turtlebot3_example:/home/pederba/ros2_ws/install/py_pubsub:/home/pederba/ros2_ws/install/lab02_pkg:/home/pederba/ros2_ws/install/lab01_pkg:/opt/ros/humble /usr/bin/cmake --build /home/pederba/ros2_ws/build/turtlesim -- -j8 -l8
[4.739s] Invoking command in '/home/pederba/ros2_ws/build/turtlesim': CMAKE_PREFIX_PATH=${CMAKE_PREFIX_PATH}:/home/pederba/ros2_ws/install/lab02_pkg_test:/home/pederba/ros2_ws/install/turtlebot3_teleop:/home/pederba/ros2_ws/install/turtlebot3_example:/home/pederba/ros2_ws/install/py_pubsub:/home/pederba/ros2_ws/install/lab02_pkg:/home/pederba/ros2_ws/install/lab01_pkg:/opt/ros/humble /usr/bin/cmake --install /home/pederba/ros2_ws/build/turtlesim
[4.885s] -- Install configuration: ""
[4.886s] -- Up-to-date: /home/pederba/ros2_ws/install/turtlesim/share/ament_index/resource_index/rosidl_interfaces/turtlesim
[4.886s] -- Up-to-date: /home/pederba/ros2_ws/install/turtlesim/include/turtlesim/turtlesim
[4.886s] -- Up-to-date: /home/pederba/ros2_ws/install/turtlesim/include/turtlesim/turtlesim/srv
[4.887s] -- Up-to-date: /home/pederba/ros2_ws/install/turtlesim/include/turtlesim/turtlesim/srv/teleport_relative.h
[4.887s] -- Up-to-date: /home/pederba/ros2_ws/install/turtlesim/include/turtlesim/turtlesim/srv/teleport_absolute.h
[4.888s] -- Up-to-date: /home/pederba/ros2_ws/install/turtlesim/include/turtlesim/turtlesim/srv/spawn.h
[4.888s] -- Up-to-date: /home/pederba/ros2_ws/install/turtlesim/include/turtlesim/turtlesim/srv/set_pen.h
[4.889s] -- Up-to-date: /home/pederba/ros2_ws/install/turtlesim/include/turtlesim/turtlesim/srv/kill.h
[4.889s] -- Up-to-date: /home/pederba/ros2_ws/install/turtlesim/include/turtlesim/turtlesim/srv/detail
[4.889s] -- Up-to-date: /home/pederba/ros2_ws/install/turtlesim/include/turtlesim/turtlesim/srv/detail/teleport_absolute__functions.h
[4.889s] -- Up-to-date: /home/pederba/ros2_ws/install/turtlesim/include/turtlesim/turtlesim/srv/detail/set_pen__functions.c
[4.890s] -- Up-to-date: /home/pederba/ros2_ws/install/turtlesim/include/turtlesim/turtlesim/srv/detail/teleport_absolute__functions.c
[4.890s] -- Up-to-date: /home/pederba/ros2_ws/install/turtlesim/include/turtlesim/turtlesim/srv/detail/teleport_relative__functions.c
[4.890s] -- Up-to-date: /home/pederba/ros2_ws/install/turtlesim/include/turtlesim/turtlesim/srv/detail/teleport_relative__functions.h
[4.890s] -- Up-to-date: /home/pederba/ros2_ws/install/turtlesim/include/turtlesim/turtlesim/srv/detail/spawn__struct.h
[4.890s] -- Up-to-date: /home/pederba/ros2_ws/install/turtlesim/include/turtlesim/turtlesim/srv/detail/teleport_relative__type_support.h
[4.890s] -- Up-to-date: /home/pederba/ros2_ws/install/turtlesim/include/turtlesim/turtlesim/srv/detail/spawn__functions.h
[4.890s] -- Up-to-date: /home/pederba/ros2_ws/install/turtlesim/include/turtlesim/turtlesim/srv/detail/teleport_relative__struct.h
[4.891s] -- Up-to-date: /home/pederba/ros2_ws/install/turtlesim/include/turtlesim/turtlesim/srv/detail/set_pen__type_support.h
[4.891s] -- Up-to-date: /home/pederba/ros2_ws/install/turtlesim/include/turtlesim/turtlesim/srv/detail/teleport_absolute__struct.h
[4.891s] -- Up-to-date: /home/pederba/ros2_ws/install/turtlesim/include/turtlesim/turtlesim/srv/detail/kill__struct.h
[4.891s] -- Up-to-date: /home/pederba/ros2_ws/install/turtlesim/include/turtlesim/turtlesim/srv/detail/spawn__functions.c
[4.891s] -- Up-to-date: /home/pederba/ros2_ws/install/turtlesim/include/turtlesim/turtlesim/srv/detail/teleport_absolute__type_support.h
[4.891s] -- Up-to-date: /home/pederba/ros2_ws/install/turtlesim/include/turtlesim/turtlesim/srv/detail/set_pen__functions.h
[4.892s] -- Up-to-date: /home/pederba/ros2_ws/install/turtlesim/include/turtlesim/turtlesim/srv/detail/kill__functions.c
[4.892s] -- Up-to-date: /home/pederba/ros2_ws/install/turtlesim/include/turtlesim/turtlesim/srv/detail/kill__type_support.h
[4.892s] -- Up-to-date: /home/pederba/ros2_ws/install/turtlesim/include/turtlesim/turtlesim/srv/detail/kill__functions.h
[4.892s] -- Up-to-date: /home/pederba/ros2_ws/install/turtlesim/include/turtlesim/turtlesim/srv/detail/spawn__type_support.h
[4.893s] -- Up-to-date: /home/pederba/ros2_ws/install/turtlesim/include/turtlesim/turtlesim/srv/detail/set_pen__struct.h
[4.893s] -- Up-to-date: /home/pederba/ros2_ws/install/turtlesim/include/turtlesim/turtlesim/msg
[4.893s] -- Up-to-date: /home/pederba/ros2_ws/install/turtlesim/include/turtlesim/turtlesim/msg/rosidl_generator_c__visibility_control.h
[4.894s] -- Up-to-date: /home/pederba/ros2_ws/install/turtlesim/include/turtlesim/turtlesim/msg/pose.h
[4.894s] -- Up-to-date: /home/pederba/ros2_ws/install/turtlesim/include/turtlesim/turtlesim/msg/detail
[4.894s] -- Up-to-date: /home/pederba/ros2_ws/install/turtlesim/include/turtlesim/turtlesim/msg/detail/pose__type_support.h
[4.894s] -- Up-to-date: /home/pederba/ros2_ws/install/turtlesim/include/turtlesim/turtlesim/msg/detail/pose__functions.c
[4.894s] -- Up-to-date: /home/pederba/ros2_ws/install/turtlesim/include/turtlesim/turtlesim/msg/detail/color__functions.c
[4.894s] -- Up-to-date: /home/pederba/ros2_ws/install/turtlesim/include/turtlesim/turtlesim/msg/detail/color__type_support.h
[4.905s] -- Up-to-date: /home/pederba/ros2_ws/install/turtlesim/include/turtlesim/turtlesim/msg/detail/pose__struct.h
[4.905s] -- Up-to-date: /home/pederba/ros2_ws/install/turtlesim/include/turtlesim/turtlesim/msg/detail/pose__functions.h
[4.905s] -- Up-to-date: /home/pederba/ros2_ws/install/turtlesim/include/turtlesim/turtlesim/msg/detail/color__functions.h
[4.905s] -- Up-to-date: /home/pederba/ros2_ws/install/turtlesim/include/turtlesim/turtlesim/msg/detail/color__struct.h
[4.905s] -- Up-to-date: /home/pederba/ros2_ws/install/turtlesim/include/turtlesim/turtlesim/msg/color.h
[4.906s] -- Up-to-date: /home/pederba/ros2_ws/install/turtlesim/include/turtlesim/turtlesim/action
[4.906s] -- Up-to-date: /home/pederba/ros2_ws/install/turtlesim/include/turtlesim/turtlesim/action/rotate_absolute.h
[4.906s] -- Up-to-date: /home/pederba/ros2_ws/install/turtlesim/include/turtlesim/turtlesim/action/detail
[4.906s] -- Up-to-date: /home/pederba/ros2_ws/install/turtlesim/include/turtlesim/turtlesim/action/detail/rotate_absolute__type_support.h
[4.906s] -- Up-to-date: /home/pederba/ros2_ws/install/turtlesim/include/turtlesim/turtlesim/action/detail/rotate_absolute__struct.h
[4.906s] -- Up-to-date: /home/pederba/ros2_ws/install/turtlesim/include/turtlesim/turtlesim/action/detail/rotate_absolute__functions.h
[4.907s] -- Up-to-date: /home/pederba/ros2_ws/install/turtlesim/include/turtlesim/turtlesim/action/detail/rotate_absolute__functions.c
[4.907s] -- Up-to-date: /home/pederba/ros2_ws/install/turtlesim/share/turtlesim/environment/library_path.sh
[4.907s] -- Up-to-date: /home/pederba/ros2_ws/install/turtlesim/share/turtlesim/environment/library_path.dsv
[4.907s] -- Up-to-date: /home/pederba/ros2_ws/install/turtlesim/lib/libturtlesim__rosidl_generator_c.so
[4.907s] -- Up-to-date: /home/pederba/ros2_ws/install/turtlesim/include/turtlesim/turtlesim
[4.907s] -- Up-to-date: /home/pederba/ros2_ws/install/turtlesim/include/turtlesim/turtlesim/srv
[4.908s] -- Up-to-date: /home/pederba/ros2_ws/install/turtlesim/include/turtlesim/turtlesim/srv/detail
[4.908s] -- Up-to-date: /home/pederba/ros2_ws/install/turtlesim/include/turtlesim/turtlesim/srv/detail/spawn__rosidl_typesupport_fastrtps_c.h
[4.908s] -- Up-to-date: /home/pederba/ros2_ws/install/turtlesim/include/turtlesim/turtlesim/srv/detail/teleport_absolute__rosidl_typesupport_fastrtps_c.h
[4.908s] -- Up-to-date: /home/pederba/ros2_ws/install/turtlesim/include/turtlesim/turtlesim/srv/detail/kill__rosidl_typesupport_fastrtps_c.h
[4.908s] -- Up-to-date: /home/pederba/ros2_ws/install/turtlesim/include/turtlesim/turtlesim/srv/detail/set_pen__rosidl_typesupport_fastrtps_c.h
[4.908s] -- Up-to-date: /home/pederba/ros2_ws/install/turtlesim/include/turtlesim/turtlesim/srv/detail/teleport_relative__rosidl_typesupport_fastrtps_c.h
[4.909s] -- Up-to-date: /home/pederba/ros2_ws/install/turtlesim/include/turtlesim/turtlesim/msg
[4.909s] -- Up-to-date: /home/pederba/ros2_ws/install/turtlesim/include/turtlesim/turtlesim/msg/rosidl_typesupport_fastrtps_c__visibility_control.h
[4.909s] -- Up-to-date: /home/pederba/ros2_ws/install/turtlesim/include/turtlesim/turtlesim/msg/detail
[4.909s] -- Up-to-date: /home/pederba/ros2_ws/install/turtlesim/include/turtlesim/turtlesim/msg/detail/pose__rosidl_typesupport_fastrtps_c.h
[4.909s] -- Up-to-date: /home/pederba/ros2_ws/install/turtlesim/include/turtlesim/turtlesim/msg/detail/color__rosidl_typesupport_fastrtps_c.h
[4.909s] -- Up-to-date: /home/pederba/ros2_ws/install/turtlesim/include/turtlesim/turtlesim/action
[4.910s] -- Up-to-date: /home/pederba/ros2_ws/install/turtlesim/include/turtlesim/turtlesim/action/detail
[4.910s] -- Up-to-date: /home/pederba/ros2_ws/install/turtlesim/include/turtlesim/turtlesim/action/detail/rotate_absolute__rosidl_typesupport_fastrtps_c.h
[4.910s] -- Up-to-date: /home/pederba/ros2_ws/install/turtlesim/lib/libturtlesim__rosidl_typesupport_fastrtps_c.so
[4.910s] -- Up-to-date: /home/pederba/ros2_ws/install/turtlesim/include/turtlesim/turtlesim
[4.910s] -- Up-to-date: /home/pederba/ros2_ws/install/turtlesim/include/turtlesim/turtlesim/srv
[4.910s] -- Up-to-date: /home/pederba/ros2_ws/install/turtlesim/include/turtlesim/turtlesim/srv/kill.hpp
[4.911s] -- Up-to-date: /home/pederba/ros2_ws/install/turtlesim/include/turtlesim/turtlesim/srv/spawn.hpp
[4.911s] -- Up-to-date: /home/pederba/ros2_ws/install/turtlesim/include/turtlesim/turtlesim/srv/set_pen.hpp
[4.911s] -- Up-to-date: /home/pederba/ros2_ws/install/turtlesim/include/turtlesim/turtlesim/srv/teleport_absolute.hpp
[4.911s] -- Up-to-date: /home/pederba/ros2_ws/install/turtlesim/include/turtlesim/turtlesim/srv/teleport_relative.hpp
[4.911s] -- Up-to-date: /home/pederba/ros2_ws/install/turtlesim/include/turtlesim/turtlesim/srv/detail
[4.911s] -- Up-to-date: /home/pederba/ros2_ws/install/turtlesim/include/turtlesim/turtlesim/srv/detail/teleport_relative__traits.hpp
[4.911s] -- Up-to-date: /home/pederba/ros2_ws/install/turtlesim/include/turtlesim/turtlesim/srv/detail/set_pen__struct.hpp
[4.912s] -- Up-to-date: /home/pederba/ros2_ws/install/turtlesim/include/turtlesim/turtlesim/srv/detail/teleport_absolute__struct.hpp
[4.912s] -- Up-to-date: /home/pederba/ros2_ws/install/turtlesim/include/turtlesim/turtlesim/srv/detail/kill__traits.hpp
[4.912s] -- Up-to-date: /home/pederba/ros2_ws/install/turtlesim/include/turtlesim/turtlesim/srv/detail/set_pen__traits.hpp
[4.912s] -- Up-to-date: /home/pederba/ros2_ws/install/turtlesim/include/turtlesim/turtlesim/srv/detail/teleport_relative__struct.hpp
[4.912s] -- Up-to-date: /home/pederba/ros2_ws/install/turtlesim/include/turtlesim/turtlesim/srv/detail/kill__builder.hpp
[4.912s] -- Up-to-date: /home/pederba/ros2_ws/install/turtlesim/include/turtlesim/turtlesim/srv/detail/set_pen__builder.hpp
[4.913s] -- Up-to-date: /home/pederba/ros2_ws/install/turtlesim/include/turtlesim/turtlesim/srv/detail/kill__struct.hpp
[4.913s] -- Up-to-date: /home/pederba/ros2_ws/install/turtlesim/include/turtlesim/turtlesim/srv/detail/teleport_relative__builder.hpp
[4.913s] -- Up-to-date: /home/pederba/ros2_ws/install/turtlesim/include/turtlesim/turtlesim/srv/detail/teleport_absolute__builder.hpp
[4.913s] -- Up-to-date: /home/pederba/ros2_ws/install/turtlesim/include/turtlesim/turtlesim/srv/detail/spawn__traits.hpp
[4.913s] -- Up-to-date: /home/pederba/ros2_ws/install/turtlesim/include/turtlesim/turtlesim/srv/detail/teleport_absolute__traits.hpp
[4.913s] -- Up-to-date: /home/pederba/ros2_ws/install/turtlesim/include/turtlesim/turtlesim/srv/detail/spawn__builder.hpp
[4.914s] -- Up-to-date: /home/pederba/ros2_ws/install/turtlesim/include/turtlesim/turtlesim/srv/detail/spawn__struct.hpp
[4.914s] -- Up-to-date: /home/pederba/ros2_ws/install/turtlesim/include/turtlesim/turtlesim/msg
[4.914s] -- Up-to-date: /home/pederba/ros2_ws/install/turtlesim/include/turtlesim/turtlesim/msg/pose.hpp
[4.914s] -- Up-to-date: /home/pederba/ros2_ws/install/turtlesim/include/turtlesim/turtlesim/msg/color.hpp
[4.914s] -- Up-to-date: /home/pederba/ros2_ws/install/turtlesim/include/turtlesim/turtlesim/msg/detail
[4.914s] -- Up-to-date: /home/pederba/ros2_ws/install/turtlesim/include/turtlesim/turtlesim/msg/detail/color__builder.hpp
[4.915s] -- Up-to-date: /home/pederba/ros2_ws/install/turtlesim/include/turtlesim/turtlesim/msg/detail/color__traits.hpp
[4.915s] -- Up-to-date: /home/pederba/ros2_ws/install/turtlesim/include/turtlesim/turtlesim/msg/detail/pose__traits.hpp
[4.915s] -- Up-to-date: /home/pederba/ros2_ws/install/turtlesim/include/turtlesim/turtlesim/msg/detail/color__struct.hpp
[4.915s] -- Up-to-date: /home/pederba/ros2_ws/install/turtlesim/include/turtlesim/turtlesim/msg/detail/pose__builder.hpp
[4.915s] -- Up-to-date: /home/pederba/ros2_ws/install/turtlesim/include/turtlesim/turtlesim/msg/detail/pose__struct.hpp
[4.915s] -- Up-to-date: /home/pederba/ros2_ws/install/turtlesim/include/turtlesim/turtlesim/action
[4.916s] -- Up-to-date: /home/pederba/ros2_ws/install/turtlesim/include/turtlesim/turtlesim/action/rotate_absolute.hpp
[4.916s] -- Up-to-date: /home/pederba/ros2_ws/install/turtlesim/include/turtlesim/turtlesim/action/detail
[4.916s] -- Up-to-date: /home/pederba/ros2_ws/install/turtlesim/include/turtlesim/turtlesim/action/detail/rotate_absolute__traits.hpp
[4.916s] -- Up-to-date: /home/pederba/ros2_ws/install/turtlesim/include/turtlesim/turtlesim/action/detail/rotate_absolute__builder.hpp
[4.916s] -- Up-to-date: /home/pederba/ros2_ws/install/turtlesim/include/turtlesim/turtlesim/action/detail/rotate_absolute__struct.hpp
[4.916s] -- Up-to-date: /home/pederba/ros2_ws/install/turtlesim/include/turtlesim/turtlesim
[4.916s] -- Up-to-date: /home/pederba/ros2_ws/install/turtlesim/include/turtlesim/turtlesim/srv
[4.917s] -- Up-to-date: /home/pederba/ros2_ws/install/turtlesim/include/turtlesim/turtlesim/srv/detail
[4.917s] -- Up-to-date: /home/pederba/ros2_ws/install/turtlesim/include/turtlesim/turtlesim/srv/detail/dds_fastrtps
[4.917s] -- Up-to-date: /home/pederba/ros2_ws/install/turtlesim/include/turtlesim/turtlesim/srv/detail/set_pen__rosidl_typesupport_fastrtps_cpp.hpp
[4.917s] -- Up-to-date: /home/pederba/ros2_ws/install/turtlesim/include/turtlesim/turtlesim/srv/detail/spawn__rosidl_typesupport_fastrtps_cpp.hpp
[4.917s] -- Up-to-date: /home/pederba/ros2_ws/install/turtlesim/include/turtlesim/turtlesim/srv/detail/teleport_absolute__rosidl_typesupport_fastrtps_cpp.hpp
[4.918s] -- Up-to-date: /home/pederba/ros2_ws/install/turtlesim/include/turtlesim/turtlesim/srv/detail/teleport_relative__rosidl_typesupport_fastrtps_cpp.hpp
[4.918s] -- Up-to-date: /home/pederba/ros2_ws/install/turtlesim/include/turtlesim/turtlesim/srv/detail/kill__rosidl_typesupport_fastrtps_cpp.hpp
[4.918s] -- Up-to-date: /home/pederba/ros2_ws/install/turtlesim/include/turtlesim/turtlesim/msg
[4.918s] -- Up-to-date: /home/pederba/ros2_ws/install/turtlesim/include/turtlesim/turtlesim/msg/rosidl_typesupport_fastrtps_cpp__visibility_control.h
[4.918s] -- Up-to-date: /home/pederba/ros2_ws/install/turtlesim/include/turtlesim/turtlesim/msg/detail
[4.918s] -- Up-to-date: /home/pederba/ros2_ws/install/turtlesim/include/turtlesim/turtlesim/msg/detail/dds_fastrtps
[4.918s] -- Up-to-date: /home/pederba/ros2_ws/install/turtlesim/include/turtlesim/turtlesim/msg/detail/color__rosidl_typesupport_fastrtps_cpp.hpp
[4.919s] -- Up-to-date: /home/pederba/ros2_ws/install/turtlesim/include/turtlesim/turtlesim/msg/detail/pose__rosidl_typesupport_fastrtps_cpp.hpp
[4.919s] -- Up-to-date: /home/pederba/ros2_ws/install/turtlesim/include/turtlesim/turtlesim/action
[4.919s] -- Up-to-date: /home/pederba/ros2_ws/install/turtlesim/include/turtlesim/turtlesim/action/detail
[4.919s] -- Up-to-date: /home/pederba/ros2_ws/install/turtlesim/include/turtlesim/turtlesim/action/detail/dds_fastrtps
[4.919s] -- Up-to-date: /home/pederba/ros2_ws/install/turtlesim/include/turtlesim/turtlesim/action/detail/rotate_absolute__rosidl_typesupport_fastrtps_cpp.hpp
[4.920s] -- Up-to-date: /home/pederba/ros2_ws/install/turtlesim/lib/libturtlesim__rosidl_typesupport_fastrtps_cpp.so
[4.920s] -- Up-to-date: /home/pederba/ros2_ws/install/turtlesim/include/turtlesim/turtlesim
[4.920s] -- Up-to-date: /home/pederba/ros2_ws/install/turtlesim/include/turtlesim/turtlesim/srv
[4.920s] -- Up-to-date: /home/pederba/ros2_ws/install/turtlesim/include/turtlesim/turtlesim/srv/detail
[4.921s] -- Up-to-date: /home/pederba/ros2_ws/install/turtlesim/include/turtlesim/turtlesim/srv/detail/set_pen__type_support.c
[4.921s] -- Up-to-date: /home/pederba/ros2_ws/install/turtlesim/include/turtlesim/turtlesim/srv/detail/spawn__rosidl_typesupport_introspection_c.h
[4.922s] -- Up-to-date: /home/pederba/ros2_ws/install/turtlesim/include/turtlesim/turtlesim/srv/detail/teleport_relative__type_support.c
[4.922s] -- Up-to-date: /home/pederba/ros2_ws/install/turtlesim/include/turtlesim/turtlesim/srv/detail/spawn__type_support.c
[4.923s] -- Up-to-date: /home/pederba/ros2_ws/install/turtlesim/include/turtlesim/turtlesim/srv/detail/set_pen__rosidl_typesupport_introspection_c.h
[4.923s] -- Up-to-date: /home/pederba/ros2_ws/install/turtlesim/include/turtlesim/turtlesim/srv/detail/kill__rosidl_typesupport_introspection_c.h
[4.923s] -- Up-to-date: /home/pederba/ros2_ws/install/turtlesim/include/turtlesim/turtlesim/srv/detail/kill__type_support.c
[4.924s] -- Up-to-date: /home/pederba/ros2_ws/install/turtlesim/include/turtlesim/turtlesim/srv/detail/teleport_relative__rosidl_typesupport_introspection_c.h
[4.924s] -- Up-to-date: /home/pederba/ros2_ws/install/turtlesim/include/turtlesim/turtlesim/srv/detail/teleport_absolute__rosidl_typesupport_introspection_c.h
[4.925s] -- Up-to-date: /home/pederba/ros2_ws/install/turtlesim/include/turtlesim/turtlesim/srv/detail/teleport_absolute__type_support.c
[4.925s] -- Up-to-date: /home/pederba/ros2_ws/install/turtlesim/include/turtlesim/turtlesim/msg
[4.926s] -- Up-to-date: /home/pederba/ros2_ws/install/turtlesim/include/turtlesim/turtlesim/msg/rosidl_typesupport_introspection_c__visibility_control.h
[4.926s] -- Up-to-date: /home/pederba/ros2_ws/install/turtlesim/include/turtlesim/turtlesim/msg/detail
[4.927s] -- Up-to-date: /home/pederba/ros2_ws/install/turtlesim/include/turtlesim/turtlesim/msg/detail/color__rosidl_typesupport_introspection_c.h
[4.928s] -- Up-to-date: /home/pederba/ros2_ws/install/turtlesim/include/turtlesim/turtlesim/msg/detail/pose__type_support.c
[4.929s] -- Up-to-date: /home/pederba/ros2_ws/install/turtlesim/include/turtlesim/turtlesim/msg/detail/color__type_support.c
[4.930s] -- Up-to-date: /home/pederba/ros2_ws/install/turtlesim/include/turtlesim/turtlesim/msg/detail/pose__rosidl_typesupport_introspection_c.h
[4.930s] -- Up-to-date: /home/pederba/ros2_ws/install/turtlesim/include/turtlesim/turtlesim/action
[4.931s] -- Up-to-date: /home/pederba/ros2_ws/install/turtlesim/include/turtlesim/turtlesim/action/detail
[4.931s] -- Up-to-date: /home/pederba/ros2_ws/install/turtlesim/include/turtlesim/turtlesim/action/detail/rotate_absolute__type_support.c
[4.932s] -- Up-to-date: /home/pederba/ros2_ws/install/turtlesim/include/turtlesim/turtlesim/action/detail/rotate_absolute__rosidl_typesupport_introspection_c.h
[4.932s] -- Up-to-date: /home/pederba/ros2_ws/install/turtlesim/lib/libturtlesim__rosidl_typesupport_introspection_c.so
[4.933s] -- Up-to-date: /home/pederba/ros2_ws/install/turtlesim/lib/libturtlesim__rosidl_typesupport_c.so
[4.933s] -- Up-to-date: /home/pederba/ros2_ws/install/turtlesim/include/turtlesim/turtlesim
[4.934s] -- Up-to-date: /home/pederba/ros2_ws/install/turtlesim/include/turtlesim/turtlesim/srv
[4.934s] -- Up-to-date: /home/pederba/ros2_ws/install/turtlesim/include/turtlesim/turtlesim/srv/detail
[4.935s] -- Up-to-date: /home/pederba/ros2_ws/install/turtlesim/include/turtlesim/turtlesim/srv/detail/set_pen__rosidl_typesupport_introspection_cpp.hpp
[4.935s] -- Up-to-date: /home/pederba/ros2_ws/install/turtlesim/include/turtlesim/turtlesim/srv/detail/spawn__rosidl_typesupport_introspection_cpp.hpp
[4.935s] -- Up-to-date: /home/pederba/ros2_ws/install/turtlesim/include/turtlesim/turtlesim/srv/detail/kill__rosidl_typesupport_introspection_cpp.hpp
[4.936s] -- Up-to-date: /home/pederba/ros2_ws/install/turtlesim/include/turtlesim/turtlesim/srv/detail/teleport_relative__type_support.cpp
[4.936s] -- Up-to-date: /home/pederba/ros2_ws/install/turtlesim/include/turtlesim/turtlesim/srv/detail/kill__type_support.cpp
[4.937s] -- Up-to-date: /home/pederba/ros2_ws/install/turtlesim/include/turtlesim/turtlesim/srv/detail/teleport_relative__rosidl_typesupport_introspection_cpp.hpp
[4.937s] -- Up-to-date: /home/pederba/ros2_ws/install/turtlesim/include/turtlesim/turtlesim/srv/detail/spawn__type_support.cpp
[4.938s] -- Up-to-date: /home/pederba/ros2_ws/install/turtlesim/include/turtlesim/turtlesim/srv/detail/set_pen__type_support.cpp
[4.938s] -- Up-to-date: /home/pederba/ros2_ws/install/turtlesim/include/turtlesim/turtlesim/srv/detail/teleport_absolute__rosidl_typesupport_introspection_cpp.hpp
[4.939s] -- Up-to-date: /home/pederba/ros2_ws/install/turtlesim/include/turtlesim/turtlesim/srv/detail/teleport_absolute__type_support.cpp
[4.940s] -- Up-to-date: /home/pederba/ros2_ws/install/turtlesim/include/turtlesim/turtlesim/msg
[4.940s] -- Up-to-date: /home/pederba/ros2_ws/install/turtlesim/include/turtlesim/turtlesim/msg/detail
[4.941s] -- Up-to-date: /home/pederba/ros2_ws/install/turtlesim/include/turtlesim/turtlesim/msg/detail/pose__rosidl_typesupport_introspection_cpp.hpp
[4.941s] -- Up-to-date: /home/pederba/ros2_ws/install/turtlesim/include/turtlesim/turtlesim/msg/detail/color__rosidl_typesupport_introspection_cpp.hpp
[4.942s] -- Up-to-date: /home/pederba/ros2_ws/install/turtlesim/include/turtlesim/turtlesim/msg/detail/pose__type_support.cpp
[4.942s] -- Up-to-date: /home/pederba/ros2_ws/install/turtlesim/include/turtlesim/turtlesim/msg/detail/color__type_support.cpp
[4.943s] -- Up-to-date: /home/pederba/ros2_ws/install/turtlesim/include/turtlesim/turtlesim/action
[4.947s] -- Up-to-date: /home/pederba/ros2_ws/install/turtlesim/include/turtlesim/turtlesim/action/detail
[4.947s] -- Up-to-date: /home/pederba/ros2_ws/install/turtlesim/include/turtlesim/turtlesim/action/detail/rotate_absolute__rosidl_typesupport_introspection_cpp.hpp
[4.950s] -- Up-to-date: /home/pederba/ros2_ws/install/turtlesim/include/turtlesim/turtlesim/action/detail/rotate_absolute__type_support.cpp
[4.951s] -- Up-to-date: /home/pederba/ros2_ws/install/turtlesim/lib/libturtlesim__rosidl_typesupport_introspection_cpp.so
[4.952s] -- Up-to-date: /home/pederba/ros2_ws/install/turtlesim/lib/libturtlesim__rosidl_typesupport_cpp.so
[4.952s] -- Up-to-date: /home/pederba/ros2_ws/install/turtlesim/share/turtlesim/environment/pythonpath.sh
[4.954s] -- Up-to-date: /home/pederba/ros2_ws/install/turtlesim/share/turtlesim/environment/pythonpath.dsv
[4.954s] -- Up-to-date: /home/pederba/ros2_ws/install/turtlesim/local/lib/python3.10/dist-packages/turtlesim-1.4.2-py3.10.egg-info
[4.956s] -- Installing: /home/pederba/ros2_ws/install/turtlesim/local/lib/python3.10/dist-packages/turtlesim-1.4.2-py3.10.egg-info/dependency_links.txt
[4.957s] -- Installing: /home/pederba/ros2_ws/install/turtlesim/local/lib/python3.10/dist-packages/turtlesim-1.4.2-py3.10.egg-info/SOURCES.txt
[4.957s] -- Installing: /home/pederba/ros2_ws/install/turtlesim/local/lib/python3.10/dist-packages/turtlesim-1.4.2-py3.10.egg-info/PKG-INFO
[4.959s] -- Installing: /home/pederba/ros2_ws/install/turtlesim/local/lib/python3.10/dist-packages/turtlesim-1.4.2-py3.10.egg-info/top_level.txt
[4.959s] -- Up-to-date: /home/pederba/ros2_ws/install/turtlesim/local/lib/python3.10/dist-packages/turtlesim
[4.959s] -- Up-to-date: /home/pederba/ros2_ws/install/turtlesim/local/lib/python3.10/dist-packages/turtlesim/turtlesim_s__rosidl_typesupport_fastrtps_c.cpython-310-x86_64-linux-gnu.so
[4.960s] -- Up-to-date: /home/pederba/ros2_ws/install/turtlesim/local/lib/python3.10/dist-packages/turtlesim/libturtlesim__rosidl_generator_py.so
[4.960s] -- Up-to-date: /home/pederba/ros2_ws/install/turtlesim/local/lib/python3.10/dist-packages/turtlesim/_turtlesim_s.ep.rosidl_typesupport_c.c
[4.960s] -- Up-to-date: /home/pederba/ros2_ws/install/turtlesim/local/lib/python3.10/dist-packages/turtlesim/turtlesim_s__rosidl_typesupport_introspection_c.cpython-310-x86_64-linux-gnu.so
[4.961s] -- Up-to-date: /home/pederba/ros2_ws/install/turtlesim/local/lib/python3.10/dist-packages/turtlesim/_turtlesim_s.ep.rosidl_typesupport_introspection_c.c
[4.961s] -- Up-to-date: /home/pederba/ros2_ws/install/turtlesim/local/lib/python3.10/dist-packages/turtlesim/srv
[4.961s] -- Up-to-date: /home/pederba/ros2_ws/install/turtlesim/local/lib/python3.10/dist-packages/turtlesim/srv/_set_pen.py
[4.962s] -- Up-to-date: /home/pederba/ros2_ws/install/turtlesim/local/lib/python3.10/dist-packages/turtlesim/srv/_spawn.py
[4.962s] -- Up-to-date: /home/pederba/ros2_ws/install/turtlesim/local/lib/python3.10/dist-packages/turtlesim/srv/_set_pen_s.c
[4.963s] -- Up-to-date: /home/pederba/ros2_ws/install/turtlesim/local/lib/python3.10/dist-packages/turtlesim/srv/_kill.py
[4.963s] -- Up-to-date: /home/pederba/ros2_ws/install/turtlesim/local/lib/python3.10/dist-packages/turtlesim/srv/_kill_s.c
[4.964s] -- Up-to-date: /home/pederba/ros2_ws/install/turtlesim/local/lib/python3.10/dist-packages/turtlesim/srv/_teleport_absolute_s.c
[4.964s] -- Up-to-date: /home/pederba/ros2_ws/install/turtlesim/local/lib/python3.10/dist-packages/turtlesim/srv/_teleport_absolute.py
[4.964s] -- Up-to-date: /home/pederba/ros2_ws/install/turtlesim/local/lib/python3.10/dist-packages/turtlesim/srv/_teleport_relative_s.c
[4.965s] -- Up-to-date: /home/pederba/ros2_ws/install/turtlesim/local/lib/python3.10/dist-packages/turtlesim/srv/__init__.py
[4.965s] -- Up-to-date: /home/pederba/ros2_ws/install/turtlesim/local/lib/python3.10/dist-packages/turtlesim/srv/_teleport_relative.py
[4.966s] -- Up-to-date: /home/pederba/ros2_ws/install/turtlesim/local/lib/python3.10/dist-packages/turtlesim/srv/_spawn_s.c
[4.966s] -- Up-to-date: /home/pederba/ros2_ws/install/turtlesim/local/lib/python3.10/dist-packages/turtlesim/turtlesim_s__rosidl_typesupport_c.cpython-310-x86_64-linux-gnu.so
[4.966s] -- Up-to-date: /home/pederba/ros2_ws/install/turtlesim/local/lib/python3.10/dist-packages/turtlesim/msg
[4.967s] -- Up-to-date: /home/pederba/ros2_ws/install/turtlesim/local/lib/python3.10/dist-packages/turtlesim/msg/_color.py
[4.967s] -- Up-to-date: /home/pederba/ros2_ws/install/turtlesim/local/lib/python3.10/dist-packages/turtlesim/msg/_pose_s.c
[4.967s] -- Up-to-date: /home/pederba/ros2_ws/install/turtlesim/local/lib/python3.10/dist-packages/turtlesim/msg/__init__.py
[4.967s] -- Up-to-date: /home/pederba/ros2_ws/install/turtlesim/local/lib/python3.10/dist-packages/turtlesim/msg/_color_s.c
[4.968s] -- Up-to-date: /home/pederba/ros2_ws/install/turtlesim/local/lib/python3.10/dist-packages/turtlesim/msg/_pose.py
[4.969s] -- Up-to-date: /home/pederba/ros2_ws/install/turtlesim/local/lib/python3.10/dist-packages/turtlesim/__init__.py
[4.969s] -- Up-to-date: /home/pederba/ros2_ws/install/turtlesim/local/lib/python3.10/dist-packages/turtlesim/_turtlesim_s.ep.rosidl_typesupport_fastrtps_c.c
[4.970s] -- Up-to-date: /home/pederba/ros2_ws/install/turtlesim/local/lib/python3.10/dist-packages/turtlesim/action
[4.970s] -- Up-to-date: /home/pederba/ros2_ws/install/turtlesim/local/lib/python3.10/dist-packages/turtlesim/action/_rotate_absolute.py
[4.971s] -- Up-to-date: /home/pederba/ros2_ws/install/turtlesim/local/lib/python3.10/dist-packages/turtlesim/action/__init__.py
[4.971s] -- Up-to-date: /home/pederba/ros2_ws/install/turtlesim/local/lib/python3.10/dist-packages/turtlesim/action/_rotate_absolute_s.c
[4.983s] Listing '/home/pederba/ros2_ws/install/turtlesim/local/lib/python3.10/dist-packages/turtlesim'...
[4.984s] Listing '/home/pederba/ros2_ws/install/turtlesim/local/lib/python3.10/dist-packages/turtlesim/action'...
[4.984s] Listing '/home/pederba/ros2_ws/install/turtlesim/local/lib/python3.10/dist-packages/turtlesim/msg'...
[4.985s] Listing '/home/pederba/ros2_ws/install/turtlesim/local/lib/python3.10/dist-packages/turtlesim/srv'...
[4.995s] -- Up-to-date: /home/pederba/ros2_ws/install/turtlesim/local/lib/python3.10/dist-packages/turtlesim/turtlesim_s__rosidl_typesupport_fastrtps_c.cpython-310-x86_64-linux-gnu.so
[4.996s] -- Up-to-date: /home/pederba/ros2_ws/install/turtlesim/local/lib/python3.10/dist-packages/turtlesim/turtlesim_s__rosidl_typesupport_introspection_c.cpython-310-x86_64-linux-gnu.so
[4.998s] -- Up-to-date: /home/pederba/ros2_ws/install/turtlesim/local/lib/python3.10/dist-packages/turtlesim/turtlesim_s__rosidl_typesupport_c.cpython-310-x86_64-linux-gnu.so
[4.998s] -- Up-to-date: /home/pederba/ros2_ws/install/turtlesim/lib/libturtlesim__rosidl_generator_py.so
[4.999s] -- Up-to-date: /home/pederba/ros2_ws/install/turtlesim/share/turtlesim/action/RotateAbsolute.idl
[5.000s] -- Up-to-date: /home/pederba/ros2_ws/install/turtlesim/share/turtlesim/msg/Color.idl
[5.000s] -- Up-to-date: /home/pederba/ros2_ws/install/turtlesim/share/turtlesim/msg/Pose.idl
[5.005s] -- Up-to-date: /home/pederba/ros2_ws/install/turtlesim/share/turtlesim/srv/Kill.idl
[5.006s] -- Up-to-date: /home/pederba/ros2_ws/install/turtlesim/share/turtlesim/srv/SetPen.idl
[5.007s] -- Up-to-date: /home/pederba/ros2_ws/install/turtlesim/share/turtlesim/srv/Spawn.idl
[5.007s] -- Up-to-date: /home/pederba/ros2_ws/install/turtlesim/share/turtlesim/srv/TeleportAbsolute.idl
[5.008s] -- Up-to-date: /home/pederba/ros2_ws/install/turtlesim/share/turtlesim/srv/TeleportRelative.idl
[5.008s] -- Up-to-date: /home/pederba/ros2_ws/install/turtlesim/share/turtlesim/action/RotateAbsolute.action
[5.009s] -- Up-to-date: /home/pederba/ros2_ws/install/turtlesim/share/turtlesim/msg/Color.msg
[5.010s] -- Up-to-date: /home/pederba/ros2_ws/install/turtlesim/share/turtlesim/msg/Pose.msg
[5.010s] -- Up-to-date: /home/pederba/ros2_ws/install/turtlesim/share/turtlesim/srv/Kill.srv
[5.011s] -- Up-to-date: /home/pederba/ros2_ws/install/turtlesim/share/turtlesim/srv/Kill_Request.msg
[5.011s] -- Up-to-date: /home/pederba/ros2_ws/install/turtlesim/share/turtlesim/srv/Kill_Response.msg
[5.012s] -- Up-to-date: /home/pederba/ros2_ws/install/turtlesim/share/turtlesim/srv/SetPen.srv
[5.013s] -- Up-to-date: /home/pederba/ros2_ws/install/turtlesim/share/turtlesim/srv/SetPen_Request.msg
[5.014s] -- Up-to-date: /home/pederba/ros2_ws/install/turtlesim/share/turtlesim/srv/SetPen_Response.msg
[5.014s] -- Up-to-date: /home/pederba/ros2_ws/install/turtlesim/share/turtlesim/srv/Spawn.srv
[5.015s] -- Up-to-date: /home/pederba/ros2_ws/install/turtlesim/share/turtlesim/srv/Spawn_Request.msg
[5.016s] -- Up-to-date: /home/pederba/ros2_ws/install/turtlesim/share/turtlesim/srv/Spawn_Response.msg
[5.016s] -- Up-to-date: /home/pederba/ros2_ws/install/turtlesim/share/turtlesim/srv/TeleportAbsolute.srv
[5.017s] -- Up-to-date: /home/pederba/ros2_ws/install/turtlesim/share/turtlesim/srv/TeleportAbsolute_Request.msg
[5.017s] -- Up-to-date: /home/pederba/ros2_ws/install/turtlesim/share/turtlesim/srv/TeleportAbsolute_Response.msg
[5.018s] -- Up-to-date: /home/pederba/ros2_ws/install/turtlesim/share/turtlesim/srv/TeleportRelative.srv
[5.018s] -- Up-to-date: /home/pederba/ros2_ws/install/turtlesim/share/turtlesim/srv/TeleportRelative_Request.msg
[5.018s] -- Up-to-date: /home/pederba/ros2_ws/install/turtlesim/share/turtlesim/srv/TeleportRelative_Response.msg
[5.019s] -- Up-to-date: /home/pederba/ros2_ws/install/turtlesim/lib/turtlesim/turtlesim_node
[5.019s] -- Up-to-date: /home/pederba/ros2_ws/install/turtlesim/lib/turtlesim/turtle_teleop_key
[5.020s] -- Up-to-date: /home/pederba/ros2_ws/install/turtlesim/lib/turtlesim/draw_square
[5.020s] -- Up-to-date: /home/pederba/ros2_ws/install/turtlesim/lib/turtlesim/mimic
[5.021s] -- Up-to-date: /home/pederba/ros2_ws/install/turtlesim/share/turtlesim/images
[5.021s] -- Up-to-date: /home/pederba/ros2_ws/install/turtlesim/share/turtlesim/images/bouncy.png
[5.022s] -- Up-to-date: /home/pederba/ros2_ws/install/turtlesim/share/turtlesim/images/crystal.png
[5.023s] -- Up-to-date: /home/pederba/ros2_ws/install/turtlesim/share/turtlesim/images/galactic.png
[5.023s] -- Up-to-date: /home/pederba/ros2_ws/install/turtlesim/share/turtlesim/images/dashing.png
[5.024s] -- Up-to-date: /home/pederba/ros2_ws/install/turtlesim/share/turtlesim/images/rolling.png
[5.025s] -- Up-to-date: /home/pederba/ros2_ws/install/turtlesim/share/turtlesim/images/eloquent.png
[5.025s] -- Up-to-date: /home/pederba/ros2_ws/install/turtlesim/share/turtlesim/images/foxy.png
[5.026s] -- Up-to-date: /home/pederba/ros2_ws/install/turtlesim/share/turtlesim/images/ardent.png
[5.026s] -- Up-to-date: /home/pederba/ros2_ws/install/turtlesim/share/turtlesim/images/humble.png
[5.026s] -- Up-to-date: /home/pederba/ros2_ws/install/turtlesim/share/turtlesim/launch
[5.027s] -- Up-to-date: /home/pederba/ros2_ws/install/turtlesim/share/turtlesim/launch/multisim.launch.py
[5.028s] -- Up-to-date: /home/pederba/ros2_ws/install/turtlesim/share/ament_index/resource_index/package_run_dependencies/turtlesim
[5.028s] -- Up-to-date: /home/pederba/ros2_ws/install/turtlesim/share/ament_index/resource_index/parent_prefix_path/turtlesim
[5.029s] -- Up-to-date: /home/pederba/ros2_ws/install/turtlesim/share/turtlesim/environment/ament_prefix_path.sh
[5.029s] -- Up-to-date: /home/pederba/ros2_ws/install/turtlesim/share/turtlesim/environment/ament_prefix_path.dsv
[5.030s] -- Up-to-date: /home/pederba/ros2_ws/install/turtlesim/share/turtlesim/environment/path.sh
[5.030s] -- Up-to-date: /home/pederba/ros2_ws/install/turtlesim/share/turtlesim/environment/path.dsv
[5.030s] -- Up-to-date: /home/pederba/ros2_ws/install/turtlesim/share/turtlesim/local_setup.bash
[5.031s] -- Up-to-date: /home/pederba/ros2_ws/install/turtlesim/share/turtlesim/local_setup.sh
[5.031s] -- Up-to-date: /home/pederba/ros2_ws/install/turtlesim/share/turtlesim/local_setup.zsh
[5.032s] -- Up-to-date: /home/pederba/ros2_ws/install/turtlesim/share/turtlesim/local_setup.dsv
[5.032s] -- Installing: /home/pederba/ros2_ws/install/turtlesim/share/turtlesim/package.dsv
[5.033s] -- Up-to-date: /home/pederba/ros2_ws/install/turtlesim/share/ament_index/resource_index/packages/turtlesim
[5.033s] -- Up-to-date: /home/pederba/ros2_ws/install/turtlesim/share/turtlesim/cmake/export_turtlesim__rosidl_generator_cExport.cmake
[5.034s] -- Up-to-date: /home/pederba/ros2_ws/install/turtlesim/share/turtlesim/cmake/export_turtlesim__rosidl_generator_cExport-noconfig.cmake
[5.034s] -- Up-to-date: /home/pederba/ros2_ws/install/turtlesim/share/turtlesim/cmake/export_turtlesim__rosidl_typesupport_fastrtps_cExport.cmake
[5.035s] -- Up-to-date: /home/pederba/ros2_ws/install/turtlesim/share/turtlesim/cmake/export_turtlesim__rosidl_typesupport_fastrtps_cExport-noconfig.cmake
[5.035s] -- Up-to-date: /home/pederba/ros2_ws/install/turtlesim/share/turtlesim/cmake/export_turtlesim__rosidl_generator_cppExport.cmake
[5.036s] -- Up-to-date: /home/pederba/ros2_ws/install/turtlesim/share/turtlesim/cmake/export_turtlesim__rosidl_typesupport_fastrtps_cppExport.cmake
[5.036s] -- Up-to-date: /home/pederba/ros2_ws/install/turtlesim/share/turtlesim/cmake/export_turtlesim__rosidl_typesupport_fastrtps_cppExport-noconfig.cmake
[5.040s] -- Up-to-date: /home/pederba/ros2_ws/install/turtlesim/share/turtlesim/cmake/turtlesim__rosidl_typesupport_introspection_cExport.cmake
[5.040s] -- Up-to-date: /home/pederba/ros2_ws/install/turtlesim/share/turtlesim/cmake/turtlesim__rosidl_typesupport_introspection_cExport-noconfig.cmake
[5.040s] -- Up-to-date: /home/pederba/ros2_ws/install/turtlesim/share/turtlesim/cmake/turtlesim__rosidl_typesupport_cExport.cmake
[5.041s] -- Up-to-date: /home/pederba/ros2_ws/install/turtlesim/share/turtlesim/cmake/turtlesim__rosidl_typesupport_cExport-noconfig.cmake
[5.041s] -- Up-to-date: /home/pederba/ros2_ws/install/turtlesim/share/turtlesim/cmake/turtlesim__rosidl_typesupport_introspection_cppExport.cmake
[5.042s] -- Up-to-date: /home/pederba/ros2_ws/install/turtlesim/share/turtlesim/cmake/turtlesim__rosidl_typesupport_introspection_cppExport-noconfig.cmake
[5.043s] -- Up-to-date: /home/pederba/ros2_ws/install/turtlesim/share/turtlesim/cmake/turtlesim__rosidl_typesupport_cppExport.cmake
[5.044s] -- Up-to-date: /home/pederba/ros2_ws/install/turtlesim/share/turtlesim/cmake/turtlesim__rosidl_typesupport_cppExport-noconfig.cmake
[5.044s] -- Up-to-date: /home/pederba/ros2_ws/install/turtlesim/share/turtlesim/cmake/export_turtlesim__rosidl_generator_pyExport.cmake
[5.045s] -- Up-to-date: /home/pederba/ros2_ws/install/turtlesim/share/turtlesim/cmake/export_turtlesim__rosidl_generator_pyExport-noconfig.cmake
[5.046s] -- Up-to-date: /home/pederba/ros2_ws/install/turtlesim/share/turtlesim/cmake/rosidl_cmake-extras.cmake
[5.046s] -- Up-to-date: /home/pederba/ros2_ws/install/turtlesim/share/turtlesim/cmake/ament_cmake_export_dependencies-extras.cmake
[5.047s] -- Up-to-date: /home/pederba/ros2_ws/install/turtlesim/share/turtlesim/cmake/ament_cmake_export_include_directories-extras.cmake
[5.047s] -- Up-to-date: /home/pederba/ros2_ws/install/turtlesim/share/turtlesim/cmake/ament_cmake_export_libraries-extras.cmake
[5.048s] -- Up-to-date: /home/pederba/ros2_ws/install/turtlesim/share/turtlesim/cmake/ament_cmake_export_targets-extras.cmake
[5.048s] -- Up-to-date: /home/pederba/ros2_ws/install/turtlesim/share/turtlesim/cmake/rosidl_cmake_export_typesupport_targets-extras.cmake
[5.048s] -- Up-to-date: /home/pederba/ros2_ws/install/turtlesim/share/turtlesim/cmake/rosidl_cmake_export_typesupport_libraries-extras.cmake
[5.049s] -- Up-to-date: /home/pederba/ros2_ws/install/turtlesim/share/turtlesim/cmake/turtlesimConfig.cmake
[5.049s] -- Up-to-date: /home/pederba/ros2_ws/install/turtlesim/share/turtlesim/cmake/turtlesimConfig-version.cmake
[5.049s] -- Up-to-date: /home/pederba/ros2_ws/install/turtlesim/share/turtlesim/package.xml
[5.149s] Invoked command in '/home/pederba/ros2_ws/build/turtlesim' returned '0': CMAKE_PREFIX_PATH=${CMAKE_PREFIX_PATH}:/home/pederba/ros2_ws/install/lab02_pkg_test:/home/pederba/ros2_ws/install/turtlebot3_teleop:/home/pederba/ros2_ws/install/turtlebot3_example:/home/pederba/ros2_ws/install/py_pubsub:/home/pederba/ros2_ws/install/lab02_pkg:/home/pederba/ros2_ws/install/lab01_pkg:/opt/ros/humble /usr/bin/cmake --install /home/pederba/ros2_ws/build/turtlesim
