[5.857s] Invoking command in '/home/pederba/ros2_ws/src/lab01_pkg': PYTHONPATH=/home/pederba/ros2_ws/build/lab01_pkg/prefix_override:/home/pederba/ros2_ws/install/lab01_pkg/lib/python3.10/site-packages:${PYTHONPATH} /usr/bin/python3 setup.py egg_info --egg-base ../../build/lab01_pkg build --build-base /home/pederba/ros2_ws/build/lab01_pkg/build install --record /home/pederba/ros2_ws/build/lab01_pkg/install.log --single-version-externally-managed
[6.878s] running egg_info
[6.938s] writing ../../build/lab01_pkg/lab01_pkg.egg-info/PKG-INFO
[6.938s] writing dependency_links to ../../build/lab01_pkg/lab01_pkg.egg-info/dependency_links.txt
[6.938s] writing entry points to ../../build/lab01_pkg/lab01_pkg.egg-info/entry_points.txt
[6.939s] writing requirements to ../../build/lab01_pkg/lab01_pkg.egg-info/requires.txt
[6.940s] writing top-level names to ../../build/lab01_pkg/lab01_pkg.egg-info/top_level.txt
[7.052s] reading manifest file '../../build/lab01_pkg/lab01_pkg.egg-info/SOURCES.txt'
[7.056s] writing manifest file '../../build/lab01_pkg/lab01_pkg.egg-info/SOURCES.txt'
[7.058s] running build
[7.060s] running build_py
[7.061s] running install
[7.063s] /home/pederba/.local/lib/python3.10/site-packages/setuptools/_distutils/cmd.py:66: SetuptoolsDeprecationWarning: setup.py install is deprecated.
[7.063s] !!
[7.066s] 
[7.068s]         ********************************************************************************
[7.070s]         Please avoid running ``setup.py`` directly.
[7.071s]         Instead, use pypa/build, pypa/installer or other
[7.073s]         standards-based tools.
[7.075s] 
[7.076s]         See https://blog.ganssle.io/articles/2021/10/setup-py-deprecated.html for details.
[7.078s]         ********************************************************************************
[7.079s] 
[7.080s] !!
[7.084s]   self.initialize_options()
[7.085s] running install_lib
[7.135s] running install_data
[7.188s] running install_egg_info
[7.240s] removing '/home/pederba/ros2_ws/install/lab01_pkg/lib/python3.10/site-packages/lab01_pkg-0.0.0-py3.10.egg-info' (and everything under it)
[7.241s] Copying ../../build/lab01_pkg/lab01_pkg.egg-info to /home/pederba/ros2_ws/install/lab01_pkg/lib/python3.10/site-packages/lab01_pkg-0.0.0-py3.10.egg-info
[7.245s] running install_scripts
[7.822s] Installing controller script to /home/pederba/ros2_ws/install/lab01_pkg/lib/lab01_pkg
[7.825s] Installing controller_reset script to /home/pederba/ros2_ws/install/lab01_pkg/lib/lab01_pkg
[7.827s] Installing localization script to /home/pederba/ros2_ws/install/lab01_pkg/lib/lab01_pkg
[7.830s] Installing localization_reset script to /home/pederba/ros2_ws/install/lab01_pkg/lib/lab01_pkg
[7.833s] Installing reset script to /home/pederba/ros2_ws/install/lab01_pkg/lib/lab01_pkg
[7.836s] writing list of installed files to '/home/pederba/ros2_ws/build/lab01_pkg/install.log'
[9.021s] Invoked command in '/home/pederba/ros2_ws/src/lab01_pkg' returned '0': PYTHONPATH=/home/pederba/ros2_ws/build/lab01_pkg/prefix_override:/home/pederba/ros2_ws/install/lab01_pkg/lib/python3.10/site-packages:${PYTHONPATH} /usr/bin/python3 setup.py egg_info --egg-base ../../build/lab01_pkg build --build-base /home/pederba/ros2_ws/build/lab01_pkg/build install --record /home/pederba/ros2_ws/build/lab01_pkg/install.log --single-version-externally-managed
