[0.308s] Invoking command in '/home/pederba/ros2_ws/build/turtlebot3_navigation2': CMAKE_PREFIX_PATH=${CMAKE_PREFIX_PATH}:/home/pederba/ros2_ws/install/turtlebot3_teleop:/home/pederba/ros2_ws/install/turtlebot3_example:/home/pederba/ros2_ws/install/py_pubsub:/home/pederba/ros2_ws/install/lab02_pkg:/home/pederba/ros2_ws/install/lab01_pkg:/opt/ros/humble /usr/bin/cmake --build /home/pederba/ros2_ws/build/turtlebot3_navigation2 -- -j8 -l8
[0.492s] Invoked command in '/home/pederba/ros2_ws/build/turtlebot3_navigation2' returned '0': CMAKE_PREFIX_PATH=${CMAKE_PREFIX_PATH}:/home/pederba/ros2_ws/install/turtlebot3_teleop:/home/pederba/ros2_ws/install/turtlebot3_example:/home/pederba/ros2_ws/install/py_pubsub:/home/pederba/ros2_ws/install/lab02_pkg:/home/pederba/ros2_ws/install/lab01_pkg:/opt/ros/humble /usr/bin/cmake --build /home/pederba/ros2_ws/build/turtlebot3_navigation2 -- -j8 -l8
[0.904s] Invoking command in '/home/pederba/ros2_ws/build/turtlebot3_navigation2': CMAKE_PREFIX_PATH=${CMAKE_PREFIX_PATH}:/home/pederba/ros2_ws/install/turtlebot3_teleop:/home/pederba/ros2_ws/install/turtlebot3_example:/home/pederba/ros2_ws/install/py_pubsub:/home/pederba/ros2_ws/install/lab02_pkg:/home/pederba/ros2_ws/install/lab01_pkg:/opt/ros/humble /usr/bin/cmake --install /home/pederba/ros2_ws/build/turtlebot3_navigation2
[0.957s] -- Install configuration: ""
[0.957s] -- Up-to-date: /home/pederba/ros2_ws/install/turtlebot3_navigation2/share/turtlebot3_navigation2/launch
[0.957s] -- Up-to-date: /home/pederba/ros2_ws/install/turtlebot3_navigation2/share/turtlebot3_navigation2/launch/navigation2_use_sim_time.launch.py
[0.957s] -- Up-to-date: /home/pederba/ros2_ws/install/turtlebot3_navigation2/share/turtlebot3_navigation2/launch/navigation2.launch.py
[0.958s] -- Up-to-date: /home/pederba/ros2_ws/install/turtlebot3_navigation2/share/turtlebot3_navigation2/map
[0.960s] -- Up-to-date: /home/pederba/ros2_ws/install/turtlebot3_navigation2/share/turtlebot3_navigation2/map/turtlebot3_world.yaml
[0.960s] -- Up-to-date: /home/pederba/ros2_ws/install/turtlebot3_navigation2/share/turtlebot3_navigation2/map/turtlebot3_world.pgm
[0.961s] -- Up-to-date: /home/pederba/ros2_ws/install/turtlebot3_navigation2/share/turtlebot3_navigation2/param
[0.961s] -- Up-to-date: /home/pederba/ros2_ws/install/turtlebot3_navigation2/share/turtlebot3_navigation2/param/burger_use_sim_time.yaml
[0.961s] -- Up-to-date: /home/pederba/ros2_ws/install/turtlebot3_navigation2/share/turtlebot3_navigation2/param/waffle_pi_use_sim_time.yaml
[0.961s] -- Up-to-date: /home/pederba/ros2_ws/install/turtlebot3_navigation2/share/turtlebot3_navigation2/param/waffle_pi.yaml
[0.961s] -- Up-to-date: /home/pederba/ros2_ws/install/turtlebot3_navigation2/share/turtlebot3_navigation2/param/burger.yaml
[0.961s] -- Up-to-date: /home/pederba/ros2_ws/install/turtlebot3_navigation2/share/turtlebot3_navigation2/rviz
[0.962s] -- Up-to-date: /home/pederba/ros2_ws/install/turtlebot3_navigation2/share/turtlebot3_navigation2/rviz/navigation2.rviz
[0.962s] -- Up-to-date: /home/pederba/ros2_ws/install/turtlebot3_navigation2/share/ament_index/resource_index/package_run_dependencies/turtlebot3_navigation2
[0.962s] -- Up-to-date: /home/pederba/ros2_ws/install/turtlebot3_navigation2/share/ament_index/resource_index/parent_prefix_path/turtlebot3_navigation2
[0.962s] -- Up-to-date: /home/pederba/ros2_ws/install/turtlebot3_navigation2/share/turtlebot3_navigation2/environment/ament_prefix_path.sh
[0.962s] -- Up-to-date: /home/pederba/ros2_ws/install/turtlebot3_navigation2/share/turtlebot3_navigation2/environment/ament_prefix_path.dsv
[0.962s] -- Up-to-date: /home/pederba/ros2_ws/install/turtlebot3_navigation2/share/turtlebot3_navigation2/environment/path.sh
[0.963s] -- Up-to-date: /home/pederba/ros2_ws/install/turtlebot3_navigation2/share/turtlebot3_navigation2/environment/path.dsv
[0.963s] -- Up-to-date: /home/pederba/ros2_ws/install/turtlebot3_navigation2/share/turtlebot3_navigation2/local_setup.bash
[0.976s] -- Up-to-date: /home/pederba/ros2_ws/install/turtlebot3_navigation2/share/turtlebot3_navigation2/local_setup.sh
[0.976s] -- Up-to-date: /home/pederba/ros2_ws/install/turtlebot3_navigation2/share/turtlebot3_navigation2/local_setup.zsh
[0.976s] -- Up-to-date: /home/pederba/ros2_ws/install/turtlebot3_navigation2/share/turtlebot3_navigation2/local_setup.dsv
[0.977s] -- Installing: /home/pederba/ros2_ws/install/turtlebot3_navigation2/share/turtlebot3_navigation2/package.dsv
[0.977s] -- Up-to-date: /home/pederba/ros2_ws/install/turtlebot3_navigation2/share/ament_index/resource_index/packages/turtlebot3_navigation2
[0.977s] -- Up-to-date: /home/pederba/ros2_ws/install/turtlebot3_navigation2/share/turtlebot3_navigation2/cmake/turtlebot3_navigation2Config.cmake
[0.977s] -- Up-to-date: /home/pederba/ros2_ws/install/turtlebot3_navigation2/share/turtlebot3_navigation2/cmake/turtlebot3_navigation2Config-version.cmake
[0.977s] -- Up-to-date: /home/pederba/ros2_ws/install/turtlebot3_navigation2/share/turtlebot3_navigation2/package.xml
[1.238s] Invoked command in '/home/pederba/ros2_ws/build/turtlebot3_navigation2' returned '0': CMAKE_PREFIX_PATH=${CMAKE_PREFIX_PATH}:/home/pederba/ros2_ws/install/turtlebot3_teleop:/home/pederba/ros2_ws/install/turtlebot3_example:/home/pederba/ros2_ws/install/py_pubsub:/home/pederba/ros2_ws/install/lab02_pkg:/home/pederba/ros2_ws/install/lab01_pkg:/opt/ros/humble /usr/bin/cmake --install /home/pederba/ros2_ws/build/turtlebot3_navigation2
