[6.336s] Invoking command in '/home/pederba/ros2_ws/src/turtlebot3/turtlebot3_teleop': PYTHONPATH=/home/pederba/ros2_ws/build/turtlebot3_teleop/prefix_override:/home/pederba/ros2_ws/install/turtlebot3_teleop/lib/python3.10/site-packages:${PYTHONPATH} /usr/bin/python3 setup.py egg_info --egg-base ../../../build/turtlebot3_teleop build --build-base /home/pederba/ros2_ws/build/turtlebot3_teleop/build install --record /home/pederba/ros2_ws/build/turtlebot3_teleop/install.log --single-version-externally-managed
[7.062s] running egg_info
[7.111s] writing ../../../build/turtlebot3_teleop/turtlebot3_teleop.egg-info/PKG-INFO
[7.113s] writing dependency_links to ../../../build/turtlebot3_teleop/turtlebot3_teleop.egg-info/dependency_links.txt
[7.113s] writing entry points to ../../../build/turtlebot3_teleop/turtlebot3_teleop.egg-info/entry_points.txt
[7.114s] writing requirements to ../../../build/turtlebot3_teleop/turtlebot3_teleop.egg-info/requires.txt
[7.114s] writing top-level names to ../../../build/turtlebot3_teleop/turtlebot3_teleop.egg-info/top_level.txt
[7.231s] reading manifest file '../../../build/turtlebot3_teleop/turtlebot3_teleop.egg-info/SOURCES.txt'
[7.250s] writing manifest file '../../../build/turtlebot3_teleop/turtlebot3_teleop.egg-info/SOURCES.txt'
[7.250s] running build
[7.250s] running build_py
[7.252s] running install
[7.252s] /home/pederba/.local/lib/python3.10/site-packages/setuptools/_distutils/cmd.py:66: SetuptoolsDeprecationWarning: setup.py install is deprecated.
[7.253s] !!
[7.253s] 
[7.253s]         ********************************************************************************
[7.253s]         Please avoid running ``setup.py`` directly.
[7.253s]         Instead, use pypa/build, pypa/installer or other
[7.253s]         standards-based tools.
[7.253s] 
[7.254s]         See https://blog.ganssle.io/articles/2021/10/setup-py-deprecated.html for details.
[7.254s]         ********************************************************************************
[7.254s] 
[7.254s] !!
[7.254s]   self.initialize_options()
[7.282s] running install_lib
[7.354s] running install_data
[7.414s] running install_egg_info
[7.501s] removing '/home/pederba/ros2_ws/install/turtlebot3_teleop/lib/python3.10/site-packages/turtlebot3_teleop-2.1.5-py3.10.egg-info' (and everything under it)
[7.501s] Copying ../../../build/turtlebot3_teleop/turtlebot3_teleop.egg-info to /home/pederba/ros2_ws/install/turtlebot3_teleop/lib/python3.10/site-packages/turtlebot3_teleop-2.1.5-py3.10.egg-info
[7.505s] running install_scripts
[8.109s] Installing teleop_keyboard script to /home/pederba/ros2_ws/install/turtlebot3_teleop/lib/turtlebot3_teleop
[8.110s] writing list of installed files to '/home/pederba/ros2_ws/build/turtlebot3_teleop/install.log'
[8.813s] Invoked command in '/home/pederba/ros2_ws/src/turtlebot3/turtlebot3_teleop' returned '0': PYTHONPATH=/home/pederba/ros2_ws/build/turtlebot3_teleop/prefix_override:/home/pederba/ros2_ws/install/turtlebot3_teleop/lib/python3.10/site-packages:${PYTHONPATH} /usr/bin/python3 setup.py egg_info --egg-base ../../../build/turtlebot3_teleop build --build-base /home/pederba/ros2_ws/build/turtlebot3_teleop/build install --record /home/pederba/ros2_ws/build/turtlebot3_teleop/install.log --single-version-externally-managed
