[1.230s] Invoking command in '/home/pederba/ros2_ws/src/lab01_pkg': PYTHONPATH=/home/pederba/ros2_ws/build/lab01_pkg/prefix_override:/home/pederba/ros2_ws/install/lab01_pkg/lib/python3.10/site-packages:${PYTHONPATH} /usr/bin/python3 setup.py egg_info --egg-base ../../build/lab01_pkg build --build-base /home/pederba/ros2_ws/build/lab01_pkg/build install --record /home/pederba/ros2_ws/build/lab01_pkg/install.log --single-version-externally-managed
[1.529s] running egg_info
[1.549s] writing ../../build/lab01_pkg/lab01_pkg.egg-info/PKG-INFO
[1.549s] writing dependency_links to ../../build/lab01_pkg/lab01_pkg.egg-info/dependency_links.txt
[1.550s] writing entry points to ../../build/lab01_pkg/lab01_pkg.egg-info/entry_points.txt
[1.550s] writing requirements to ../../build/lab01_pkg/lab01_pkg.egg-info/requires.txt
[1.550s] writing top-level names to ../../build/lab01_pkg/lab01_pkg.egg-info/top_level.txt
[1.589s] reading manifest file '../../build/lab01_pkg/lab01_pkg.egg-info/SOURCES.txt'
[1.590s] writing manifest file '../../build/lab01_pkg/lab01_pkg.egg-info/SOURCES.txt'
[1.591s] running build
[1.591s] running build_py
[1.591s] copying lab01_pkg/reset.py -> /home/pederba/ros2_ws/build/lab01_pkg/build/lib/lab01_pkg
[1.592s] copying lab01_pkg/controller_reset.py -> /home/pederba/ros2_ws/build/lab01_pkg/build/lib/lab01_pkg
[1.592s] copying lab01_pkg/localization_reset.py -> /home/pederba/ros2_ws/build/lab01_pkg/build/lib/lab01_pkg
[1.592s] running install
[1.592s] /home/pederba/.local/lib/python3.10/site-packages/setuptools/_distutils/cmd.py:66: SetuptoolsDeprecationWarning: setup.py install is deprecated.
[1.593s] !!
[1.593s] 
[1.593s]         ********************************************************************************
[1.594s]         Please avoid running ``setup.py`` directly.
[1.594s]         Instead, use pypa/build, pypa/installer or other
[1.594s]         standards-based tools.
[1.594s] 
[1.595s]         See https://blog.ganssle.io/articles/2021/10/setup-py-deprecated.html for details.
[1.595s]         ********************************************************************************
[1.595s] 
[1.596s] !!
[1.596s]   self.initialize_options()
[1.598s] running install_lib
[1.616s] copying /home/pederba/ros2_ws/build/lab01_pkg/build/lib/lab01_pkg/reset.py -> /home/pederba/ros2_ws/install/lab01_pkg/lib/python3.10/site-packages/lab01_pkg
[1.617s] copying /home/pederba/ros2_ws/build/lab01_pkg/build/lib/lab01_pkg/controller_reset.py -> /home/pederba/ros2_ws/install/lab01_pkg/lib/python3.10/site-packages/lab01_pkg
[1.617s] copying /home/pederba/ros2_ws/build/lab01_pkg/build/lib/lab01_pkg/localization_reset.py -> /home/pederba/ros2_ws/install/lab01_pkg/lib/python3.10/site-packages/lab01_pkg
[1.618s] byte-compiling /home/pederba/ros2_ws/install/lab01_pkg/lib/python3.10/site-packages/lab01_pkg/reset.py to reset.cpython-310.pyc
[1.618s] byte-compiling /home/pederba/ros2_ws/install/lab01_pkg/lib/python3.10/site-packages/lab01_pkg/controller_reset.py to controller_reset.cpython-310.pyc
[1.619s] byte-compiling /home/pederba/ros2_ws/install/lab01_pkg/lib/python3.10/site-packages/lab01_pkg/localization_reset.py to localization_reset.cpython-310.pyc
[1.620s] running install_data
[1.642s] running install_egg_info
[1.662s] removing '/home/pederba/ros2_ws/install/lab01_pkg/lib/python3.10/site-packages/lab01_pkg-0.0.0-py3.10.egg-info' (and everything under it)
[1.662s] Copying ../../build/lab01_pkg/lab01_pkg.egg-info to /home/pederba/ros2_ws/install/lab01_pkg/lib/python3.10/site-packages/lab01_pkg-0.0.0-py3.10.egg-info
[1.664s] running install_scripts
[1.846s] Installing controller script to /home/pederba/ros2_ws/install/lab01_pkg/lib/lab01_pkg
[1.846s] Installing controller_reset script to /home/pederba/ros2_ws/install/lab01_pkg/lib/lab01_pkg
[1.846s] Installing localization script to /home/pederba/ros2_ws/install/lab01_pkg/lib/lab01_pkg
[1.846s] Installing localization_reset script to /home/pederba/ros2_ws/install/lab01_pkg/lib/lab01_pkg
[1.846s] Installing reset script to /home/pederba/ros2_ws/install/lab01_pkg/lib/lab01_pkg
[1.847s] writing list of installed files to '/home/pederba/ros2_ws/build/lab01_pkg/install.log'
[1.893s] Invoked command in '/home/pederba/ros2_ws/src/lab01_pkg' returned '0': PYTHONPATH=/home/pederba/ros2_ws/build/lab01_pkg/prefix_override:/home/pederba/ros2_ws/install/lab01_pkg/lib/python3.10/site-packages:${PYTHONPATH} /usr/bin/python3 setup.py egg_info --egg-base ../../build/lab01_pkg build --build-base /home/pederba/ros2_ws/build/lab01_pkg/build install --record /home/pederba/ros2_ws/build/lab01_pkg/install.log --single-version-externally-managed
