[0.686s] Invoking command in '/home/pederba/ros2_ws/build/dynamixel_sdk': CMAKE_PREFIX_PATH=${CMAKE_PREFIX_PATH}:/home/pederba/ros2_ws/install/lab02_pkg_test:/home/pederba/ros2_ws/install/turtlebot3_teleop:/home/pederba/ros2_ws/install/turtlebot3_example:/home/pederba/ros2_ws/install/py_pubsub:/home/pederba/ros2_ws/install/lab02_pkg:/home/pederba/ros2_ws/install/lab01_pkg:/opt/ros/humble /usr/bin/cmake --build /home/pederba/ros2_ws/build/dynamixel_sdk -- -j8 -l8
[0.958s] [100%] Built target dynamixel_sdk
[1.102s] Invoked command in '/home/pederba/ros2_ws/build/dynamixel_sdk' returned '0': CMAKE_PREFIX_PATH=${CMAKE_PREFIX_PATH}:/home/pederba/ros2_ws/install/lab02_pkg_test:/home/pederba/ros2_ws/install/turtlebot3_teleop:/home/pederba/ros2_ws/install/turtlebot3_example:/home/pederba/ros2_ws/install/py_pubsub:/home/pederba/ros2_ws/install/lab02_pkg:/home/pederba/ros2_ws/install/lab01_pkg:/opt/ros/humble /usr/bin/cmake --build /home/pederba/ros2_ws/build/dynamixel_sdk -- -j8 -l8
[1.762s] Invoking command in '/home/pederba/ros2_ws/build/dynamixel_sdk': CMAKE_PREFIX_PATH=${CMAKE_PREFIX_PATH}:/home/pederba/ros2_ws/install/lab02_pkg_test:/home/pederba/ros2_ws/install/turtlebot3_teleop:/home/pederba/ros2_ws/install/turtlebot3_example:/home/pederba/ros2_ws/install/py_pubsub:/home/pederba/ros2_ws/install/lab02_pkg:/home/pederba/ros2_ws/install/lab01_pkg:/opt/ros/humble /usr/bin/cmake --install /home/pederba/ros2_ws/build/dynamixel_sdk
[1.988s] -- Install configuration: ""
[1.989s] -- Up-to-date: /home/pederba/ros2_ws/install/dynamixel_sdk/include/
[1.989s] -- Up-to-date: /home/pederba/ros2_ws/install/dynamixel_sdk/include//dynamixel_sdk
[1.990s] -- Up-to-date: /home/pederba/ros2_ws/install/dynamixel_sdk/include//dynamixel_sdk/protocol1_packet_handler.h
[1.990s] -- Up-to-date: /home/pederba/ros2_ws/install/dynamixel_sdk/include//dynamixel_sdk/group_bulk_read.h
[1.990s] -- Up-to-date: /home/pederba/ros2_ws/install/dynamixel_sdk/include//dynamixel_sdk/group_sync_write.h
[1.991s] -- Up-to-date: /home/pederba/ros2_ws/install/dynamixel_sdk/include//dynamixel_sdk/port_handler_windows.h
[1.991s] -- Up-to-date: /home/pederba/ros2_ws/install/dynamixel_sdk/include//dynamixel_sdk/group_sync_read.h
[1.991s] -- Up-to-date: /home/pederba/ros2_ws/install/dynamixel_sdk/include//dynamixel_sdk/group_bulk_write.h
[1.992s] -- Up-to-date: /home/pederba/ros2_ws/install/dynamixel_sdk/include//dynamixel_sdk/dynamixel_sdk.h
[1.992s] -- Up-to-date: /home/pederba/ros2_ws/install/dynamixel_sdk/include//dynamixel_sdk/protocol2_packet_handler.h
[1.993s] -- Up-to-date: /home/pederba/ros2_ws/install/dynamixel_sdk/include//dynamixel_sdk/port_handler_linux.h
[1.993s] -- Up-to-date: /home/pederba/ros2_ws/install/dynamixel_sdk/include//dynamixel_sdk/port_handler_arduino.h
[1.993s] -- Up-to-date: /home/pederba/ros2_ws/install/dynamixel_sdk/include//dynamixel_sdk/port_handler_mac.h
[1.994s] -- Up-to-date: /home/pederba/ros2_ws/install/dynamixel_sdk/include//dynamixel_sdk/port_handler.h
[1.994s] -- Up-to-date: /home/pederba/ros2_ws/install/dynamixel_sdk/include//dynamixel_sdk/packet_handler.h
[1.994s] -- Up-to-date: /home/pederba/ros2_ws/install/dynamixel_sdk/lib/libdynamixel_sdk.so
[1.995s] -- Up-to-date: /home/pederba/ros2_ws/install/dynamixel_sdk/share/dynamixel_sdk/environment/library_path.sh
[1.995s] -- Up-to-date: /home/pederba/ros2_ws/install/dynamixel_sdk/share/dynamixel_sdk/environment/library_path.dsv
[1.995s] -- Up-to-date: /home/pederba/ros2_ws/install/dynamixel_sdk/share/ament_index/resource_index/package_run_dependencies/dynamixel_sdk
[1.995s] -- Up-to-date: /home/pederba/ros2_ws/install/dynamixel_sdk/share/ament_index/resource_index/parent_prefix_path/dynamixel_sdk
[1.996s] -- Up-to-date: /home/pederba/ros2_ws/install/dynamixel_sdk/share/dynamixel_sdk/environment/ament_prefix_path.sh
[1.996s] -- Up-to-date: /home/pederba/ros2_ws/install/dynamixel_sdk/share/dynamixel_sdk/environment/ament_prefix_path.dsv
[1.996s] -- Up-to-date: /home/pederba/ros2_ws/install/dynamixel_sdk/share/dynamixel_sdk/environment/path.sh
[1.997s] -- Up-to-date: /home/pederba/ros2_ws/install/dynamixel_sdk/share/dynamixel_sdk/environment/path.dsv
[1.997s] -- Up-to-date: /home/pederba/ros2_ws/install/dynamixel_sdk/share/dynamixel_sdk/local_setup.bash
[1.997s] -- Up-to-date: /home/pederba/ros2_ws/install/dynamixel_sdk/share/dynamixel_sdk/local_setup.sh
[1.997s] -- Up-to-date: /home/pederba/ros2_ws/install/dynamixel_sdk/share/dynamixel_sdk/local_setup.zsh
[1.998s] -- Up-to-date: /home/pederba/ros2_ws/install/dynamixel_sdk/share/dynamixel_sdk/local_setup.dsv
[1.998s] -- Installing: /home/pederba/ros2_ws/install/dynamixel_sdk/share/dynamixel_sdk/package.dsv
[1.998s] -- Up-to-date: /home/pederba/ros2_ws/install/dynamixel_sdk/share/ament_index/resource_index/packages/dynamixel_sdk
[1.999s] -- Up-to-date: /home/pederba/ros2_ws/install/dynamixel_sdk/share/dynamixel_sdk/cmake/ament_cmake_export_include_directories-extras.cmake
[1.999s] -- Up-to-date: /home/pederba/ros2_ws/install/dynamixel_sdk/share/dynamixel_sdk/cmake/ament_cmake_export_libraries-extras.cmake
[1.999s] -- Up-to-date: /home/pederba/ros2_ws/install/dynamixel_sdk/share/dynamixel_sdk/cmake/dynamixel_sdkConfig.cmake
[2.000s] -- Up-to-date: /home/pederba/ros2_ws/install/dynamixel_sdk/share/dynamixel_sdk/cmake/dynamixel_sdkConfig-version.cmake
[2.000s] -- Up-to-date: /home/pederba/ros2_ws/install/dynamixel_sdk/share/dynamixel_sdk/package.xml
[2.326s] Invoked command in '/home/pederba/ros2_ws/build/dynamixel_sdk' returned '0': CMAKE_PREFIX_PATH=${CMAKE_PREFIX_PATH}:/home/pederba/ros2_ws/install/lab02_pkg_test:/home/pederba/ros2_ws/install/turtlebot3_teleop:/home/pederba/ros2_ws/install/turtlebot3_example:/home/pederba/ros2_ws/install/py_pubsub:/home/pederba/ros2_ws/install/lab02_pkg:/home/pederba/ros2_ws/install/lab01_pkg:/opt/ros/humble /usr/bin/cmake --install /home/pederba/ros2_ws/build/dynamixel_sdk
