[1.702s] Invoking command in '/home/pederba/ros2_ws/src/lab01_pkg': PYTHONPATH=/home/pederba/ros2_ws/build/lab01_pkg/prefix_override:/home/pederba/ros2_ws/install/lab01_pkg/lib/python3.10/site-packages:${PYTHONPATH} /usr/bin/python3 setup.py egg_info --egg-base ../../build/lab01_pkg build --build-base /home/pederba/ros2_ws/build/lab01_pkg/build install --record /home/pederba/ros2_ws/build/lab01_pkg/install.log --single-version-externally-managed
[2.097s] running egg_info
[2.124s] writing ../../build/lab01_pkg/lab01_pkg.egg-info/PKG-INFO
[2.125s] writing dependency_links to ../../build/lab01_pkg/lab01_pkg.egg-info/dependency_links.txt
[2.126s] writing entry points to ../../build/lab01_pkg/lab01_pkg.egg-info/entry_points.txt
[2.126s] writing requirements to ../../build/lab01_pkg/lab01_pkg.egg-info/requires.txt
[2.127s] writing top-level names to ../../build/lab01_pkg/lab01_pkg.egg-info/top_level.txt
[2.193s] reading manifest file '../../build/lab01_pkg/lab01_pkg.egg-info/SOURCES.txt'
[2.195s] writing manifest file '../../build/lab01_pkg/lab01_pkg.egg-info/SOURCES.txt'
[2.196s] running build
[2.196s] running build_py
[2.196s] copying lab01_pkg/localization.py -> /home/pederba/ros2_ws/build/lab01_pkg/build/lib/lab01_pkg
[2.197s] running install
[2.198s] /home/pederba/.local/lib/python3.10/site-packages/setuptools/_distutils/cmd.py:66: SetuptoolsDeprecationWarning: setup.py install is deprecated.
[2.198s] !!
[2.198s] 
[2.198s]         ********************************************************************************
[2.199s]         Please avoid running ``setup.py`` directly.
[2.199s]         Instead, use pypa/build, pypa/installer or other
[2.199s]         standards-based tools.
[2.199s] 
[2.200s]         See https://blog.ganssle.io/articles/2021/10/setup-py-deprecated.html for details.
[2.200s]         ********************************************************************************
[2.200s] 
[2.200s] !!
[2.200s]   self.initialize_options()
[2.210s] running install_lib
[2.243s] copying /home/pederba/ros2_ws/build/lab01_pkg/build/lib/lab01_pkg/localization.py -> /home/pederba/ros2_ws/install/lab01_pkg/lib/python3.10/site-packages/lab01_pkg
[2.244s] byte-compiling /home/pederba/ros2_ws/install/lab01_pkg/lib/python3.10/site-packages/lab01_pkg/localization.py to localization.cpython-310.pyc
[2.246s] running install_data
[2.278s] running install_egg_info
[2.311s] removing '/home/pederba/ros2_ws/install/lab01_pkg/lib/python3.10/site-packages/lab01_pkg-0.0.0-py3.10.egg-info' (and everything under it)
[2.312s] Copying ../../build/lab01_pkg/lab01_pkg.egg-info to /home/pederba/ros2_ws/install/lab01_pkg/lib/python3.10/site-packages/lab01_pkg-0.0.0-py3.10.egg-info
[2.314s] running install_scripts
[2.585s] Installing controller script to /home/pederba/ros2_ws/install/lab01_pkg/lib/lab01_pkg
[2.585s] Installing localization script to /home/pederba/ros2_ws/install/lab01_pkg/lib/lab01_pkg
[2.586s] writing list of installed files to '/home/pederba/ros2_ws/build/lab01_pkg/install.log'
[2.646s] Invoked command in '/home/pederba/ros2_ws/src/lab01_pkg' returned '0': PYTHONPATH=/home/pederba/ros2_ws/build/lab01_pkg/prefix_override:/home/pederba/ros2_ws/install/lab01_pkg/lib/python3.10/site-packages:${PYTHONPATH} /usr/bin/python3 setup.py egg_info --egg-base ../../build/lab01_pkg build --build-base /home/pederba/ros2_ws/build/lab01_pkg/build install --record /home/pederba/ros2_ws/build/lab01_pkg/install.log --single-version-externally-managed
