[1.573s] Invoking command in '/home/pederba/ros2_ws/src/lab03_pkg': PYTHONPATH=/home/pederba/ros2_ws/build/lab03_pkg/prefix_override:/home/pederba/ros2_ws/install/lab03_pkg/lib/python3.10/site-packages:${PYTHONPATH} /usr/bin/python3 setup.py egg_info --egg-base ../../build/lab03_pkg build --build-base /home/pederba/ros2_ws/build/lab03_pkg/build install --record /home/pederba/ros2_ws/build/lab03_pkg/install.log --single-version-externally-managed
[1.951s] running egg_info
[1.975s] writing ../../build/lab03_pkg/lab03_pkg.egg-info/PKG-INFO
[1.975s] writing dependency_links to ../../build/lab03_pkg/lab03_pkg.egg-info/dependency_links.txt
[1.975s] writing entry points to ../../build/lab03_pkg/lab03_pkg.egg-info/entry_points.txt
[1.976s] writing requirements to ../../build/lab03_pkg/lab03_pkg.egg-info/requires.txt
[1.976s] writing top-level names to ../../build/lab03_pkg/lab03_pkg.egg-info/top_level.txt
[2.022s] reading manifest file '../../build/lab03_pkg/lab03_pkg.egg-info/SOURCES.txt'
[2.024s] writing manifest file '../../build/lab03_pkg/lab03_pkg.egg-info/SOURCES.txt'
[2.024s] running build
[2.025s] running build_py
[2.025s] running install
[2.025s] /home/pederba/.local/lib/python3.10/site-packages/setuptools/_distutils/cmd.py:66: SetuptoolsDeprecationWarning: setup.py install is deprecated.
[2.026s] !!
[2.026s] 
[2.026s]         ********************************************************************************
[2.026s]         Please avoid running ``setup.py`` directly.
[2.026s]         Instead, use pypa/build, pypa/installer or other
[2.026s]         standards-based tools.
[2.026s] 
[2.026s]         See https://blog.ganssle.io/articles/2021/10/setup-py-deprecated.html for details.
[2.027s]         ********************************************************************************
[2.027s] 
[2.027s] !!
[2.027s]   self.initialize_options()
[2.034s] running install_lib
[2.060s] running install_data
[2.084s] running install_egg_info
[2.109s] removing '/home/pederba/ros2_ws/install/lab03_pkg/lib/python3.10/site-packages/lab03_pkg-0.0.0-py3.10.egg-info' (and everything under it)
[2.110s] Copying ../../build/lab03_pkg/lab03_pkg.egg-info to /home/pederba/ros2_ws/install/lab03_pkg/lib/python3.10/site-packages/lab03_pkg-0.0.0-py3.10.egg-info
[2.112s] running install_scripts
[2.363s] Installing controller script to /home/pederba/ros2_ws/install/lab03_pkg/lib/lab03_pkg
[2.364s] writing list of installed files to '/home/pederba/ros2_ws/build/lab03_pkg/install.log'
[2.416s] Invoked command in '/home/pederba/ros2_ws/src/lab03_pkg' returned '0': PYTHONPATH=/home/pederba/ros2_ws/build/lab03_pkg/prefix_override:/home/pederba/ros2_ws/install/lab03_pkg/lib/python3.10/site-packages:${PYTHONPATH} /usr/bin/python3 setup.py egg_info --egg-base ../../build/lab03_pkg build --build-base /home/pederba/ros2_ws/build/lab03_pkg/build install --record /home/pederba/ros2_ws/build/lab03_pkg/install.log --single-version-externally-managed
